2021-05-09 15:14:34,979 DEBUG words:
0)облегчит
1)облегчить
2)ободрала
3)ободришься
4)проживший
5)завидно
6)кормящий
7)молящий
8)нанявшийся
9)корысть
10)краны
11)кремень
12)кремня
13)начавший
14)перезвонить
15)перезвонит
16)баловать
17)баловаться
18)избаловать
19)разбаловать
20)дозировать
21)добралась
22)добрала
23)гналась
24)красивее
25)красивейший
26)облилась
27)эксперт
28)мусоропровод
29)газопровод
30)нефтепровод
31)водопровод
32)партер
33)отбыла
34)обогнала
35)перелила
36)позвонит
37)сняла
38)сорит
39)принятый
40)опломбировать
41)аэропорты
42)еретик
43)отрочество
44)сироты
45)ловка
46)обострить
47)ободрить
48)слива
49)насорит
50)убыстрить
51)довезенный
52)затемно
53)диалог
54)монолог
55)некролог
56)опошлить
57)сортировать
58)премировать
59)накренится
60)налила
61)нарвала
62)обзвонить
63)обзвонит
64)положил
65)закупорить
66)принудить
67)убрала
68)углубить
69)лила
70)лилась
71)наврала
72)загодя
73)отдав
74)подняв
75)кухонный
76)смазлива
77)суетлива
78)болтлива
79)балуясь
80)отключенный
81)исчерпать
82)дозвонятся
83)новости
84)новостей
85)местностей
86)квартал
87)километр
88)сантиметр
89)дециметр
90)миллиметр
91)намерение
92)обнялась
93)оптовый
94)бороду
95)лекторы
96)мозаичный
97)верна
98)воссоздала
99)прибыл
100)портфель
101)поручни
102)приданое
103)призыв
104)нарост
105)недруг
106)недуг
107)каталог
108)ненависть
109)таможня
110)торты
111)тортов
112)цемент
113)сверлит
114)поделенный
115)ободренный
116)донельзя
117)закупорив
118)плодоносить
119)восприняла
120)бралась
121)жилось
122)поняла
123)наделит
124)отозвала
125)отозвалась
126)балованный
127)кровоточащий
128)низведенный
129)шофер
130)киоскер
131)контролер
132)гражданство
133)дефис
134)вероисповедание
135)диспансер
136)договоренность
137)начавшись
138)наверх
139)осведомишься
140)полила
141)лгала
142)дозвонится
143)взялась
144)надолго
145)поняв
146)заперта
147)определен
148)включит
149)включим
150)ноготь
151)ногтя
152)жалюзи
153)значимость
154)иксы
155)челюстей
156)добела
157)свекла
158)отдала
159)прибыло
160)черпать
161)бухгалтеров
162)статуя
163)столяр
164)маляр
165)дояр
166)школяр
167)прозорлива
168)включишь
169)включенный
170)включен
171)прирученный
172)сверлишь
173)озлобить
174)сливовый
175)занял
176)откупорил
177)послала
178)средства
179)созыв
180)лекторов
181)доверху
182)конусы
183)конусов
184)документ
185)досуг
186)лыжня
187)почестей
188)щелкать
189)прибыв
190)ненадолго
191)надорвалась
192)ждала
193)гнала
194)загнутый
195)наживший
196)повторенный
197)согнутый
198)начав
199)создала
200)банты
201)нормировать
202)цепочка
203)шарфы
204)баловень
205)вручит
206)звонит
207)клала
208)кралась
209)одолжит

2021-05-09 15:14:34,979 INFO words loaded, count= 210
2021-05-09 15:14:34,981 DEBUG users:
0) 873809387 Valeriya Bass
1) 497421569 Rustam Fakhretdinov
2) 1698886007 Виктория None
3) 817831255 Саша None
4) 413524472 Wigga None

2021-05-09 15:14:34,981 INFO users loaded, count= 5
2021-05-09 15:14:34,988 DEBUG Starting new HTTPS connection (1): api.telegram.org:443
2021-05-09 15:14:35,194 DEBUG https://api.telegram.org:443 "GET /bot1639467970:AAEXXyaLvwq1LIe9rOMjo0AzyhMlVKl-3Xc/getUpdates?offset=1&timeout=20 HTTP/1.1" 200 7399
2021-05-09 15:14:35,195 INFO Rustam Fakhretdinov texted слово!
2021-05-09 15:14:35,195 INFO Rustam Fakhretdinov texted слово!
2021-05-09 15:14:35,203 DEBUG Starting new HTTPS connection (1): api.telegram.org:443
2021-05-09 15:14:35,206 DEBUG Starting new HTTPS connection (1): api.telegram.org:443
2021-05-09 15:14:35,405 DEBUG https://api.telegram.org:443 "POST /bot1639467970:AAEXXyaLvwq1LIe9rOMjo0AzyhMlVKl-3Xc/sendMessage?chat_id=497421569&text=%D0%BF%D0%BE%D1%81%D1%82%D0%B0%D0%B2%D1%8C+%D1%83%D0%B4%D0%B0%D1%80%D0%B5%D0%BD%D0%B8%D0%B5+%D0%B2+%D1%81%D0%BB%D0%BE%D0%B2%D0%B5+%2A%D0%BD%D0%BE%D0%B3%D0%BE%D1%82%D1%8C%2A&reply_markup=%7B%22inline_keyboard%22%3A+%5B%5B%7B%22text%22%3A+%22%5Cu043d%5Cu041e%5Cu0433%5Cu043e%5Cu0442%5Cu044c%22%2C+%22callback_data%22%3A+%22good%5Cu043d%5Cu041e%5Cu0433%5Cu043e%5Cu0442%5Cu044c%22%7D%5D%2C+%5B%7B%22text%22%3A+%22%5Cu043d%5Cu043e%5Cu0433%5Cu041e%5Cu0442%5Cu044c%22%2C+%22callback_data%22%3A+%22bad%5Cu043d%5Cu043e%5Cu0433%5Cu041e%5Cu0442%5Cu044c%22%7D%5D%5D%7D&parse_mode=MarkdownV2 HTTP/1.1" 200 869
2021-05-09 15:14:35,406 INFO gave Rustam Fakhretdinov word ноготь
2021-05-09 15:14:35,406 INFO Rustam Fakhretdinov texted слово!
2021-05-09 15:14:35,456 DEBUG https://api.telegram.org:443 "POST /bot1639467970:AAEXXyaLvwq1LIe9rOMjo0AzyhMlVKl-3Xc/sendMessage?chat_id=497421569&text=%D0%BF%D0%BE%D1%81%D1%82%D0%B0%D0%B2%D1%8C+%D1%83%D0%B4%D0%B0%D1%80%D0%B5%D0%BD%D0%B8%D0%B5+%D0%B2+%D1%81%D0%BB%D0%BE%D0%B2%D0%B5+%2A%D0%BF%D0%BE%D1%87%D0%B5%D1%81%D1%82%D0%B5%D0%B9%2A&reply_markup=%7B%22inline_keyboard%22%3A+%5B%5B%7B%22text%22%3A+%22%5Cu043f%5Cu041e%5Cu0447%5Cu0435%5Cu0441%5Cu0442%5Cu0435%5Cu0439%22%2C+%22callback_data%22%3A+%22good%5Cu043f%5Cu041e%5Cu0447%5Cu0435%5Cu0441%5Cu0442%5Cu0435%5Cu0439%22%7D%5D%2C+%5B%7B%22text%22%3A+%22%5Cu043f%5Cu043e%5Cu0447%5Cu0415%5Cu0441%5Cu0442%5Cu0435%5Cu0439%22%2C+%22callback_data%22%3A+%22bad%5Cu043f%5Cu043e%5Cu0447%5Cu0415%5Cu0441%5Cu0442%5Cu0435%5Cu0439%22%7D%5D%2C+%5B%7B%22text%22%3A+%22%5Cu043f%5Cu043e%5Cu0447%5Cu0435%5Cu0441%5Cu0442%5Cu0415%5Cu0439%22%2C+%22callback_data%22%3A+%22bad%5Cu043f%5Cu043e%5Cu0447%5Cu0435%5Cu0441%5Cu0442%5Cu0415%5Cu0439%22%7D%5D%5D%7D&parse_mode=MarkdownV2 HTTP/1.1" 200 1061
2021-05-09 15:14:35,457 INFO gave Rustam Fakhretdinov word почестей
2021-05-09 15:14:35,457 INFO Rustam Fakhretdinov texted слово!
2021-05-09 15:14:35,483 DEBUG https://api.telegram.org:443 "POST /bot1639467970:AAEXXyaLvwq1LIe9rOMjo0AzyhMlVKl-3Xc/sendMessage?chat_id=497421569&text=%D0%BF%D0%BE%D1%81%D1%82%D0%B0%D0%B2%D1%8C+%D1%83%D0%B4%D0%B0%D1%80%D0%B5%D0%BD%D0%B8%D0%B5+%D0%B2+%D1%81%D0%BB%D0%BE%D0%B2%D0%B5+%2A%D0%B8%D0%B7%D0%B1%D0%B0%D0%BB%D0%BE%D0%B2%D0%B0%D1%82%D1%8C%2A&reply_markup=%7B%22inline_keyboard%22%3A+%5B%5B%7B%22text%22%3A+%22%5Cu0418%5Cu0437%5Cu0431%5Cu0430%5Cu043b%5Cu043e%5Cu0432%5Cu0430%5Cu0442%5Cu044c%22%2C+%22callback_data%22%3A+%22bad%5Cu0418%5Cu0437%5Cu0431%5Cu0430%5Cu043b%5Cu043e%5Cu0432%5Cu0430%5Cu0442%5Cu044c%22%7D%5D%2C+%5B%7B%22text%22%3A+%22%5Cu0438%5Cu0437%5Cu0431%5Cu0410%5Cu043b%5Cu043e%5Cu0432%5Cu0430%5Cu0442%5Cu044c%22%2C+%22callback_data%22%3A+%22bad%5Cu0438%5Cu0437%5Cu0431%5Cu0410%5Cu043b%5Cu043e%5Cu0432%5Cu0430%5Cu0442%5Cu044c%22%7D%5D%2C+%5B%7B%22text%22%3A+%22%5Cu0438%5Cu0437%5Cu0431%5Cu0430%5Cu043b%5Cu041e%5Cu0432%5Cu0430%5Cu0442%5Cu044c%22%2C+%22callback_data%22%3A+%22bad%5Cu0438%5Cu0437%5Cu0431%5Cu0430%5Cu043b%5Cu041e%5Cu0432%5Cu0430%5Cu0442%5Cu044c%22%7D%5D%2C+%5B%7B%22text%22%3A+%22%5Cu0438%5Cu0437%5Cu0431%5Cu0430%5Cu043b%5Cu043e%5Cu0432%5Cu0410%5Cu0442%5Cu044c%22%2C+%22callback_data%22%3A+%22good%5Cu0438%5Cu0437%5Cu0431%5Cu0430%5Cu043b%5Cu043e%5Cu0432%5Cu0410%5Cu0442%5Cu044c%22%7D%5D%5D%7D&parse_mode=MarkdownV2 HTTP/1.1" 200 1302
2021-05-09 15:14:35,484 INFO gave Rustam Fakhretdinov word избаловать
2021-05-09 15:14:35,484 INFO Rustam Fakhretdinov texted слово!
2021-05-09 15:14:35,542 DEBUG https://api.telegram.org:443 "POST /bot1639467970:AAEXXyaLvwq1LIe9rOMjo0AzyhMlVKl-3Xc/sendMessage?chat_id=497421569&text=%D0%BF%D0%BE%D1%81%D1%82%D0%B0%D0%B2%D1%8C+%D1%83%D0%B4%D0%B0%D1%80%D0%B5%D0%BD%D0%B8%D0%B5+%D0%B2+%D1%81%D0%BB%D0%BE%D0%B2%D0%B5+%2A%D0%BA%D0%BB%D0%B0%D0%BB%D0%B0%2A&reply_markup=%7B%22inline_keyboard%22%3A+%5B%5B%7B%22text%22%3A+%22%5Cu043a%5Cu043b%5Cu0410%5Cu043b%5Cu0430%22%2C+%22callback_data%22%3A+%22good%5Cu043a%5Cu043b%5Cu0410%5Cu043b%5Cu0430%22%7D%5D%2C+%5B%7B%22text%22%3A+%22%5Cu043a%5Cu043b%5Cu0430%5Cu043b%5Cu0410%22%2C+%22callback_data%22%3A+%22bad%5Cu043a%5Cu043b%5Cu0430%5Cu043b%5Cu0410%22%7D%5D%5D%7D&parse_mode=MarkdownV2 HTTP/1.1" 200 839
2021-05-09 15:14:35,542 INFO gave Rustam Fakhretdinov word клала
2021-05-09 15:14:35,543 INFO Rustam Fakhretdinov texted слово!
2021-05-09 15:14:35,555 DEBUG https://api.telegram.org:443 "POST /bot1639467970:AAEXXyaLvwq1LIe9rOMjo0AzyhMlVKl-3Xc/sendMessage?chat_id=497421569&text=%D0%BF%D0%BE%D1%81%D1%82%D0%B0%D0%B2%D1%8C+%D1%83%D0%B4%D0%B0%D1%80%D0%B5%D0%BD%D0%B8%D0%B5+%D0%B2+%D1%81%D0%BB%D0%BE%D0%B2%D0%B5+%2A%D0%B7%D0%B0%D0%BF%D0%B5%D1%80%D1%82%D0%B0%2A&reply_markup=%7B%22inline_keyboard%22%3A+%5B%5B%7B%22text%22%3A+%22%5Cu0437%5Cu0410%5Cu043f%5Cu0435%5Cu0440%5Cu0442%5Cu0430%22%2C+%22callback_data%22%3A+%22bad%5Cu0437%5Cu0410%5Cu043f%5Cu0435%5Cu0440%5Cu0442%5Cu0430%22%7D%5D%2C+%5B%7B%22text%22%3A+%22%5Cu0437%5Cu0430%5Cu043f%5Cu0415%5Cu0440%5Cu0442%5Cu0430%22%2C+%22callback_data%22%3A+%22bad%5Cu0437%5Cu0430%5Cu043f%5Cu0415%5Cu0440%5Cu0442%5Cu0430%22%7D%5D%2C+%5B%7B%22text%22%3A+%22%5Cu0437%5Cu0430%5Cu043f%5Cu0435%5Cu0440%5Cu0442%5Cu0410%22%2C+%22callback_data%22%3A+%22good%5Cu0437%5Cu0430%5Cu043f%5Cu0435%5Cu0440%5Cu0442%5Cu0410%22%7D%5D%5D%7D&parse_mode=MarkdownV2 HTTP/1.1" 200 1019
2021-05-09 15:14:35,556 INFO gave Rustam Fakhretdinov word заперта
2021-05-09 15:14:35,556 INFO Rustam Fakhretdinov texted слово!
2021-05-09 15:14:35,641 DEBUG https://api.telegram.org:443 "POST /bot1639467970:AAEXXyaLvwq1LIe9rOMjo0AzyhMlVKl-3Xc/sendMessage?chat_id=497421569&text=%D0%BF%D0%BE%D1%81%D1%82%D0%B0%D0%B2%D1%8C+%D1%83%D0%B4%D0%B0%D1%80%D0%B5%D0%BD%D0%B8%D0%B5+%D0%B2+%D1%81%D0%BB%D0%BE%D0%B2%D0%B5+%2A%D0%BF%D0%BE%D0%B7%D0%B2%D0%BE%D0%BD%D0%B8%D1%82%2A&reply_markup=%7B%22inline_keyboard%22%3A+%5B%5B%7B%22text%22%3A+%22%5Cu043f%5Cu041e%5Cu0437%5Cu0432%5Cu043e%5Cu043d%5Cu0438%5Cu0442%22%2C+%22callback_data%22%3A+%22bad%5Cu043f%5Cu041e%5Cu0437%5Cu0432%5Cu043e%5Cu043d%5Cu0438%5Cu0442%22%7D%5D%2C+%5B%7B%22text%22%3A+%22%5Cu043f%5Cu043e%5Cu0437%5Cu0432%5Cu041e%5Cu043d%5Cu0438%5Cu0442%22%2C+%22callback_data%22%3A+%22bad%5Cu043f%5Cu043e%5Cu0437%5Cu0432%5Cu041e%5Cu043d%5Cu0438%5Cu0442%22%7D%5D%2C+%5B%7B%22text%22%3A+%22%5Cu043f%5Cu043e%5Cu0437%5Cu0432%5Cu043e%5Cu043d%5Cu0418%5Cu0442%22%2C+%22callback_data%22%3A+%22good%5Cu043f%5Cu043e%5Cu0437%5Cu0432%5Cu043e%5Cu043d%5Cu0418%5Cu0442%22%7D%5D%5D%7D&parse_mode=MarkdownV2 HTTP/1.1" 200 1061
2021-05-09 15:14:35,641 INFO gave Rustam Fakhretdinov word позвонит
2021-05-09 15:14:35,642 INFO Rustam Fakhretdinov texted слово!
2021-05-09 15:14:35,670 DEBUG https://api.telegram.org:443 "POST /bot1639467970:AAEXXyaLvwq1LIe9rOMjo0AzyhMlVKl-3Xc/sendMessage?chat_id=497421569&text=%D0%BF%D0%BE%D1%81%D1%82%D0%B0%D0%B2%D1%8C+%D1%83%D0%B4%D0%B0%D1%80%D0%B5%D0%BD%D0%B8%D0%B5+%D0%B2+%D1%81%D0%BB%D0%BE%D0%B2%D0%B5+%2A%D0%B4%D0%B5%D1%86%D0%B8%D0%BC%D0%B5%D1%82%D1%80%2A&reply_markup=%7B%22inline_keyboard%22%3A+%5B%5B%7B%22text%22%3A+%22%5Cu0434%5Cu0415%5Cu0446%5Cu0438%5Cu043c%5Cu0435%5Cu0442%5Cu0440%22%2C+%22callback_data%22%3A+%22bad%5Cu0434%5Cu0415%5Cu0446%5Cu0438%5Cu043c%5Cu0435%5Cu0442%5Cu0440%22%7D%5D%2C+%5B%7B%22text%22%3A+%22%5Cu0434%5Cu0435%5Cu0446%5Cu0418%5Cu043c%5Cu0435%5Cu0442%5Cu0440%22%2C+%22callback_data%22%3A+%22bad%5Cu0434%5Cu0435%5Cu0446%5Cu0418%5Cu043c%5Cu0435%5Cu0442%5Cu0440%22%7D%5D%2C+%5B%7B%22text%22%3A+%22%5Cu0434%5Cu0435%5Cu0446%5Cu0438%5Cu043c%5Cu0415%5Cu0442%5Cu0440%22%2C+%22callback_data%22%3A+%22good%5Cu0434%5Cu0435%5Cu0446%5Cu0438%5Cu043c%5Cu0415%5Cu0442%5Cu0440%22%7D%5D%5D%7D&parse_mode=MarkdownV2 HTTP/1.1" 200 1061
2021-05-09 15:14:35,674 INFO gave Rustam Fakhretdinov word дециметр
2021-05-09 15:14:35,674 INFO Rustam Fakhretdinov texted слово!
2021-05-09 15:14:35,741 DEBUG https://api.telegram.org:443 "POST /bot1639467970:AAEXXyaLvwq1LIe9rOMjo0AzyhMlVKl-3Xc/sendMessage?chat_id=497421569&text=%D0%BF%D0%BE%D1%81%D1%82%D0%B0%D0%B2%D1%8C+%D1%83%D0%B4%D0%B0%D1%80%D0%B5%D0%BD%D0%B8%D0%B5+%D0%B2+%D1%81%D0%BB%D0%BE%D0%B2%D0%B5+%2A%D1%81%D0%BD%D1%8F%D0%BB%D0%B0%2A&reply_markup=%7B%22inline_keyboard%22%3A+%5B%5B%7B%22text%22%3A+%22%5Cu0441%5Cu043d%5Cu042f%5Cu043b%5Cu0430%22%2C+%22callback_data%22%3A+%22bad%5Cu0441%5Cu043d%5Cu042f%5Cu043b%5Cu0430%22%7D%5D%2C+%5B%7B%22text%22%3A+%22%5Cu0441%5Cu043d%5Cu044f%5Cu043b%5Cu0410%22%2C+%22callback_data%22%3A+%22good%5Cu0441%5Cu043d%5Cu044f%5Cu043b%5Cu0410%22%7D%5D%5D%7D&parse_mode=MarkdownV2 HTTP/1.1" 200 839
2021-05-09 15:14:35,741 INFO gave Rustam Fakhretdinov word сняла
2021-05-09 15:14:35,742 INFO Rustam Fakhretdinov texted слово!
2021-05-09 15:14:35,773 DEBUG https://api.telegram.org:443 "POST /bot1639467970:AAEXXyaLvwq1LIe9rOMjo0AzyhMlVKl-3Xc/sendMessage?chat_id=497421569&text=%D0%BF%D0%BE%D1%81%D1%82%D0%B0%D0%B2%D1%8C+%D1%83%D0%B4%D0%B0%D1%80%D0%B5%D0%BD%D0%B8%D0%B5+%D0%B2+%D1%81%D0%BB%D0%BE%D0%B2%D0%B5+%2A%D0%BD%D0%B5%D0%BD%D0%B0%D0%B4%D0%BE%D0%BB%D0%B3%D0%BE%2A&reply_markup=%7B%22inline_keyboard%22%3A+%5B%5B%7B%22text%22%3A+%22%5Cu043d%5Cu0415%5Cu043d%5Cu0430%5Cu0434%5Cu043e%5Cu043b%5Cu0433%5Cu043e%22%2C+%22callback_data%22%3A+%22bad%5Cu043d%5Cu0415%5Cu043d%5Cu0430%5Cu0434%5Cu043e%5Cu043b%5Cu0433%5Cu043e%22%7D%5D%2C+%5B%7B%22text%22%3A+%22%5Cu043d%5Cu0435%5Cu043d%5Cu0410%5Cu0434%5Cu043e%5Cu043b%5Cu0433%5Cu043e%22%2C+%22callback_data%22%3A+%22bad%5Cu043d%5Cu0435%5Cu043d%5Cu0410%5Cu0434%5Cu043e%5Cu043b%5Cu0433%5Cu043e%22%7D%5D%2C+%5B%7B%22text%22%3A+%22%5Cu043d%5Cu0435%5Cu043d%5Cu0430%5Cu0434%5Cu041e%5Cu043b%5Cu0433%5Cu043e%22%2C+%22callback_data%22%3A+%22good%5Cu043d%5Cu0435%5Cu043d%5Cu0430%5Cu0434%5Cu041e%5Cu043b%5Cu0433%5Cu043e%22%7D%5D%2C+%5B%7B%22text%22%3A+%22%5Cu043d%5Cu0435%5Cu043d%5Cu0430%5Cu0434%5Cu043e%5Cu043b%5Cu0433%5Cu041e%22%2C+%22callback_data%22%3A+%22bad%5Cu043d%5Cu0435%5Cu043d%5Cu0430%5Cu0434%5Cu043e%5Cu043b%5Cu0433%5Cu041e%22%7D%5D%5D%7D&parse_mode=MarkdownV2 HTTP/1.1" 200 1247
2021-05-09 15:14:35,773 INFO gave Rustam Fakhretdinov word ненадолго
2021-05-09 15:14:35,774 INFO Rustam Fakhretdinov texted слово!
2021-05-09 15:14:35,840 DEBUG https://api.telegram.org:443 "POST /bot1639467970:AAEXXyaLvwq1LIe9rOMjo0AzyhMlVKl-3Xc/sendMessage?chat_id=497421569&text=%D0%BF%D0%BE%D1%81%D1%82%D0%B0%D0%B2%D1%8C+%D1%83%D0%B4%D0%B0%D1%80%D0%B5%D0%BD%D0%B8%D0%B5+%D0%B2+%D1%81%D0%BB%D0%BE%D0%B2%D0%B5+%2A%D0%B2%D0%B7%D1%8F%D0%BB%D0%B0%D1%81%D1%8C%2A&reply_markup=%7B%22inline_keyboard%22%3A+%5B%5B%7B%22text%22%3A+%22%5Cu0432%5Cu0437%5Cu042f%5Cu043b%5Cu0430%5Cu0441%5Cu044c%22%2C+%22callback_data%22%3A+%22bad%5Cu0432%5Cu0437%5Cu042f%5Cu043b%5Cu0430%5Cu0441%5Cu044c%22%7D%5D%2C+%5B%7B%22text%22%3A+%22%5Cu0432%5Cu0437%5Cu044f%5Cu043b%5Cu0410%5Cu0441%5Cu044c%22%2C+%22callback_data%22%3A+%22good%5Cu0432%5Cu0437%5Cu044f%5Cu043b%5Cu0410%5Cu0441%5Cu044c%22%7D%5D%5D%7D&parse_mode=MarkdownV2 HTTP/1.1" 200 899
2021-05-09 15:14:35,841 INFO gave Rustam Fakhretdinov word взялась
2021-05-09 15:14:35,841 INFO Rustam Fakhretdinov texted слово!
2021-05-09 15:14:35,860 DEBUG https://api.telegram.org:443 "POST /bot1639467970:AAEXXyaLvwq1LIe9rOMjo0AzyhMlVKl-3Xc/sendMessage?chat_id=497421569&text=%D0%BF%D0%BE%D1%81%D1%82%D0%B0%D0%B2%D1%8C+%D1%83%D0%B4%D0%B0%D1%80%D0%B5%D0%BD%D0%B8%D0%B5+%D0%B2+%D1%81%D0%BB%D0%BE%D0%B2%D0%B5+%2A%D0%BA%D1%80%D0%B0%D0%BD%D1%8B%2A&reply_markup=%7B%22inline_keyboard%22%3A+%5B%5B%7B%22text%22%3A+%22%5Cu043a%5Cu0440%5Cu0410%5Cu043d%5Cu044b%22%2C+%22callback_data%22%3A+%22good%5Cu043a%5Cu0440%5Cu0410%5Cu043d%5Cu044b%22%7D%5D%2C+%5B%7B%22text%22%3A+%22%5Cu043a%5Cu0440%5Cu0430%5Cu043d%5Cu042b%22%2C+%22callback_data%22%3A+%22bad%5Cu043a%5Cu0440%5Cu0430%5Cu043d%5Cu042b%22%7D%5D%5D%7D&parse_mode=MarkdownV2 HTTP/1.1" 200 839
2021-05-09 15:14:35,860 INFO gave Rustam Fakhretdinov word краны
2021-05-09 15:14:35,861 INFO Rustam Fakhretdinov texted слово!
2021-05-09 15:14:35,923 DEBUG https://api.telegram.org:443 "POST /bot1639467970:AAEXXyaLvwq1LIe9rOMjo0AzyhMlVKl-3Xc/sendMessage?chat_id=497421569&text=%D0%BF%D0%BE%D1%81%D1%82%D0%B0%D0%B2%D1%8C+%D1%83%D0%B4%D0%B0%D1%80%D0%B5%D0%BD%D0%B8%D0%B5+%D0%B2+%D1%81%D0%BB%D0%BE%D0%B2%D0%B5+%2A%D0%BE%D0%B1%D0%BE%D1%81%D1%82%D1%80%D0%B8%D1%82%D1%8C%2A&reply_markup=%7B%22inline_keyboard%22%3A+%5B%5B%7B%22text%22%3A+%22%5Cu041e%5Cu0431%5Cu043e%5Cu0441%5Cu0442%5Cu0440%5Cu0438%5Cu0442%5Cu044c%22%2C+%22callback_data%22%3A+%22bad%5Cu041e%5Cu0431%5Cu043e%5Cu0441%5Cu0442%5Cu0440%5Cu0438%5Cu0442%5Cu044c%22%7D%5D%2C+%5B%7B%22text%22%3A+%22%5Cu043e%5Cu0431%5Cu041e%5Cu0441%5Cu0442%5Cu0440%5Cu0438%5Cu0442%5Cu044c%22%2C+%22callback_data%22%3A+%22bad%5Cu043e%5Cu0431%5Cu041e%5Cu0441%5Cu0442%5Cu0440%5Cu0438%5Cu0442%5Cu044c%22%7D%5D%2C+%5B%7B%22text%22%3A+%22%5Cu043e%5Cu0431%5Cu043e%5Cu0441%5Cu0442%5Cu0440%5Cu0418%5Cu0442%5Cu044c%22%2C+%22callback_data%22%3A+%22good%5Cu043e%5Cu0431%5Cu043e%5Cu0441%5Cu0442%5Cu0440%5Cu0418%5Cu0442%5Cu044c%22%7D%5D%5D%7D&parse_mode=MarkdownV2 HTTP/1.1" 200 1103
2021-05-09 15:14:35,923 INFO gave Rustam Fakhretdinov word обострить
2021-05-09 15:14:35,924 INFO Rustam Fakhretdinov texted слово!
2021-05-09 15:14:35,944 DEBUG https://api.telegram.org:443 "POST /bot1639467970:AAEXXyaLvwq1LIe9rOMjo0AzyhMlVKl-3Xc/sendMessage?chat_id=497421569&text=%D0%BF%D0%BE%D1%81%D1%82%D0%B0%D0%B2%D1%8C+%D1%83%D0%B4%D0%B0%D1%80%D0%B5%D0%BD%D0%B8%D0%B5+%D0%B2+%D1%81%D0%BB%D0%BE%D0%B2%D0%B5+%2A%D0%BD%D0%B0%D1%87%D0%B0%D0%B2%D1%88%D0%B8%D0%B9%2A&reply_markup=%7B%22inline_keyboard%22%3A+%5B%5B%7B%22text%22%3A+%22%5Cu043d%5Cu0410%5Cu0447%5Cu0430%5Cu0432%5Cu0448%5Cu0438%5Cu0439%22%2C+%22callback_data%22%3A+%22bad%5Cu043d%5Cu0410%5Cu0447%5Cu0430%5Cu0432%5Cu0448%5Cu0438%5Cu0439%22%7D%5D%2C+%5B%7B%22text%22%3A+%22%5Cu043d%5Cu0430%5Cu0447%5Cu0410%5Cu0432%5Cu0448%5Cu0438%5Cu0439%22%2C+%22callback_data%22%3A+%22good%5Cu043d%5Cu0430%5Cu0447%5Cu0410%5Cu0432%5Cu0448%5Cu0438%5Cu0439%22%7D%5D%2C+%5B%7B%22text%22%3A+%22%5Cu043d%5Cu0430%5Cu0447%5Cu0430%5Cu0432%5Cu0448%5Cu0418%5Cu0439%22%2C+%22callback_data%22%3A+%22bad%5Cu043d%5Cu0430%5Cu0447%5Cu0430%5Cu0432%5Cu0448%5Cu0418%5Cu0439%22%7D%5D%5D%7D&parse_mode=MarkdownV2 HTTP/1.1" 200 1061
2021-05-09 15:14:35,945 INFO gave Rustam Fakhretdinov word начавший
2021-05-09 15:14:35,945 INFO Rustam Fakhretdinov texted слово!
2021-05-09 15:14:36,020 DEBUG https://api.telegram.org:443 "POST /bot1639467970:AAEXXyaLvwq1LIe9rOMjo0AzyhMlVKl-3Xc/sendMessage?chat_id=497421569&text=%D0%BF%D0%BE%D1%81%D1%82%D0%B0%D0%B2%D1%8C+%D1%83%D0%B4%D0%B0%D1%80%D0%B5%D0%BD%D0%B8%D0%B5+%D0%B2+%D1%81%D0%BB%D0%BE%D0%B2%D0%B5+%2A%D1%82%D0%B0%D0%BC%D0%BE%D0%B6%D0%BD%D1%8F%2A&reply_markup=%7B%22inline_keyboard%22%3A+%5B%5B%7B%22text%22%3A+%22%5Cu0442%5Cu0410%5Cu043c%5Cu043e%5Cu0436%5Cu043d%5Cu044f%22%2C+%22callback_data%22%3A+%22bad%5Cu0442%5Cu0410%5Cu043c%5Cu043e%5Cu0436%5Cu043d%5Cu044f%22%7D%5D%2C+%5B%7B%22text%22%3A+%22%5Cu0442%5Cu0430%5Cu043c%5Cu041e%5Cu0436%5Cu043d%5Cu044f%22%2C+%22callback_data%22%3A+%22good%5Cu0442%5Cu0430%5Cu043c%5Cu041e%5Cu0436%5Cu043d%5Cu044f%22%7D%5D%2C+%5B%7B%22text%22%3A+%22%5Cu0442%5Cu0430%5Cu043c%5Cu043e%5Cu0436%5Cu043d%5Cu042f%22%2C+%22callback_data%22%3A+%22bad%5Cu0442%5Cu0430%5Cu043c%5Cu043e%5Cu0436%5Cu043d%5Cu042f%22%7D%5D%5D%7D&parse_mode=MarkdownV2 HTTP/1.1" 200 1019
2021-05-09 15:14:36,021 INFO gave Rustam Fakhretdinov word таможня
2021-05-09 15:14:36,021 INFO Rustam Fakhretdinov texted слово!
2021-05-09 15:14:36,036 DEBUG https://api.telegram.org:443 "POST /bot1639467970:AAEXXyaLvwq1LIe9rOMjo0AzyhMlVKl-3Xc/sendMessage?chat_id=497421569&text=%D0%BF%D0%BE%D1%81%D1%82%D0%B0%D0%B2%D1%8C+%D1%83%D0%B4%D0%B0%D1%80%D0%B5%D0%BD%D0%B8%D0%B5+%D0%B2+%D1%81%D0%BB%D0%BE%D0%B2%D0%B5+%2A%D1%81%D0%B2%D0%B5%D1%80%D0%BB%D0%B8%D1%82%2A&reply_markup=%7B%22inline_keyboard%22%3A+%5B%5B%7B%22text%22%3A+%22%5Cu0441%5Cu0432%5Cu0415%5Cu0440%5Cu043b%5Cu0438%5Cu0442%22%2C+%22callback_data%22%3A+%22bad%5Cu0441%5Cu0432%5Cu0415%5Cu0440%5Cu043b%5Cu0438%5Cu0442%22%7D%5D%2C+%5B%7B%22text%22%3A+%22%5Cu0441%5Cu0432%5Cu0435%5Cu0440%5Cu043b%5Cu0418%5Cu0442%22%2C+%22callback_data%22%3A+%22good%5Cu0441%5Cu0432%5Cu0435%5Cu0440%5Cu043b%5Cu0418%5Cu0442%22%7D%5D%5D%7D&parse_mode=MarkdownV2 HTTP/1.1" 200 899
2021-05-09 15:14:36,037 INFO gave Rustam Fakhretdinov word сверлит
2021-05-09 15:14:36,113 DEBUG https://api.telegram.org:443 "POST /bot1639467970:AAEXXyaLvwq1LIe9rOMjo0AzyhMlVKl-3Xc/sendMessage?chat_id=497421569&text=%D0%BF%D0%BE%D1%81%D1%82%D0%B0%D0%B2%D1%8C+%D1%83%D0%B4%D0%B0%D1%80%D0%B5%D0%BD%D0%B8%D0%B5+%D0%B2+%D1%81%D0%BB%D0%BE%D0%B2%D0%B5+%2A%D0%B7%D0%B0%D0%BD%D1%8F%D0%BB%2A&reply_markup=%7B%22inline_keyboard%22%3A+%5B%5B%7B%22text%22%3A+%22%5Cu0437%5Cu0410%5Cu043d%5Cu044f%5Cu043b%22%2C+%22callback_data%22%3A+%22good%5Cu0437%5Cu0410%5Cu043d%5Cu044f%5Cu043b%22%7D%5D%2C+%5B%7B%22text%22%3A+%22%5Cu0437%5Cu0430%5Cu043d%5Cu042f%5Cu043b%22%2C+%22callback_data%22%3A+%22bad%5Cu0437%5Cu0430%5Cu043d%5Cu042f%5Cu043b%22%7D%5D%5D%7D&parse_mode=MarkdownV2 HTTP/1.1" 200 839
2021-05-09 15:14:36,114 INFO gave Rustam Fakhretdinov word занял
2021-05-09 15:14:36,114 INFO Rustam Fakhretdinov texted слово!
2021-05-09 15:14:36,122 DEBUG https://api.telegram.org:443 "POST /bot1639467970:AAEXXyaLvwq1LIe9rOMjo0AzyhMlVKl-3Xc/sendMessage?chat_id=1305711519&text=%D1%8F%2C+%D1%81%D0%BA%D0%BE%D1%80%D0%B5%D0%B5+%D0%B2%D1%81%D0%B5%D0%B3%D0%BE%2C+%D0%B5%D1%89%D0%B5+%D1%82%D1%83%D0%BF%D0%BE%D0%B2%D0%B0%D1%82%2C+%D1%87%D1%82%D0%BE%D0%B1%D1%8B+%D0%BF%D0%BE%D0%BD%D1%8F%D1%82%D1%8C%2C+%D1%87%D1%82%D0%BE+%D1%82%D1%83%D1%82+%D0%BD%D0%B0%D0%BF%D0%B8%D1%81%D0%B0%D0%BD%D0%BE...&reply_markup=%7B%22keyboard%22%3A+%5B%5B%7B%22text%22%3A+%22%5Cu0441%5Cu043b%5Cu043e%5Cu0432%5Cu043e%21%22%7D%2C+%7B%22text%22%3A+%22%5Cu0441%5Cu0442%5Cu0430%5Cu0442%5Cu044b%22%7D%2C+%7B%22text%22%3A+%22%5Cu0442%5Cu043e%5Cu043f%22%7D%5D%2C+%5B%7B%22text%22%3A+%22%5Cu0434%5Cu043e%5Cu0441%5Cu0442%5Cu0438%5Cu0436%5Cu0435%5Cu043d%5Cu0438%5Cu044f%22%7D%2C+%7B%22text%22%3A+%22%5Cu043f%5Cu043e%5Cu043c%5Cu043e%5Cu0449%5Cu044c%22%7D%2C+%7B%22text%22%3A+%22%5Cu043d%5Cu0430%5Cu0441%5Cu0442%5Cu0440%5Cu043e%5Cu0439%5Cu043a%5Cu0438%22%7D%5D%5D%2C+%22resize_keyboard%22%3A+true%7D HTTP/1.1" 200 759
2021-05-09 15:14:36,122 INFO Rustam Fakhretdinov texted статы
2021-05-09 15:14:36,205 DEBUG https://api.telegram.org:443 "POST /bot1639467970:AAEXXyaLvwq1LIe9rOMjo0AzyhMlVKl-3Xc/sendMessage?chat_id=497421569&text=%D0%BF%D0%BE%D1%81%D1%82%D0%B0%D0%B2%D1%8C+%D1%83%D0%B4%D0%B0%D1%80%D0%B5%D0%BD%D0%B8%D0%B5+%D0%B2+%D1%81%D0%BB%D0%BE%D0%B2%D0%B5+%2A%D0%BF%D0%BE%D0%B7%D0%B2%D0%BE%D0%BD%D0%B8%D1%82%2A&reply_markup=%7B%22inline_keyboard%22%3A+%5B%5B%7B%22text%22%3A+%22%5Cu043f%5Cu041e%5Cu0437%5Cu0432%5Cu043e%5Cu043d%5Cu0438%5Cu0442%22%2C+%22callback_data%22%3A+%22bad%5Cu043f%5Cu041e%5Cu0437%5Cu0432%5Cu043e%5Cu043d%5Cu0438%5Cu0442%22%7D%5D%2C+%5B%7B%22text%22%3A+%22%5Cu043f%5Cu043e%5Cu0437%5Cu0432%5Cu041e%5Cu043d%5Cu0438%5Cu0442%22%2C+%22callback_data%22%3A+%22bad%5Cu043f%5Cu043e%5Cu0437%5Cu0432%5Cu041e%5Cu043d%5Cu0438%5Cu0442%22%7D%5D%2C+%5B%7B%22text%22%3A+%22%5Cu043f%5Cu043e%5Cu0437%5Cu0432%5Cu043e%5Cu043d%5Cu0418%5Cu0442%22%2C+%22callback_data%22%3A+%22good%5Cu043f%5Cu043e%5Cu0437%5Cu0432%5Cu043e%5Cu043d%5Cu0418%5Cu0442%22%7D%5D%5D%7D&parse_mode=MarkdownV2 HTTP/1.1" 200 1061
2021-05-09 15:14:36,206 INFO gave Rustam Fakhretdinov word позвонит
2021-05-09 15:14:36,215 DEBUG https://api.telegram.org:443 "POST /bot1639467970:AAEXXyaLvwq1LIe9rOMjo0AzyhMlVKl-3Xc/sendMessage?chat_id=497421569&text=%2A%D0%BB%D0%B8%D1%87%D0%BD%D0%B0%D1%8F+%D1%81%D1%82%D0%B0%D1%82%D0%B8%D1%81%D1%82%D0%B8%D0%BA%D0%B0%5C.%2A%0A%D1%80%D0%B5%D0%B9%D1%82%D0%B8%D0%BD%D0%B3%3A+1233%0A%D0%BC%D0%B5%D1%81%D1%82%D0%BE+%D0%B2+%D1%82%D0%BE%D0%BF%D0%B5%3A+1%0A%D0%B7%D0%B2%D0%B0%D0%BD%D0%B8%D0%B5%3A+%D0%BF%D0%BE%D0%B1%D0%B5%D0%B4%D0%B8%D1%82%D0%B5%D0%BB%D1%8C+%22%D0%A0%D1%83%D1%81%D1%81%D0%BA%D0%BE%D0%B3%D0%BE+%D0%BC%D0%B5%D0%B4%D0%B2%D0%B5%D0%B6%D0%BE%D0%BD%D0%BA%D0%B0%22%0A%D0%BF%D1%80%D0%B0%D0%B2%D0%B8%D0%BB%D1%8C%D0%BD%D1%8B%D1%85+%D0%BE%D1%82%D0%B2%D0%B5%D1%82%D0%BE%D0%B2%3A+1281%0A%D0%BD%D0%B5%D0%BF%D1%80%D0%B0%D0%B2%D0%B8%D0%BB%D1%8C%D0%BD%D1%8B%D1%85+%D0%BE%D1%82%D0%B2%D0%B5%D1%82%D0%BE%D0%B2%3A+116%0A%D1%82%D0%B5%D0%BA%D1%83%D1%89%D0%B8%D0%B9+%D1%81%D1%82%D1%80%D0%B8%D0%BA%3A+%5C%2B11%0A%D0%BC%D0%B0%D0%BA%D1%81%D0%B8%D0%BC%D0%B0%D0%BB%D1%8C%D0%BD%D1%8B%D0%B9+%D1%81%D1%82%D1%80%D0%B8%D0%BA%3A+%5C%2B66%0A%D1%80%D0%B0%D0%B7%D0%B1%D0%BB%D0%BE%D0%BA%D0%B8%D1%80%D0%BE%D0%B2%D0%B0%D0%BD%D0%BE+%D1%81%D0%BB%D0%BE%D0%B2%3A+210+%2F+210&reply_markup=%7B%22keyboard%22%3A+%5B%5B%7B%22text%22%3A+%22%5Cu0441%5Cu043b%5Cu043e%5Cu0432%5Cu043e%21%22%7D%2C+%7B%22text%22%3A+%22%5Cu0441%5Cu0442%5Cu0430%5Cu0442%5Cu044b%22%7D%2C+%7B%22text%22%3A+%22%5Cu0442%5Cu043e%5Cu043f%22%7D%5D%2C+%5B%7B%22text%22%3A+%22%5Cu0434%5Cu043e%5Cu0441%5Cu0442%5Cu0438%5Cu0436%5Cu0435%5Cu043d%5Cu0438%5Cu044f%22%7D%2C+%7B%22text%22%3A+%22%5Cu043f%5Cu043e%5Cu043c%5Cu043e%5Cu0449%5Cu044c%22%7D%2C+%7B%22text%22%3A+%22%5Cu043d%5Cu0430%5Cu0441%5Cu0442%5Cu0440%5Cu043e%5Cu0439%5Cu043a%5Cu0438%22%7D%5D%5D%2C+%22resize_keyboard%22%3A+true%7D&parse_mode=MarkdownV2 HTTP/1.1" 200 1423
2021-05-09 15:14:36,215 INFO gave Rustam Fakhretdinov stats
2021-05-09 15:14:55,250 DEBUG https://api.telegram.org:443 "GET /bot1639467970:AAEXXyaLvwq1LIe9rOMjo0AzyhMlVKl-3Xc/getUpdates?offset=115690938&timeout=20 HTTP/1.1" 200 23
2021-05-09 15:15:15,333 DEBUG https://api.telegram.org:443 "GET /bot1639467970:AAEXXyaLvwq1LIe9rOMjo0AzyhMlVKl-3Xc/getUpdates?offset=115690938&timeout=20 HTTP/1.1" 200 23
