2021-05-08 17:24:28,550 DEBUG words:
облегч»т
облегч»ть
ободралј
ободр»шьс€
прож»вший
зав»дно
кормящий
молящий
нанявшийс€
корџсть
крјны
крем≈нь
кремня
начјвший
перезвон»ть
перезвон»т
баловјть
баловјтьс€
избаловјть
разбаловјть
доз»ровать
добралјсь
добралј
гналјсь
крас»вее
крас»вейший
облилјсь
эксп≈рт
мусоропровќд
газопровќд
нефтепровќд
водопровќд
парт≈р
отбылј
обогналј
перелилј
позвон»т
сн€лј
сор»т
пр»н€тый
опломбировјть
аэропќрты
ерет»к
ќтрочество
сирќты
ловкј
обостр»ть
ободр»ть
сл»ва
насор»т
убыстр»ть
довез≈нный
зјтемно
диалќг
монолќг
некролќг
опќшлить
сортировјть
премировјть
накрен»тс€
налилј
нарвалј
обзвон»ть
обзвон»т
полож»л
зак”порить
прин”дить
убралј
углуб»ть
лилј
лилјсь
навралј
зјгод€
отдјв
подняв
к”хонный
смазл»ва
суетл»ва
болтл»ва
бал”€сь
отключ≈нный
исч≈рпать
дозвонятс€
нќвости
новост≈й
м≈стностей
квартјл
килом≈тр
сантим≈тр
децим≈тр
миллим≈тр
нам≈рение
обн€лјсь
оптќвый
бќроду
л≈кторы
моза»чный
вернј
воссоздалј
пр»был
портф≈ль
пќручни
придјное
призџв
нарќст
н≈друг
нед”г
каталќг
н≈нависть
тамќжн€
тќрты
тќртов
цем≈нт
сверл»т
подел≈нный
ободр≈нный
дон≈льз€
зак”порив
плодонос»ть
восприн€лј
бралјсь
жилќсь
пон€лј
надел»т
отозвалј
отозвалјсь
балќванный
кровоточјщий
низвед≈нный
шоф≈р
киоск≈р
контрол≈р
граждјнство
деф»с
вероиспов≈дание
диспанс≈р
договор≈нность
начјвшись
нав≈рх
осв≈домишьс€
полилј
лгалј
дозвон»тс€
вз€лјсь
надќлго
поняв
запертј
определ≈н
включ»т
включ»м
нќготь
нќгт€
жалюз»
знјчимость
»ксы
ч≈люстей
добелј
св≈кла
отдалј
пр»было
ч≈рпать
бухгјлтеров
стјту€
столяр
маляр
дояр
школяр
прозорл»ва
включ»шь
включ≈нный
включ≈н
прируч≈нный
сверл»шь
озлќбить
сл»вовый
зјн€л
отк”порил
послјла
ср≈дства
созџв
л≈кторов
дќверху
кќнусы
кќнусов
докум≈нт
дос”г
лыжня
пќчестей
щ≈лкать
прибџв
ненадќлго
надорвалјсь
ждалј
гналј
зјгнутый
наж»вший
повтор≈нный
сќгнутый
начјв
создалј
бјнты
нормировјть
цепќчка
шјрфы
бјловень
вруч»т
звон»т
клјла
крјлась
одолж»т

2021-05-08 17:24:28,551 INFO words loaded, count= 210
2021-05-08 17:24:28,552 DEBUG users:
0) 497421569 Rustam Fakhretdinov
1) 873809387 Valeriya Bass
2) 817831255 —аша None
3) 1698886007 ¬иктори€ None
4) 413524472 Wigga None

2021-05-08 17:24:28,552 INFO users loaded, count= 5
2021-05-08 17:24:28,559 DEBUG Starting new HTTPS connection (1): api.telegram.org:443
2021-05-08 17:24:48,748 DEBUG https://api.telegram.org:443 "GET /bot1639467970:AAEXXyaLvwq1LIe9rOMjo0AzyhMlVKl-3Xc/getUpdates?offset=1&timeout=20 HTTP/1.1" 200 23
2021-05-08 17:25:08,799 DEBUG https://api.telegram.org:443 "GET /bot1639467970:AAEXXyaLvwq1LIe9rOMjo0AzyhMlVKl-3Xc/getUpdates?offset=1&timeout=20 HTTP/1.1" 200 23
2021-05-08 17:25:28,869 DEBUG https://api.telegram.org:443 "GET /bot1639467970:AAEXXyaLvwq1LIe9rOMjo0AzyhMlVKl-3Xc/getUpdates?offset=1&timeout=20 HTTP/1.1" 200 23
2021-05-08 17:25:48,919 DEBUG https://api.telegram.org:443 "GET /bot1639467970:AAEXXyaLvwq1LIe9rOMjo0AzyhMlVKl-3Xc/getUpdates?offset=1&timeout=20 HTTP/1.1" 200 23
2021-05-08 17:26:08,969 DEBUG https://api.telegram.org:443 "GET /bot1639467970:AAEXXyaLvwq1LIe9rOMjo0AzyhMlVKl-3Xc/getUpdates?offset=1&timeout=20 HTTP/1.1" 200 23
2021-05-08 17:26:29,022 DEBUG https://api.telegram.org:443 "GET /bot1639467970:AAEXXyaLvwq1LIe9rOMjo0AzyhMlVKl-3Xc/getUpdates?offset=1&timeout=20 HTTP/1.1" 200 23
2021-05-08 17:26:49,072 DEBUG https://api.telegram.org:443 "GET /bot1639467970:AAEXXyaLvwq1LIe9rOMjo0AzyhMlVKl-3Xc/getUpdates?offset=1&timeout=20 HTTP/1.1" 200 23
2021-05-08 17:27:09,122 DEBUG https://api.telegram.org:443 "GET /bot1639467970:AAEXXyaLvwq1LIe9rOMjo0AzyhMlVKl-3Xc/getUpdates?offset=1&timeout=20 HTTP/1.1" 200 23
2021-05-08 17:27:29,170 DEBUG https://api.telegram.org:443 "GET /bot1639467970:AAEXXyaLvwq1LIe9rOMjo0AzyhMlVKl-3Xc/getUpdates?offset=1&timeout=20 HTTP/1.1" 200 23
2021-05-08 17:27:49,220 DEBUG https://api.telegram.org:443 "GET /bot1639467970:AAEXXyaLvwq1LIe9rOMjo0AzyhMlVKl-3Xc/getUpdates?offset=1&timeout=20 HTTP/1.1" 200 23
2021-05-08 17:28:09,269 DEBUG https://api.telegram.org:443 "GET /bot1639467970:AAEXXyaLvwq1LIe9rOMjo0AzyhMlVKl-3Xc/getUpdates?offset=1&timeout=20 HTTP/1.1" 200 23
2021-05-08 17:28:29,318 DEBUG https://api.telegram.org:443 "GET /bot1639467970:AAEXXyaLvwq1LIe9rOMjo0AzyhMlVKl-3Xc/getUpdates?offset=1&timeout=20 HTTP/1.1" 200 23
2021-05-08 17:28:49,370 DEBUG https://api.telegram.org:443 "GET /bot1639467970:AAEXXyaLvwq1LIe9rOMjo0AzyhMlVKl-3Xc/getUpdates?offset=1&timeout=20 HTTP/1.1" 200 23
2021-05-08 17:29:09,420 DEBUG https://api.telegram.org:443 "GET /bot1639467970:AAEXXyaLvwq1LIe9rOMjo0AzyhMlVKl-3Xc/getUpdates?offset=1&timeout=20 HTTP/1.1" 200 23
2021-05-08 17:29:29,471 DEBUG https://api.telegram.org:443 "GET /bot1639467970:AAEXXyaLvwq1LIe9rOMjo0AzyhMlVKl-3Xc/getUpdates?offset=1&timeout=20 HTTP/1.1" 200 23
2021-05-08 17:29:49,521 DEBUG https://api.telegram.org:443 "GET /bot1639467970:AAEXXyaLvwq1LIe9rOMjo0AzyhMlVKl-3Xc/getUpdates?offset=1&timeout=20 HTTP/1.1" 200 23
2021-05-08 17:30:09,582 DEBUG https://api.telegram.org:443 "GET /bot1639467970:AAEXXyaLvwq1LIe9rOMjo0AzyhMlVKl-3Xc/getUpdates?offset=1&timeout=20 HTTP/1.1" 200 23
2021-05-08 17:30:26,189 DEBUG https://api.telegram.org:443 "GET /bot1639467970:AAEXXyaLvwq1LIe9rOMjo0AzyhMlVKl-3Xc/getUpdates?offset=1&timeout=20 HTTP/1.1" 200 401
2021-05-08 17:30:26,189 INFO Rustam Fakhretdinov texted статы
2021-05-08 17:30:26,196 DEBUG Starting new HTTPS connection (1): api.telegram.org:443
2021-05-08 17:30:26,464 DEBUG https://api.telegram.org:443 "POST /bot1639467970:AAEXXyaLvwq1LIe9rOMjo0AzyhMlVKl-3Xc/sendMessage?chat_id=497421569&text=%2A%D0%BB%D0%B8%D1%87%D0%BD%D0%B0%D1%8F+%D1%81%D1%82%D0%B0%D1%82%D0%B8%D1%81%D1%82%D0%B8%D0%BA%D0%B0%5C.%2A%0A%D1%80%D0%B5%D0%B9%D1%82%D0%B8%D0%BD%D0%B3%3A+1223%0A%D0%BC%D0%B5%D1%81%D1%82%D0%BE+%D0%B2+%D1%82%D0%BE%D0%BF%D0%B5%3A+1%0A%D0%B7%D0%B2%D0%B0%D0%BD%D0%B8%D0%B5%3A+%D0%BF%D0%BE%D0%B1%D0%B5%D0%B4%D0%B8%D1%82%D0%B5%D0%BB%D1%8C+%22%D0%A0%D1%83%D1%81%D1%81%D0%BA%D0%BE%D0%B3%D0%BE+%D0%BC%D0%B5%D0%B4%D0%B2%D0%B5%D0%B6%D0%BE%D0%BD%D0%BA%D0%B0%22%0A%D0%BF%D1%80%D0%B0%D0%B2%D0%B8%D0%BB%D1%8C%D0%BD%D1%8B%D1%85+%D0%BE%D1%82%D0%B2%D0%B5%D1%82%D0%BE%D0%B2%3A+1271%0A%D0%BD%D0%B5%D0%BF%D1%80%D0%B0%D0%B2%D0%B8%D0%BB%D1%8C%D0%BD%D1%8B%D1%85+%D0%BE%D1%82%D0%B2%D0%B5%D1%82%D0%BE%D0%B2%3A+116%0A%D1%82%D0%B5%D0%BA%D1%83%D1%89%D0%B8%D0%B9+%D1%81%D1%82%D1%80%D0%B8%D0%BA%3A+%5C%2B1%0A%D0%BC%D0%B0%D0%BA%D1%81%D0%B8%D0%BC%D0%B0%D0%BB%D1%8C%D0%BD%D1%8B%D0%B9+%D1%81%D1%82%D1%80%D0%B8%D0%BA%3A+%5C%2B66%0A%D1%80%D0%B0%D0%B7%D0%B1%D0%BB%D0%BE%D0%BA%D0%B8%D1%80%D0%BE%D0%B2%D0%B0%D0%BD%D0%BE+%D1%81%D0%BB%D0%BE%D0%B2%3A+210+%2F+210&reply_markup=%7B%22keyboard%22%3A+%5B%5B%7B%22text%22%3A+%22%5Cu0441%5Cu043b%5Cu043e%5Cu0432%5Cu043e%21%22%7D%2C+%7B%22text%22%3A+%22%5Cu0441%5Cu0442%5Cu0430%5Cu0442%5Cu044b%22%7D%2C+%7B%22text%22%3A+%22%5Cu0442%5Cu043e%5Cu043f%22%7D%5D%2C+%5B%7B%22text%22%3A+%22%5Cu0434%5Cu043e%5Cu0441%5Cu0442%5Cu0438%5Cu0436%5Cu0435%5Cu043d%5Cu0438%5Cu044f%22%7D%2C+%7B%22text%22%3A+%22%5Cu043f%5Cu043e%5Cu043c%5Cu043e%5Cu0449%5Cu044c%22%7D%2C+%7B%22text%22%3A+%22%5Cu043d%5Cu0430%5Cu0441%5Cu0442%5Cu0440%5Cu043e%5Cu0439%5Cu043a%5Cu0438%22%7D%5D%5D%2C+%22resize_keyboard%22%3A+true%7D&parse_mode=MarkdownV2 HTTP/1.1" 200 1422
2021-05-08 17:30:26,465 INFO gave Rustam Fakhretdinov stats
2021-05-08 17:30:29,616 DEBUG https://api.telegram.org:443 "GET /bot1639467970:AAEXXyaLvwq1LIe9rOMjo0AzyhMlVKl-3Xc/getUpdates?offset=115690410&timeout=20 HTTP/1.1" 200 431
2021-05-08 17:30:29,617 INFO Rustam Fakhretdinov texted достижени€
2021-05-08 17:30:29,623 DEBUG Starting new HTTPS connection (1): api.telegram.org:443
2021-05-08 17:30:29,852 DEBUG https://api.telegram.org:443 "POST /bot1639467970:AAEXXyaLvwq1LIe9rOMjo0AzyhMlVKl-3Xc/sendMessage?chat_id=497421569&text=%2A%D0%B4%D0%BE%D1%81%D1%82%D0%B8%D0%B6%D0%B5%D0%BD%D0%B8%D1%8F%2A%F0%9F%8F%86%0A1%5C%29+%D1%80%D0%B0%D0%B7%D0%B1%D0%BB%D0%BE%D0%BA%D0%B8%D1%80%D0%BE%D0%B2%D0%B0%D1%82%D1%8C+%D0%B2%D1%81%D0%B5+%D1%81%D0%BB%D0%BE%D0%B2%D0%B0%0A2%5C%29+100+%D0%BF%D1%80%D0%B0%D0%B2%D0%B8%D0%BB%D1%8C%D0%BD%D1%8B%D1%85+%D1%81%D0%BB%D0%BE%D0%B2%0A3%5C%29+500+%D0%BF%D1%80%D0%B0%D0%B2%D0%B8%D0%BB%D1%8C%D0%BD%D1%8B%D1%85+%D1%81%D0%BB%D0%BE%D0%B2%0A4%5C%29+1000+%D0%BF%D1%80%D0%B0%D0%B2%D0%B8%D0%BB%D1%8C%D0%BD%D1%8B%D1%85+%D1%81%D0%BB%D0%BE%D0%B2%0A5%5C%29+%D1%82%D0%BE%D0%BF%5C-1+%D0%BF%D0%BE+%D1%80%D0%B5%D0%B9%D1%82%D0%B8%D0%BD%D0%B3%D1%83%0A6%5C%29+~%D1%82%D0%BE%D0%BF%5C-1+%D0%BF%D0%BE+%D1%81%D1%82%D1%80%D0%B8%D0%BA%D1%83~%0A7%5C%29+~%D1%82%D0%BE%D0%BF%5C-1+%D0%BF%D0%BE+%25+%D0%BF%D1%80%D0%B0%D0%B2%D0%B8%D0%BB%D1%8C%D0%BD%D1%8B%D1%85+%D0%BE%D1%82%D0%B2%D0%B5%D1%82%D0%BE%D0%B2~%0A8%5C%29+%D1%81%D1%82%D1%80%D0%B8%D0%BA+10%0A9%5C%29+%D1%81%D1%82%D1%80%D0%B8%D0%BA+50%0A10%5C%29+~%D1%81%D1%82%D1%80%D0%B8%D0%BA+100~%0A11%5C%29+~%D1%81%D1%82%D1%80%D0%B8%D0%BA+250~%0A12%5C%29+a+big+secret%0A&parse_mode=MarkdownV2 HTTP/1.1" 200 1621
2021-05-08 17:30:29,853 INFO gave Rustam Fakhretdinov achievements
2021-05-08 17:30:41,554 DEBUG https://api.telegram.org:443 "GET /bot1639467970:AAEXXyaLvwq1LIe9rOMjo0AzyhMlVKl-3Xc/getUpdates?offset=115690411&timeout=20 HTTP/1.1" 200 389
2021-05-08 17:30:41,554 INFO Rustam Fakhretdinov texted топ
2021-05-08 17:30:41,651 DEBUG https://api.telegram.org:443 "POST /bot1639467970:AAEXXyaLvwq1LIe9rOMjo0AzyhMlVKl-3Xc/sendMessage?chat_id=497421569&text=%D0%B2%D1%8B%D0%B1%D0%B5%D1%80%D0%B8%2C+%D0%BA%D0%B0%D0%BA%D0%BE%D0%B9+%D1%82%D0%BE%D0%BF+%D1%85%D0%BE%D1%87%D0%B5%D1%88%D1%8C+%D0%BF%D0%BE%D1%81%D0%BC%D0%BE%D1%82%D1%80%D0%B5%D1%82%D1%8C&reply_markup=%7B%22keyboard%22%3A+%5B%5B%7B%22text%22%3A+%22%5Cu0442%5Cu043e%5Cu043f+%5Cu043f%5Cu043e+%5Cu0440%5Cu0435%5Cu0439%5Cu0442%5Cu0438%5Cu043d%5Cu0433%5Cu0443%22%7D%2C+%7B%22text%22%3A+%22%5Cu0442%5Cu043e%5Cu043f+%5Cu043f%5Cu043e+%5Cu0441%5Cu0442%5Cu0440%5Cu0438%5Cu043a%5Cu0443%22%7D%5D%2C+%5B%7B%22text%22%3A+%22%5Cu0442%5Cu043e%5Cu043f+%5Cu043f%5Cu043e+%25+%5Cu043f%5Cu0440%5Cu0430%5Cu0432%5Cu0438%5Cu043b%5Cu044c%5Cu043d%5Cu044b%5Cu0445%22%7D%2C+%7B%22text%22%3A+%22%5Cu0433%5Cu043b%5Cu0430%5Cu0432%5Cu043d%5Cu043e%5Cu0435+%5Cu043c%5Cu0435%5Cu043d%5Cu044e%22%7D%5D%5D%2C+%22resize_keyboard%22%3A+true%7D HTTP/1.1" 200 582
2021-05-08 17:30:42,435 DEBUG https://api.telegram.org:443 "GET /bot1639467970:AAEXXyaLvwq1LIe9rOMjo0AzyhMlVKl-3Xc/getUpdates?offset=115690412&timeout=20 HTTP/1.1" 200 439
2021-05-08 17:30:42,436 INFO Rustam Fakhretdinov texted топ по стрику
2021-05-08 17:30:42,649 DEBUG https://api.telegram.org:443 "POST /bot1639467970:AAEXXyaLvwq1LIe9rOMjo0AzyhMlVKl-3Xc/sendMessage?chat_id=497421569&text=%2A%D1%82%D0%B5%D0%BA%D1%83%D1%89%D0%B8%D0%B9+%D1%82%D0%BE%D0%BF+%D0%BF%D0%BE+%D1%81%D1%82%D1%80%D0%B8%D0%BA%D1%83%3A%2A%0A1%5C%29+Valeriya+Bass+%5C%7C+%5C%2B+331%0A2%5C%29+Rustam+Fakhretdinov+%5C%7C+%5C%2B+66%0A3%5C%29+%D0%92%D0%B8%D0%BA%D1%82%D0%BE%D1%80%D0%B8%D1%8F+%5C%7C+%5C%2B+4%0A4%5C%29+%D0%A1%D0%B0%D1%88%D0%B0+%5C%7C+0%0A5%5C%29+Wigga+%5C%7C+0%0A&reply_markup=%7B%22keyboard%22%3A+%5B%5B%7B%22text%22%3A+%22%5Cu0442%5Cu043e%5Cu043f+%5Cu043f%5Cu043e+%5Cu0440%5Cu0435%5Cu0439%5Cu0442%5Cu0438%5Cu043d%5Cu0433%5Cu0443%22%7D%2C+%7B%22text%22%3A+%22%5Cu0442%5Cu043e%5Cu043f+%5Cu043f%5Cu043e+%5Cu0441%5Cu0442%5Cu0440%5Cu0438%5Cu043a%5Cu0443%22%7D%5D%2C+%5B%7B%22text%22%3A+%22%5Cu0442%5Cu043e%5Cu043f+%5Cu043f%5Cu043e+%25+%5Cu043f%5Cu0440%5Cu0430%5Cu0432%5Cu0438%5Cu043b%5Cu044c%5Cu043d%5Cu044b%5Cu0445%22%7D%2C+%7B%22text%22%3A+%22%5Cu0433%5Cu043b%5Cu0430%5Cu0432%5Cu043d%5Cu043e%5Cu0435+%5Cu043c%5Cu0435%5Cu043d%5Cu044e%22%7D%5D%5D%2C+%22resize_keyboard%22%3A+true%7D&parse_mode=MarkdownV2 HTTP/1.1" 200 724
2021-05-08 17:30:42,649 INFO gave Rustam Fakhretdinov top_streak
2021-05-08 17:30:54,345 DEBUG https://api.telegram.org:443 "GET /bot1639467970:AAEXXyaLvwq1LIe9rOMjo0AzyhMlVKl-3Xc/getUpdates?offset=115690413&timeout=20 HTTP/1.1" 200 438
2021-05-08 17:30:54,346 INFO Rustam Fakhretdinov texted главное меню
2021-05-08 17:30:54,438 DEBUG https://api.telegram.org:443 "POST /bot1639467970:AAEXXyaLvwq1LIe9rOMjo0AzyhMlVKl-3Xc/sendMessage?chat_id=497421569&text=%D1%81%D0%BA%D0%BE%D1%80%D0%B5%D0%B5+%D0%B2%D1%81%D0%B5%D0%B3%D0%BE%2C+%D0%B2%D1%8B%D0%B9%D1%82%D0%B8+%D0%B2+%D0%B3%D0%BB%D0%B0%D0%B2%D0%BD%D0%BE%D0%B5+%D0%BC%D0%B5%D0%BD%D1%8E+%D0%BC%D0%BE%D0%B6%D0%BD%D0%BE+%D0%B1%D0%B5%D0%B7+%D1%81%D0%BE%D0%BE%D0%B1%D1%89%D0%B5%D0%BD%D0%B8%D1%8F%2C+%D0%BD%D0%BE+%D1%8F+%D0%BD%D0%B5+%D1%81%D0%BC%D0%BE%D0%B3+%D0%BD%D0%B0%D0%B3%D1%83%D0%B3%D0%BB%D0%B8%D1%82%D1%8C+%D1%82%D0%BE%2C+%D0%BA%D0%B0%D0%BA+%D1%8D%D1%82%D0%BE+%D1%81%D0%B4%D0%B5%D0%BB%D0%B0%D1%82%D1%8C%2C+%D0%BF%D0%BE%D1%8D%D1%82%D0%BE%D0%BC%D1%83+%D0%BC%D0%BE%D0%B3%D1%83+%D0%BF%D1%80%D0%BE%D1%81%D1%82%D0%BE+%D1%81%D0%BA%D0%B0%D0%B7%D0%B0%D1%82%D1%8C%2C+%D1%87%D1%82%D0%BE+%D0%B2+%D0%B4%D0%B0%D0%BD%D0%BD%D1%8B%D0%B9+%D0%BC%D0%BE%D0%BC%D0%B5%D0%BD%D1%82+%D0%BD%D0%B0+66%25+%D1%82%D1%8B+%D0%BB%D0%BE%D1%85%29%29%29%29%29%29&reply_markup=%7B%22keyboard%22%3A+%5B%5B%7B%22text%22%3A+%22%5Cu0441%5Cu043b%5Cu043e%5Cu0432%5Cu043e%21%22%7D%2C+%7B%22text%22%3A+%22%5Cu0441%5Cu0442%5Cu0430%5Cu0442%5Cu044b%22%7D%2C+%7B%22text%22%3A+%22%5Cu0442%5Cu043e%5Cu043f%22%7D%5D%2C+%5B%7B%22text%22%3A+%22%5Cu0434%5Cu043e%5Cu0441%5Cu0442%5Cu0438%5Cu0436%5Cu0435%5Cu043d%5Cu0438%5Cu044f%22%7D%2C+%7B%22text%22%3A+%22%5Cu043f%5Cu043e%5Cu043c%5Cu043e%5Cu0449%5Cu044c%22%7D%2C+%7B%22text%22%3A+%22%5Cu043d%5Cu0430%5Cu0441%5Cu0442%5Cu0440%5Cu043e%5Cu0439%5Cu043a%5Cu0438%22%7D%5D%5D%2C+%22resize_keyboard%22%3A+true%7D HTTP/1.1" 200 1190
2021-05-08 17:30:54,438 INFO gave Rustam Fakhretdinov main_menu
2021-05-08 17:31:14,401 DEBUG https://api.telegram.org:443 "GET /bot1639467970:AAEXXyaLvwq1LIe9rOMjo0AzyhMlVKl-3Xc/getUpdates?offset=115690414&timeout=20 HTTP/1.1" 200 23
2021-05-08 17:31:34,453 DEBUG https://api.telegram.org:443 "GET /bot1639467970:AAEXXyaLvwq1LIe9rOMjo0AzyhMlVKl-3Xc/getUpdates?offset=115690414&timeout=20 HTTP/1.1" 200 23
2021-05-08 17:31:54,504 DEBUG https://api.telegram.org:443 "GET /bot1639467970:AAEXXyaLvwq1LIe9rOMjo0AzyhMlVKl-3Xc/getUpdates?offset=115690414&timeout=20 HTTP/1.1" 200 23
2021-05-08 17:32:14,553 DEBUG https://api.telegram.org:443 "GET /bot1639467970:AAEXXyaLvwq1LIe9rOMjo0AzyhMlVKl-3Xc/getUpdates?offset=115690414&timeout=20 HTTP/1.1" 200 23
2021-05-08 17:32:34,603 DEBUG https://api.telegram.org:443 "GET /bot1639467970:AAEXXyaLvwq1LIe9rOMjo0AzyhMlVKl-3Xc/getUpdates?offset=115690414&timeout=20 HTTP/1.1" 200 23
2021-05-08 17:32:54,653 DEBUG https://api.telegram.org:443 "GET /bot1639467970:AAEXXyaLvwq1LIe9rOMjo0AzyhMlVKl-3Xc/getUpdates?offset=115690414&timeout=20 HTTP/1.1" 200 23
2021-05-08 17:33:14,704 DEBUG https://api.telegram.org:443 "GET /bot1639467970:AAEXXyaLvwq1LIe9rOMjo0AzyhMlVKl-3Xc/getUpdates?offset=115690414&timeout=20 HTTP/1.1" 200 23
2021-05-08 17:33:34,753 DEBUG https://api.telegram.org:443 "GET /bot1639467970:AAEXXyaLvwq1LIe9rOMjo0AzyhMlVKl-3Xc/getUpdates?offset=115690414&timeout=20 HTTP/1.1" 200 23
2021-05-08 17:33:51,647 DEBUG https://api.telegram.org:443 "GET /bot1639467970:AAEXXyaLvwq1LIe9rOMjo0AzyhMlVKl-3Xc/getUpdates?offset=115690414&timeout=20 HTTP/1.1" 200 431
2021-05-08 17:33:51,648 INFO Rustam Fakhretdinov texted достижени€
2021-05-08 17:33:51,801 DEBUG https://api.telegram.org:443 "POST /bot1639467970:AAEXXyaLvwq1LIe9rOMjo0AzyhMlVKl-3Xc/sendMessage?chat_id=497421569&text=%2A%D0%B4%D0%BE%D1%81%D1%82%D0%B8%D0%B6%D0%B5%D0%BD%D0%B8%D1%8F%2A%F0%9F%8F%86%0A1%5C%29+%D1%80%D0%B0%D0%B7%D0%B1%D0%BB%D0%BE%D0%BA%D0%B8%D1%80%D0%BE%D0%B2%D0%B0%D1%82%D1%8C+%D0%B2%D1%81%D0%B5+%D1%81%D0%BB%D0%BE%D0%B2%D0%B0%0A2%5C%29+100+%D0%BF%D1%80%D0%B0%D0%B2%D0%B8%D0%BB%D1%8C%D0%BD%D1%8B%D1%85+%D1%81%D0%BB%D0%BE%D0%B2%0A3%5C%29+500+%D0%BF%D1%80%D0%B0%D0%B2%D0%B8%D0%BB%D1%8C%D0%BD%D1%8B%D1%85+%D1%81%D0%BB%D0%BE%D0%B2%0A4%5C%29+1000+%D0%BF%D1%80%D0%B0%D0%B2%D0%B8%D0%BB%D1%8C%D0%BD%D1%8B%D1%85+%D1%81%D0%BB%D0%BE%D0%B2%0A5%5C%29+%D1%82%D0%BE%D0%BF%5C-1+%D0%BF%D0%BE+%D1%80%D0%B5%D0%B9%D1%82%D0%B8%D0%BD%D0%B3%D1%83%0A6%5C%29+~%D1%82%D0%BE%D0%BF%5C-1+%D0%BF%D0%BE+%D1%81%D1%82%D1%80%D0%B8%D0%BA%D1%83~%0A7%5C%29+~%D1%82%D0%BE%D0%BF%5C-1+%D0%BF%D0%BE+%25+%D0%BF%D1%80%D0%B0%D0%B2%D0%B8%D0%BB%D1%8C%D0%BD%D1%8B%D1%85+%D0%BE%D1%82%D0%B2%D0%B5%D1%82%D0%BE%D0%B2~%0A8%5C%29+%D1%81%D1%82%D1%80%D0%B8%D0%BA+10%0A9%5C%29+%D1%81%D1%82%D1%80%D0%B8%D0%BA+50%0A10%5C%29+~%D1%81%D1%82%D1%80%D0%B8%D0%BA+100~%0A11%5C%29+~%D1%81%D1%82%D1%80%D0%B8%D0%BA+250~%0A12%5C%29+a+big+secret%0A&parse_mode=MarkdownV2 HTTP/1.1" 200 1621
2021-05-08 17:33:51,801 INFO gave Rustam Fakhretdinov achievements
2021-05-08 17:33:53,060 DEBUG https://api.telegram.org:443 "GET /bot1639467970:AAEXXyaLvwq1LIe9rOMjo0AzyhMlVKl-3Xc/getUpdates?offset=115690415&timeout=20 HTTP/1.1" 200 389
2021-05-08 17:33:53,061 INFO Rustam Fakhretdinov texted топ
2021-05-08 17:33:53,140 DEBUG https://api.telegram.org:443 "POST /bot1639467970:AAEXXyaLvwq1LIe9rOMjo0AzyhMlVKl-3Xc/sendMessage?chat_id=497421569&text=%D0%B2%D1%8B%D0%B1%D0%B5%D1%80%D0%B8%2C+%D0%BA%D0%B0%D0%BA%D0%BE%D0%B9+%D1%82%D0%BE%D0%BF+%D1%85%D0%BE%D1%87%D0%B5%D1%88%D1%8C+%D0%BF%D0%BE%D1%81%D0%BC%D0%BE%D1%82%D1%80%D0%B5%D1%82%D1%8C&reply_markup=%7B%22keyboard%22%3A+%5B%5B%7B%22text%22%3A+%22%5Cu0442%5Cu043e%5Cu043f+%5Cu043f%5Cu043e+%5Cu0440%5Cu0435%5Cu0439%5Cu0442%5Cu0438%5Cu043d%5Cu0433%5Cu0443%22%7D%2C+%7B%22text%22%3A+%22%5Cu0442%5Cu043e%5Cu043f+%5Cu043f%5Cu043e+%5Cu0441%5Cu0442%5Cu0440%5Cu0438%5Cu043a%5Cu0443%22%7D%5D%2C+%5B%7B%22text%22%3A+%22%5Cu0442%5Cu043e%5Cu043f+%5Cu043f%5Cu043e+%25+%5Cu043f%5Cu0440%5Cu0430%5Cu0432%5Cu0438%5Cu043b%5Cu044c%5Cu043d%5Cu044b%5Cu0445%22%7D%2C+%7B%22text%22%3A+%22%5Cu0433%5Cu043b%5Cu0430%5Cu0432%5Cu043d%5Cu043e%5Cu0435+%5Cu043c%5Cu0435%5Cu043d%5Cu044e%22%7D%5D%5D%2C+%22resize_keyboard%22%3A+true%7D HTTP/1.1" 200 582
2021-05-08 17:33:55,223 DEBUG https://api.telegram.org:443 "GET /bot1639467970:AAEXXyaLvwq1LIe9rOMjo0AzyhMlVKl-3Xc/getUpdates?offset=115690416&timeout=20 HTTP/1.1" 200 465
2021-05-08 17:33:55,224 INFO Rustam Fakhretdinov texted топ по % правильных
2021-05-08 17:33:55,317 DEBUG https://api.telegram.org:443 "POST /bot1639467970:AAEXXyaLvwq1LIe9rOMjo0AzyhMlVKl-3Xc/sendMessage?chat_id=497421569&text=%2A%D1%82%D0%B5%D0%BA%D1%83%D1%89%D0%B8%D0%B9+%D1%82%D0%BE%D0%BF+%D0%BF%D0%BE+%5C%25+%D0%BF%D1%80%D0%B0%D0%B2%D0%B8%D0%BB%D1%8C%D0%BD%D1%8B%D1%85+%D0%BE%D1%82%D0%B2%D0%B5%D1%82%D0%BE%D0%B2%2A+_%5C%28%D0%BF%D0%BE%D0%BB%D1%8C%D0%B7%D0%BE%D0%B2%D0%B0%D1%82%D0%B5%D0%BB%D0%B8+%D1%81+%D0%BA%D0%BE%D0%BB%D0%B8%D1%87%D0%B5%D1%81%D1%82%D0%B2%D0%BE%D0%BC+%D0%BE%D1%82%D0%B2%D0%B5%D1%82%D0%BE%D0%B2+%D0%BD%D0%B5+%D0%BC%D0%B5%D0%BD%D1%8C%D1%88%D0%B5+100%5C%29_%3A%0A1%5C%29+Valeriya+Bass+99%5C.13%5C%25+%5C%28683+%D0%BF%D1%80%D0%B0%D0%B2%D0%B8%D0%BB%D1%8C%D0%BD%D1%8B%D1%85+%D0%B8%D0%B7+689%5C%29%0A2%5C%29+%D0%A1%D0%B0%D1%88%D0%B0+97%5C.22%5C%25+%5C%28629+%D0%BF%D1%80%D0%B0%D0%B2%D0%B8%D0%BB%D1%8C%D0%BD%D1%8B%D1%85+%D0%B8%D0%B7+647%5C%29%0A3%5C%29+Rustam+Fakhretdinov+91%5C.64%5C%25+%5C%281271+%D0%BF%D1%80%D0%B0%D0%B2%D0%B8%D0%BB%D1%8C%D0%BD%D1%8B%D1%85+%D0%B8%D0%B7+1387%5C%29%0A&reply_markup=%7B%22keyboard%22%3A+%5B%5B%7B%22text%22%3A+%22%5Cu0442%5Cu043e%5Cu043f+%5Cu043f%5Cu043e+%5Cu0440%5Cu0435%5Cu0439%5Cu0442%5Cu0438%5Cu043d%5Cu0433%5Cu0443%22%7D%2C+%7B%22text%22%3A+%22%5Cu0442%5Cu043e%5Cu043f+%5Cu043f%5Cu043e+%5Cu0441%5Cu0442%5Cu0440%5Cu0438%5Cu043a%5Cu0443%22%7D%5D%2C+%5B%7B%22text%22%3A+%22%5Cu0442%5Cu043e%5Cu043f+%5Cu043f%5Cu043e+%25+%5Cu043f%5Cu0440%5Cu0430%5Cu0432%5Cu0438%5Cu043b%5Cu044c%5Cu043d%5Cu044b%5Cu0445%22%7D%2C+%7B%22text%22%3A+%22%5Cu0433%5Cu043b%5Cu0430%5Cu0432%5Cu043d%5Cu043e%5Cu0435+%5Cu043c%5Cu0435%5Cu043d%5Cu044e%22%7D%5D%5D%2C+%22resize_keyboard%22%3A+true%7D&parse_mode=MarkdownV2 HTTP/1.1" 200 1264
2021-05-08 17:33:55,317 INFO gave Rustam Fakhretdinov top_percent
2021-05-08 17:33:59,450 DEBUG https://api.telegram.org:443 "GET /bot1639467970:AAEXXyaLvwq1LIe9rOMjo0AzyhMlVKl-3Xc/getUpdates?offset=115690417&timeout=20 HTTP/1.1" 200 438
2021-05-08 17:33:59,451 INFO Rustam Fakhretdinov texted главное меню
2021-05-08 17:33:59,641 DEBUG https://api.telegram.org:443 "POST /bot1639467970:AAEXXyaLvwq1LIe9rOMjo0AzyhMlVKl-3Xc/sendMessage?chat_id=497421569&text=%D1%81%D0%BA%D0%BE%D1%80%D0%B5%D0%B5+%D0%B2%D1%81%D0%B5%D0%B3%D0%BE%2C+%D0%B2%D1%8B%D0%B9%D1%82%D0%B8+%D0%B2+%D0%B3%D0%BB%D0%B0%D0%B2%D0%BD%D0%BE%D0%B5+%D0%BC%D0%B5%D0%BD%D1%8E+%D0%BC%D0%BE%D0%B6%D0%BD%D0%BE+%D0%B1%D0%B5%D0%B7+%D1%81%D0%BE%D0%BE%D0%B1%D1%89%D0%B5%D0%BD%D0%B8%D1%8F%2C+%D0%BD%D0%BE+%D1%8F+%D0%BD%D0%B5+%D1%81%D0%BC%D0%BE%D0%B3+%D0%BD%D0%B0%D0%B3%D1%83%D0%B3%D0%BB%D0%B8%D1%82%D1%8C+%D1%82%D0%BE%2C+%D0%BA%D0%B0%D0%BA+%D1%8D%D1%82%D0%BE+%D1%81%D0%B4%D0%B5%D0%BB%D0%B0%D1%82%D1%8C%2C+%D0%BF%D0%BE%D1%8D%D1%82%D0%BE%D0%BC%D1%83+%D0%BC%D0%BE%D0%B3%D1%83+%D0%BF%D1%80%D0%BE%D1%81%D1%82%D0%BE+%D1%81%D0%BA%D0%B0%D0%B7%D0%B0%D1%82%D1%8C%2C+%D1%87%D1%82%D0%BE+%D0%B2+%D0%B4%D0%B0%D0%BD%D0%BD%D1%8B%D0%B9+%D0%BC%D0%BE%D0%BC%D0%B5%D0%BD%D1%82+%D0%BD%D0%B0+62%25+%D1%82%D1%8B+%D0%BB%D0%BE%D1%85%29%29%29%29%29%29&reply_markup=%7B%22keyboard%22%3A+%5B%5B%7B%22text%22%3A+%22%5Cu0441%5Cu043b%5Cu043e%5Cu0432%5Cu043e%21%22%7D%2C+%7B%22text%22%3A+%22%5Cu0441%5Cu0442%5Cu0430%5Cu0442%5Cu044b%22%7D%2C+%7B%22text%22%3A+%22%5Cu0442%5Cu043e%5Cu043f%22%7D%5D%2C+%5B%7B%22text%22%3A+%22%5Cu0434%5Cu043e%5Cu0441%5Cu0442%5Cu0438%5Cu0436%5Cu0435%5Cu043d%5Cu0438%5Cu044f%22%7D%2C+%7B%22text%22%3A+%22%5Cu043f%5Cu043e%5Cu043c%5Cu043e%5Cu0449%5Cu044c%22%7D%2C+%7B%22text%22%3A+%22%5Cu043d%5Cu0430%5Cu0441%5Cu0442%5Cu0440%5Cu043e%5Cu0439%5Cu043a%5Cu0438%22%7D%5D%5D%2C+%22resize_keyboard%22%3A+true%7D HTTP/1.1" 200 1190
2021-05-08 17:33:59,641 INFO gave Rustam Fakhretdinov main_menu
2021-05-08 17:34:00,943 DEBUG https://api.telegram.org:443 "GET /bot1639467970:AAEXXyaLvwq1LIe9rOMjo0AzyhMlVKl-3Xc/getUpdates?offset=115690418&timeout=20 HTTP/1.1" 200 401
2021-05-08 17:34:00,944 INFO Rustam Fakhretdinov texted статы
2021-05-08 17:34:01,063 DEBUG https://api.telegram.org:443 "POST /bot1639467970:AAEXXyaLvwq1LIe9rOMjo0AzyhMlVKl-3Xc/sendMessage?chat_id=497421569&text=%2A%D0%BB%D0%B8%D1%87%D0%BD%D0%B0%D1%8F+%D1%81%D1%82%D0%B0%D1%82%D0%B8%D1%81%D1%82%D0%B8%D0%BA%D0%B0%5C.%2A%0A%D1%80%D0%B5%D0%B9%D1%82%D0%B8%D0%BD%D0%B3%3A+1223%0A%D0%BC%D0%B5%D1%81%D1%82%D0%BE+%D0%B2+%D1%82%D0%BE%D0%BF%D0%B5%3A+1%0A%D0%B7%D0%B2%D0%B0%D0%BD%D0%B8%D0%B5%3A+%D0%BF%D0%BE%D0%B1%D0%B5%D0%B4%D0%B8%D1%82%D0%B5%D0%BB%D1%8C+%22%D0%A0%D1%83%D1%81%D1%81%D0%BA%D0%BE%D0%B3%D0%BE+%D0%BC%D0%B5%D0%B4%D0%B2%D0%B5%D0%B6%D0%BE%D0%BD%D0%BA%D0%B0%22%0A%D0%BF%D1%80%D0%B0%D0%B2%D0%B8%D0%BB%D1%8C%D0%BD%D1%8B%D1%85+%D0%BE%D1%82%D0%B2%D0%B5%D1%82%D0%BE%D0%B2%3A+1271%0A%D0%BD%D0%B5%D0%BF%D1%80%D0%B0%D0%B2%D0%B8%D0%BB%D1%8C%D0%BD%D1%8B%D1%85+%D0%BE%D1%82%D0%B2%D0%B5%D1%82%D0%BE%D0%B2%3A+116%0A%D1%82%D0%B5%D0%BA%D1%83%D1%89%D0%B8%D0%B9+%D1%81%D1%82%D1%80%D0%B8%D0%BA%3A+%5C%2B1%0A%D0%BC%D0%B0%D0%BA%D1%81%D0%B8%D0%BC%D0%B0%D0%BB%D1%8C%D0%BD%D1%8B%D0%B9+%D1%81%D1%82%D1%80%D0%B8%D0%BA%3A+%5C%2B66%0A%D1%80%D0%B0%D0%B7%D0%B1%D0%BB%D0%BE%D0%BA%D0%B8%D1%80%D0%BE%D0%B2%D0%B0%D0%BD%D0%BE+%D1%81%D0%BB%D0%BE%D0%B2%3A+210+%2F+210&reply_markup=%7B%22keyboard%22%3A+%5B%5B%7B%22text%22%3A+%22%5Cu0441%5Cu043b%5Cu043e%5Cu0432%5Cu043e%21%22%7D%2C+%7B%22text%22%3A+%22%5Cu0441%5Cu0442%5Cu0430%5Cu0442%5Cu044b%22%7D%2C+%7B%22text%22%3A+%22%5Cu0442%5Cu043e%5Cu043f%22%7D%5D%2C+%5B%7B%22text%22%3A+%22%5Cu0434%5Cu043e%5Cu0441%5Cu0442%5Cu0438%5Cu0436%5Cu0435%5Cu043d%5Cu0438%5Cu044f%22%7D%2C+%7B%22text%22%3A+%22%5Cu043f%5Cu043e%5Cu043c%5Cu043e%5Cu0449%5Cu044c%22%7D%2C+%7B%22text%22%3A+%22%5Cu043d%5Cu0430%5Cu0441%5Cu0442%5Cu0440%5Cu043e%5Cu0439%5Cu043a%5Cu0438%22%7D%5D%5D%2C+%22resize_keyboard%22%3A+true%7D&parse_mode=MarkdownV2 HTTP/1.1" 200 1422
2021-05-08 17:34:01,064 INFO gave Rustam Fakhretdinov stats
2021-05-08 17:34:03,057 DEBUG https://api.telegram.org:443 "GET /bot1639467970:AAEXXyaLvwq1LIe9rOMjo0AzyhMlVKl-3Xc/getUpdates?offset=115690419&timeout=20 HTTP/1.1" 200 407
2021-05-08 17:34:03,058 INFO Rustam Fakhretdinov texted помощь
2021-05-08 17:34:03,224 DEBUG https://api.telegram.org:443 "POST /bot1639467970:AAEXXyaLvwq1LIe9rOMjo0AzyhMlVKl-3Xc/sendMessage?chat_id=497421569&text=%D0%BF%D0%BE+%D0%B2%D1%81%D0%B5%D0%BC+%D0%B2%D0%BE%D0%BF%D1%80%D0%BE%D1%81%D0%B0%D0%BC%2F%D0%BF%D1%80%D0%B5%D0%B4%D0%BB%D0%BE%D0%B6%D0%B5%D0%BD%D0%B8%D1%8F%D0%BC%2F%D1%81%D0%BE%D0%B2%D0%B5%D1%82%D0%B0%D0%BC+%D0%BF%D0%B8%D1%81%D0%B0%D1%82%D1%8C+%40Rustam_Fakhretdinov&reply_markup=%7B%22keyboard%22%3A+%5B%5B%7B%22text%22%3A+%22%5Cu0441%5Cu043b%5Cu043e%5Cu0432%5Cu043e%21%22%7D%2C+%7B%22text%22%3A+%22%5Cu0441%5Cu0442%5Cu0430%5Cu0442%5Cu044b%22%7D%2C+%7B%22text%22%3A+%22%5Cu0442%5Cu043e%5Cu043f%22%7D%5D%2C+%5B%7B%22text%22%3A+%22%5Cu0434%5Cu043e%5Cu0441%5Cu0442%5Cu0438%5Cu0436%5Cu0435%5Cu043d%5Cu0438%5Cu044f%22%7D%2C+%7B%22text%22%3A+%22%5Cu043f%5Cu043e%5Cu043c%5Cu043e%5Cu0449%5Cu044c%22%7D%2C+%7B%22text%22%3A+%22%5Cu043d%5Cu0430%5Cu0441%5Cu0442%5Cu0440%5Cu043e%5Cu0439%5Cu043a%5Cu0438%22%7D%5D%5D%2C+%22resize_keyboard%22%3A+true%7D HTTP/1.1" 200 713
2021-05-08 17:34:03,224 INFO gave Rustam Fakhretdinov help
2021-05-08 17:34:23,120 DEBUG https://api.telegram.org:443 "GET /bot1639467970:AAEXXyaLvwq1LIe9rOMjo0AzyhMlVKl-3Xc/getUpdates?offset=115690420&timeout=20 HTTP/1.1" 200 23
2021-05-08 17:34:43,170 DEBUG https://api.telegram.org:443 "GET /bot1639467970:AAEXXyaLvwq1LIe9rOMjo0AzyhMlVKl-3Xc/getUpdates?offset=115690420&timeout=20 HTTP/1.1" 200 23
2021-05-08 17:35:03,219 DEBUG https://api.telegram.org:443 "GET /bot1639467970:AAEXXyaLvwq1LIe9rOMjo0AzyhMlVKl-3Xc/getUpdates?offset=115690420&timeout=20 HTTP/1.1" 200 23
2021-05-08 17:35:23,276 DEBUG https://api.telegram.org:443 "GET /bot1639467970:AAEXXyaLvwq1LIe9rOMjo0AzyhMlVKl-3Xc/getUpdates?offset=115690420&timeout=20 HTTP/1.1" 200 23
2021-05-08 17:35:43,326 DEBUG https://api.telegram.org:443 "GET /bot1639467970:AAEXXyaLvwq1LIe9rOMjo0AzyhMlVKl-3Xc/getUpdates?offset=115690420&timeout=20 HTTP/1.1" 200 23
2021-05-08 17:36:03,375 DEBUG https://api.telegram.org:443 "GET /bot1639467970:AAEXXyaLvwq1LIe9rOMjo0AzyhMlVKl-3Xc/getUpdates?offset=115690420&timeout=20 HTTP/1.1" 200 23
