2021-05-08 15:17:56,605 DEBUG words:
0) облегчит
1) облегчить
2) ободрала
3) ободришься
4) проживший
5) завидно
6) кормящий
7) молящий
8) нанявшийся
9) корысть
10) краны
11) кремень
12) кремня
13) начавший
14) перезвонить
15) перезвонит
16) баловать
17) баловаться
18) избаловать
19) разбаловать
20) дозировать
21) добралась
22) добрала
23) гналась
24) красивее
25) красивейший
26) облилась
27) эксперт
28) мусоропровод
29) газопровод
30) нефтепровод
31) водопровод
32) партер
33) отбыла
34) обогнала
35) перелила
36) позвонит
37) сняла
38) сорит
39) принятый
40) опломбировать
41) аэропорты
42) еретик
43) отрочество
44) сироты
45) ловка
46) обострить
47) ободрить
48) слива
49) насорит
50) убыстрить
51) довезенный
52) затемно
53) диалог
54) монолог
55) некролог
56) опошлить
57) сортировать
58) премировать
59) накренится
60) налила
61) нарвала
62) обзвонить
63) обзвонит
64) положил
65) закупорить
66) принудить
67) убрала
68) углубить
69) лила
70) лилась
71) наврала
72) загодя
73) отдав
74) подняв
75) кухонный
76) смазлива
77) суетлива
78) болтлива
79) балуясь
80) отключенный
81) исчерпать
82) дозвонятся
83) новости
84) новостей
85) местностей
86) квартал
87) километр
88) сантиметр
89) дециметр
90) миллиметр
91) намерение
92) обнялась
93) оптовый
94) бороду
95) лекторы
96) мозаичный
97) верна
98) воссоздала
99) прибыл
100) портфель
101) поручни
102) приданое
103) призыв
104) нарост
105) недруг
106) недуг
107) каталог
108) ненависть
109) таможня
110) торты
111) тортов
112) цемент
113) сверлит
114) поделенный
115) ободренный
116) донельзя
117) закупорив
118) плодоносить
119) восприняла
120) бралась
121) жилось
122) поняла
123) наделит
124) отозвала
125) отозвалась
126) балованный
127) кровоточащий
128) низведенный
129) шофер
130) киоскер
131) контролер
132) гражданство
133) дефис
134) вероисповедание
135) диспансер
136) договоренность
137) начавшись
138) наверх
139) осведомишься
140) полила
141) лгала
142) дозвонится
143) взялась
144) надолго
145) поняв
146) заперта
147) определен
148) включит
149) включим
150) ноготь
151) ногтя
152) жалюзи
153) значимость
154) иксы
155) челюстей
156) добела
157) свекла
158) отдала
159) прибыло
160) черпать
161) бухгалтеров
162) статуя
163) столяр
164) маляр
165) дояр
166) школяр
167) прозорлива
168) включишь
169) включенный
170) включен
171) прирученный
172) сверлишь
173) озлобить
174) сливовый
175) занял
176) откупорил
177) послала
178) средства
179) созыв
180) лекторов
181) доверху
182) конусы
183) конусов
184) документ
185) досуг
186) лыжня
187) почестей
188) щелкать
189) прибыв
190) ненадолго
191) надорвалась
192) ждала
193) гнала
194) загнутый
195) наживший
196) повторенный
197) согнутый
198) начав
199) создала
200) банты
201) нормировать
202) цепочка
203) шарфы
204) баловень
205) вручит
206) звонит
207) клала
208) кралась
209) одолжит

2021-05-08 15:17:56,610 INFO words loaded, count= 210
2021-05-08 15:17:56,614 DEBUG users:
0) 873809387 Valeriya Bass
1) 497421569 Rustam Fakhretdinov
2) 1698886007 Виктория None
3) 817831255 Саша None
4) 413524472 Wigga None

2021-05-08 15:17:56,615 INFO users loaded, count= 5
2021-05-08 15:17:56,625 DEBUG Starting new HTTPS connection (1): api.telegram.org:443
2021-05-08 15:18:16,825 DEBUG https://api.telegram.org:443 "GET /bot1639467970:AAEXXyaLvwq1LIe9rOMjo0AzyhMlVKl-3Xc/getUpdates?offset=1&timeout=20 HTTP/1.1" 200 23
2021-05-08 15:18:36,876 DEBUG https://api.telegram.org:443 "GET /bot1639467970:AAEXXyaLvwq1LIe9rOMjo0AzyhMlVKl-3Xc/getUpdates?offset=1&timeout=20 HTTP/1.1" 200 23
2021-05-08 15:18:56,927 DEBUG https://api.telegram.org:443 "GET /bot1639467970:AAEXXyaLvwq1LIe9rOMjo0AzyhMlVKl-3Xc/getUpdates?offset=1&timeout=20 HTTP/1.1" 200 23
2021-05-08 15:19:16,977 DEBUG https://api.telegram.org:443 "GET /bot1639467970:AAEXXyaLvwq1LIe9rOMjo0AzyhMlVKl-3Xc/getUpdates?offset=1&timeout=20 HTTP/1.1" 200 23
2021-05-08 15:19:37,026 DEBUG https://api.telegram.org:443 "GET /bot1639467970:AAEXXyaLvwq1LIe9rOMjo0AzyhMlVKl-3Xc/getUpdates?offset=1&timeout=20 HTTP/1.1" 200 23
2021-05-08 15:19:57,078 DEBUG https://api.telegram.org:443 "GET /bot1639467970:AAEXXyaLvwq1LIe9rOMjo0AzyhMlVKl-3Xc/getUpdates?offset=1&timeout=20 HTTP/1.1" 200 23
2021-05-08 15:20:17,128 DEBUG https://api.telegram.org:443 "GET /bot1639467970:AAEXXyaLvwq1LIe9rOMjo0AzyhMlVKl-3Xc/getUpdates?offset=1&timeout=20 HTTP/1.1" 200 23
2021-05-08 15:20:37,175 DEBUG https://api.telegram.org:443 "GET /bot1639467970:AAEXXyaLvwq1LIe9rOMjo0AzyhMlVKl-3Xc/getUpdates?offset=1&timeout=20 HTTP/1.1" 200 23
2021-05-08 15:20:57,232 DEBUG https://api.telegram.org:443 "GET /bot1639467970:AAEXXyaLvwq1LIe9rOMjo0AzyhMlVKl-3Xc/getUpdates?offset=1&timeout=20 HTTP/1.1" 200 23
2021-05-08 15:21:13,437 DEBUG https://api.telegram.org:443 "GET /bot1639467970:AAEXXyaLvwq1LIe9rOMjo0AzyhMlVKl-3Xc/getUpdates?offset=1&timeout=20 HTTP/1.1" 200 451
2021-05-08 15:21:13,439 INFO Rustam Fakhretdinov texted топ по рейтингу
2021-05-08 15:21:13,450 DEBUG Starting new HTTPS connection (1): api.telegram.org:443
2021-05-08 15:21:13,762 DEBUG https://api.telegram.org:443 "POST /bot1639467970:AAEXXyaLvwq1LIe9rOMjo0AzyhMlVKl-3Xc/sendMessage?chat_id=497421569&text=%2A%D1%82%D0%B5%D0%BA%D1%83%D1%89%D0%B8%D0%B9+%D1%82%D0%BE%D0%BF+%D0%BF%D0%BE+%D1%80%D0%B5%D0%B9%D1%82%D0%B8%D0%BD%D0%B3%D1%83%3A%2A%0A1%5C%29+Rustam+Fakhretdinov+%5C%7C+1223+%5C%7C+%D0%BF%D0%BE%D0%B1%D0%B5%D0%B4%D0%B8%D1%82%D0%B5%D0%BB%D1%8C+%22%D0%A0%D1%83%D1%81%D1%81%D0%BA%D0%BE%D0%B3%D0%BE+%D0%BC%D0%B5%D0%B4%D0%B2%D0%B5%D0%B6%D0%BE%D0%BD%D0%BA%D0%B0%22%0A2%5C%29+Valeriya+Bass+%5C%7C+684+%5C%7C+%D0%BF%D0%BE%D0%B1%D0%B5%D0%B4%D0%B8%D1%82%D0%B5%D0%BB%D1%8C+%D0%92%D0%A1%D0%BE%D0%A8+%D0%BF%D0%BE+%D1%80%D1%83%D1%81%D1%81%D0%BA%D0%BE%D0%BC%D1%83+%D1%8F%D0%B7%D1%8B%D0%BA%D1%83%0A3%5C%29+%D0%A1%D0%B0%D1%88%D0%B0+%5C%7C+625+%5C%7C+%D0%BF%D1%80%D0%B8%D0%B7%D0%B5%D1%80+%D0%92%D0%A1%D0%BE%D0%A8+%D0%BF%D0%BE+%D1%80%D1%83%D1%81%D1%81%D0%BA%D0%BE%D0%BC%D1%83+%D1%8F%D0%B7%D1%8B%D0%BA%D1%83%0A4%5C%29+%D0%92%D0%B8%D0%BA%D1%82%D0%BE%D1%80%D0%B8%D1%8F+%5C%7C+6+%5C%7C+%D1%83%D1%87%D0%B0%D1%81%D1%82%D0%BD%D0%B8%D0%BA+%D0%92%D0%A1%D0%BE%D0%A8+%D0%BF%D0%BE+%D1%80%D1%83%D1%81%D1%81%D0%BA%D0%BE%D0%BC%D1%83+%D1%8F%D0%B7%D1%8B%D0%BA%D1%83%0A5%5C%29+Wigga+%5C%7C+1+%5C%7C+%D0%BF%D0%BE%D0%B1%D0%B5%D0%B4%D0%B8%D1%82%D0%B5%D0%BB%D1%8C+%D1%80%D0%B5%D0%B3%D0%B8%D0%BE%D0%BD%D0%B0+%D0%BF%D0%BE+%D1%80%D1%83%D1%81%D1%81%D0%BA%D0%BE%D0%BC%D1%83+%D1%8F%D0%B7%D1%8B%D0%BA%D1%83%0A&reply_markup=%7B%22keyboard%22%3A+%5B%5B%7B%22text%22%3A+%22%5Cu0442%5Cu043e%5Cu043f+%5Cu043f%5Cu043e+%5Cu0440%5Cu0435%5Cu0439%5Cu0442%5Cu0438%5Cu043d%5Cu0433%5Cu0443%22%7D%2C+%7B%22text%22%3A+%22%5Cu0442%5Cu043e%5Cu043f+%5Cu043f%5Cu043e+%5Cu0441%5Cu0442%5Cu0440%5Cu0438%5Cu043a%5Cu0443%22%7D%5D%2C+%5B%7B%22text%22%3A+%22%5Cu0442%5Cu043e%5Cu043f+%5Cu043f%5Cu043e+%25+%5Cu043f%5Cu0440%5Cu0430%5Cu0432%5Cu0438%5Cu043b%5Cu044c%5Cu043d%5Cu044b%5Cu0445%22%7D%2C+%7B%22text%22%3A+%22%5Cu0433%5Cu043b%5Cu0430%5Cu0432%5Cu043d%5Cu043e%5Cu0435+%5Cu043c%5Cu0435%5Cu043d%5Cu044e%22%7D%5D%5D%2C+%22resize_keyboard%22%3A+true%7D&parse_mode=MarkdownV2 HTTP/1.1" 200 1617
2021-05-08 15:21:13,762 INFO gave Rustam Fakhretdinov top_rating
2021-05-08 15:21:33,504 DEBUG https://api.telegram.org:443 "GET /bot1639467970:AAEXXyaLvwq1LIe9rOMjo0AzyhMlVKl-3Xc/getUpdates?offset=115690405&timeout=20 HTTP/1.1" 200 23
2021-05-08 15:21:53,554 DEBUG https://api.telegram.org:443 "GET /bot1639467970:AAEXXyaLvwq1LIe9rOMjo0AzyhMlVKl-3Xc/getUpdates?offset=115690405&timeout=20 HTTP/1.1" 200 23
2021-05-08 15:22:13,609 DEBUG https://api.telegram.org:443 "GET /bot1639467970:AAEXXyaLvwq1LIe9rOMjo0AzyhMlVKl-3Xc/getUpdates?offset=115690405&timeout=20 HTTP/1.1" 200 23
2021-05-08 15:22:33,662 DEBUG https://api.telegram.org:443 "GET /bot1639467970:AAEXXyaLvwq1LIe9rOMjo0AzyhMlVKl-3Xc/getUpdates?offset=115690405&timeout=20 HTTP/1.1" 200 23
2021-05-08 15:22:53,715 DEBUG https://api.telegram.org:443 "GET /bot1639467970:AAEXXyaLvwq1LIe9rOMjo0AzyhMlVKl-3Xc/getUpdates?offset=115690405&timeout=20 HTTP/1.1" 200 23
2021-05-08 15:23:13,783 DEBUG https://api.telegram.org:443 "GET /bot1639467970:AAEXXyaLvwq1LIe9rOMjo0AzyhMlVKl-3Xc/getUpdates?offset=115690405&timeout=20 HTTP/1.1" 200 23
2021-05-08 15:23:33,834 DEBUG https://api.telegram.org:443 "GET /bot1639467970:AAEXXyaLvwq1LIe9rOMjo0AzyhMlVKl-3Xc/getUpdates?offset=115690405&timeout=20 HTTP/1.1" 200 23
2021-05-08 15:23:53,883 DEBUG https://api.telegram.org:443 "GET /bot1639467970:AAEXXyaLvwq1LIe9rOMjo0AzyhMlVKl-3Xc/getUpdates?offset=115690405&timeout=20 HTTP/1.1" 200 23
2021-05-08 15:24:13,931 DEBUG https://api.telegram.org:443 "GET /bot1639467970:AAEXXyaLvwq1LIe9rOMjo0AzyhMlVKl-3Xc/getUpdates?offset=115690405&timeout=20 HTTP/1.1" 200 23
2021-05-08 15:24:33,981 DEBUG https://api.telegram.org:443 "GET /bot1639467970:AAEXXyaLvwq1LIe9rOMjo0AzyhMlVKl-3Xc/getUpdates?offset=115690405&timeout=20 HTTP/1.1" 200 23
2021-05-08 15:24:54,029 DEBUG https://api.telegram.org:443 "GET /bot1639467970:AAEXXyaLvwq1LIe9rOMjo0AzyhMlVKl-3Xc/getUpdates?offset=115690405&timeout=20 HTTP/1.1" 200 23
2021-05-08 15:25:14,077 DEBUG https://api.telegram.org:443 "GET /bot1639467970:AAEXXyaLvwq1LIe9rOMjo0AzyhMlVKl-3Xc/getUpdates?offset=115690405&timeout=20 HTTP/1.1" 200 23
2021-05-08 15:25:34,131 DEBUG https://api.telegram.org:443 "GET /bot1639467970:AAEXXyaLvwq1LIe9rOMjo0AzyhMlVKl-3Xc/getUpdates?offset=115690405&timeout=20 HTTP/1.1" 200 23
2021-05-08 15:25:54,180 DEBUG https://api.telegram.org:443 "GET /bot1639467970:AAEXXyaLvwq1LIe9rOMjo0AzyhMlVKl-3Xc/getUpdates?offset=115690405&timeout=20 HTTP/1.1" 200 23
2021-05-08 15:26:14,230 DEBUG https://api.telegram.org:443 "GET /bot1639467970:AAEXXyaLvwq1LIe9rOMjo0AzyhMlVKl-3Xc/getUpdates?offset=115690405&timeout=20 HTTP/1.1" 200 23
2021-05-08 15:26:34,279 DEBUG https://api.telegram.org:443 "GET /bot1639467970:AAEXXyaLvwq1LIe9rOMjo0AzyhMlVKl-3Xc/getUpdates?offset=115690405&timeout=20 HTTP/1.1" 200 23
2021-05-08 15:26:54,331 DEBUG https://api.telegram.org:443 "GET /bot1639467970:AAEXXyaLvwq1LIe9rOMjo0AzyhMlVKl-3Xc/getUpdates?offset=115690405&timeout=20 HTTP/1.1" 200 23
2021-05-08 15:27:14,382 DEBUG https://api.telegram.org:443 "GET /bot1639467970:AAEXXyaLvwq1LIe9rOMjo0AzyhMlVKl-3Xc/getUpdates?offset=115690405&timeout=20 HTTP/1.1" 200 23
2021-05-08 15:27:34,432 DEBUG https://api.telegram.org:443 "GET /bot1639467970:AAEXXyaLvwq1LIe9rOMjo0AzyhMlVKl-3Xc/getUpdates?offset=115690405&timeout=20 HTTP/1.1" 200 23
2021-05-08 15:27:54,484 DEBUG https://api.telegram.org:443 "GET /bot1639467970:AAEXXyaLvwq1LIe9rOMjo0AzyhMlVKl-3Xc/getUpdates?offset=115690405&timeout=20 HTTP/1.1" 200 23
2021-05-08 15:28:14,541 DEBUG https://api.telegram.org:443 "GET /bot1639467970:AAEXXyaLvwq1LIe9rOMjo0AzyhMlVKl-3Xc/getUpdates?offset=115690405&timeout=20 HTTP/1.1" 200 23
2021-05-08 15:28:34,589 DEBUG https://api.telegram.org:443 "GET /bot1639467970:AAEXXyaLvwq1LIe9rOMjo0AzyhMlVKl-3Xc/getUpdates?offset=115690405&timeout=20 HTTP/1.1" 200 23
2021-05-08 15:28:54,650 DEBUG https://api.telegram.org:443 "GET /bot1639467970:AAEXXyaLvwq1LIe9rOMjo0AzyhMlVKl-3Xc/getUpdates?offset=115690405&timeout=20 HTTP/1.1" 200 23
2021-05-08 15:29:14,709 DEBUG https://api.telegram.org:443 "GET /bot1639467970:AAEXXyaLvwq1LIe9rOMjo0AzyhMlVKl-3Xc/getUpdates?offset=115690405&timeout=20 HTTP/1.1" 200 23
2021-05-08 15:29:34,757 DEBUG https://api.telegram.org:443 "GET /bot1639467970:AAEXXyaLvwq1LIe9rOMjo0AzyhMlVKl-3Xc/getUpdates?offset=115690405&timeout=20 HTTP/1.1" 200 23
2021-05-08 15:29:54,805 DEBUG https://api.telegram.org:443 "GET /bot1639467970:AAEXXyaLvwq1LIe9rOMjo0AzyhMlVKl-3Xc/getUpdates?offset=115690405&timeout=20 HTTP/1.1" 200 23
2021-05-08 15:30:14,871 DEBUG https://api.telegram.org:443 "GET /bot1639467970:AAEXXyaLvwq1LIe9rOMjo0AzyhMlVKl-3Xc/getUpdates?offset=115690405&timeout=20 HTTP/1.1" 200 23
2021-05-08 15:30:34,949 DEBUG https://api.telegram.org:443 "GET /bot1639467970:AAEXXyaLvwq1LIe9rOMjo0AzyhMlVKl-3Xc/getUpdates?offset=115690405&timeout=20 HTTP/1.1" 200 23
2021-05-08 15:30:54,997 DEBUG https://api.telegram.org:443 "GET /bot1639467970:AAEXXyaLvwq1LIe9rOMjo0AzyhMlVKl-3Xc/getUpdates?offset=115690405&timeout=20 HTTP/1.1" 200 23
2021-05-08 15:31:15,051 DEBUG https://api.telegram.org:443 "GET /bot1639467970:AAEXXyaLvwq1LIe9rOMjo0AzyhMlVKl-3Xc/getUpdates?offset=115690405&timeout=20 HTTP/1.1" 200 23
2021-05-08 15:31:35,105 DEBUG https://api.telegram.org:443 "GET /bot1639467970:AAEXXyaLvwq1LIe9rOMjo0AzyhMlVKl-3Xc/getUpdates?offset=115690405&timeout=20 HTTP/1.1" 200 23
2021-05-08 15:31:55,169 DEBUG https://api.telegram.org:443 "GET /bot1639467970:AAEXXyaLvwq1LIe9rOMjo0AzyhMlVKl-3Xc/getUpdates?offset=115690405&timeout=20 HTTP/1.1" 200 23
2021-05-08 15:32:15,219 DEBUG https://api.telegram.org:443 "GET /bot1639467970:AAEXXyaLvwq1LIe9rOMjo0AzyhMlVKl-3Xc/getUpdates?offset=115690405&timeout=20 HTTP/1.1" 200 23
2021-05-08 15:32:35,267 DEBUG https://api.telegram.org:443 "GET /bot1639467970:AAEXXyaLvwq1LIe9rOMjo0AzyhMlVKl-3Xc/getUpdates?offset=115690405&timeout=20 HTTP/1.1" 200 23
2021-05-08 15:32:55,317 DEBUG https://api.telegram.org:443 "GET /bot1639467970:AAEXXyaLvwq1LIe9rOMjo0AzyhMlVKl-3Xc/getUpdates?offset=115690405&timeout=20 HTTP/1.1" 200 23
2021-05-08 15:33:15,367 DEBUG https://api.telegram.org:443 "GET /bot1639467970:AAEXXyaLvwq1LIe9rOMjo0AzyhMlVKl-3Xc/getUpdates?offset=115690405&timeout=20 HTTP/1.1" 200 23
2021-05-08 15:33:35,418 DEBUG https://api.telegram.org:443 "GET /bot1639467970:AAEXXyaLvwq1LIe9rOMjo0AzyhMlVKl-3Xc/getUpdates?offset=115690405&timeout=20 HTTP/1.1" 200 23
2021-05-08 15:33:55,467 DEBUG https://api.telegram.org:443 "GET /bot1639467970:AAEXXyaLvwq1LIe9rOMjo0AzyhMlVKl-3Xc/getUpdates?offset=115690405&timeout=20 HTTP/1.1" 200 23
2021-05-08 15:34:15,521 DEBUG https://api.telegram.org:443 "GET /bot1639467970:AAEXXyaLvwq1LIe9rOMjo0AzyhMlVKl-3Xc/getUpdates?offset=115690405&timeout=20 HTTP/1.1" 200 23
2021-05-08 15:34:35,569 DEBUG https://api.telegram.org:443 "GET /bot1639467970:AAEXXyaLvwq1LIe9rOMjo0AzyhMlVKl-3Xc/getUpdates?offset=115690405&timeout=20 HTTP/1.1" 200 23
2021-05-08 15:34:55,621 DEBUG https://api.telegram.org:443 "GET /bot1639467970:AAEXXyaLvwq1LIe9rOMjo0AzyhMlVKl-3Xc/getUpdates?offset=115690405&timeout=20 HTTP/1.1" 200 23
2021-05-08 15:35:15,669 DEBUG https://api.telegram.org:443 "GET /bot1639467970:AAEXXyaLvwq1LIe9rOMjo0AzyhMlVKl-3Xc/getUpdates?offset=115690405&timeout=20 HTTP/1.1" 200 23
2021-05-08 15:35:35,719 DEBUG https://api.telegram.org:443 "GET /bot1639467970:AAEXXyaLvwq1LIe9rOMjo0AzyhMlVKl-3Xc/getUpdates?offset=115690405&timeout=20 HTTP/1.1" 200 23
2021-05-08 15:35:55,780 DEBUG https://api.telegram.org:443 "GET /bot1639467970:AAEXXyaLvwq1LIe9rOMjo0AzyhMlVKl-3Xc/getUpdates?offset=115690405&timeout=20 HTTP/1.1" 200 23
2021-05-08 15:36:15,828 DEBUG https://api.telegram.org:443 "GET /bot1639467970:AAEXXyaLvwq1LIe9rOMjo0AzyhMlVKl-3Xc/getUpdates?offset=115690405&timeout=20 HTTP/1.1" 200 23
2021-05-08 15:36:35,878 DEBUG https://api.telegram.org:443 "GET /bot1639467970:AAEXXyaLvwq1LIe9rOMjo0AzyhMlVKl-3Xc/getUpdates?offset=115690405&timeout=20 HTTP/1.1" 200 23
2021-05-08 15:36:55,927 DEBUG https://api.telegram.org:443 "GET /bot1639467970:AAEXXyaLvwq1LIe9rOMjo0AzyhMlVKl-3Xc/getUpdates?offset=115690405&timeout=20 HTTP/1.1" 200 23
2021-05-08 15:37:15,977 DEBUG https://api.telegram.org:443 "GET /bot1639467970:AAEXXyaLvwq1LIe9rOMjo0AzyhMlVKl-3Xc/getUpdates?offset=115690405&timeout=20 HTTP/1.1" 200 23
2021-05-08 15:37:36,034 DEBUG https://api.telegram.org:443 "GET /bot1639467970:AAEXXyaLvwq1LIe9rOMjo0AzyhMlVKl-3Xc/getUpdates?offset=115690405&timeout=20 HTTP/1.1" 200 23
2021-05-08 15:37:56,082 DEBUG https://api.telegram.org:443 "GET /bot1639467970:AAEXXyaLvwq1LIe9rOMjo0AzyhMlVKl-3Xc/getUpdates?offset=115690405&timeout=20 HTTP/1.1" 200 23
2021-05-08 15:38:16,133 DEBUG https://api.telegram.org:443 "GET /bot1639467970:AAEXXyaLvwq1LIe9rOMjo0AzyhMlVKl-3Xc/getUpdates?offset=115690405&timeout=20 HTTP/1.1" 200 23
2021-05-08 15:38:36,184 DEBUG https://api.telegram.org:443 "GET /bot1639467970:AAEXXyaLvwq1LIe9rOMjo0AzyhMlVKl-3Xc/getUpdates?offset=115690405&timeout=20 HTTP/1.1" 200 23
2021-05-08 15:38:56,236 DEBUG https://api.telegram.org:443 "GET /bot1639467970:AAEXXyaLvwq1LIe9rOMjo0AzyhMlVKl-3Xc/getUpdates?offset=115690405&timeout=20 HTTP/1.1" 200 23
2021-05-08 15:39:16,286 DEBUG https://api.telegram.org:443 "GET /bot1639467970:AAEXXyaLvwq1LIe9rOMjo0AzyhMlVKl-3Xc/getUpdates?offset=115690405&timeout=20 HTTP/1.1" 200 23
2021-05-08 15:39:36,350 DEBUG https://api.telegram.org:443 "GET /bot1639467970:AAEXXyaLvwq1LIe9rOMjo0AzyhMlVKl-3Xc/getUpdates?offset=115690405&timeout=20 HTTP/1.1" 200 23
2021-05-08 15:39:56,400 DEBUG https://api.telegram.org:443 "GET /bot1639467970:AAEXXyaLvwq1LIe9rOMjo0AzyhMlVKl-3Xc/getUpdates?offset=115690405&timeout=20 HTTP/1.1" 200 23
2021-05-08 15:40:16,449 DEBUG https://api.telegram.org:443 "GET /bot1639467970:AAEXXyaLvwq1LIe9rOMjo0AzyhMlVKl-3Xc/getUpdates?offset=115690405&timeout=20 HTTP/1.1" 200 23
2021-05-08 15:40:36,514 DEBUG https://api.telegram.org:443 "GET /bot1639467970:AAEXXyaLvwq1LIe9rOMjo0AzyhMlVKl-3Xc/getUpdates?offset=115690405&timeout=20 HTTP/1.1" 200 23
2021-05-08 15:40:56,565 DEBUG https://api.telegram.org:443 "GET /bot1639467970:AAEXXyaLvwq1LIe9rOMjo0AzyhMlVKl-3Xc/getUpdates?offset=115690405&timeout=20 HTTP/1.1" 200 23
2021-05-08 15:41:16,622 DEBUG https://api.telegram.org:443 "GET /bot1639467970:AAEXXyaLvwq1LIe9rOMjo0AzyhMlVKl-3Xc/getUpdates?offset=115690405&timeout=20 HTTP/1.1" 200 23
2021-05-08 15:41:36,671 DEBUG https://api.telegram.org:443 "GET /bot1639467970:AAEXXyaLvwq1LIe9rOMjo0AzyhMlVKl-3Xc/getUpdates?offset=115690405&timeout=20 HTTP/1.1" 200 23
2021-05-08 15:41:56,723 DEBUG https://api.telegram.org:443 "GET /bot1639467970:AAEXXyaLvwq1LIe9rOMjo0AzyhMlVKl-3Xc/getUpdates?offset=115690405&timeout=20 HTTP/1.1" 200 23
2021-05-08 15:42:16,775 DEBUG https://api.telegram.org:443 "GET /bot1639467970:AAEXXyaLvwq1LIe9rOMjo0AzyhMlVKl-3Xc/getUpdates?offset=115690405&timeout=20 HTTP/1.1" 200 23
2021-05-08 15:42:36,825 DEBUG https://api.telegram.org:443 "GET /bot1639467970:AAEXXyaLvwq1LIe9rOMjo0AzyhMlVKl-3Xc/getUpdates?offset=115690405&timeout=20 HTTP/1.1" 200 23
2021-05-08 15:42:56,873 DEBUG https://api.telegram.org:443 "GET /bot1639467970:AAEXXyaLvwq1LIe9rOMjo0AzyhMlVKl-3Xc/getUpdates?offset=115690405&timeout=20 HTTP/1.1" 200 23
2021-05-08 15:43:16,921 DEBUG https://api.telegram.org:443 "GET /bot1639467970:AAEXXyaLvwq1LIe9rOMjo0AzyhMlVKl-3Xc/getUpdates?offset=115690405&timeout=20 HTTP/1.1" 200 23
2021-05-08 15:43:36,972 DEBUG https://api.telegram.org:443 "GET /bot1639467970:AAEXXyaLvwq1LIe9rOMjo0AzyhMlVKl-3Xc/getUpdates?offset=115690405&timeout=20 HTTP/1.1" 200 23
2021-05-08 15:43:57,024 DEBUG https://api.telegram.org:443 "GET /bot1639467970:AAEXXyaLvwq1LIe9rOMjo0AzyhMlVKl-3Xc/getUpdates?offset=115690405&timeout=20 HTTP/1.1" 200 23
2021-05-08 15:44:17,072 DEBUG https://api.telegram.org:443 "GET /bot1639467970:AAEXXyaLvwq1LIe9rOMjo0AzyhMlVKl-3Xc/getUpdates?offset=115690405&timeout=20 HTTP/1.1" 200 23
2021-05-08 15:44:37,121 DEBUG https://api.telegram.org:443 "GET /bot1639467970:AAEXXyaLvwq1LIe9rOMjo0AzyhMlVKl-3Xc/getUpdates?offset=115690405&timeout=20 HTTP/1.1" 200 23
2021-05-08 15:44:57,175 DEBUG https://api.telegram.org:443 "GET /bot1639467970:AAEXXyaLvwq1LIe9rOMjo0AzyhMlVKl-3Xc/getUpdates?offset=115690405&timeout=20 HTTP/1.1" 200 23
2021-05-08 15:45:17,227 DEBUG https://api.telegram.org:443 "GET /bot1639467970:AAEXXyaLvwq1LIe9rOMjo0AzyhMlVKl-3Xc/getUpdates?offset=115690405&timeout=20 HTTP/1.1" 200 23
2021-05-08 15:45:37,277 DEBUG https://api.telegram.org:443 "GET /bot1639467970:AAEXXyaLvwq1LIe9rOMjo0AzyhMlVKl-3Xc/getUpdates?offset=115690405&timeout=20 HTTP/1.1" 200 23
2021-05-08 15:45:57,333 DEBUG https://api.telegram.org:443 "GET /bot1639467970:AAEXXyaLvwq1LIe9rOMjo0AzyhMlVKl-3Xc/getUpdates?offset=115690405&timeout=20 HTTP/1.1" 200 23
2021-05-08 15:46:17,382 DEBUG https://api.telegram.org:443 "GET /bot1639467970:AAEXXyaLvwq1LIe9rOMjo0AzyhMlVKl-3Xc/getUpdates?offset=115690405&timeout=20 HTTP/1.1" 200 23
2021-05-08 15:46:37,431 DEBUG https://api.telegram.org:443 "GET /bot1639467970:AAEXXyaLvwq1LIe9rOMjo0AzyhMlVKl-3Xc/getUpdates?offset=115690405&timeout=20 HTTP/1.1" 200 23
2021-05-08 15:46:57,479 DEBUG https://api.telegram.org:443 "GET /bot1639467970:AAEXXyaLvwq1LIe9rOMjo0AzyhMlVKl-3Xc/getUpdates?offset=115690405&timeout=20 HTTP/1.1" 200 23
2021-05-08 15:47:17,560 DEBUG https://api.telegram.org:443 "GET /bot1639467970:AAEXXyaLvwq1LIe9rOMjo0AzyhMlVKl-3Xc/getUpdates?offset=115690405&timeout=20 HTTP/1.1" 200 23
2021-05-08 15:47:37,613 DEBUG https://api.telegram.org:443 "GET /bot1639467970:AAEXXyaLvwq1LIe9rOMjo0AzyhMlVKl-3Xc/getUpdates?offset=115690405&timeout=20 HTTP/1.1" 200 23
2021-05-08 15:47:57,662 DEBUG https://api.telegram.org:443 "GET /bot1639467970:AAEXXyaLvwq1LIe9rOMjo0AzyhMlVKl-3Xc/getUpdates?offset=115690405&timeout=20 HTTP/1.1" 200 23
2021-05-08 15:48:17,710 DEBUG https://api.telegram.org:443 "GET /bot1639467970:AAEXXyaLvwq1LIe9rOMjo0AzyhMlVKl-3Xc/getUpdates?offset=115690405&timeout=20 HTTP/1.1" 200 23
2021-05-08 15:48:37,759 DEBUG https://api.telegram.org:443 "GET /bot1639467970:AAEXXyaLvwq1LIe9rOMjo0AzyhMlVKl-3Xc/getUpdates?offset=115690405&timeout=20 HTTP/1.1" 200 23
2021-05-08 15:48:57,807 DEBUG https://api.telegram.org:443 "GET /bot1639467970:AAEXXyaLvwq1LIe9rOMjo0AzyhMlVKl-3Xc/getUpdates?offset=115690405&timeout=20 HTTP/1.1" 200 23
2021-05-08 15:49:17,856 DEBUG https://api.telegram.org:443 "GET /bot1639467970:AAEXXyaLvwq1LIe9rOMjo0AzyhMlVKl-3Xc/getUpdates?offset=115690405&timeout=20 HTTP/1.1" 200 23
2021-05-08 15:49:37,910 DEBUG https://api.telegram.org:443 "GET /bot1639467970:AAEXXyaLvwq1LIe9rOMjo0AzyhMlVKl-3Xc/getUpdates?offset=115690405&timeout=20 HTTP/1.1" 200 23
2021-05-08 15:49:57,984 DEBUG https://api.telegram.org:443 "GET /bot1639467970:AAEXXyaLvwq1LIe9rOMjo0AzyhMlVKl-3Xc/getUpdates?offset=115690405&timeout=20 HTTP/1.1" 200 23
2021-05-08 15:50:18,033 DEBUG https://api.telegram.org:443 "GET /bot1639467970:AAEXXyaLvwq1LIe9rOMjo0AzyhMlVKl-3Xc/getUpdates?offset=115690405&timeout=20 HTTP/1.1" 200 23
2021-05-08 15:50:38,082 DEBUG https://api.telegram.org:443 "GET /bot1639467970:AAEXXyaLvwq1LIe9rOMjo0AzyhMlVKl-3Xc/getUpdates?offset=115690405&timeout=20 HTTP/1.1" 200 23
2021-05-08 15:50:58,132 DEBUG https://api.telegram.org:443 "GET /bot1639467970:AAEXXyaLvwq1LIe9rOMjo0AzyhMlVKl-3Xc/getUpdates?offset=115690405&timeout=20 HTTP/1.1" 200 23
2021-05-08 15:51:18,182 DEBUG https://api.telegram.org:443 "GET /bot1639467970:AAEXXyaLvwq1LIe9rOMjo0AzyhMlVKl-3Xc/getUpdates?offset=115690405&timeout=20 HTTP/1.1" 200 23
2021-05-08 15:51:18,184 DEBUG Resetting dropped connection: api.telegram.org
2021-05-08 15:51:38,372 DEBUG https://api.telegram.org:443 "GET /bot1639467970:AAEXXyaLvwq1LIe9rOMjo0AzyhMlVKl-3Xc/getUpdates?offset=115690405&timeout=20 HTTP/1.1" 200 23
2021-05-08 15:51:58,420 DEBUG https://api.telegram.org:443 "GET /bot1639467970:AAEXXyaLvwq1LIe9rOMjo0AzyhMlVKl-3Xc/getUpdates?offset=115690405&timeout=20 HTTP/1.1" 200 23
2021-05-08 15:52:18,470 DEBUG https://api.telegram.org:443 "GET /bot1639467970:AAEXXyaLvwq1LIe9rOMjo0AzyhMlVKl-3Xc/getUpdates?offset=115690405&timeout=20 HTTP/1.1" 200 23
2021-05-08 15:52:38,520 DEBUG https://api.telegram.org:443 "GET /bot1639467970:AAEXXyaLvwq1LIe9rOMjo0AzyhMlVKl-3Xc/getUpdates?offset=115690405&timeout=20 HTTP/1.1" 200 23
2021-05-08 15:52:58,570 DEBUG https://api.telegram.org:443 "GET /bot1639467970:AAEXXyaLvwq1LIe9rOMjo0AzyhMlVKl-3Xc/getUpdates?offset=115690405&timeout=20 HTTP/1.1" 200 23
2021-05-08 15:53:18,618 DEBUG https://api.telegram.org:443 "GET /bot1639467970:AAEXXyaLvwq1LIe9rOMjo0AzyhMlVKl-3Xc/getUpdates?offset=115690405&timeout=20 HTTP/1.1" 200 23
2021-05-08 15:53:38,668 DEBUG https://api.telegram.org:443 "GET /bot1639467970:AAEXXyaLvwq1LIe9rOMjo0AzyhMlVKl-3Xc/getUpdates?offset=115690405&timeout=20 HTTP/1.1" 200 23
2021-05-08 15:53:58,717 DEBUG https://api.telegram.org:443 "GET /bot1639467970:AAEXXyaLvwq1LIe9rOMjo0AzyhMlVKl-3Xc/getUpdates?offset=115690405&timeout=20 HTTP/1.1" 200 23
2021-05-08 15:54:18,765 DEBUG https://api.telegram.org:443 "GET /bot1639467970:AAEXXyaLvwq1LIe9rOMjo0AzyhMlVKl-3Xc/getUpdates?offset=115690405&timeout=20 HTTP/1.1" 200 23
2021-05-08 15:54:38,814 DEBUG https://api.telegram.org:443 "GET /bot1639467970:AAEXXyaLvwq1LIe9rOMjo0AzyhMlVKl-3Xc/getUpdates?offset=115690405&timeout=20 HTTP/1.1" 200 23
2021-05-08 15:54:58,863 DEBUG https://api.telegram.org:443 "GET /bot1639467970:AAEXXyaLvwq1LIe9rOMjo0AzyhMlVKl-3Xc/getUpdates?offset=115690405&timeout=20 HTTP/1.1" 200 23
2021-05-08 15:55:18,913 DEBUG https://api.telegram.org:443 "GET /bot1639467970:AAEXXyaLvwq1LIe9rOMjo0AzyhMlVKl-3Xc/getUpdates?offset=115690405&timeout=20 HTTP/1.1" 200 23
2021-05-08 15:55:38,962 DEBUG https://api.telegram.org:443 "GET /bot1639467970:AAEXXyaLvwq1LIe9rOMjo0AzyhMlVKl-3Xc/getUpdates?offset=115690405&timeout=20 HTTP/1.1" 200 23
2021-05-08 15:55:59,011 DEBUG https://api.telegram.org:443 "GET /bot1639467970:AAEXXyaLvwq1LIe9rOMjo0AzyhMlVKl-3Xc/getUpdates?offset=115690405&timeout=20 HTTP/1.1" 200 23
2021-05-08 15:56:19,090 DEBUG https://api.telegram.org:443 "GET /bot1639467970:AAEXXyaLvwq1LIe9rOMjo0AzyhMlVKl-3Xc/getUpdates?offset=115690405&timeout=20 HTTP/1.1" 200 23
2021-05-08 15:56:39,138 DEBUG https://api.telegram.org:443 "GET /bot1639467970:AAEXXyaLvwq1LIe9rOMjo0AzyhMlVKl-3Xc/getUpdates?offset=115690405&timeout=20 HTTP/1.1" 200 23
2021-05-08 15:56:59,189 DEBUG https://api.telegram.org:443 "GET /bot1639467970:AAEXXyaLvwq1LIe9rOMjo0AzyhMlVKl-3Xc/getUpdates?offset=115690405&timeout=20 HTTP/1.1" 200 23
2021-05-08 15:57:19,242 DEBUG https://api.telegram.org:443 "GET /bot1639467970:AAEXXyaLvwq1LIe9rOMjo0AzyhMlVKl-3Xc/getUpdates?offset=115690405&timeout=20 HTTP/1.1" 200 23
2021-05-08 15:57:39,291 DEBUG https://api.telegram.org:443 "GET /bot1639467970:AAEXXyaLvwq1LIe9rOMjo0AzyhMlVKl-3Xc/getUpdates?offset=115690405&timeout=20 HTTP/1.1" 200 23
2021-05-08 15:57:59,340 DEBUG https://api.telegram.org:443 "GET /bot1639467970:AAEXXyaLvwq1LIe9rOMjo0AzyhMlVKl-3Xc/getUpdates?offset=115690405&timeout=20 HTTP/1.1" 200 23
2021-05-08 15:58:19,389 DEBUG https://api.telegram.org:443 "GET /bot1639467970:AAEXXyaLvwq1LIe9rOMjo0AzyhMlVKl-3Xc/getUpdates?offset=115690405&timeout=20 HTTP/1.1" 200 23
2021-05-08 15:58:39,440 DEBUG https://api.telegram.org:443 "GET /bot1639467970:AAEXXyaLvwq1LIe9rOMjo0AzyhMlVKl-3Xc/getUpdates?offset=115690405&timeout=20 HTTP/1.1" 200 23
2021-05-08 15:58:59,490 DEBUG https://api.telegram.org:443 "GET /bot1639467970:AAEXXyaLvwq1LIe9rOMjo0AzyhMlVKl-3Xc/getUpdates?offset=115690405&timeout=20 HTTP/1.1" 200 23
2021-05-08 15:59:19,540 DEBUG https://api.telegram.org:443 "GET /bot1639467970:AAEXXyaLvwq1LIe9rOMjo0AzyhMlVKl-3Xc/getUpdates?offset=115690405&timeout=20 HTTP/1.1" 200 23
2021-05-08 15:59:39,589 DEBUG https://api.telegram.org:443 "GET /bot1639467970:AAEXXyaLvwq1LIe9rOMjo0AzyhMlVKl-3Xc/getUpdates?offset=115690405&timeout=20 HTTP/1.1" 200 23
2021-05-08 15:59:59,638 DEBUG https://api.telegram.org:443 "GET /bot1639467970:AAEXXyaLvwq1LIe9rOMjo0AzyhMlVKl-3Xc/getUpdates?offset=115690405&timeout=20 HTTP/1.1" 200 23
2021-05-08 16:00:19,688 DEBUG https://api.telegram.org:443 "GET /bot1639467970:AAEXXyaLvwq1LIe9rOMjo0AzyhMlVKl-3Xc/getUpdates?offset=115690405&timeout=20 HTTP/1.1" 200 23
2021-05-08 16:00:39,737 DEBUG https://api.telegram.org:443 "GET /bot1639467970:AAEXXyaLvwq1LIe9rOMjo0AzyhMlVKl-3Xc/getUpdates?offset=115690405&timeout=20 HTTP/1.1" 200 23
2021-05-08 16:00:59,787 DEBUG https://api.telegram.org:443 "GET /bot1639467970:AAEXXyaLvwq1LIe9rOMjo0AzyhMlVKl-3Xc/getUpdates?offset=115690405&timeout=20 HTTP/1.1" 200 23
2021-05-08 16:01:19,836 DEBUG https://api.telegram.org:443 "GET /bot1639467970:AAEXXyaLvwq1LIe9rOMjo0AzyhMlVKl-3Xc/getUpdates?offset=115690405&timeout=20 HTTP/1.1" 200 23
2021-05-08 16:01:39,885 DEBUG https://api.telegram.org:443 "GET /bot1639467970:AAEXXyaLvwq1LIe9rOMjo0AzyhMlVKl-3Xc/getUpdates?offset=115690405&timeout=20 HTTP/1.1" 200 23
2021-05-08 16:01:59,933 DEBUG https://api.telegram.org:443 "GET /bot1639467970:AAEXXyaLvwq1LIe9rOMjo0AzyhMlVKl-3Xc/getUpdates?offset=115690405&timeout=20 HTTP/1.1" 200 23
2021-05-08 16:02:19,982 DEBUG https://api.telegram.org:443 "GET /bot1639467970:AAEXXyaLvwq1LIe9rOMjo0AzyhMlVKl-3Xc/getUpdates?offset=115690405&timeout=20 HTTP/1.1" 200 23
2021-05-08 16:02:40,031 DEBUG https://api.telegram.org:443 "GET /bot1639467970:AAEXXyaLvwq1LIe9rOMjo0AzyhMlVKl-3Xc/getUpdates?offset=115690405&timeout=20 HTTP/1.1" 200 23
2021-05-08 16:03:00,082 DEBUG https://api.telegram.org:443 "GET /bot1639467970:AAEXXyaLvwq1LIe9rOMjo0AzyhMlVKl-3Xc/getUpdates?offset=115690405&timeout=20 HTTP/1.1" 200 23
2021-05-08 16:03:20,130 DEBUG https://api.telegram.org:443 "GET /bot1639467970:AAEXXyaLvwq1LIe9rOMjo0AzyhMlVKl-3Xc/getUpdates?offset=115690405&timeout=20 HTTP/1.1" 200 23
2021-05-08 16:03:40,182 DEBUG https://api.telegram.org:443 "GET /bot1639467970:AAEXXyaLvwq1LIe9rOMjo0AzyhMlVKl-3Xc/getUpdates?offset=115690405&timeout=20 HTTP/1.1" 200 23
2021-05-08 16:04:00,235 DEBUG https://api.telegram.org:443 "GET /bot1639467970:AAEXXyaLvwq1LIe9rOMjo0AzyhMlVKl-3Xc/getUpdates?offset=115690405&timeout=20 HTTP/1.1" 200 23
2021-05-08 16:04:20,287 DEBUG https://api.telegram.org:443 "GET /bot1639467970:AAEXXyaLvwq1LIe9rOMjo0AzyhMlVKl-3Xc/getUpdates?offset=115690405&timeout=20 HTTP/1.1" 200 23
2021-05-08 16:04:40,336 DEBUG https://api.telegram.org:443 "GET /bot1639467970:AAEXXyaLvwq1LIe9rOMjo0AzyhMlVKl-3Xc/getUpdates?offset=115690405&timeout=20 HTTP/1.1" 200 23
2021-05-08 16:05:00,386 DEBUG https://api.telegram.org:443 "GET /bot1639467970:AAEXXyaLvwq1LIe9rOMjo0AzyhMlVKl-3Xc/getUpdates?offset=115690405&timeout=20 HTTP/1.1" 200 23
2021-05-08 16:05:20,439 DEBUG https://api.telegram.org:443 "GET /bot1639467970:AAEXXyaLvwq1LIe9rOMjo0AzyhMlVKl-3Xc/getUpdates?offset=115690405&timeout=20 HTTP/1.1" 200 23
2021-05-08 16:05:40,488 DEBUG https://api.telegram.org:443 "GET /bot1639467970:AAEXXyaLvwq1LIe9rOMjo0AzyhMlVKl-3Xc/getUpdates?offset=115690405&timeout=20 HTTP/1.1" 200 23
2021-05-08 16:06:00,537 DEBUG https://api.telegram.org:443 "GET /bot1639467970:AAEXXyaLvwq1LIe9rOMjo0AzyhMlVKl-3Xc/getUpdates?offset=115690405&timeout=20 HTTP/1.1" 200 23
2021-05-08 16:06:20,587 DEBUG https://api.telegram.org:443 "GET /bot1639467970:AAEXXyaLvwq1LIe9rOMjo0AzyhMlVKl-3Xc/getUpdates?offset=115690405&timeout=20 HTTP/1.1" 200 23
2021-05-08 16:06:40,635 DEBUG https://api.telegram.org:443 "GET /bot1639467970:AAEXXyaLvwq1LIe9rOMjo0AzyhMlVKl-3Xc/getUpdates?offset=115690405&timeout=20 HTTP/1.1" 200 23
2021-05-08 16:07:00,686 DEBUG https://api.telegram.org:443 "GET /bot1639467970:AAEXXyaLvwq1LIe9rOMjo0AzyhMlVKl-3Xc/getUpdates?offset=115690405&timeout=20 HTTP/1.1" 200 23
2021-05-08 16:07:20,735 DEBUG https://api.telegram.org:443 "GET /bot1639467970:AAEXXyaLvwq1LIe9rOMjo0AzyhMlVKl-3Xc/getUpdates?offset=115690405&timeout=20 HTTP/1.1" 200 23
2021-05-08 16:07:40,784 DEBUG https://api.telegram.org:443 "GET /bot1639467970:AAEXXyaLvwq1LIe9rOMjo0AzyhMlVKl-3Xc/getUpdates?offset=115690405&timeout=20 HTTP/1.1" 200 23
2021-05-08 16:08:00,834 DEBUG https://api.telegram.org:443 "GET /bot1639467970:AAEXXyaLvwq1LIe9rOMjo0AzyhMlVKl-3Xc/getUpdates?offset=115690405&timeout=20 HTTP/1.1" 200 23
2021-05-08 16:08:20,883 DEBUG https://api.telegram.org:443 "GET /bot1639467970:AAEXXyaLvwq1LIe9rOMjo0AzyhMlVKl-3Xc/getUpdates?offset=115690405&timeout=20 HTTP/1.1" 200 23
2021-05-08 16:08:40,933 DEBUG https://api.telegram.org:443 "GET /bot1639467970:AAEXXyaLvwq1LIe9rOMjo0AzyhMlVKl-3Xc/getUpdates?offset=115690405&timeout=20 HTTP/1.1" 200 23
2021-05-08 16:09:00,981 DEBUG https://api.telegram.org:443 "GET /bot1639467970:AAEXXyaLvwq1LIe9rOMjo0AzyhMlVKl-3Xc/getUpdates?offset=115690405&timeout=20 HTTP/1.1" 200 23
2021-05-08 16:09:21,031 DEBUG https://api.telegram.org:443 "GET /bot1639467970:AAEXXyaLvwq1LIe9rOMjo0AzyhMlVKl-3Xc/getUpdates?offset=115690405&timeout=20 HTTP/1.1" 200 23
2021-05-08 16:09:41,081 DEBUG https://api.telegram.org:443 "GET /bot1639467970:AAEXXyaLvwq1LIe9rOMjo0AzyhMlVKl-3Xc/getUpdates?offset=115690405&timeout=20 HTTP/1.1" 200 23
2021-05-08 16:10:01,130 DEBUG https://api.telegram.org:443 "GET /bot1639467970:AAEXXyaLvwq1LIe9rOMjo0AzyhMlVKl-3Xc/getUpdates?offset=115690405&timeout=20 HTTP/1.1" 200 23
2021-05-08 16:10:21,179 DEBUG https://api.telegram.org:443 "GET /bot1639467970:AAEXXyaLvwq1LIe9rOMjo0AzyhMlVKl-3Xc/getUpdates?offset=115690405&timeout=20 HTTP/1.1" 200 23
2021-05-08 16:10:41,228 DEBUG https://api.telegram.org:443 "GET /bot1639467970:AAEXXyaLvwq1LIe9rOMjo0AzyhMlVKl-3Xc/getUpdates?offset=115690405&timeout=20 HTTP/1.1" 200 23
2021-05-08 16:11:01,279 DEBUG https://api.telegram.org:443 "GET /bot1639467970:AAEXXyaLvwq1LIe9rOMjo0AzyhMlVKl-3Xc/getUpdates?offset=115690405&timeout=20 HTTP/1.1" 200 23
2021-05-08 16:11:21,355 DEBUG https://api.telegram.org:443 "GET /bot1639467970:AAEXXyaLvwq1LIe9rOMjo0AzyhMlVKl-3Xc/getUpdates?offset=115690405&timeout=20 HTTP/1.1" 200 23
2021-05-08 16:11:41,404 DEBUG https://api.telegram.org:443 "GET /bot1639467970:AAEXXyaLvwq1LIe9rOMjo0AzyhMlVKl-3Xc/getUpdates?offset=115690405&timeout=20 HTTP/1.1" 200 23
2021-05-08 16:12:01,454 DEBUG https://api.telegram.org:443 "GET /bot1639467970:AAEXXyaLvwq1LIe9rOMjo0AzyhMlVKl-3Xc/getUpdates?offset=115690405&timeout=20 HTTP/1.1" 200 23
2021-05-08 16:12:21,503 DEBUG https://api.telegram.org:443 "GET /bot1639467970:AAEXXyaLvwq1LIe9rOMjo0AzyhMlVKl-3Xc/getUpdates?offset=115690405&timeout=20 HTTP/1.1" 200 23
2021-05-08 16:12:41,557 DEBUG https://api.telegram.org:443 "GET /bot1639467970:AAEXXyaLvwq1LIe9rOMjo0AzyhMlVKl-3Xc/getUpdates?offset=115690405&timeout=20 HTTP/1.1" 200 23
2021-05-08 16:13:01,605 DEBUG https://api.telegram.org:443 "GET /bot1639467970:AAEXXyaLvwq1LIe9rOMjo0AzyhMlVKl-3Xc/getUpdates?offset=115690405&timeout=20 HTTP/1.1" 200 23
2021-05-08 16:13:21,654 DEBUG https://api.telegram.org:443 "GET /bot1639467970:AAEXXyaLvwq1LIe9rOMjo0AzyhMlVKl-3Xc/getUpdates?offset=115690405&timeout=20 HTTP/1.1" 200 23
2021-05-08 16:13:41,704 DEBUG https://api.telegram.org:443 "GET /bot1639467970:AAEXXyaLvwq1LIe9rOMjo0AzyhMlVKl-3Xc/getUpdates?offset=115690405&timeout=20 HTTP/1.1" 200 23
2021-05-08 16:14:01,753 DEBUG https://api.telegram.org:443 "GET /bot1639467970:AAEXXyaLvwq1LIe9rOMjo0AzyhMlVKl-3Xc/getUpdates?offset=115690405&timeout=20 HTTP/1.1" 200 23
2021-05-08 16:14:21,802 DEBUG https://api.telegram.org:443 "GET /bot1639467970:AAEXXyaLvwq1LIe9rOMjo0AzyhMlVKl-3Xc/getUpdates?offset=115690405&timeout=20 HTTP/1.1" 200 23
2021-05-08 16:14:41,853 DEBUG https://api.telegram.org:443 "GET /bot1639467970:AAEXXyaLvwq1LIe9rOMjo0AzyhMlVKl-3Xc/getUpdates?offset=115690405&timeout=20 HTTP/1.1" 200 23
2021-05-08 16:15:01,901 DEBUG https://api.telegram.org:443 "GET /bot1639467970:AAEXXyaLvwq1LIe9rOMjo0AzyhMlVKl-3Xc/getUpdates?offset=115690405&timeout=20 HTTP/1.1" 200 23
2021-05-08 16:15:21,954 DEBUG https://api.telegram.org:443 "GET /bot1639467970:AAEXXyaLvwq1LIe9rOMjo0AzyhMlVKl-3Xc/getUpdates?offset=115690405&timeout=20 HTTP/1.1" 200 23
2021-05-08 16:15:42,004 DEBUG https://api.telegram.org:443 "GET /bot1639467970:AAEXXyaLvwq1LIe9rOMjo0AzyhMlVKl-3Xc/getUpdates?offset=115690405&timeout=20 HTTP/1.1" 200 23
2021-05-08 16:16:02,053 DEBUG https://api.telegram.org:443 "GET /bot1639467970:AAEXXyaLvwq1LIe9rOMjo0AzyhMlVKl-3Xc/getUpdates?offset=115690405&timeout=20 HTTP/1.1" 200 23
2021-05-08 16:16:22,102 DEBUG https://api.telegram.org:443 "GET /bot1639467970:AAEXXyaLvwq1LIe9rOMjo0AzyhMlVKl-3Xc/getUpdates?offset=115690405&timeout=20 HTTP/1.1" 200 23
2021-05-08 16:16:42,153 DEBUG https://api.telegram.org:443 "GET /bot1639467970:AAEXXyaLvwq1LIe9rOMjo0AzyhMlVKl-3Xc/getUpdates?offset=115690405&timeout=20 HTTP/1.1" 200 23
2021-05-08 16:17:02,202 DEBUG https://api.telegram.org:443 "GET /bot1639467970:AAEXXyaLvwq1LIe9rOMjo0AzyhMlVKl-3Xc/getUpdates?offset=115690405&timeout=20 HTTP/1.1" 200 23
2021-05-08 16:17:22,251 DEBUG https://api.telegram.org:443 "GET /bot1639467970:AAEXXyaLvwq1LIe9rOMjo0AzyhMlVKl-3Xc/getUpdates?offset=115690405&timeout=20 HTTP/1.1" 200 23
2021-05-08 16:17:42,301 DEBUG https://api.telegram.org:443 "GET /bot1639467970:AAEXXyaLvwq1LIe9rOMjo0AzyhMlVKl-3Xc/getUpdates?offset=115690405&timeout=20 HTTP/1.1" 200 23
2021-05-08 16:17:56,627 DEBUG main info database updated
2021-05-08 16:17:56,630 DEBUG used info database updated
2021-05-08 16:17:56,631 DEBUG achievement info database updated
2021-05-08 16:17:56,631 INFO all databases updated
2021-05-08 16:18:02,350 DEBUG https://api.telegram.org:443 "GET /bot1639467970:AAEXXyaLvwq1LIe9rOMjo0AzyhMlVKl-3Xc/getUpdates?offset=115690405&timeout=20 HTTP/1.1" 200 23
2021-05-08 16:18:22,405 DEBUG https://api.telegram.org:443 "GET /bot1639467970:AAEXXyaLvwq1LIe9rOMjo0AzyhMlVKl-3Xc/getUpdates?offset=115690405&timeout=20 HTTP/1.1" 200 23
2021-05-08 16:18:42,455 DEBUG https://api.telegram.org:443 "GET /bot1639467970:AAEXXyaLvwq1LIe9rOMjo0AzyhMlVKl-3Xc/getUpdates?offset=115690405&timeout=20 HTTP/1.1" 200 23
2021-05-08 16:19:02,503 DEBUG https://api.telegram.org:443 "GET /bot1639467970:AAEXXyaLvwq1LIe9rOMjo0AzyhMlVKl-3Xc/getUpdates?offset=115690405&timeout=20 HTTP/1.1" 200 23
2021-05-08 16:19:22,552 DEBUG https://api.telegram.org:443 "GET /bot1639467970:AAEXXyaLvwq1LIe9rOMjo0AzyhMlVKl-3Xc/getUpdates?offset=115690405&timeout=20 HTTP/1.1" 200 23
2021-05-08 16:19:42,600 DEBUG https://api.telegram.org:443 "GET /bot1639467970:AAEXXyaLvwq1LIe9rOMjo0AzyhMlVKl-3Xc/getUpdates?offset=115690405&timeout=20 HTTP/1.1" 200 23
2021-05-08 16:20:02,653 DEBUG https://api.telegram.org:443 "GET /bot1639467970:AAEXXyaLvwq1LIe9rOMjo0AzyhMlVKl-3Xc/getUpdates?offset=115690405&timeout=20 HTTP/1.1" 200 23
2021-05-08 16:20:22,704 DEBUG https://api.telegram.org:443 "GET /bot1639467970:AAEXXyaLvwq1LIe9rOMjo0AzyhMlVKl-3Xc/getUpdates?offset=115690405&timeout=20 HTTP/1.1" 200 23
2021-05-08 16:20:42,757 DEBUG https://api.telegram.org:443 "GET /bot1639467970:AAEXXyaLvwq1LIe9rOMjo0AzyhMlVKl-3Xc/getUpdates?offset=115690405&timeout=20 HTTP/1.1" 200 23
2021-05-08 16:21:02,807 DEBUG https://api.telegram.org:443 "GET /bot1639467970:AAEXXyaLvwq1LIe9rOMjo0AzyhMlVKl-3Xc/getUpdates?offset=115690405&timeout=20 HTTP/1.1" 200 23
2021-05-08 16:21:22,856 DEBUG https://api.telegram.org:443 "GET /bot1639467970:AAEXXyaLvwq1LIe9rOMjo0AzyhMlVKl-3Xc/getUpdates?offset=115690405&timeout=20 HTTP/1.1" 200 23
2021-05-08 16:21:42,905 DEBUG https://api.telegram.org:443 "GET /bot1639467970:AAEXXyaLvwq1LIe9rOMjo0AzyhMlVKl-3Xc/getUpdates?offset=115690405&timeout=20 HTTP/1.1" 200 23
2021-05-08 16:22:02,955 DEBUG https://api.telegram.org:443 "GET /bot1639467970:AAEXXyaLvwq1LIe9rOMjo0AzyhMlVKl-3Xc/getUpdates?offset=115690405&timeout=20 HTTP/1.1" 200 23
2021-05-08 16:22:23,004 DEBUG https://api.telegram.org:443 "GET /bot1639467970:AAEXXyaLvwq1LIe9rOMjo0AzyhMlVKl-3Xc/getUpdates?offset=115690405&timeout=20 HTTP/1.1" 200 23
2021-05-08 16:22:43,053 DEBUG https://api.telegram.org:443 "GET /bot1639467970:AAEXXyaLvwq1LIe9rOMjo0AzyhMlVKl-3Xc/getUpdates?offset=115690405&timeout=20 HTTP/1.1" 200 23
2021-05-08 16:23:03,102 DEBUG https://api.telegram.org:443 "GET /bot1639467970:AAEXXyaLvwq1LIe9rOMjo0AzyhMlVKl-3Xc/getUpdates?offset=115690405&timeout=20 HTTP/1.1" 200 23
2021-05-08 16:23:23,152 DEBUG https://api.telegram.org:443 "GET /bot1639467970:AAEXXyaLvwq1LIe9rOMjo0AzyhMlVKl-3Xc/getUpdates?offset=115690405&timeout=20 HTTP/1.1" 200 23
2021-05-08 16:23:43,201 DEBUG https://api.telegram.org:443 "GET /bot1639467970:AAEXXyaLvwq1LIe9rOMjo0AzyhMlVKl-3Xc/getUpdates?offset=115690405&timeout=20 HTTP/1.1" 200 23
2021-05-08 16:24:03,250 DEBUG https://api.telegram.org:443 "GET /bot1639467970:AAEXXyaLvwq1LIe9rOMjo0AzyhMlVKl-3Xc/getUpdates?offset=115690405&timeout=20 HTTP/1.1" 200 23
2021-05-08 16:24:23,300 DEBUG https://api.telegram.org:443 "GET /bot1639467970:AAEXXyaLvwq1LIe9rOMjo0AzyhMlVKl-3Xc/getUpdates?offset=115690405&timeout=20 HTTP/1.1" 200 23
2021-05-08 16:24:43,349 DEBUG https://api.telegram.org:443 "GET /bot1639467970:AAEXXyaLvwq1LIe9rOMjo0AzyhMlVKl-3Xc/getUpdates?offset=115690405&timeout=20 HTTP/1.1" 200 23
2021-05-08 16:24:43,351 DEBUG Resetting dropped connection: api.telegram.org
2021-05-08 16:25:03,519 DEBUG https://api.telegram.org:443 "GET /bot1639467970:AAEXXyaLvwq1LIe9rOMjo0AzyhMlVKl-3Xc/getUpdates?offset=115690405&timeout=20 HTTP/1.1" 200 23
2021-05-08 16:25:23,567 DEBUG https://api.telegram.org:443 "GET /bot1639467970:AAEXXyaLvwq1LIe9rOMjo0AzyhMlVKl-3Xc/getUpdates?offset=115690405&timeout=20 HTTP/1.1" 200 23
2021-05-08 16:25:43,615 DEBUG https://api.telegram.org:443 "GET /bot1639467970:AAEXXyaLvwq1LIe9rOMjo0AzyhMlVKl-3Xc/getUpdates?offset=115690405&timeout=20 HTTP/1.1" 200 23
2021-05-08 16:26:03,666 DEBUG https://api.telegram.org:443 "GET /bot1639467970:AAEXXyaLvwq1LIe9rOMjo0AzyhMlVKl-3Xc/getUpdates?offset=115690405&timeout=20 HTTP/1.1" 200 23
2021-05-08 16:26:23,714 DEBUG https://api.telegram.org:443 "GET /bot1639467970:AAEXXyaLvwq1LIe9rOMjo0AzyhMlVKl-3Xc/getUpdates?offset=115690405&timeout=20 HTTP/1.1" 200 23
2021-05-08 16:26:43,763 DEBUG https://api.telegram.org:443 "GET /bot1639467970:AAEXXyaLvwq1LIe9rOMjo0AzyhMlVKl-3Xc/getUpdates?offset=115690405&timeout=20 HTTP/1.1" 200 23
2021-05-08 16:27:03,812 DEBUG https://api.telegram.org:443 "GET /bot1639467970:AAEXXyaLvwq1LIe9rOMjo0AzyhMlVKl-3Xc/getUpdates?offset=115690405&timeout=20 HTTP/1.1" 200 23
2021-05-08 16:27:23,860 DEBUG https://api.telegram.org:443 "GET /bot1639467970:AAEXXyaLvwq1LIe9rOMjo0AzyhMlVKl-3Xc/getUpdates?offset=115690405&timeout=20 HTTP/1.1" 200 23
2021-05-08 16:27:43,908 DEBUG https://api.telegram.org:443 "GET /bot1639467970:AAEXXyaLvwq1LIe9rOMjo0AzyhMlVKl-3Xc/getUpdates?offset=115690405&timeout=20 HTTP/1.1" 200 23
2021-05-08 16:28:03,956 DEBUG https://api.telegram.org:443 "GET /bot1639467970:AAEXXyaLvwq1LIe9rOMjo0AzyhMlVKl-3Xc/getUpdates?offset=115690405&timeout=20 HTTP/1.1" 200 23
2021-05-08 16:28:24,004 DEBUG https://api.telegram.org:443 "GET /bot1639467970:AAEXXyaLvwq1LIe9rOMjo0AzyhMlVKl-3Xc/getUpdates?offset=115690405&timeout=20 HTTP/1.1" 200 23
2021-05-08 16:28:44,054 DEBUG https://api.telegram.org:443 "GET /bot1639467970:AAEXXyaLvwq1LIe9rOMjo0AzyhMlVKl-3Xc/getUpdates?offset=115690405&timeout=20 HTTP/1.1" 200 23
2021-05-08 16:29:04,103 DEBUG https://api.telegram.org:443 "GET /bot1639467970:AAEXXyaLvwq1LIe9rOMjo0AzyhMlVKl-3Xc/getUpdates?offset=115690405&timeout=20 HTTP/1.1" 200 23
2021-05-08 17:17:56,641 DEBUG Starting new HTTPS connection (1): api.telegram.org:443
2021-05-08 17:17:56,843 DEBUG https://api.telegram.org:443 "POST /bot1639467970:AAEXXyaLvwq1LIe9rOMjo0AzyhMlVKl-3Xc/sendMessage?chat_id=1698886007&text=%D0%BF%D1%80%D0%B8%D0%B2%D0%B5%D1%82%21+%D0%B4%D0%BB%D1%8F+%D1%82%D0%B5%D0%B1%D1%8F+%D0%B5%D1%81%D1%82%D1%8C+%D0%BD%D0%BE%D0%B2%D0%BE%D0%B5+%D0%B7%D0%B0%D0%B4%D0%B0%D0%BD%D0%B8%D0%B5%21+%D0%B5%D1%81%D0%BB%D0%B8+%D1%85%D0%BE%D1%87%D0%B5%D1%88%D1%8C+%D0%BF%D0%BE%D0%BB%D1%83%D1%87%D0%B8%D1%82%D1%8C%2C+%D0%BD%D0%B0%D0%B6%D0%BC%D0%B8+%D0%BD%D0%B0+%D0%BA%D0%BD%D0%BE%D0%BF%D0%BE%D1%87%D0%BA%D1%83%29 HTTP/1.1" 200 767
2021-05-08 17:17:56,844 INFO notification for Виктория None
2021-05-08 17:17:56,856 DEBUG main info database updated
2021-05-08 17:17:56,865 DEBUG used info database updated
2021-05-08 17:17:56,881 DEBUG achievement info database updated
2021-05-08 17:17:56,891 INFO all databases updated
