2021-05-08 17:22:46,733 DEBUG words:
облегч»т
ободралј
прож»вший
кормящий
нанявшийс€
крјны
кремня
перезвон»ть
баловјть
избаловјть
доз»ровать
добралј
крас»вее
облилјсь
мусоропровќд
нефтепровќд
парт≈р
обогналј
позвон»т
сор»т
опломбировјть
ерет»к
сирќты
обостр»ть
сл»ва
убыстр»ть
зјтемно
монолќг
опќшлить
премировјть
налилј
обзвон»ть
полож»л
прин”дить
углуб»ть
лилјсь
зјгод€
подняв
смазл»ва
болтл»ва
отключ≈нный
дозвонятс€
новост≈й
квартјл
сантим≈тр
миллим≈тр
обн€лјсь
бќроду
моза»чный
воссоздалј
портф≈ль
придјное
нарќст
нед”г
н≈нависть
тќрты
цем≈нт
подел≈нный
дон≈льз€
плодонос»ть
бралјсь
пон€лј
отозвалј
балќванный
низвед≈нный
киоск≈р
граждјнство
вероиспов≈дание
договор≈нность
нав≈рх
полилј
дозвон»тс€
надќлго
запертј
включ»т
нќготь
жалюз»
»ксы
добелј
отдалј
ч≈рпать
стјту€
маляр
школяр
включ»шь
включ≈н
сверл»шь
сл»вовый
отк”порил
ср≈дства
л≈кторов
кќнусы
докум≈нт
лыжня
щ≈лкать
ненадќлго
ждалј
зјгнутый
повтор≈нный
начјв
бјнты
цепќчка
бјловень
звон»т
крјлась

2021-05-08 17:22:46,733 INFO words loaded, count= 105
2021-05-08 17:22:46,734 DEBUG users:
0) 497421569 Rustam Fakhretdinov
1) 873809387 Valeriya Bass
2) 817831255 —аша None
3) 1698886007 ¬иктори€ None
4) 413524472 Wigga None

2021-05-08 17:22:46,734 INFO users loaded, count= 5
2021-05-08 17:22:46,740 DEBUG Starting new HTTPS connection (1): api.telegram.org:443
