2021-05-11 01:41:48,200 DEBUG words:
0)облегчит
1)облегчить
2)ободрала
3)ободришься
4)проживший
5)завидно
6)кормящий
7)молящий
8)нанявшийся
9)корысть
10)краны
11)кремень
12)кремня
13)начавший
14)перезвонить
15)перезвонит
16)баловать
17)баловаться
18)избаловать
19)разбаловать
20)дозировать
21)добралась
22)добрала
23)гналась
24)красивее
25)красивейший
26)облилась
27)эксперт
28)мусоропровод
29)газопровод
30)нефтепровод
31)водопровод
32)партер
33)отбыла
34)обогнала
35)перелила
36)позвонит
37)сняла
38)сорит
39)принятый
40)опломбировать
41)аэропорты
42)еретик
43)отрочество
44)сироты
45)ловка
46)обострить
47)ободрить
48)слива
49)насорит
50)убыстрить
51)довезенный
52)затемно
53)диалог
54)монолог
55)некролог
56)опошлить
57)сортировать
58)премировать
59)накренится
60)налила
61)нарвала
62)обзвонить
63)обзвонит
64)положил
65)закупорить
66)принудить
67)убрала
68)углубить
69)лила
70)лилась
71)наврала
72)загодя
73)отдав
74)подняв
75)кухонный
76)смазлива
77)суетлива
78)болтлива
79)балуясь
80)отключенный
81)исчерпать
82)дозвонятся
83)новости
84)новостей
85)местностей
86)квартал
87)километр
88)сантиметр
89)дециметр
90)миллиметр
91)намерение
92)обнялась
93)оптовый
94)бороду
95)лекторы
96)мозаичный
97)верна
98)воссоздала
99)прибыл
100)портфель
101)поручни
102)приданое
103)призыв
104)нарост
105)недруг
106)недуг
107)каталог
108)ненависть
109)таможня
110)торты
111)тортов
112)цемент
113)сверлит
114)поделенный
115)ободренный
116)донельзя
117)закупорив
118)плодоносить
119)восприняла
120)бралась
121)жилось
122)поняла
123)наделит
124)отозвала
125)отозвалась
126)балованный
127)кровоточащий
128)низведенный
129)шофер
130)киоскер
131)контролер
132)гражданство
133)дефис
134)вероисповедание
135)диспансер
136)договоренность
137)начавшись
138)наверх
139)осведомишься
140)полила
141)лгала
142)дозвонится
143)взялась
144)надолго
145)поняв
146)заперта
147)определен
148)включит
149)включим
150)ноготь
151)ногтя
152)жалюзи
153)значимость
154)иксы
155)челюстей
156)добела
157)свекла
158)отдала
159)прибыло
160)черпать
161)бухгалтеров
162)статуя
163)столяр
164)маляр
165)дояр
166)школяр
167)прозорлива
168)включишь
169)включенный
170)включен
171)прирученный
172)сверлишь
173)озлобить
174)сливовый
175)занял
176)откупорил
177)послала
178)средства
179)созыв
180)лекторов
181)доверху
182)конусы
183)конусов
184)документ
185)досуг
186)лыжня
187)почестей
188)щелкать
189)прибыв
190)ненадолго
191)надорвалась
192)ждала
193)гнала
194)загнутый
195)наживший
196)повторенный
197)согнутый
198)начав
199)создала
200)банты
201)нормировать
202)цепочка
203)шарфы
204)баловень
205)вручит
206)звонит
207)клала
208)кралась
209)одолжит

2021-05-11 01:41:48,201 INFO words loaded, count= 210
2021-05-11 01:41:48,203 DEBUG users:
0) 873809387 Valeriya Bass
1) 817831255 РЎР°С€Р° None
2) 497421569 Rustam Fakhretdinov
3) 1698886007 Р’РёРєС‚РѕСЂРёСЏ None
4) 413524472 Wigga None
5) 993159473 fsdafsd None

2021-05-11 01:41:48,204 INFO users loaded, count= 6
2021-05-11 01:41:48,215 DEBUG Starting new HTTPS connection (1): api.telegram.org:443
2021-05-11 01:41:49,868 DEBUG https://api.telegram.org:443 "GET /bot1639467970:AAEXXyaLvwq1LIe9rOMjo0AzyhMlVKl-3Xc/getUpdates?offset=1&timeout=20 HTTP/1.1" 200 557
2021-05-11 01:41:49,869 INFO ӘӘӘӘӘ ӘӘӘӘӘӘ pressed /start
2021-05-11 01:41:49,873 DEBUG Starting new HTTPS connection (1): api.telegram.org:443
2021-05-11 01:41:50,071 DEBUG https://api.telegram.org:443 "POST /bot1639467970:AAEXXyaLvwq1LIe9rOMjo0AzyhMlVKl-3Xc/sendMessage?chat_id=993159473&text=%D0%BC%D1%8B+%D1%83%D0%B6%D0%B5+%D0%B7%D0%B4%D0%BE%D1%80%D0%BE%D0%B2%D0%B0%D0%BB%D0%B8%D1%81%D1%8C%21&reply_to_message_id=11049&reply_markup=%7B%22keyboard%22%3A+%5B%5B%7B%22text%22%3A+%22%5Cu0441%5Cu043b%5Cu043e%5Cu0432%5Cu043e%21%22%7D%2C+%7B%22text%22%3A+%22%5Cu0441%5Cu0442%5Cu0430%5Cu0442%5Cu044b%22%7D%2C+%7B%22text%22%3A+%22%5Cu0442%5Cu043e%5Cu043f%22%7D%5D%2C+%5B%7B%22text%22%3A+%22%5Cu0434%5Cu043e%5Cu0441%5Cu0442%5Cu0438%5Cu0436%5Cu0435%5Cu043d%5Cu0438%5Cu044f%22%7D%2C+%7B%22text%22%3A+%22%5Cu043f%5Cu043e%5Cu043c%5Cu043e%5Cu0449%5Cu044c%22%7D%2C+%7B%22text%22%3A+%22%5Cu043d%5Cu0430%5Cu0441%5Cu0442%5Cu0440%5Cu043e%5Cu0439%5Cu043a%5Cu0438%22%7D%5D%5D%2C+%22resize_keyboard%22%3A+true%7D HTTP/1.1" 200 1146
