2021-05-08 14:21:41,951 INFO words loaded, count= 210
2021-05-08 14:21:41,953 INFO users loaded, count= 5
2021-05-08 14:21:46,788 INFO Rustam Fakhretdinov texted топ
2021-05-08 14:21:48,252 INFO Rustam Fakhretdinov texted топ по рейтингу
2021-05-08 14:21:48,466 INFO gave Rustam Fakhretdinov top_rating
2021-05-08 14:21:50,251 INFO Rustam Fakhretdinov texted топ по % правильных
2021-05-08 14:21:50,345 INFO gave Rustam Fakhretdinov top_percent
2021-05-08 14:25:50,308 INFO Valeriya Bass texted слово!
2021-05-08 14:25:50,603 INFO gave Valeriya Bass word определен
2021-05-08 14:25:50,616 INFO all databases updated
2021-05-08 14:25:52,434 INFO Valeriya Bass answered определен correct, +1 rating
2021-05-08 14:25:52,752 INFO all databases updated
2021-05-08 14:25:53,141 INFO Valeriya Bass texted слово!
2021-05-08 14:25:53,452 INFO gave Valeriya Bass word закупорить
2021-05-08 14:25:53,485 INFO all databases updated
2021-05-08 14:25:55,763 INFO Valeriya Bass answered закупорить correct, +1 rating
2021-05-08 14:25:55,783 INFO all databases updated
2021-05-08 14:25:56,583 INFO Valeriya Bass texted слово!
2021-05-08 14:25:56,685 INFO gave Valeriya Bass word дозировать
2021-05-08 14:25:56,699 INFO all databases updated
2021-05-08 14:26:01,514 INFO Valeriya Bass answered дозировать correct, +1 rating
2021-05-08 14:26:01,527 INFO all databases updated
2021-05-08 14:26:02,545 INFO Valeriya Bass texted слово!
2021-05-08 14:26:02,632 INFO gave Valeriya Bass word краны
2021-05-08 14:26:02,647 INFO all databases updated
2021-05-08 14:26:04,158 INFO Valeriya Bass answered краны correct, +1 rating
2021-05-08 14:26:04,169 INFO all databases updated
2021-05-08 14:26:04,987 INFO Valeriya Bass texted слово!
2021-05-08 14:26:05,074 INFO gave Valeriya Bass word прибыл
2021-05-08 14:26:05,091 INFO all databases updated
2021-05-08 14:26:09,137 INFO Valeriya Bass answered прибыл correct, +1 rating
2021-05-08 14:26:09,148 INFO all databases updated
2021-05-08 14:26:09,930 INFO Valeriya Bass texted слово!
2021-05-08 14:26:10,027 INFO gave Valeriya Bass word портфель
2021-05-08 14:26:10,042 INFO all databases updated
2021-05-08 14:26:14,986 INFO Valeriya Bass answered портфель correct, +1 rating
2021-05-08 14:26:15,001 INFO all databases updated
2021-05-08 14:26:16,109 INFO Valeriya Bass texted достижения
2021-05-08 14:26:16,191 INFO gave Valeriya Bass achievements
2021-05-08 14:26:58,612 INFO Valeriya Bass texted топ
2021-05-08 14:27:00,445 INFO Valeriya Bass texted топ по рейтингу
2021-05-08 14:27:00,544 INFO gave Valeriya Bass top_rating
2021-05-08 14:27:07,707 INFO Valeriya Bass texted топ по % правильных
2021-05-08 14:27:07,968 INFO gave Valeriya Bass top_percent
2021-05-08 14:27:15,917 INFO Valeriya Bass texted топ по стрику
2021-05-08 14:27:16,018 INFO gave Valeriya Bass top_streak
2021-05-08 14:27:26,042 INFO Valeriya Bass texted главное меню
2021-05-08 14:27:26,138 INFO gave Valeriya Bass main_menu
2021-05-08 14:27:31,444 INFO Valeriya Bass texted статы
2021-05-08 14:27:31,578 INFO gave Valeriya Bass stats
2021-05-08 14:27:36,447 INFO Valeriya Bass texted слово!
2021-05-08 14:27:36,528 INFO gave Valeriya Bass word нормировать
2021-05-08 14:27:36,549 INFO all databases updated
2021-05-08 14:27:40,184 INFO Valeriya Bass answered нормировать correct, +1 rating
2021-05-08 14:27:40,228 INFO all databases updated
2021-05-08 14:27:41,101 INFO Valeriya Bass texted слово!
2021-05-08 14:27:41,215 INFO gave Valeriya Bass word включит
2021-05-08 14:27:41,232 INFO all databases updated
2021-05-08 14:27:42,613 INFO Valeriya Bass answered включит correct, +1 rating
2021-05-08 14:27:42,627 INFO all databases updated
2021-05-08 14:27:43,137 INFO Valeriya Bass texted слово!
2021-05-08 14:27:43,259 INFO gave Valeriya Bass word надорвалась
2021-05-08 14:27:43,288 INFO all databases updated
2021-05-08 14:27:45,145 INFO Valeriya Bass answered надорвалась correct, +1 rating
2021-05-08 14:27:45,157 INFO all databases updated
2021-05-08 14:27:45,679 INFO Valeriya Bass texted слово!
2021-05-08 14:27:45,757 INFO gave Valeriya Bass word клала
2021-05-08 14:27:45,773 INFO all databases updated
2021-05-08 14:27:47,567 INFO Valeriya Bass answered клала correct, +1 rating
2021-05-08 14:27:47,577 INFO all databases updated
2021-05-08 14:27:48,378 INFO Valeriya Bass texted слово!
2021-05-08 14:27:48,483 INFO gave Valeriya Bass word нарост
2021-05-08 14:27:48,498 INFO all databases updated
2021-05-08 14:27:50,001 INFO Valeriya Bass answered нарост correct, +1 rating
2021-05-08 14:27:50,011 INFO all databases updated
2021-05-08 14:27:51,894 INFO Valeriya Bass texted слово!
2021-05-08 14:27:52,001 INFO gave Valeriya Bass word баловаться
2021-05-08 14:27:52,017 INFO all databases updated
2021-05-08 14:27:56,641 INFO Valeriya Bass answered баловаться correct, +1 rating
2021-05-08 14:27:56,660 INFO all databases updated
2021-05-08 14:27:57,440 INFO Valeriya Bass texted слово!
2021-05-08 14:27:57,598 INFO gave Valeriya Bass word молящий
2021-05-08 14:27:57,621 INFO all databases updated
2021-05-08 14:27:59,612 INFO Valeriya Bass answered молящий correct, +1 rating
2021-05-08 14:27:59,632 INFO all databases updated
2021-05-08 14:28:00,268 INFO Valeriya Bass texted слово!
2021-05-08 14:28:00,551 INFO gave Valeriya Bass word лекторы
2021-05-08 14:28:00,575 INFO all databases updated
2021-05-08 14:28:01,877 INFO Valeriya Bass answered лекторы correct, +1 rating
2021-05-08 14:28:01,893 INFO all databases updated
2021-05-08 14:28:02,681 INFO Valeriya Bass texted слово!
2021-05-08 14:28:02,876 INFO gave Valeriya Bass word обзвонит
2021-05-08 14:28:02,897 INFO all databases updated
2021-05-08 14:28:04,352 INFO Valeriya Bass answered обзвонит correct, +1 rating
2021-05-08 14:28:04,364 INFO all databases updated
2021-05-08 14:28:04,942 INFO Valeriya Bass texted слово!
2021-05-08 14:28:05,020 INFO gave Valeriya Bass word перелила
2021-05-08 14:28:05,036 INFO all databases updated
2021-05-08 14:28:06,811 INFO Valeriya Bass answered перелила correct, +1 rating
2021-05-08 14:28:06,829 INFO all databases updated
2021-05-08 14:28:07,322 INFO Valeriya Bass texted слово!
2021-05-08 14:28:07,413 INFO gave Valeriya Bass word новости
2021-05-08 14:28:07,428 INFO all databases updated
2021-05-08 14:28:08,910 INFO Valeriya Bass answered новости correct, +1 rating
2021-05-08 14:28:08,926 INFO all databases updated
2021-05-08 14:28:09,637 INFO Valeriya Bass texted слово!
2021-05-08 14:28:09,766 INFO gave Valeriya Bass word цемент
2021-05-08 14:28:09,819 INFO all databases updated
2021-05-08 14:28:11,257 INFO Valeriya Bass answered цемент correct, +1 rating
2021-05-08 14:28:11,274 INFO all databases updated
2021-05-08 14:28:11,861 INFO Valeriya Bass texted слово!
2021-05-08 14:28:11,939 INFO gave Valeriya Bass word дояр
2021-05-08 14:28:12,061 INFO all databases updated
2021-05-08 14:28:13,618 INFO Valeriya Bass answered дояр correct, +1 rating
2021-05-08 14:28:13,633 INFO all databases updated
2021-05-08 14:28:14,271 INFO Valeriya Bass texted слово!
2021-05-08 14:28:14,363 INFO gave Valeriya Bass word обогнала
2021-05-08 14:28:14,378 INFO all databases updated
2021-05-08 14:28:15,876 INFO Valeriya Bass answered обогнала correct, +1 rating
2021-05-08 14:28:15,890 INFO all databases updated
2021-05-08 14:28:16,439 INFO Valeriya Bass texted слово!
2021-05-08 14:28:16,526 INFO gave Valeriya Bass word лгала
2021-05-08 14:28:16,542 INFO all databases updated
2021-05-08 14:28:18,267 INFO Valeriya Bass answered лгала correct, +1 rating
2021-05-08 14:28:18,279 INFO all databases updated
2021-05-08 14:28:19,086 INFO Valeriya Bass texted слово!
2021-05-08 14:28:19,194 INFO gave Valeriya Bass word перезвонит
2021-05-08 14:28:19,210 INFO all databases updated
2021-05-08 14:28:20,671 INFO Valeriya Bass answered перезвонит correct, +1 rating
2021-05-08 14:28:20,683 INFO all databases updated
2021-05-08 14:28:22,026 INFO Valeriya Bass texted слово!
2021-05-08 14:28:22,106 INFO gave Valeriya Bass word сверлит
2021-05-08 14:28:22,123 INFO all databases updated
2021-05-08 14:28:23,707 INFO Valeriya Bass answered сверлит correct, +1 rating
2021-05-08 14:28:23,723 INFO all databases updated
2021-05-08 14:28:24,402 INFO Valeriya Bass texted слово!
2021-05-08 14:28:24,580 INFO gave Valeriya Bass word завидно
2021-05-08 14:28:24,845 INFO all databases updated
2021-05-08 14:28:26,692 INFO Valeriya Bass answered завидно correct, +1 rating
2021-05-08 14:28:26,883 INFO all databases updated
2021-05-08 14:28:27,244 INFO Valeriya Bass texted слово!
2021-05-08 14:28:27,334 INFO gave Valeriya Bass word прирученный
2021-05-08 14:28:27,355 INFO all databases updated
2021-05-08 14:28:29,121 INFO Valeriya Bass answered прирученный correct, +1 rating
2021-05-08 14:28:29,209 INFO all databases updated
2021-05-08 14:28:29,784 INFO Valeriya Bass texted слово!
2021-05-08 14:28:29,861 INFO gave Valeriya Bass word призыв
2021-05-08 14:28:29,877 INFO all databases updated
2021-05-08 14:28:31,921 INFO Valeriya Bass answered призыв correct, +1 rating
2021-05-08 14:28:31,932 INFO all databases updated
2021-05-08 14:28:32,759 INFO Valeriya Bass texted слово!
2021-05-08 14:28:32,888 INFO gave Valeriya Bass word столяр
2021-05-08 14:28:32,918 INFO all databases updated
2021-05-08 14:28:34,932 INFO Valeriya Bass answered столяр correct, +1 rating
2021-05-08 14:28:35,094 INFO Valeriya Bass got achievement 2
2021-05-08 14:28:35,119 INFO all databases updated
2021-05-08 14:28:35,538 INFO Valeriya Bass texted слово!
2021-05-08 14:28:35,683 INFO gave Valeriya Bass word жилось
2021-05-08 14:28:35,835 INFO all databases updated
2021-05-08 14:28:41,939 INFO Valeriya Bass answered жилось correct, +1 rating
2021-05-08 14:28:41,950 INFO all databases updated
2021-05-08 14:28:42,822 INFO Valeriya Bass texted слово!
2021-05-08 14:28:42,910 INFO gave Valeriya Bass word досуг
2021-05-08 14:28:42,927 INFO all databases updated
2021-05-08 14:28:44,363 INFO Valeriya Bass answered досуг correct, +1 rating
2021-05-08 14:28:44,865 INFO all databases updated
2021-05-08 14:28:45,046 INFO Valeriya Bass texted слово!
2021-05-08 14:28:45,162 INFO gave Valeriya Bass word диспансер
2021-05-08 14:28:45,186 INFO all databases updated
2021-05-08 14:28:46,747 INFO Valeriya Bass answered диспансер correct, +1 rating
2021-05-08 14:28:46,759 INFO all databases updated
2021-05-08 14:28:47,353 INFO Valeriya Bass texted слово!
2021-05-08 14:28:47,433 INFO gave Valeriya Bass word недруг
2021-05-08 14:28:47,452 INFO all databases updated
2021-05-08 14:28:49,636 INFO Valeriya Bass answered недруг correct, +1 rating
2021-05-08 14:28:49,651 INFO all databases updated
2021-05-08 14:28:50,420 INFO Valeriya Bass texted слово!
2021-05-08 14:28:50,786 INFO gave Valeriya Bass word кралась
2021-05-08 14:28:50,811 INFO all databases updated
2021-05-08 14:28:52,710 INFO Valeriya Bass answered кралась correct, +1 rating
2021-05-08 14:28:52,728 INFO all databases updated
2021-05-08 14:28:53,444 INFO Valeriya Bass texted слово!
2021-05-08 14:28:53,527 INFO gave Valeriya Bass word километр
2021-05-08 14:28:53,543 INFO all databases updated
2021-05-08 14:28:55,047 INFO Valeriya Bass answered километр correct, +1 rating
2021-05-08 14:28:55,100 INFO all databases updated
2021-05-08 14:28:56,186 INFO Valeriya Bass texted слово!
2021-05-08 14:28:56,274 INFO gave Valeriya Bass word убрала
2021-05-08 14:28:56,355 INFO all databases updated
2021-05-08 14:28:58,118 INFO Valeriya Bass answered убрала correct, +1 rating
2021-05-08 14:28:58,129 INFO all databases updated
2021-05-08 14:28:58,680 INFO Valeriya Bass texted слово!
2021-05-08 14:28:58,765 INFO gave Valeriya Bass word поручни
2021-05-08 14:28:58,788 INFO all databases updated
2021-05-08 14:29:00,413 INFO Valeriya Bass answered поручни correct, +1 rating
2021-05-08 14:29:00,425 INFO all databases updated
2021-05-08 14:29:01,068 INFO Valeriya Bass texted слово!
2021-05-08 14:29:01,139 INFO gave Valeriya Bass word кремня
2021-05-08 14:29:01,158 INFO all databases updated
2021-05-08 14:29:04,436 INFO Valeriya Bass answered кремня correct, +1 rating
2021-05-08 14:29:04,459 INFO all databases updated
2021-05-08 14:29:05,074 INFO Valeriya Bass texted слово!
2021-05-08 14:29:05,160 INFO gave Valeriya Bass word ненадолго
2021-05-08 14:29:05,179 INFO all databases updated
2021-05-08 14:29:06,973 INFO Valeriya Bass answered ненадолго correct, +1 rating
2021-05-08 14:29:06,986 INFO all databases updated
2021-05-08 14:29:07,530 INFO Valeriya Bass texted слово!
2021-05-08 14:29:07,609 INFO gave Valeriya Bass word ободренный
2021-05-08 14:29:07,628 INFO all databases updated
2021-05-08 14:29:09,394 INFO Valeriya Bass answered ободренный correct, +1 rating
2021-05-08 14:29:09,413 INFO all databases updated
2021-05-08 14:29:10,097 INFO Valeriya Bass texted слово!
2021-05-08 14:29:10,181 INFO gave Valeriya Bass word бралась
2021-05-08 14:29:10,211 INFO all databases updated
2021-05-08 14:29:11,790 INFO Valeriya Bass answered бралась correct, +1 rating
2021-05-08 14:29:11,801 INFO all databases updated
2021-05-08 14:29:12,341 INFO Valeriya Bass texted слово!
2021-05-08 14:29:12,430 INFO gave Valeriya Bass word одолжит
2021-05-08 14:29:12,447 INFO all databases updated
2021-05-08 14:29:13,800 INFO Valeriya Bass answered одолжит correct, +1 rating
2021-05-08 14:29:13,811 INFO all databases updated
2021-05-08 14:29:14,857 INFO Valeriya Bass texted слово!
2021-05-08 14:29:14,942 INFO gave Valeriya Bass word болтлива
2021-05-08 14:29:14,968 INFO all databases updated
2021-05-08 14:29:16,680 INFO Valeriya Bass answered болтлива correct, +1 rating
2021-05-08 14:29:16,691 INFO all databases updated
2021-05-08 14:29:17,618 INFO Valeriya Bass texted слово!
2021-05-08 14:29:17,704 INFO gave Valeriya Bass word принудить
2021-05-08 14:29:17,727 INFO all databases updated
2021-05-08 14:29:19,290 INFO Valeriya Bass answered принудить correct, +1 rating
2021-05-08 14:29:19,357 INFO all databases updated
2021-05-08 14:29:19,951 INFO Valeriya Bass texted слово!
2021-05-08 14:29:20,143 INFO gave Valeriya Bass word черпать
2021-05-08 14:29:20,876 INFO all databases updated
2021-05-08 14:29:21,460 INFO Valeriya Bass answered черпать correct, +1 rating
2021-05-08 14:29:21,477 INFO all databases updated
2021-05-08 14:29:22,101 INFO Valeriya Bass texted слово!
2021-05-08 14:29:22,181 INFO gave Valeriya Bass word еретик
2021-05-08 14:29:22,199 INFO all databases updated
