2021-05-08 17:20:44,990 DEBUG words:
облегчит
облегчить
ободрала
ободришься
проживший
завидно
кормящий
молящий
нанявшийся
корысть
краны
кремень
кремня
начавший
перезвонить
перезвонит
баловать
баловаться
избаловать
разбаловать
дозировать
добралась
добрала
гналась
красивее
красивейший
облилась
эксперт
мусоропровод
газопровод
нефтепровод
водопровод
партер
отбыла
обогнала
перелила
позвонит
сняла
сорит
принятый
опломбировать
аэропорты
еретик
отрочество
сироты
ловка
обострить
ободрить
слива
насорит
убыстрить
довезенный
затемно
диалог
монолог
некролог
опошлить
сортировать
премировать
накренится
налила
нарвала
обзвонить
обзвонит
положил
закупорить
принудить
убрала
углубить
лила
лилась
наврала
загодя
отдав
подняв
кухонный
смазлива
суетлива
болтлива
балуясь
отключенный
исчерпать
дозвонятся
новости
новостей
местностей
квартал
километр
сантиметр
дециметр
миллиметр
намерение
обнялась
оптовый
бороду
лекторы
мозаичный
верна
воссоздала
прибыл
портфель
поручни
приданое
призыв
нарост
недруг
недуг
каталог
ненависть
таможня
торты
тортов
цемент
сверлит
поделенный
ободренный
донельзя
закупорив
плодоносить
восприняла
бралась
жилось
поняла
наделит
отозвала
отозвалась
балованный
кровоточащий
низведенный
шофер
киоскер
контролер
гражданство
дефис
вероисповедание
диспансер
договоренность
начавшись
наверх
осведомишься
полила
лгала
дозвонится
взялась
надолго
поняв
заперта
определен
включит
включим
ноготь
ногтя
жалюзи
значимость
иксы
челюстей
добела
свекла
отдала
прибыло
черпать
бухгалтеров
статуя
столяр
маляр
дояр
школяр
прозорлива
включишь
включенный
включен
прирученный
сверлишь
озлобить
сливовый
занял
откупорил
послала
средства
созыв
лекторов
доверху
конусы
конусов
документ
досуг
лыжня
почестей
щелкать
прибыв
ненадолго
надорвалась
ждала
гнала
загнутый
наживший
повторенный
согнутый
начав
создала
банты
нормировать
цепочка
шарфы
баловень
вручит
звонит
клала
кралась
одолжит

2021-05-08 17:20:44,991 INFO words loaded, count= 210
2021-05-08 17:20:44,992 DEBUG users:
0) 497421569 Rustam Fakhretdinov
1) 873809387 Valeriya Bass
2) 817831255 Саша None
3) 1698886007 Виктория None
4) 413524472 Wigga None

2021-05-08 17:20:44,992 INFO users loaded, count= 5
2021-05-08 17:20:44,999 DEBUG Starting new HTTPS connection (1): api.telegram.org:443
2021-05-08 17:20:45,152 DEBUG https://api.telegram.org:443 "GET /bot1639467970:AAEXXyaLvwq1LIe9rOMjo0AzyhMlVKl-3Xc/getUpdates?offset=1&timeout=20 HTTP/1.1" 200 743
2021-05-08 17:20:45,152 INFO Виктория None texted слово!
2021-05-08 17:20:45,153 INFO Виктория None texted достижения
2021-05-08 17:20:45,159 DEBUG Starting new HTTPS connection (1): api.telegram.org:443
2021-05-08 17:20:45,161 DEBUG Starting new HTTPS connection (1): api.telegram.org:443
2021-05-08 17:20:45,384 DEBUG https://api.telegram.org:443 "POST /bot1639467970:AAEXXyaLvwq1LIe9rOMjo0AzyhMlVKl-3Xc/sendMessage?chat_id=1698886007&text=%D0%BF%D0%BE%D1%81%D1%82%D0%B0%D0%B2%D1%8C+%D1%83%D0%B4%D0%B0%D1%80%D0%B5%D0%BD%D0%B8%D0%B5+%D0%B2+%D1%81%D0%BB%D0%BE%D0%B2%D0%B5+%2A%D1%81%D0%BE%D1%80%D0%B8%D1%82%2A&reply_markup=%7B%22inline_keyboard%22%3A+%5B%5B%7B%22text%22%3A+%22%5Cu0441%5Cu041e%5Cu0440%5Cu0438%5Cu0442%22%2C+%22callback_data%22%3A+%22bad%5Cu0441%5Cu041e%5Cu0440%5Cu0438%5Cu0442%22%7D%5D%2C+%5B%7B%22text%22%3A+%22%5Cu0441%5Cu043e%5Cu0440%5Cu0418%5Cu0442%22%2C+%22callback_data%22%3A+%22good%5Cu0441%5Cu043e%5Cu0440%5Cu0418%5Cu0442%22%7D%5D%5D%7D&parse_mode=MarkdownV2 HTTP/1.1" 200 822
2021-05-08 17:20:45,385 INFO gave Виктория None word сорит
2021-05-08 17:20:45,407 DEBUG https://api.telegram.org:443 "POST /bot1639467970:AAEXXyaLvwq1LIe9rOMjo0AzyhMlVKl-3Xc/sendMessage?chat_id=1698886007&text=%2A%D0%B4%D0%BE%D1%81%D1%82%D0%B8%D0%B6%D0%B5%D0%BD%D0%B8%D1%8F%2A%F0%9F%8F%86%0A1%5C%29+~%D1%80%D0%B0%D0%B7%D0%B1%D0%BB%D0%BE%D0%BA%D0%B8%D1%80%D0%BE%D0%B2%D0%B0%D1%82%D1%8C+%D0%B2%D1%81%D0%B5+%D1%81%D0%BB%D0%BE%D0%B2%D0%B0~%0A2%5C%29+~100+%D0%BF%D1%80%D0%B0%D0%B2%D0%B8%D0%BB%D1%8C%D0%BD%D1%8B%D1%85+%D1%81%D0%BB%D0%BE%D0%B2~%0A3%5C%29+~500+%D0%BF%D1%80%D0%B0%D0%B2%D0%B8%D0%BB%D1%8C%D0%BD%D1%8B%D1%85+%D1%81%D0%BB%D0%BE%D0%B2~%0A4%5C%29+~1000+%D0%BF%D1%80%D0%B0%D0%B2%D0%B8%D0%BB%D1%8C%D0%BD%D1%8B%D1%85+%D1%81%D0%BB%D0%BE%D0%B2~%0A5%5C%29+~%D1%82%D0%BE%D0%BF%5C-1+%D0%BF%D0%BE+%D1%80%D0%B5%D0%B9%D1%82%D0%B8%D0%BD%D0%B3%D1%83~%0A6%5C%29+~%D1%82%D0%BE%D0%BF%5C-1+%D0%BF%D0%BE+%D1%81%D1%82%D1%80%D0%B8%D0%BA%D1%83~%0A7%5C%29+~%D1%82%D0%BE%D0%BF%5C-1+%D0%BF%D0%BE+%25+%D0%BF%D1%80%D0%B0%D0%B2%D0%B8%D0%BB%D1%8C%D0%BD%D1%8B%D1%85+%D0%BE%D1%82%D0%B2%D0%B5%D1%82%D0%BE%D0%B2~%0A8%5C%29+~%D1%81%D1%82%D1%80%D0%B8%D0%BA+10~%0A9%5C%29+~%D1%81%D1%82%D1%80%D0%B8%D0%BA+50~%0A10%5C%29+~%D1%81%D1%82%D1%80%D0%B8%D0%BA+100~%0A11%5C%29+~%D1%81%D1%82%D1%80%D0%B8%D0%BA+250~%0A12%5C%29+~a+big+secret~%0A&parse_mode=MarkdownV2 HTTP/1.1" 200 1998
2021-05-08 17:20:45,408 INFO gave Виктория None achievements
2021-05-08 17:21:05,207 DEBUG https://api.telegram.org:443 "GET /bot1639467970:AAEXXyaLvwq1LIe9rOMjo0AzyhMlVKl-3Xc/getUpdates?offset=115690407&timeout=20 HTTP/1.1" 200 23
2021-05-08 17:21:25,254 DEBUG https://api.telegram.org:443 "GET /bot1639467970:AAEXXyaLvwq1LIe9rOMjo0AzyhMlVKl-3Xc/getUpdates?offset=115690407&timeout=20 HTTP/1.1" 200 23
