2021-05-11 02:05:10,021 DEBUG words:
0)облегчит
1)облегчить
2)ободрала
3)ободришься
4)проживший
5)завидно
6)кормящий
7)молящий
8)нанявшийся
9)корысть
10)краны
11)кремень
12)кремня
13)начавший
14)перезвонить
15)перезвонит
16)баловать
17)баловаться
18)избаловать
19)разбаловать
20)дозировать
21)добралась
22)добрала
23)гналась
24)красивее
25)красивейший
26)облилась
27)эксперт
28)мусоропровод
29)газопровод
30)нефтепровод
31)водопровод
32)партер
33)отбыла
34)обогнала
35)перелила
36)позвонит
37)сняла
38)сорит
39)принятый
40)опломбировать
41)аэропорты
42)еретик
43)отрочество
44)сироты
45)ловка
46)обострить
47)ободрить
48)слива
49)насорит
50)убыстрить
51)довезенный
52)затемно
53)диалог
54)монолог
55)некролог
56)опошлить
57)сортировать
58)премировать
59)накренится
60)налила
61)нарвала
62)обзвонить
63)обзвонит
64)положил
65)закупорить
66)принудить
67)убрала
68)углубить
69)лила
70)лилась
71)наврала
72)загодя
73)отдав
74)подняв
75)кухонный
76)смазлива
77)суетлива
78)болтлива
79)балуясь
80)отключенный
81)исчерпать
82)дозвонятся
83)новости
84)новостей
85)местностей
86)квартал
87)километр
88)сантиметр
89)дециметр
90)миллиметр
91)намерение
92)обнялась
93)оптовый
94)бороду
95)лекторы
96)мозаичный
97)верна
98)воссоздала
99)прибыл
100)портфель
101)поручни
102)приданое
103)призыв
104)нарост
105)недруг
106)недуг
107)каталог
108)ненависть
109)таможня
110)торты
111)тортов
112)цемент
113)сверлит
114)поделенный
115)ободренный
116)донельзя
117)закупорив
118)плодоносить
119)восприняла
120)бралась
121)жилось
122)поняла
123)наделит
124)отозвала
125)отозвалась
126)балованный
127)кровоточащий
128)низведенный
129)шофер
130)киоскер
131)контролер
132)гражданство
133)дефис
134)вероисповедание
135)диспансер
136)договоренность
137)начавшись
138)наверх
139)осведомишься
140)полила
141)лгала
142)дозвонится
143)взялась
144)надолго
145)поняв
146)заперта
147)определен
148)включит
149)включим
150)ноготь
151)ногтя
152)жалюзи
153)значимость
154)иксы
155)челюстей
156)добела
157)свекла
158)отдала
159)прибыло
160)черпать
161)бухгалтеров
162)статуя
163)столяр
164)маляр
165)дояр
166)школяр
167)прозорлива
168)включишь
169)включенный
170)включен
171)прирученный
172)сверлишь
173)озлобить
174)сливовый
175)занял
176)откупорил
177)послала
178)средства
179)созыв
180)лекторов
181)доверху
182)конусы
183)конусов
184)документ
185)досуг
186)лыжня
187)почестей
188)щелкать
189)прибыв
190)ненадолго
191)надорвалась
192)ждала
193)гнала
194)загнутый
195)наживший
196)повторенный
197)согнутый
198)начав
199)создала
200)банты
201)нормировать
202)цепочка
203)шарфы
204)баловень
205)вручит
206)звонит
207)клала
208)кралась
209)одолжит

2021-05-11 02:05:10,021 INFO words loaded, count= 210
2021-05-11 02:05:10,024 DEBUG users:
0) 873809387 Valeriya Bass
1) 817831255 Саша None
2) 497421569 Rustam Fakhretdinov
3) 1698886007 Виктория None
4) 413524472 Wigga None
5) 993159473 ӘӘӘӘӘ ӘӘӘӘӘӘ

2021-05-11 02:05:10,024 INFO users loaded, count= 6
2021-05-11 02:05:10,034 DEBUG Starting new HTTPS connection (1): api.telegram.org:443
2021-05-11 02:05:10,488 DEBUG https://api.telegram.org:443 "GET /bot1639467970:AAEXXyaLvwq1LIe9rOMjo0AzyhMlVKl-3Xc/getUpdates?offset=1&timeout=20 HTTP/1.1" 200 611
2021-05-11 02:05:10,489 INFO ӘӘӘӘӘ ӘӘӘӘӘӘ texted обновить мое имя в топе
2021-05-11 02:05:10,496 DEBUG Starting new HTTPS connection (1): api.telegram.org:443
2021-05-11 02:05:10,706 DEBUG https://api.telegram.org:443 "POST /bot1639467970:AAEXXyaLvwq1LIe9rOMjo0AzyhMlVKl-3Xc/sendMessage?chat_id=993159473&text=%D0%B8%D0%B7%D0%BC%D0%B5%D0%BD%D0%B8%D0%BB+%D1%82%D0%B2%D0%BE%D0%B5+%D0%B8%D0%BC%D1%8F+%D0%B2+%D1%81%D0%BE%D0%BE%D1%82%D0%B2%D0%B5%D1%82%D1%81%D1%82%D0%B2%D0%B8%D0%B8+%D1%81+%D1%82%D0%B2%D0%BE%D0%B8%D0%BC+%D1%82%D0%B5%D0%BB%D0%B5%D0%B3%D1%80%D0%B0%D0%BC-%D0%B0%D0%BA%D0%BA%D0%B0%D1%83%D0%BD%D1%82%D0%BE%D0%BC%21 HTTP/1.1" 200 837
2021-05-11 02:05:10,706 INFO ӘӘӘӘӘ ӘӘӘӘӘӘ changed name to ӘӘӘӘӘ ӘӘӘӘӘӘ
2021-05-11 02:05:10,708 DEBUG main info database updated
2021-05-11 02:05:10,712 DEBUG used info database updated
2021-05-11 02:05:10,714 DEBUG achievement info database updated
2021-05-11 02:05:10,714 INFO all databases updated
2021-05-11 02:05:12,327 DEBUG https://api.telegram.org:443 "GET /bot1639467970:AAEXXyaLvwq1LIe9rOMjo0AzyhMlVKl-3Xc/getUpdates?offset=115691023&timeout=20 HTTP/1.1" 200 628
2021-05-11 02:05:12,327 INFO ӘӘӘӘӘ ӘӘӘӘӘӘ texted вернуться к меню настроек
2021-05-11 02:05:12,334 DEBUG Starting new HTTPS connection (1): api.telegram.org:443
2021-05-11 02:05:12,532 DEBUG https://api.telegram.org:443 "POST /bot1639467970:AAEXXyaLvwq1LIe9rOMjo0AzyhMlVKl-3Xc/sendMessage?chat_id=993159473&text=%D0%B4%D0%B0%2C+%D0%BD%D0%B0%D1%81%D1%82%D1%80%D0%BE%D0%B5%D0%BA+%D0%BF%D0%BE%D0%BA%D0%B0+%D0%BC%D0%B0%D0%BB%D0%BE%D0%B2%D0%B0%D1%82%D0%BE...+%D0%BD%D0%BE+%D1%8D%D1%82%D0%BE+%D0%B6%D0%B5+%D0%BB%D1%83%D1%87%D1%88%D0%B5%2C+%D1%87%D0%B5%D0%BC+%D0%BD%D0%B8%D1%87%D0%B5%D0%B3%D0%BE%3F&reply_markup=%7B%22keyboard%22%3A+%5B%5B%7B%22text%22%3A+%22%5Cu043d%5Cu0430%5Cu0441%5Cu0442%5Cu0440%5Cu043e%5Cu0439%5Cu043a%5Cu0438+%5Cu043e%5Cu0442%5Cu043e%5Cu0431%5Cu0440%5Cu0430%5Cu0436%5Cu0435%5Cu043d%5Cu0438%5Cu044f+%5Cu0432+%5Cu0442%5Cu043e%5Cu043f%5Cu0435%22%7D%2C+%7B%22text%22%3A+%22%5Cu0433%5Cu043b%5Cu0430%5Cu0432%5Cu043d%5Cu043e%5Cu0435+%5Cu043c%5Cu0435%5Cu043d%5Cu044e%22%7D%5D%5D%2C+%22resize_keyboard%22%3A+true%7D HTTP/1.1" 200 801
2021-05-11 02:05:12,532 INFO gave ӘӘӘӘӘ ӘӘӘӘӘӘ settings_main
2021-05-11 02:05:13,309 DEBUG https://api.telegram.org:443 "GET /bot1639467970:AAEXXyaLvwq1LIe9rOMjo0AzyhMlVKl-3Xc/getUpdates?offset=115691024&timeout=20 HTTP/1.1" 200 560
2021-05-11 02:05:13,310 INFO ӘӘӘӘӘ ӘӘӘӘӘӘ texted главное меню
2021-05-11 02:05:13,386 DEBUG https://api.telegram.org:443 "POST /bot1639467970:AAEXXyaLvwq1LIe9rOMjo0AzyhMlVKl-3Xc/sendMessage?chat_id=993159473&text=%D1%81%D0%BA%D0%BE%D1%80%D0%B5%D0%B5+%D0%B2%D1%81%D0%B5%D0%B3%D0%BE%2C+%D0%B2%D1%8B%D0%B9%D1%82%D0%B8+%D0%B2+%D0%B3%D0%BB%D0%B0%D0%B2%D0%BD%D0%BE%D0%B5+%D0%BC%D0%B5%D0%BD%D1%8E+%D0%BC%D0%BE%D0%B6%D0%BD%D0%BE+%D0%B1%D0%B5%D0%B7+%D1%81%D0%BE%D0%BE%D0%B1%D1%89%D0%B5%D0%BD%D0%B8%D1%8F%2C+%D0%BD%D0%BE+%D1%8F+%D0%BD%D0%B5+%D1%81%D0%BC%D0%BE%D0%B3+%D0%BD%D0%B0%D0%B3%D1%83%D0%B3%D0%BB%D0%B8%D1%82%D1%8C+%D1%82%D0%BE%2C+%D0%BA%D0%B0%D0%BA+%D1%8D%D1%82%D0%BE+%D1%81%D0%B4%D0%B5%D0%BB%D0%B0%D1%82%D1%8C%2C+%D0%BF%D0%BE%D1%8D%D1%82%D0%BE%D0%BC%D1%83+%D0%BC%D0%BE%D0%B3%D1%83+%D0%BF%D1%80%D0%BE%D1%81%D1%82%D0%BE+%D1%81%D0%BA%D0%B0%D0%B7%D0%B0%D1%82%D1%8C%2C+%D1%87%D1%82%D0%BE+%D0%B2+%D0%B4%D0%B0%D0%BD%D0%BD%D1%8B%D0%B9+%D0%BC%D0%BE%D0%BC%D0%B5%D0%BD%D1%82+%D0%BD%D0%B0+0%25+%D1%82%D1%8B+%D0%BB%D0%BE%D1%85%29%29%29%29%29%29&reply_markup=%7B%22keyboard%22%3A+%5B%5B%7B%22text%22%3A+%22%5Cu0441%5Cu043b%5Cu043e%5Cu0432%5Cu043e%21%22%7D%2C+%7B%22text%22%3A+%22%5Cu0441%5Cu0442%5Cu0430%5Cu0442%5Cu044b%22%7D%2C+%7B%22text%22%3A+%22%5Cu0442%5Cu043e%5Cu043f%22%7D%5D%2C+%5B%7B%22text%22%3A+%22%5Cu0434%5Cu043e%5Cu0441%5Cu0442%5Cu0438%5Cu0436%5Cu0435%5Cu043d%5Cu0438%5Cu044f%22%7D%2C+%7B%22text%22%3A+%22%5Cu043f%5Cu043e%5Cu043c%5Cu043e%5Cu0449%5Cu044c%22%7D%2C+%7B%22text%22%3A+%22%5Cu043d%5Cu0430%5Cu0441%5Cu0442%5Cu0440%5Cu043e%5Cu0439%5Cu043a%5Cu0438%22%7D%5D%5D%2C+%22resize_keyboard%22%3A+true%7D HTTP/1.1" 200 1320
2021-05-11 02:05:13,386 INFO gave ӘӘӘӘӘ ӘӘӘӘӘӘ main_menu
2021-05-11 02:05:14,241 DEBUG https://api.telegram.org:443 "GET /bot1639467970:AAEXXyaLvwq1LIe9rOMjo0AzyhMlVKl-3Xc/getUpdates?offset=115691025&timeout=20 HTTP/1.1" 200 511
2021-05-11 02:05:14,241 INFO ӘӘӘӘӘ ӘӘӘӘӘӘ texted топ
2021-05-11 02:05:14,320 DEBUG https://api.telegram.org:443 "POST /bot1639467970:AAEXXyaLvwq1LIe9rOMjo0AzyhMlVKl-3Xc/sendMessage?chat_id=993159473&text=%D0%B2%D1%8B%D0%B1%D0%B5%D1%80%D0%B8%2C+%D0%BA%D0%B0%D0%BA%D0%BE%D0%B9+%D1%82%D0%BE%D0%BF+%D1%85%D0%BE%D1%87%D0%B5%D1%88%D1%8C+%D0%BF%D0%BE%D1%81%D0%BC%D0%BE%D1%82%D1%80%D0%B5%D1%82%D1%8C&reply_markup=%7B%22keyboard%22%3A+%5B%5B%7B%22text%22%3A+%22%5Cu0442%5Cu043e%5Cu043f+%5Cu043f%5Cu043e+%5Cu0440%5Cu0435%5Cu0439%5Cu0442%5Cu0438%5Cu043d%5Cu0433%5Cu0443%22%7D%2C+%7B%22text%22%3A+%22%5Cu0442%5Cu043e%5Cu043f+%5Cu043f%5Cu043e+%5Cu0441%5Cu0442%5Cu0440%5Cu0438%5Cu043a%5Cu0443%22%7D%5D%2C+%5B%7B%22text%22%3A+%22%5Cu0442%5Cu043e%5Cu043f+%5Cu043f%5Cu043e+%25+%5Cu043f%5Cu0440%5Cu0430%5Cu0432%5Cu0438%5Cu043b%5Cu044c%5Cu043d%5Cu044b%5Cu0445%22%7D%2C+%7B%22text%22%3A+%22%5Cu0433%5Cu043b%5Cu0430%5Cu0432%5Cu043d%5Cu043e%5Cu0435+%5Cu043c%5Cu0435%5Cu043d%5Cu044e%22%7D%5D%5D%2C+%22resize_keyboard%22%3A+true%7D HTTP/1.1" 200 713
2021-05-11 02:05:14,832 DEBUG https://api.telegram.org:443 "GET /bot1639467970:AAEXXyaLvwq1LIe9rOMjo0AzyhMlVKl-3Xc/getUpdates?offset=115691026&timeout=20 HTTP/1.1" 200 573
2021-05-11 02:05:14,833 INFO ӘӘӘӘӘ ӘӘӘӘӘӘ texted топ по рейтингу
2021-05-11 02:05:14,920 DEBUG https://api.telegram.org:443 "POST /bot1639467970:AAEXXyaLvwq1LIe9rOMjo0AzyhMlVKl-3Xc/sendMessage?chat_id=993159473&text=%2A%D1%82%D0%B5%D0%BA%D1%83%D1%89%D0%B8%D0%B9+%D1%82%D0%BE%D0%BF+%D0%BF%D0%BE+%D1%80%D0%B5%D0%B9%D1%82%D0%B8%D0%BD%D0%B3%D1%83%3A%2A%0A1%5C%29+Rustam+Fakhretdinov+%5C%7C+1233+%5C%7C+%D0%BF%D0%BE%D0%B1%D0%B5%D0%B4%D0%B8%D1%82%D0%B5%D0%BB%D1%8C+%22%D0%A0%D1%83%D1%81%D1%81%D0%BA%D0%BE%D0%B3%D0%BE+%D0%BC%D0%B5%D0%B4%D0%B2%D0%B5%D0%B6%D0%BE%D0%BD%D0%BA%D0%B0%22%0A2%5C%29+Valeriya+Bass+%5C%7C+684+%5C%7C+%D0%BF%D0%BE%D0%B1%D0%B5%D0%B4%D0%B8%D1%82%D0%B5%D0%BB%D1%8C+%D0%92%D0%A1%D0%BE%D0%A8+%D0%BF%D0%BE+%D1%80%D1%83%D1%81%D1%81%D0%BA%D0%BE%D0%BC%D1%83+%D1%8F%D0%B7%D1%8B%D0%BA%D1%83%0A3%5C%29+%D0%A1%D0%B0%D1%88%D0%B0+%5C%7C+625+%5C%7C+%D0%BF%D1%80%D0%B8%D0%B7%D0%B5%D1%80+%D0%92%D0%A1%D0%BE%D0%A8+%D0%BF%D0%BE+%D1%80%D1%83%D1%81%D1%81%D0%BA%D0%BE%D0%BC%D1%83+%D1%8F%D0%B7%D1%8B%D0%BA%D1%83%0A4%5C%29+%D0%92%D0%B8%D0%BA%D1%82%D0%BE%D1%80%D0%B8%D1%8F+%5C%7C+70+%5C%7C+%D1%83%D1%87%D0%B0%D1%81%D1%82%D0%BD%D0%B8%D0%BA+%D0%92%D0%A1%D0%BE%D0%A8+%D0%BF%D0%BE+%D1%80%D1%83%D1%81%D1%81%D0%BA%D0%BE%D0%BC%D1%83+%D1%8F%D0%B7%D1%8B%D0%BA%D1%83%0A5%5C%29+Wigga+%5C%7C+1+%5C%7C+%D0%BF%D0%BE%D0%B1%D0%B5%D0%B4%D0%B8%D1%82%D0%B5%D0%BB%D1%8C+%D1%80%D0%B5%D0%B3%D0%B8%D0%BE%D0%BD%D0%B0+%D0%BF%D0%BE+%D1%80%D1%83%D1%81%D1%81%D0%BA%D0%BE%D0%BC%D1%83+%D1%8F%D0%B7%D1%8B%D0%BA%D1%83%0A&reply_markup=%7B%22keyboard%22%3A+%5B%5B%7B%22text%22%3A+%22%5Cu0442%5Cu043e%5Cu043f+%5Cu043f%5Cu043e+%5Cu0440%5Cu0435%5Cu0439%5Cu0442%5Cu0438%5Cu043d%5Cu0433%5Cu0443%22%7D%2C+%7B%22text%22%3A+%22%5Cu0442%5Cu043e%5Cu043f+%5Cu043f%5Cu043e+%5Cu0441%5Cu0442%5Cu0440%5Cu0438%5Cu043a%5Cu0443%22%7D%5D%2C+%5B%7B%22text%22%3A+%22%5Cu0442%5Cu043e%5Cu043f+%5Cu043f%5Cu043e+%25+%5Cu043f%5Cu0440%5Cu0430%5Cu0432%5Cu0438%5Cu043b%5Cu044c%5Cu043d%5Cu044b%5Cu0445%22%7D%2C+%7B%22text%22%3A+%22%5Cu0433%5Cu043b%5Cu0430%5Cu0432%5Cu043d%5Cu043e%5Cu0435+%5Cu043c%5Cu0435%5Cu043d%5Cu044e%22%7D%5D%5D%2C+%22resize_keyboard%22%3A+true%7D&parse_mode=MarkdownV2 HTTP/1.1" 200 1749
2021-05-11 02:05:14,920 INFO gave ӘӘӘӘӘ ӘӘӘӘӘӘ top_rating
2021-05-11 02:05:16,108 DEBUG https://api.telegram.org:443 "GET /bot1639467970:AAEXXyaLvwq1LIe9rOMjo0AzyhMlVKl-3Xc/getUpdates?offset=115691027&timeout=20 HTTP/1.1" 200 560
2021-05-11 02:05:16,110 INFO ӘӘӘӘӘ ӘӘӘӘӘӘ texted главное меню
2021-05-11 02:05:16,184 DEBUG https://api.telegram.org:443 "POST /bot1639467970:AAEXXyaLvwq1LIe9rOMjo0AzyhMlVKl-3Xc/sendMessage?chat_id=993159473&text=%D1%81%D0%BA%D0%BE%D1%80%D0%B5%D0%B5+%D0%B2%D1%81%D0%B5%D0%B3%D0%BE%2C+%D0%B2%D1%8B%D0%B9%D1%82%D0%B8+%D0%B2+%D0%B3%D0%BB%D0%B0%D0%B2%D0%BD%D0%BE%D0%B5+%D0%BC%D0%B5%D0%BD%D1%8E+%D0%BC%D0%BE%D0%B6%D0%BD%D0%BE+%D0%B1%D0%B5%D0%B7+%D1%81%D0%BE%D0%BE%D0%B1%D1%89%D0%B5%D0%BD%D0%B8%D1%8F%2C+%D0%BD%D0%BE+%D1%8F+%D0%BD%D0%B5+%D1%81%D0%BC%D0%BE%D0%B3+%D0%BD%D0%B0%D0%B3%D1%83%D0%B3%D0%BB%D0%B8%D1%82%D1%8C+%D1%82%D0%BE%2C+%D0%BA%D0%B0%D0%BA+%D1%8D%D1%82%D0%BE+%D1%81%D0%B4%D0%B5%D0%BB%D0%B0%D1%82%D1%8C%2C+%D0%BF%D0%BE%D1%8D%D1%82%D0%BE%D0%BC%D1%83+%D0%BC%D0%BE%D0%B3%D1%83+%D0%BF%D1%80%D0%BE%D1%81%D1%82%D0%BE+%D1%81%D0%BA%D0%B0%D0%B7%D0%B0%D1%82%D1%8C%2C+%D1%87%D1%82%D0%BE+%D0%B2+%D0%B4%D0%B0%D0%BD%D0%BD%D1%8B%D0%B9+%D0%BC%D0%BE%D0%BC%D0%B5%D0%BD%D1%82+%D0%BD%D0%B0+89%25+%D1%82%D1%8B+%D0%BB%D0%BE%D1%85%29%29%29%29%29%29&reply_markup=%7B%22keyboard%22%3A+%5B%5B%7B%22text%22%3A+%22%5Cu0441%5Cu043b%5Cu043e%5Cu0432%5Cu043e%21%22%7D%2C+%7B%22text%22%3A+%22%5Cu0441%5Cu0442%5Cu0430%5Cu0442%5Cu044b%22%7D%2C+%7B%22text%22%3A+%22%5Cu0442%5Cu043e%5Cu043f%22%7D%5D%2C+%5B%7B%22text%22%3A+%22%5Cu0434%5Cu043e%5Cu0441%5Cu0442%5Cu0438%5Cu0436%5Cu0435%5Cu043d%5Cu0438%5Cu044f%22%7D%2C+%7B%22text%22%3A+%22%5Cu043f%5Cu043e%5Cu043c%5Cu043e%5Cu0449%5Cu044c%22%7D%2C+%7B%22text%22%3A+%22%5Cu043d%5Cu0430%5Cu0441%5Cu0442%5Cu0440%5Cu043e%5Cu0439%5Cu043a%5Cu0438%22%7D%5D%5D%2C+%22resize_keyboard%22%3A+true%7D HTTP/1.1" 200 1321
2021-05-11 02:05:16,185 INFO gave ӘӘӘӘӘ ӘӘӘӘӘӘ main_menu
2021-05-11 02:05:28,284 DEBUG https://api.telegram.org:443 "GET /bot1639467970:AAEXXyaLvwq1LIe9rOMjo0AzyhMlVKl-3Xc/getUpdates?offset=115691028&timeout=20 HTTP/1.1" 200 524
2021-05-11 02:05:28,284 INFO ӘӘӘӘӘ ӘӘӘӘӘӘ texted слово!
2021-05-11 02:05:28,372 DEBUG https://api.telegram.org:443 "POST /bot1639467970:AAEXXyaLvwq1LIe9rOMjo0AzyhMlVKl-3Xc/sendMessage?chat_id=993159473&text=%D0%BF%D0%BE%D1%81%D1%82%D0%B0%D0%B2%D1%8C+%D1%83%D0%B4%D0%B0%D1%80%D0%B5%D0%BD%D0%B8%D0%B5+%D0%B2+%D1%81%D0%BB%D0%BE%D0%B2%D0%B5+%2A%D0%BE%D1%81%D0%B2%D0%B5%D0%B4%D0%BE%D0%BC%D0%B8%D1%88%D1%8C%D1%81%D1%8F%2A&reply_markup=%7B%22inline_keyboard%22%3A+%5B%5B%7B%22text%22%3A+%22%5Cu041e%5Cu0441%5Cu0432%5Cu0435%5Cu0434%5Cu043e%5Cu043c%5Cu0438%5Cu0448%5Cu044c%5Cu0441%5Cu044f%22%2C+%22callback_data%22%3A+%22bad%5Cu041e%5Cu0441%5Cu0432%5Cu0435%5Cu0434%5Cu043e%5Cu043c%5Cu0438%5Cu0448%5Cu044c%5Cu0441%5Cu044f%22%7D%5D%2C+%5B%7B%22text%22%3A+%22%5Cu043e%5Cu0441%5Cu0432%5Cu0415%5Cu0434%5Cu043e%5Cu043c%5Cu0438%5Cu0448%5Cu044c%5Cu0441%5Cu044f%22%2C+%22callback_data%22%3A+%22good%5Cu043e%5Cu0441%5Cu0432%5Cu0415%5Cu0434%5Cu043e%5Cu043c%5Cu0438%5Cu0448%5Cu044c%5Cu0441%5Cu044f%22%7D%5D%2C+%5B%7B%22text%22%3A+%22%5Cu043e%5Cu0441%5Cu0432%5Cu0435%5Cu0434%5Cu041e%5Cu043c%5Cu0438%5Cu0448%5Cu044c%5Cu0441%5Cu044f%22%2C+%22callback_data%22%3A+%22bad%5Cu043e%5Cu0441%5Cu0432%5Cu0435%5Cu0434%5Cu041e%5Cu043c%5Cu0438%5Cu0448%5Cu044c%5Cu0441%5Cu044f%22%7D%5D%2C+%5B%7B%22text%22%3A+%22%5Cu043e%5Cu0441%5Cu0432%5Cu0435%5Cu0434%5Cu043e%5Cu043c%5Cu0418%5Cu0448%5Cu044c%5Cu0441%5Cu044f%22%2C+%22callback_data%22%3A+%22bad%5Cu043e%5Cu0441%5Cu0432%5Cu0435%5Cu0434%5Cu043e%5Cu043c%5Cu0418%5Cu0448%5Cu044c%5Cu0441%5Cu044f%22%7D%5D%2C+%5B%7B%22text%22%3A+%22%5Cu043e%5Cu0441%5Cu0432%5Cu0435%5Cu0434%5Cu043e%5Cu043c%5Cu0438%5Cu0448%5Cu044c%5Cu0441%5Cu042f%22%2C+%22callback_data%22%3A+%22bad%5Cu043e%5Cu0441%5Cu0432%5Cu0435%5Cu0434%5Cu043e%5Cu043c%5Cu0438%5Cu0448%5Cu044c%5Cu0441%5Cu042f%22%7D%5D%5D%7D&parse_mode=MarkdownV2 HTTP/1.1" 200 1721
2021-05-11 02:05:28,373 INFO gave ӘӘӘӘӘ ӘӘӘӘӘӘ word осведомишься
2021-05-11 02:05:32,307 DEBUG https://api.telegram.org:443 "GET /bot1639467970:AAEXXyaLvwq1LIe9rOMjo0AzyhMlVKl-3Xc/getUpdates?offset=115691029&timeout=20 HTTP/1.1" 200 2131
2021-05-11 02:05:32,503 DEBUG https://api.telegram.org:443 "POST /bot1639467970:AAEXXyaLvwq1LIe9rOMjo0AzyhMlVKl-3Xc/editMessageText?text=%D0%BF%D1%80%D0%B0%D0%B2%D0%B8%D0%BB%D1%8C%D0%BD%D0%BE%E2%9C%85%0A%D0%BE%D1%82%D0%B2%D0%B5%D1%82%3A+%D0%BE%D1%81%D0%B2%D0%95%D0%B4%D0%BE%D0%BC%D0%B8%D1%88%D1%8C%D1%81%D1%8F%0A%D1%82%D1%8B+%D0%BF%D0%BE%D0%BB%D1%83%D1%87%D0%B8%D0%BB+1+%D0%B5%D0%B4%D0%B8%D0%BD%D0%B8%D1%86%D1%83+%D1%80%D0%B5%D0%B9%D1%82%D0%B8%D0%BD%D0%B3%D0%B0%21&chat_id=993159473&message_id=11107 HTTP/1.1" 200 869
2021-05-11 02:05:32,504 INFO ӘӘӘӘӘ ӘӘӘӘӘӘ answered осведомишься correct, +1 rating
2021-05-11 02:05:32,507 DEBUG main info database updated
2021-05-11 02:05:32,512 DEBUG used info database updated
2021-05-11 02:05:32,513 DEBUG achievement info database updated
2021-05-11 02:05:32,514 INFO all databases updated
2021-05-11 02:05:33,340 DEBUG https://api.telegram.org:443 "GET /bot1639467970:AAEXXyaLvwq1LIe9rOMjo0AzyhMlVKl-3Xc/getUpdates?offset=115691030&timeout=20 HTTP/1.1" 200 523
2021-05-11 02:05:33,340 INFO ӘӘӘӘӘ ӘӘӘӘӘӘ texted статы
2021-05-11 02:05:33,434 DEBUG https://api.telegram.org:443 "POST /bot1639467970:AAEXXyaLvwq1LIe9rOMjo0AzyhMlVKl-3Xc/sendMessage?chat_id=993159473&text=%2A%D0%BB%D0%B8%D1%87%D0%BD%D0%B0%D1%8F+%D1%81%D1%82%D0%B0%D1%82%D0%B8%D1%81%D1%82%D0%B8%D0%BA%D0%B0%5C.%2A%0A%D1%80%D0%B5%D0%B9%D1%82%D0%B8%D0%BD%D0%B3%3A+1%0A%D0%BC%D0%B5%D1%81%D1%82%D0%BE+%D0%B2+%D1%82%D0%BE%D0%BF%D0%B5%3A+%D1%82%D1%8B+%D0%BD%D0%B5+%D0%BE%D1%82%D0%BE%D0%B1%D1%80%D0%B0%D0%B6%D0%B0%D0%B5%D1%88%D1%8C%D1%81%D1%8F+%D0%B2+%D1%82%D0%BE%D0%BF%D0%B5+%5C%3D%5C%28%0A%D0%B7%D0%B2%D0%B0%D0%BD%D0%B8%D0%B5%3A+%D0%BD%D0%B5%D1%82+%D0%B2+%D1%82%D0%BE%D0%BF%D0%B5+%5C-+%D0%BD%D0%B5%D1%82+%D0%B7%D0%B2%D0%B0%D0%BD%D0%B8%D1%8F%5C%28%0A%D0%BF%D1%80%D0%B0%D0%B2%D0%B8%D0%BB%D1%8C%D0%BD%D1%8B%D1%85+%D0%BE%D1%82%D0%B2%D0%B5%D1%82%D0%BE%D0%B2%3A+1%0A%D0%BD%D0%B5%D0%BF%D1%80%D0%B0%D0%B2%D0%B8%D0%BB%D1%8C%D0%BD%D1%8B%D1%85+%D0%BE%D1%82%D0%B2%D0%B5%D1%82%D0%BE%D0%B2%3A+0%0A%D1%82%D0%B5%D0%BA%D1%83%D1%89%D0%B8%D0%B9+%D1%81%D1%82%D1%80%D0%B8%D0%BA%3A+%5C%2B1%0A%D0%BC%D0%B0%D0%BA%D1%81%D0%B8%D0%BC%D0%B0%D0%BB%D1%8C%D0%BD%D1%8B%D0%B9+%D1%81%D1%82%D1%80%D0%B8%D0%BA%3A+%5C%2B1%0A%D1%80%D0%B0%D0%B7%D0%B1%D0%BB%D0%BE%D0%BA%D0%B8%D1%80%D0%BE%D0%B2%D0%B0%D0%BD%D0%BE+%D1%81%D0%BB%D0%BE%D0%B2%3A+1+%2F+210&reply_markup=%7B%22keyboard%22%3A+%5B%5B%7B%22text%22%3A+%22%5Cu0441%5Cu043b%5Cu043e%5Cu0432%5Cu043e%21%22%7D%2C+%7B%22text%22%3A+%22%5Cu0441%5Cu0442%5Cu0430%5Cu0442%5Cu044b%22%7D%2C+%7B%22text%22%3A+%22%5Cu0442%5Cu043e%5Cu043f%22%7D%5D%2C+%5B%7B%22text%22%3A+%22%5Cu0434%5Cu043e%5Cu0441%5Cu0442%5Cu0438%5Cu0436%5Cu0435%5Cu043d%5Cu0438%5Cu044f%22%7D%2C+%7B%22text%22%3A+%22%5Cu043f%5Cu043e%5Cu043c%5Cu043e%5Cu0449%5Cu044c%22%7D%2C+%7B%22text%22%3A+%22%5Cu043d%5Cu0430%5Cu0441%5Cu0442%5Cu0440%5Cu043e%5Cu0439%5Cu043a%5Cu0438%22%7D%5D%5D%2C+%22resize_keyboard%22%3A+true%7D&parse_mode=MarkdownV2 HTTP/1.1" 200 1615
2021-05-11 02:05:33,434 INFO gave ӘӘӘӘӘ ӘӘӘӘӘӘ stats
2021-05-11 02:05:34,553 DEBUG https://api.telegram.org:443 "GET /bot1639467970:AAEXXyaLvwq1LIe9rOMjo0AzyhMlVKl-3Xc/getUpdates?offset=115691031&timeout=20 HTTP/1.1" 200 553
2021-05-11 02:05:34,553 INFO ӘӘӘӘӘ ӘӘӘӘӘӘ texted достижения
2021-05-11 02:05:34,643 DEBUG https://api.telegram.org:443 "POST /bot1639467970:AAEXXyaLvwq1LIe9rOMjo0AzyhMlVKl-3Xc/sendMessage?chat_id=993159473&text=%2A%D0%B4%D0%BE%D1%81%D1%82%D0%B8%D0%B6%D0%B5%D0%BD%D0%B8%D1%8F%2A%F0%9F%8F%86%0A1%5C%29+~%D1%80%D0%B0%D0%B7%D0%B1%D0%BB%D0%BE%D0%BA%D0%B8%D1%80%D0%BE%D0%B2%D0%B0%D1%82%D1%8C+%D0%B2%D1%81%D0%B5+%D1%81%D0%BB%D0%BE%D0%B2%D0%B0~%0A2%5C%29+~100+%D0%BF%D1%80%D0%B0%D0%B2%D0%B8%D0%BB%D1%8C%D0%BD%D1%8B%D1%85+%D1%81%D0%BB%D0%BE%D0%B2~%0A3%5C%29+~500+%D0%BF%D1%80%D0%B0%D0%B2%D0%B8%D0%BB%D1%8C%D0%BD%D1%8B%D1%85+%D1%81%D0%BB%D0%BE%D0%B2~%0A4%5C%29+~1000+%D0%BF%D1%80%D0%B0%D0%B2%D0%B8%D0%BB%D1%8C%D0%BD%D1%8B%D1%85+%D1%81%D0%BB%D0%BE%D0%B2~%0A5%5C%29+~%D1%82%D0%BE%D0%BF%5C-1+%D0%BF%D0%BE+%D1%80%D0%B5%D0%B9%D1%82%D0%B8%D0%BD%D0%B3%D1%83~%0A6%5C%29+~%D1%82%D0%BE%D0%BF%5C-1+%D0%BF%D0%BE+%D1%81%D1%82%D1%80%D0%B8%D0%BA%D1%83~%0A7%5C%29+~%D1%82%D0%BE%D0%BF%5C-1+%D0%BF%D0%BE+%25+%D0%BF%D1%80%D0%B0%D0%B2%D0%B8%D0%BB%D1%8C%D0%BD%D1%8B%D1%85+%D0%BE%D1%82%D0%B2%D0%B5%D1%82%D0%BE%D0%B2~%0A8%5C%29+~%D1%81%D1%82%D1%80%D0%B8%D0%BA+10~%0A9%5C%29+~%D1%81%D1%82%D1%80%D0%B8%D0%BA+50~%0A10%5C%29+~%D1%81%D1%82%D1%80%D0%B8%D0%BA+100~%0A11%5C%29+~%D1%81%D1%82%D1%80%D0%B8%D0%BA+250~%0A12%5C%29+~a+big+secret~%0A&parse_mode=MarkdownV2 HTTP/1.1" 200 2146
2021-05-11 02:05:34,644 INFO gave ӘӘӘӘӘ ӘӘӘӘӘӘ achievements
2021-05-11 02:05:35,783 DEBUG https://api.telegram.org:443 "GET /bot1639467970:AAEXXyaLvwq1LIe9rOMjo0AzyhMlVKl-3Xc/getUpdates?offset=115691032&timeout=20 HTTP/1.1" 200 529
2021-05-11 02:05:35,784 INFO ӘӘӘӘӘ ӘӘӘӘӘӘ texted помощь
2021-05-11 02:05:35,868 DEBUG https://api.telegram.org:443 "POST /bot1639467970:AAEXXyaLvwq1LIe9rOMjo0AzyhMlVKl-3Xc/sendMessage?chat_id=993159473&text=%D0%BF%D0%BE+%D0%B2%D1%81%D0%B5%D0%BC+%D0%B2%D0%BE%D0%BF%D1%80%D0%BE%D1%81%D0%B0%D0%BC%2F%D0%BF%D1%80%D0%B5%D0%B4%D0%BB%D0%BE%D0%B6%D0%B5%D0%BD%D0%B8%D1%8F%D0%BC%2F%D1%81%D0%BE%D0%B2%D0%B5%D1%82%D0%B0%D0%BC%2F%D0%B1%D0%B0%D0%B3%D0%B0%D0%BC+%D0%BF%D0%B8%D1%81%D0%B0%D1%82%D1%8C+%40Rustam_Fakhretdinov&reply_markup=%7B%22keyboard%22%3A+%5B%5B%7B%22text%22%3A+%22%5Cu0441%5Cu043b%5Cu043e%5Cu0432%5Cu043e%21%22%7D%2C+%7B%22text%22%3A+%22%5Cu0441%5Cu0442%5Cu0430%5Cu0442%5Cu044b%22%7D%2C+%7B%22text%22%3A+%22%5Cu0442%5Cu043e%5Cu043f%22%7D%5D%2C+%5B%7B%22text%22%3A+%22%5Cu0434%5Cu043e%5Cu0441%5Cu0442%5Cu0438%5Cu0436%5Cu0435%5Cu043d%5Cu0438%5Cu044f%22%7D%2C+%7B%22text%22%3A+%22%5Cu043f%5Cu043e%5Cu043c%5Cu043e%5Cu0449%5Cu044c%22%7D%2C+%7B%22text%22%3A+%22%5Cu043d%5Cu0430%5Cu0441%5Cu0442%5Cu0440%5Cu043e%5Cu0439%5Cu043a%5Cu0438%22%7D%5D%5D%2C+%22resize_keyboard%22%3A+true%7D HTTP/1.1" 200 875
2021-05-11 02:05:35,868 INFO gave ӘӘӘӘӘ ӘӘӘӘӘӘ help
2021-05-11 02:05:36,845 DEBUG https://api.telegram.org:443 "GET /bot1639467970:AAEXXyaLvwq1LIe9rOMjo0AzyhMlVKl-3Xc/getUpdates?offset=115691033&timeout=20 HTTP/1.1" 200 511
2021-05-11 02:05:36,845 INFO ӘӘӘӘӘ ӘӘӘӘӘӘ texted топ
2021-05-11 02:05:36,922 DEBUG https://api.telegram.org:443 "POST /bot1639467970:AAEXXyaLvwq1LIe9rOMjo0AzyhMlVKl-3Xc/sendMessage?chat_id=993159473&text=%D0%B2%D1%8B%D0%B1%D0%B5%D1%80%D0%B8%2C+%D0%BA%D0%B0%D0%BA%D0%BE%D0%B9+%D1%82%D0%BE%D0%BF+%D1%85%D0%BE%D1%87%D0%B5%D1%88%D1%8C+%D0%BF%D0%BE%D1%81%D0%BC%D0%BE%D1%82%D1%80%D0%B5%D1%82%D1%8C&reply_markup=%7B%22keyboard%22%3A+%5B%5B%7B%22text%22%3A+%22%5Cu0442%5Cu043e%5Cu043f+%5Cu043f%5Cu043e+%5Cu0440%5Cu0435%5Cu0439%5Cu0442%5Cu0438%5Cu043d%5Cu0433%5Cu0443%22%7D%2C+%7B%22text%22%3A+%22%5Cu0442%5Cu043e%5Cu043f+%5Cu043f%5Cu043e+%5Cu0441%5Cu0442%5Cu0440%5Cu0438%5Cu043a%5Cu0443%22%7D%5D%2C+%5B%7B%22text%22%3A+%22%5Cu0442%5Cu043e%5Cu043f+%5Cu043f%5Cu043e+%25+%5Cu043f%5Cu0440%5Cu0430%5Cu0432%5Cu0438%5Cu043b%5Cu044c%5Cu043d%5Cu044b%5Cu0445%22%7D%2C+%7B%22text%22%3A+%22%5Cu0433%5Cu043b%5Cu0430%5Cu0432%5Cu043d%5Cu043e%5Cu0435+%5Cu043c%5Cu0435%5Cu043d%5Cu044e%22%7D%5D%5D%2C+%22resize_keyboard%22%3A+true%7D HTTP/1.1" 200 713
2021-05-11 02:05:38,090 DEBUG https://api.telegram.org:443 "GET /bot1639467970:AAEXXyaLvwq1LIe9rOMjo0AzyhMlVKl-3Xc/getUpdates?offset=115691034&timeout=20 HTTP/1.1" 200 573
2021-05-11 02:05:38,091 INFO ӘӘӘӘӘ ӘӘӘӘӘӘ texted топ по рейтингу
2021-05-11 02:05:38,175 DEBUG https://api.telegram.org:443 "POST /bot1639467970:AAEXXyaLvwq1LIe9rOMjo0AzyhMlVKl-3Xc/sendMessage?chat_id=993159473&text=%2A%D1%82%D0%B5%D0%BA%D1%83%D1%89%D0%B8%D0%B9+%D1%82%D0%BE%D0%BF+%D0%BF%D0%BE+%D1%80%D0%B5%D0%B9%D1%82%D0%B8%D0%BD%D0%B3%D1%83%3A%2A%0A1%5C%29+Rustam+Fakhretdinov+%5C%7C+1233+%5C%7C+%D0%BF%D0%BE%D0%B1%D0%B5%D0%B4%D0%B8%D1%82%D0%B5%D0%BB%D1%8C+%22%D0%A0%D1%83%D1%81%D1%81%D0%BA%D0%BE%D0%B3%D0%BE+%D0%BC%D0%B5%D0%B4%D0%B2%D0%B5%D0%B6%D0%BE%D0%BD%D0%BA%D0%B0%22%0A2%5C%29+Valeriya+Bass+%5C%7C+684+%5C%7C+%D0%BF%D0%BE%D0%B1%D0%B5%D0%B4%D0%B8%D1%82%D0%B5%D0%BB%D1%8C+%D0%92%D0%A1%D0%BE%D0%A8+%D0%BF%D0%BE+%D1%80%D1%83%D1%81%D1%81%D0%BA%D0%BE%D0%BC%D1%83+%D1%8F%D0%B7%D1%8B%D0%BA%D1%83%0A3%5C%29+%D0%A1%D0%B0%D1%88%D0%B0+%5C%7C+625+%5C%7C+%D0%BF%D1%80%D0%B8%D0%B7%D0%B5%D1%80+%D0%92%D0%A1%D0%BE%D0%A8+%D0%BF%D0%BE+%D1%80%D1%83%D1%81%D1%81%D0%BA%D0%BE%D0%BC%D1%83+%D1%8F%D0%B7%D1%8B%D0%BA%D1%83%0A4%5C%29+%D0%92%D0%B8%D0%BA%D1%82%D0%BE%D1%80%D0%B8%D1%8F+%5C%7C+70+%5C%7C+%D1%83%D1%87%D0%B0%D1%81%D1%82%D0%BD%D0%B8%D0%BA+%D0%92%D0%A1%D0%BE%D0%A8+%D0%BF%D0%BE+%D1%80%D1%83%D1%81%D1%81%D0%BA%D0%BE%D0%BC%D1%83+%D1%8F%D0%B7%D1%8B%D0%BA%D1%83%0A5%5C%29+Wigga+%5C%7C+1+%5C%7C+%D0%BF%D0%BE%D0%B1%D0%B5%D0%B4%D0%B8%D1%82%D0%B5%D0%BB%D1%8C+%D1%80%D0%B5%D0%B3%D0%B8%D0%BE%D0%BD%D0%B0+%D0%BF%D0%BE+%D1%80%D1%83%D1%81%D1%81%D0%BA%D0%BE%D0%BC%D1%83+%D1%8F%D0%B7%D1%8B%D0%BA%D1%83%0A&reply_markup=%7B%22keyboard%22%3A+%5B%5B%7B%22text%22%3A+%22%5Cu0442%5Cu043e%5Cu043f+%5Cu043f%5Cu043e+%5Cu0440%5Cu0435%5Cu0439%5Cu0442%5Cu0438%5Cu043d%5Cu0433%5Cu0443%22%7D%2C+%7B%22text%22%3A+%22%5Cu0442%5Cu043e%5Cu043f+%5Cu043f%5Cu043e+%5Cu0441%5Cu0442%5Cu0440%5Cu0438%5Cu043a%5Cu0443%22%7D%5D%2C+%5B%7B%22text%22%3A+%22%5Cu0442%5Cu043e%5Cu043f+%5Cu043f%5Cu043e+%25+%5Cu043f%5Cu0440%5Cu0430%5Cu0432%5Cu0438%5Cu043b%5Cu044c%5Cu043d%5Cu044b%5Cu0445%22%7D%2C+%7B%22text%22%3A+%22%5Cu0433%5Cu043b%5Cu0430%5Cu0432%5Cu043d%5Cu043e%5Cu0435+%5Cu043c%5Cu0435%5Cu043d%5Cu044e%22%7D%5D%5D%2C+%22resize_keyboard%22%3A+true%7D&parse_mode=MarkdownV2 HTTP/1.1" 200 1749
2021-05-11 02:05:38,176 INFO gave ӘӘӘӘӘ ӘӘӘӘӘӘ top_rating
2021-05-11 02:05:38,824 DEBUG https://api.telegram.org:443 "GET /bot1639467970:AAEXXyaLvwq1LIe9rOMjo0AzyhMlVKl-3Xc/getUpdates?offset=115691035&timeout=20 HTTP/1.1" 200 561
2021-05-11 02:05:38,824 INFO ӘӘӘӘӘ ӘӘӘӘӘӘ texted топ по стрику
2021-05-11 02:05:38,910 DEBUG https://api.telegram.org:443 "POST /bot1639467970:AAEXXyaLvwq1LIe9rOMjo0AzyhMlVKl-3Xc/sendMessage?chat_id=993159473&text=%2A%D1%82%D0%B5%D0%BA%D1%83%D1%89%D0%B8%D0%B9+%D1%82%D0%BE%D0%BF+%D0%BF%D0%BE+%D1%81%D1%82%D1%80%D0%B8%D0%BA%D1%83%3A%2A%0A1%5C%29+Valeriya+Bass+%5C%7C+%5C%2B+331%0A2%5C%29+Rustam+Fakhretdinov+%5C%7C+%5C%2B+66%0A3%5C%29+%D0%92%D0%B8%D0%BA%D1%82%D0%BE%D1%80%D0%B8%D1%8F+%5C%7C+%5C%2B+18%0A4%5C%29+%D0%A1%D0%B0%D1%88%D0%B0+%5C%7C+0%0A5%5C%29+Wigga+%5C%7C+0%0A&reply_markup=%7B%22keyboard%22%3A+%5B%5B%7B%22text%22%3A+%22%5Cu0442%5Cu043e%5Cu043f+%5Cu043f%5Cu043e+%5Cu0440%5Cu0435%5Cu0439%5Cu0442%5Cu0438%5Cu043d%5Cu0433%5Cu0443%22%7D%2C+%7B%22text%22%3A+%22%5Cu0442%5Cu043e%5Cu043f+%5Cu043f%5Cu043e+%5Cu0441%5Cu0442%5Cu0440%5Cu0438%5Cu043a%5Cu0443%22%7D%5D%2C+%5B%7B%22text%22%3A+%22%5Cu0442%5Cu043e%5Cu043f+%5Cu043f%5Cu043e+%25+%5Cu043f%5Cu0440%5Cu0430%5Cu0432%5Cu0438%5Cu043b%5Cu044c%5Cu043d%5Cu044b%5Cu0445%22%7D%2C+%7B%22text%22%3A+%22%5Cu0433%5Cu043b%5Cu0430%5Cu0432%5Cu043d%5Cu043e%5Cu0435+%5Cu043c%5Cu0435%5Cu043d%5Cu044e%22%7D%5D%5D%2C+%22resize_keyboard%22%3A+true%7D&parse_mode=MarkdownV2 HTTP/1.1" 200 856
2021-05-11 02:05:38,910 INFO gave ӘӘӘӘӘ ӘӘӘӘӘӘ top_streak
2021-05-11 02:05:39,319 DEBUG https://api.telegram.org:443 "GET /bot1639467970:AAEXXyaLvwq1LIe9rOMjo0AzyhMlVKl-3Xc/getUpdates?offset=115691036&timeout=20 HTTP/1.1" 200 587
2021-05-11 02:05:39,319 INFO ӘӘӘӘӘ ӘӘӘӘӘӘ texted топ по % правильных
2021-05-11 02:05:39,405 DEBUG https://api.telegram.org:443 "POST /bot1639467970:AAEXXyaLvwq1LIe9rOMjo0AzyhMlVKl-3Xc/sendMessage?chat_id=993159473&text=%2A%D1%82%D0%B5%D0%BA%D1%83%D1%89%D0%B8%D0%B9+%D1%82%D0%BE%D0%BF+%D0%BF%D0%BE+%5C%25+%D0%BF%D1%80%D0%B0%D0%B2%D0%B8%D0%BB%D1%8C%D0%BD%D1%8B%D1%85+%D0%BE%D1%82%D0%B2%D0%B5%D1%82%D0%BE%D0%B2%2A+_%5C%28%D0%BF%D0%BE%D0%BB%D1%8C%D0%B7%D0%BE%D0%B2%D0%B0%D1%82%D0%B5%D0%BB%D0%B8+%D1%81+%D0%BA%D0%BE%D0%BB%D0%B8%D1%87%D0%B5%D1%81%D1%82%D0%B2%D0%BE%D0%BC+%D0%BE%D1%82%D0%B2%D0%B5%D1%82%D0%BE%D0%B2+%D0%BD%D0%B5+%D0%BC%D0%B5%D0%BD%D1%8C%D1%88%D0%B5+100%5C%29_%3A%0A1%5C%29+Valeriya+Bass+99%5C.13%5C%25+%5C%28683+%D0%BF%D1%80%D0%B0%D0%B2%D0%B8%D0%BB%D1%8C%D0%BD%D1%8B%D1%85+%D0%B8%D0%B7+689%5C%29%0A2%5C%29+%D0%A1%D0%B0%D1%88%D0%B0+97%5C.22%5C%25+%5C%28629+%D0%BF%D1%80%D0%B0%D0%B2%D0%B8%D0%BB%D1%8C%D0%BD%D1%8B%D1%85+%D0%B8%D0%B7+647%5C%29%0A3%5C%29+Rustam+Fakhretdinov+91%5C.7%5C%25+%5C%281281+%D0%BF%D1%80%D0%B0%D0%B2%D0%B8%D0%BB%D1%8C%D0%BD%D1%8B%D1%85+%D0%B8%D0%B7+1397%5C%29%0A4%5C%29+%D0%92%D0%B8%D0%BA%D1%82%D0%BE%D1%80%D0%B8%D1%8F+76%5C.27%5C%25+%5C%2890+%D0%BF%D1%80%D0%B0%D0%B2%D0%B8%D0%BB%D1%8C%D0%BD%D1%8B%D1%85+%D0%B8%D0%B7+118%5C%29%0A&reply_markup=%7B%22keyboard%22%3A+%5B%5B%7B%22text%22%3A+%22%5Cu0442%5Cu043e%5Cu043f+%5Cu043f%5Cu043e+%5Cu0440%5Cu0435%5Cu0439%5Cu0442%5Cu0438%5Cu043d%5Cu0433%5Cu0443%22%7D%2C+%7B%22text%22%3A+%22%5Cu0442%5Cu043e%5Cu043f+%5Cu043f%5Cu043e+%5Cu0441%5Cu0442%5Cu0440%5Cu0438%5Cu043a%5Cu0443%22%7D%5D%2C+%5B%7B%22text%22%3A+%22%5Cu0442%5Cu043e%5Cu043f+%5Cu043f%5Cu043e+%25+%5Cu043f%5Cu0440%5Cu0430%5Cu0432%5Cu0438%5Cu043b%5Cu044c%5Cu043d%5Cu044b%5Cu0445%22%7D%2C+%7B%22text%22%3A+%22%5Cu0433%5Cu043b%5Cu0430%5Cu0432%5Cu043d%5Cu043e%5Cu0435+%5Cu043c%5Cu0435%5Cu043d%5Cu044e%22%7D%5D%5D%2C+%22resize_keyboard%22%3A+true%7D&parse_mode=MarkdownV2 HTTP/1.1" 200 1537
2021-05-11 02:05:39,406 INFO gave ӘӘӘӘӘ ӘӘӘӘӘӘ top_percent
2021-05-11 02:05:39,766 DEBUG https://api.telegram.org:443 "GET /bot1639467970:AAEXXyaLvwq1LIe9rOMjo0AzyhMlVKl-3Xc/getUpdates?offset=115691037&timeout=20 HTTP/1.1" 200 560
2021-05-11 02:05:39,766 INFO ӘӘӘӘӘ ӘӘӘӘӘӘ texted главное меню
2021-05-11 02:05:39,846 DEBUG https://api.telegram.org:443 "POST /bot1639467970:AAEXXyaLvwq1LIe9rOMjo0AzyhMlVKl-3Xc/sendMessage?chat_id=993159473&text=%D1%81%D0%BA%D0%BE%D1%80%D0%B5%D0%B5+%D0%B2%D1%81%D0%B5%D0%B3%D0%BE%2C+%D0%B2%D1%8B%D0%B9%D1%82%D0%B8+%D0%B2+%D0%B3%D0%BB%D0%B0%D0%B2%D0%BD%D0%BE%D0%B5+%D0%BC%D0%B5%D0%BD%D1%8E+%D0%BC%D0%BE%D0%B6%D0%BD%D0%BE+%D0%B1%D0%B5%D0%B7+%D1%81%D0%BE%D0%BE%D0%B1%D1%89%D0%B5%D0%BD%D0%B8%D1%8F%2C+%D0%BD%D0%BE+%D1%8F+%D0%BD%D0%B5+%D1%81%D0%BC%D0%BE%D0%B3+%D0%BD%D0%B0%D0%B3%D1%83%D0%B3%D0%BB%D0%B8%D1%82%D1%8C+%D1%82%D0%BE%2C+%D0%BA%D0%B0%D0%BA+%D1%8D%D1%82%D0%BE+%D1%81%D0%B4%D0%B5%D0%BB%D0%B0%D1%82%D1%8C%2C+%D0%BF%D0%BE%D1%8D%D1%82%D0%BE%D0%BC%D1%83+%D0%BC%D0%BE%D0%B3%D1%83+%D0%BF%D1%80%D0%BE%D1%81%D1%82%D0%BE+%D1%81%D0%BA%D0%B0%D0%B7%D0%B0%D1%82%D1%8C%2C+%D1%87%D1%82%D0%BE+%D0%B2+%D0%B4%D0%B0%D0%BD%D0%BD%D1%8B%D0%B9+%D0%BC%D0%BE%D0%BC%D0%B5%D0%BD%D1%82+%D0%BD%D0%B0+43%25+%D1%82%D1%8B+%D0%BB%D0%BE%D1%85%29%29%29%29%29%29&reply_markup=%7B%22keyboard%22%3A+%5B%5B%7B%22text%22%3A+%22%5Cu0441%5Cu043b%5Cu043e%5Cu0432%5Cu043e%21%22%7D%2C+%7B%22text%22%3A+%22%5Cu0441%5Cu0442%5Cu0430%5Cu0442%5Cu044b%22%7D%2C+%7B%22text%22%3A+%22%5Cu0442%5Cu043e%5Cu043f%22%7D%5D%2C+%5B%7B%22text%22%3A+%22%5Cu0434%5Cu043e%5Cu0441%5Cu0442%5Cu0438%5Cu0436%5Cu0435%5Cu043d%5Cu0438%5Cu044f%22%7D%2C+%7B%22text%22%3A+%22%5Cu043f%5Cu043e%5Cu043c%5Cu043e%5Cu0449%5Cu044c%22%7D%2C+%7B%22text%22%3A+%22%5Cu043d%5Cu0430%5Cu0441%5Cu0442%5Cu0440%5Cu043e%5Cu0439%5Cu043a%5Cu0438%22%7D%5D%5D%2C+%22resize_keyboard%22%3A+true%7D HTTP/1.1" 200 1321
2021-05-11 02:05:39,847 INFO gave ӘӘӘӘӘ ӘӘӘӘӘӘ main_menu
2021-05-11 02:05:40,249 DEBUG https://api.telegram.org:443 "GET /bot1639467970:AAEXXyaLvwq1LIe9rOMjo0AzyhMlVKl-3Xc/getUpdates?offset=115691038&timeout=20 HTTP/1.1" 200 547
2021-05-11 02:05:40,251 INFO ӘӘӘӘӘ ӘӘӘӘӘӘ texted настройки
2021-05-11 02:05:40,338 DEBUG https://api.telegram.org:443 "POST /bot1639467970:AAEXXyaLvwq1LIe9rOMjo0AzyhMlVKl-3Xc/sendMessage?chat_id=993159473&text=%D0%B4%D0%B0%2C+%D0%BD%D0%B0%D1%81%D1%82%D1%80%D0%BE%D0%B5%D0%BA+%D0%BF%D0%BE%D0%BA%D0%B0+%D0%BC%D0%B0%D0%BB%D0%BE%D0%B2%D0%B0%D1%82%D0%BE...+%D0%BD%D0%BE+%D1%8D%D1%82%D0%BE+%D0%B6%D0%B5+%D0%BB%D1%83%D1%87%D1%88%D0%B5%2C+%D1%87%D0%B5%D0%BC+%D0%BD%D0%B8%D1%87%D0%B5%D0%B3%D0%BE%3F&reply_markup=%7B%22keyboard%22%3A+%5B%5B%7B%22text%22%3A+%22%5Cu043d%5Cu0430%5Cu0441%5Cu0442%5Cu0440%5Cu043e%5Cu0439%5Cu043a%5Cu0438+%5Cu043e%5Cu0442%5Cu043e%5Cu0431%5Cu0440%5Cu0430%5Cu0436%5Cu0435%5Cu043d%5Cu0438%5Cu044f+%5Cu0432+%5Cu0442%5Cu043e%5Cu043f%5Cu0435%22%7D%2C+%7B%22text%22%3A+%22%5Cu0433%5Cu043b%5Cu0430%5Cu0432%5Cu043d%5Cu043e%5Cu0435+%5Cu043c%5Cu0435%5Cu043d%5Cu044e%22%7D%5D%5D%2C+%22resize_keyboard%22%3A+true%7D HTTP/1.1" 200 801
2021-05-11 02:05:40,340 INFO gave ӘӘӘӘӘ ӘӘӘӘӘӘ settings_main
2021-05-11 02:05:41,004 DEBUG https://api.telegram.org:443 "GET /bot1639467970:AAEXXyaLvwq1LIe9rOMjo0AzyhMlVKl-3Xc/getUpdates?offset=115691039&timeout=20 HTTP/1.1" 200 646
2021-05-11 02:05:41,004 INFO ӘӘӘӘӘ ӘӘӘӘӘӘ texted настройки отображения в топе
2021-05-11 02:05:41,096 DEBUG https://api.telegram.org:443 "POST /bot1639467970:AAEXXyaLvwq1LIe9rOMjo0AzyhMlVKl-3Xc/sendMessage?chat_id=993159473&text=%D1%82%D0%B5%D0%BB%D0%B5%D0%BF%D0%BE%D1%80%D1%82%D0%B8%D1%80%D1%83%D1%8E+%D0%B2+%D0%BD%D0%B0%D1%81%D1%82%D1%80%D0%BE%D0%B9%D0%BA%D0%B8+%D0%BE%D1%82%D0%BE%D0%B1%D1%80%D0%B0%D0%B6%D0%B5%D0%BD%D0%B8%D1%8F+%D0%B2+%D1%82%D0%BE%D0%BF%D0%B5...&reply_markup=%7B%22keyboard%22%3A+%5B%5B%7B%22text%22%3A+%22%5Cu0432%5Cu043a%5Cu043b%2F%5Cu0432%5Cu044b%5Cu043a%5Cu043b+%5Cu043e%5Cu0442%5Cu043e%5Cu0431%5Cu0440%5Cu0430%5Cu0436%5Cu0435%5Cu043d%5Cu0438%5Cu0435+%5Cu0432+%5Cu0442%5Cu043e%5Cu043f%5Cu0435%22%7D%2C+%7B%22text%22%3A+%22%5Cu043e%5Cu0431%5Cu043d%5Cu043e%5Cu0432%5Cu0438%5Cu0442%5Cu044c+%5Cu043c%5Cu043e%5Cu0435+%5Cu0438%5Cu043c%5Cu044f+%5Cu0432+%5Cu0442%5Cu043e%5Cu043f%5Cu0435%22%7D%2C+%7B%22text%22%3A+%22%5Cu0432%5Cu0435%5Cu0440%5Cu043d%5Cu0443%5Cu0442%5Cu044c%5Cu0441%5Cu044f+%5Cu043a+%5Cu043c%5Cu0435%5Cu043d%5Cu044e+%5Cu043d%5Cu0430%5Cu0441%5Cu0442%5Cu0440%5Cu043e%5Cu0435%5Cu043a%22%7D%5D%5D%2C+%22resize_keyboard%22%3A+true%7D HTTP/1.1" 200 764
2021-05-11 02:05:41,097 INFO gave ӘӘӘӘӘ ӘӘӘӘӘӘ settings_top
2021-05-11 02:05:42,112 DEBUG https://api.telegram.org:443 "GET /bot1639467970:AAEXXyaLvwq1LIe9rOMjo0AzyhMlVKl-3Xc/getUpdates?offset=115691040&timeout=20 HTTP/1.1" 200 635
2021-05-11 02:05:42,113 INFO ӘӘӘӘӘ ӘӘӘӘӘӘ texted вкл/выкл отображение в топе
2021-05-11 02:05:42,188 DEBUG https://api.telegram.org:443 "POST /bot1639467970:AAEXXyaLvwq1LIe9rOMjo0AzyhMlVKl-3Xc/sendMessage?chat_id=993159473&text=%D0%BE%D1%82%D0%BE%D0%B1%D1%80%D0%B0%D0%B6%D0%B0%D1%82%D1%8C+%D0%BB%D0%B8+%D1%82%D0%B5%D0%B1%D1%8F+%D0%B2+%D1%82%D0%BE%D0%BF%D0%B5%3F&reply_markup=%7B%22inline_keyboard%22%3A+%5B%5B%7B%22text%22%3A+%22%5Cu0434%5Cu0430%22%2C+%22callback_data%22%3A+%22top_yes%22%7D%5D%2C+%5B%7B%22text%22%3A+%22%5Cu043d%5Cu0435%5Cu0442%22%2C+%22callback_data%22%3A+%22top_no%22%7D%5D%5D%7D HTTP/1.1" 200 805
2021-05-11 02:05:42,188 INFO gave ӘӘӘӘӘ ӘӘӘӘӘӘ settings_top_visibility
2021-05-11 02:05:42,806 DEBUG https://api.telegram.org:443 "GET /bot1639467970:AAEXXyaLvwq1LIe9rOMjo0AzyhMlVKl-3Xc/getUpdates?offset=115691041&timeout=20 HTTP/1.1" 200 1146
2021-05-11 02:05:42,956 DEBUG https://api.telegram.org:443 "POST /bot1639467970:AAEXXyaLvwq1LIe9rOMjo0AzyhMlVKl-3Xc/deleteMessage?chat_id=993159473&message_id=11129 HTTP/1.1" 200 25
2021-05-11 02:05:43,108 DEBUG https://api.telegram.org:443 "POST /bot1639467970:AAEXXyaLvwq1LIe9rOMjo0AzyhMlVKl-3Xc/sendMessage?chat_id=993159473&text=%D0%BE%D0%BA%D0%B5%D0%B9%21+%D0%BD%D0%B0%D0%B4%D0%B5%D1%8E%D1%81%D1%8C%2C+%D1%82%D1%8B+%D1%81%D0%BC%D0%BE%D0%B6%D0%B5%D1%88%D1%8C+%D0%BF%D0%BE%D0%BA%D0%BE%D1%80%D0%B8%D1%82%D1%8C+%D0%B2%D0%B5%D1%80%D1%88%D0%B8%D0%BD%D1%83%21 HTTP/1.1" 200 746
2021-05-11 02:05:43,109 INFO ӘӘӘӘӘ ӘӘӘӘӘӘ now available in top
2021-05-11 02:05:43,117 DEBUG main info database updated
2021-05-11 02:05:43,129 DEBUG used info database updated
2021-05-11 02:05:43,132 DEBUG achievement info database updated
2021-05-11 02:05:43,132 INFO all databases updated
2021-05-11 02:05:43,599 DEBUG https://api.telegram.org:443 "GET /bot1639467970:AAEXXyaLvwq1LIe9rOMjo0AzyhMlVKl-3Xc/getUpdates?offset=115691042&timeout=20 HTTP/1.1" 200 611
2021-05-11 02:05:43,599 INFO ӘӘӘӘӘ ӘӘӘӘӘӘ texted обновить мое имя в топе
2021-05-11 02:05:43,680 DEBUG https://api.telegram.org:443 "POST /bot1639467970:AAEXXyaLvwq1LIe9rOMjo0AzyhMlVKl-3Xc/sendMessage?chat_id=993159473&text=%D0%B8%D0%B7%D0%BC%D0%B5%D0%BD%D0%B8%D0%BB+%D1%82%D0%B2%D0%BE%D0%B5+%D0%B8%D0%BC%D1%8F+%D0%B2+%D1%81%D0%BE%D0%BE%D1%82%D0%B2%D0%B5%D1%82%D1%81%D1%82%D0%B2%D0%B8%D0%B8+%D1%81+%D1%82%D0%B2%D0%BE%D0%B8%D0%BC+%D1%82%D0%B5%D0%BB%D0%B5%D0%B3%D1%80%D0%B0%D0%BC-%D0%B0%D0%BA%D0%BA%D0%B0%D1%83%D0%BD%D1%82%D0%BE%D0%BC%21 HTTP/1.1" 200 837
2021-05-11 02:05:43,680 INFO ӘӘӘӘӘ ӘӘӘӘӘӘ changed name to ӘӘӘӘӘ ӘӘӘӘӘӘ
2021-05-11 02:05:43,687 DEBUG main info database updated
2021-05-11 02:05:43,696 DEBUG used info database updated
2021-05-11 02:05:43,698 DEBUG achievement info database updated
2021-05-11 02:05:43,699 INFO all databases updated
2021-05-11 02:05:44,230 DEBUG https://api.telegram.org:443 "GET /bot1639467970:AAEXXyaLvwq1LIe9rOMjo0AzyhMlVKl-3Xc/getUpdates?offset=115691043&timeout=20 HTTP/1.1" 200 628
2021-05-11 02:05:44,231 INFO ӘӘӘӘӘ ӘӘӘӘӘӘ texted вернуться к меню настроек
2021-05-11 02:05:44,315 DEBUG https://api.telegram.org:443 "POST /bot1639467970:AAEXXyaLvwq1LIe9rOMjo0AzyhMlVKl-3Xc/sendMessage?chat_id=993159473&text=%D0%B4%D0%B0%2C+%D0%BD%D0%B0%D1%81%D1%82%D1%80%D0%BE%D0%B5%D0%BA+%D0%BF%D0%BE%D0%BA%D0%B0+%D0%BC%D0%B0%D0%BB%D0%BE%D0%B2%D0%B0%D1%82%D0%BE...+%D0%BD%D0%BE+%D1%8D%D1%82%D0%BE+%D0%B6%D0%B5+%D0%BB%D1%83%D1%87%D1%88%D0%B5%2C+%D1%87%D0%B5%D0%BC+%D0%BD%D0%B8%D1%87%D0%B5%D0%B3%D0%BE%3F&reply_markup=%7B%22keyboard%22%3A+%5B%5B%7B%22text%22%3A+%22%5Cu043d%5Cu0430%5Cu0441%5Cu0442%5Cu0440%5Cu043e%5Cu0439%5Cu043a%5Cu0438+%5Cu043e%5Cu0442%5Cu043e%5Cu0431%5Cu0440%5Cu0430%5Cu0436%5Cu0435%5Cu043d%5Cu0438%5Cu044f+%5Cu0432+%5Cu0442%5Cu043e%5Cu043f%5Cu0435%22%7D%2C+%7B%22text%22%3A+%22%5Cu0433%5Cu043b%5Cu0430%5Cu0432%5Cu043d%5Cu043e%5Cu0435+%5Cu043c%5Cu0435%5Cu043d%5Cu044e%22%7D%5D%5D%2C+%22resize_keyboard%22%3A+true%7D HTTP/1.1" 200 801
2021-05-11 02:05:44,315 INFO gave ӘӘӘӘӘ ӘӘӘӘӘӘ settings_main
2021-05-11 02:05:45,550 DEBUG https://api.telegram.org:443 "GET /bot1639467970:AAEXXyaLvwq1LIe9rOMjo0AzyhMlVKl-3Xc/getUpdates?offset=115691044&timeout=20 HTTP/1.1" 200 560
2021-05-11 02:05:45,550 INFO ӘӘӘӘӘ ӘӘӘӘӘӘ texted главное меню
2021-05-11 02:05:45,630 DEBUG https://api.telegram.org:443 "POST /bot1639467970:AAEXXyaLvwq1LIe9rOMjo0AzyhMlVKl-3Xc/sendMessage?chat_id=993159473&text=%D1%81%D0%BA%D0%BE%D1%80%D0%B5%D0%B5+%D0%B2%D1%81%D0%B5%D0%B3%D0%BE%2C+%D0%B2%D1%8B%D0%B9%D1%82%D0%B8+%D0%B2+%D0%B3%D0%BB%D0%B0%D0%B2%D0%BD%D0%BE%D0%B5+%D0%BC%D0%B5%D0%BD%D1%8E+%D0%BC%D0%BE%D0%B6%D0%BD%D0%BE+%D0%B1%D0%B5%D0%B7+%D1%81%D0%BE%D0%BE%D0%B1%D1%89%D0%B5%D0%BD%D0%B8%D1%8F%2C+%D0%BD%D0%BE+%D1%8F+%D0%BD%D0%B5+%D1%81%D0%BC%D0%BE%D0%B3+%D0%BD%D0%B0%D0%B3%D1%83%D0%B3%D0%BB%D0%B8%D1%82%D1%8C+%D1%82%D0%BE%2C+%D0%BA%D0%B0%D0%BA+%D1%8D%D1%82%D0%BE+%D1%81%D0%B4%D0%B5%D0%BB%D0%B0%D1%82%D1%8C%2C+%D0%BF%D0%BE%D1%8D%D1%82%D0%BE%D0%BC%D1%83+%D0%BC%D0%BE%D0%B3%D1%83+%D0%BF%D1%80%D0%BE%D1%81%D1%82%D0%BE+%D1%81%D0%BA%D0%B0%D0%B7%D0%B0%D1%82%D1%8C%2C+%D1%87%D1%82%D0%BE+%D0%B2+%D0%B4%D0%B0%D0%BD%D0%BD%D1%8B%D0%B9+%D0%BC%D0%BE%D0%BC%D0%B5%D0%BD%D1%82+%D0%BD%D0%B0+51%25+%D1%82%D1%8B+%D0%BB%D0%BE%D1%85%29%29%29%29%29%29&reply_markup=%7B%22keyboard%22%3A+%5B%5B%7B%22text%22%3A+%22%5Cu0441%5Cu043b%5Cu043e%5Cu0432%5Cu043e%21%22%7D%2C+%7B%22text%22%3A+%22%5Cu0441%5Cu0442%5Cu0430%5Cu0442%5Cu044b%22%7D%2C+%7B%22text%22%3A+%22%5Cu0442%5Cu043e%5Cu043f%22%7D%5D%2C+%5B%7B%22text%22%3A+%22%5Cu0434%5Cu043e%5Cu0441%5Cu0442%5Cu0438%5Cu0436%5Cu0435%5Cu043d%5Cu0438%5Cu044f%22%7D%2C+%7B%22text%22%3A+%22%5Cu043f%5Cu043e%5Cu043c%5Cu043e%5Cu0449%5Cu044c%22%7D%2C+%7B%22text%22%3A+%22%5Cu043d%5Cu0430%5Cu0441%5Cu0442%5Cu0440%5Cu043e%5Cu0439%5Cu043a%5Cu0438%22%7D%5D%5D%2C+%22resize_keyboard%22%3A+true%7D HTTP/1.1" 200 1321
2021-05-11 02:05:45,631 INFO gave ӘӘӘӘӘ ӘӘӘӘӘӘ main_menu
2021-05-11 02:05:47,603 DEBUG https://api.telegram.org:443 "GET /bot1639467970:AAEXXyaLvwq1LIe9rOMjo0AzyhMlVKl-3Xc/getUpdates?offset=115691045&timeout=20 HTTP/1.1" 200 511
2021-05-11 02:05:47,604 INFO ӘӘӘӘӘ ӘӘӘӘӘӘ texted топ
2021-05-11 02:05:47,686 DEBUG https://api.telegram.org:443 "POST /bot1639467970:AAEXXyaLvwq1LIe9rOMjo0AzyhMlVKl-3Xc/sendMessage?chat_id=993159473&text=%D0%B2%D1%8B%D0%B1%D0%B5%D1%80%D0%B8%2C+%D0%BA%D0%B0%D0%BA%D0%BE%D0%B9+%D1%82%D0%BE%D0%BF+%D1%85%D0%BE%D1%87%D0%B5%D1%88%D1%8C+%D0%BF%D0%BE%D1%81%D0%BC%D0%BE%D1%82%D1%80%D0%B5%D1%82%D1%8C&reply_markup=%7B%22keyboard%22%3A+%5B%5B%7B%22text%22%3A+%22%5Cu0442%5Cu043e%5Cu043f+%5Cu043f%5Cu043e+%5Cu0440%5Cu0435%5Cu0439%5Cu0442%5Cu0438%5Cu043d%5Cu0433%5Cu0443%22%7D%2C+%7B%22text%22%3A+%22%5Cu0442%5Cu043e%5Cu043f+%5Cu043f%5Cu043e+%5Cu0441%5Cu0442%5Cu0440%5Cu0438%5Cu043a%5Cu0443%22%7D%5D%2C+%5B%7B%22text%22%3A+%22%5Cu0442%5Cu043e%5Cu043f+%5Cu043f%5Cu043e+%25+%5Cu043f%5Cu0440%5Cu0430%5Cu0432%5Cu0438%5Cu043b%5Cu044c%5Cu043d%5Cu044b%5Cu0445%22%7D%2C+%7B%22text%22%3A+%22%5Cu0433%5Cu043b%5Cu0430%5Cu0432%5Cu043d%5Cu043e%5Cu0435+%5Cu043c%5Cu0435%5Cu043d%5Cu044e%22%7D%5D%5D%2C+%22resize_keyboard%22%3A+true%7D HTTP/1.1" 200 713
2021-05-11 02:05:49,097 DEBUG https://api.telegram.org:443 "GET /bot1639467970:AAEXXyaLvwq1LIe9rOMjo0AzyhMlVKl-3Xc/getUpdates?offset=115691046&timeout=20 HTTP/1.1" 200 573
2021-05-11 02:05:49,098 INFO ӘӘӘӘӘ ӘӘӘӘӘӘ texted топ по рейтингу
2021-05-11 02:05:49,177 DEBUG https://api.telegram.org:443 "POST /bot1639467970:AAEXXyaLvwq1LIe9rOMjo0AzyhMlVKl-3Xc/sendMessage?chat_id=993159473&text=%2A%D1%82%D0%B5%D0%BA%D1%83%D1%89%D0%B8%D0%B9+%D1%82%D0%BE%D0%BF+%D0%BF%D0%BE+%D1%80%D0%B5%D0%B9%D1%82%D0%B8%D0%BD%D0%B3%D1%83%3A%2A%0A1%5C%29+Rustam+Fakhretdinov+%5C%7C+1233+%5C%7C+%D0%BF%D0%BE%D0%B1%D0%B5%D0%B4%D0%B8%D1%82%D0%B5%D0%BB%D1%8C+%22%D0%A0%D1%83%D1%81%D1%81%D0%BA%D0%BE%D0%B3%D0%BE+%D0%BC%D0%B5%D0%B4%D0%B2%D0%B5%D0%B6%D0%BE%D0%BD%D0%BA%D0%B0%22%0A2%5C%29+Valeriya+Bass+%5C%7C+684+%5C%7C+%D0%BF%D0%BE%D0%B1%D0%B5%D0%B4%D0%B8%D1%82%D0%B5%D0%BB%D1%8C+%D0%92%D0%A1%D0%BE%D0%A8+%D0%BF%D0%BE+%D1%80%D1%83%D1%81%D1%81%D0%BA%D0%BE%D0%BC%D1%83+%D1%8F%D0%B7%D1%8B%D0%BA%D1%83%0A3%5C%29+%D0%A1%D0%B0%D1%88%D0%B0+%5C%7C+625+%5C%7C+%D0%BF%D1%80%D0%B8%D0%B7%D0%B5%D1%80+%D0%92%D0%A1%D0%BE%D0%A8+%D0%BF%D0%BE+%D1%80%D1%83%D1%81%D1%81%D0%BA%D0%BE%D0%BC%D1%83+%D1%8F%D0%B7%D1%8B%D0%BA%D1%83%0A4%5C%29+%D0%92%D0%B8%D0%BA%D1%82%D0%BE%D1%80%D0%B8%D1%8F+%5C%7C+70+%5C%7C+%D1%83%D1%87%D0%B0%D1%81%D1%82%D0%BD%D0%B8%D0%BA+%D0%92%D0%A1%D0%BE%D0%A8+%D0%BF%D0%BE+%D1%80%D1%83%D1%81%D1%81%D0%BA%D0%BE%D0%BC%D1%83+%D1%8F%D0%B7%D1%8B%D0%BA%D1%83%0A5%5C%29+Wigga+%5C%7C+1+%5C%7C+%D0%BF%D0%BE%D0%B1%D0%B5%D0%B4%D0%B8%D1%82%D0%B5%D0%BB%D1%8C+%D1%80%D0%B5%D0%B3%D0%B8%D0%BE%D0%BD%D0%B0+%D0%BF%D0%BE+%D1%80%D1%83%D1%81%D1%81%D0%BA%D0%BE%D0%BC%D1%83+%D1%8F%D0%B7%D1%8B%D0%BA%D1%83%0A6%5C%29+%D3%98%D3%98%D3%98%D3%98%D3%98+%D3%98%D3%98%D3%98%D3%98%D3%98%D3%98+%5C%7C+1+%5C%7C+%D0%BF%D1%80%D0%B8%D0%B7%D0%B5%D1%80+%D1%80%D0%B5%D0%B3%D0%B8%D0%BE%D0%BD%D0%B0+%D0%BF%D0%BE+%D1%80%D1%83%D1%81%D1%81%D0%BA%D0%BE%D0%BC%D1%83+%D1%8F%D0%B7%D1%8B%D0%BA%D1%83%0A&reply_markup=%7B%22keyboard%22%3A+%5B%5B%7B%22text%22%3A+%22%5Cu0442%5Cu043e%5Cu043f+%5Cu043f%5Cu043e+%5Cu0440%5Cu0435%5Cu0439%5Cu0442%5Cu0438%5Cu043d%5Cu0433%5Cu0443%22%7D%2C+%7B%22text%22%3A+%22%5Cu0442%5Cu043e%5Cu043f+%5Cu043f%5Cu043e+%5Cu0441%5Cu0442%5Cu0440%5Cu0438%5Cu043a%5Cu0443%22%7D%5D%2C+%5B%7B%22text%22%3A+%22%5Cu0442%5Cu043e%5Cu043f+%5Cu043f%5Cu043e+%25+%5Cu043f%5Cu0440%5Cu0430%5Cu0432%5Cu0438%5Cu043b%5Cu044c%5Cu043d%5Cu044b%5Cu0445%22%7D%2C+%7B%22text%22%3A+%22%5Cu0433%5Cu043b%5Cu0430%5Cu0432%5Cu043d%5Cu043e%5Cu0435+%5Cu043c%5Cu0435%5Cu043d%5Cu044e%22%7D%5D%5D%2C+%22resize_keyboard%22%3A+true%7D&parse_mode=MarkdownV2 HTTP/1.1" 200 2000
2021-05-11 02:05:49,177 INFO gave ӘӘӘӘӘ ӘӘӘӘӘӘ top_rating
2021-05-11 02:05:50,351 DEBUG https://api.telegram.org:443 "GET /bot1639467970:AAEXXyaLvwq1LIe9rOMjo0AzyhMlVKl-3Xc/getUpdates?offset=115691047&timeout=20 HTTP/1.1" 200 561
2021-05-11 02:05:50,352 INFO ӘӘӘӘӘ ӘӘӘӘӘӘ texted топ по стрику
2021-05-11 02:05:50,436 DEBUG https://api.telegram.org:443 "POST /bot1639467970:AAEXXyaLvwq1LIe9rOMjo0AzyhMlVKl-3Xc/sendMessage?chat_id=993159473&text=%2A%D1%82%D0%B5%D0%BA%D1%83%D1%89%D0%B8%D0%B9+%D1%82%D0%BE%D0%BF+%D0%BF%D0%BE+%D1%81%D1%82%D1%80%D0%B8%D0%BA%D1%83%3A%2A%0A1%5C%29+Valeriya+Bass+%5C%7C+%5C%2B+331%0A2%5C%29+Rustam+Fakhretdinov+%5C%7C+%5C%2B+66%0A3%5C%29+%D0%92%D0%B8%D0%BA%D1%82%D0%BE%D1%80%D0%B8%D1%8F+%5C%7C+%5C%2B+18%0A4%5C%29+%D3%98%D3%98%D3%98%D3%98%D3%98+%D3%98%D3%98%D3%98%D3%98%D3%98%D3%98+%5C%7C+%5C%2B+1%0A5%5C%29+%D0%A1%D0%B0%D1%88%D0%B0+%5C%7C+0%0A6%5C%29+Wigga+%5C%7C+0%0A&reply_markup=%7B%22keyboard%22%3A+%5B%5B%7B%22text%22%3A+%22%5Cu0442%5Cu043e%5Cu043f+%5Cu043f%5Cu043e+%5Cu0440%5Cu0435%5Cu0439%5Cu0442%5Cu0438%5Cu043d%5Cu0433%5Cu0443%22%7D%2C+%7B%22text%22%3A+%22%5Cu0442%5Cu043e%5Cu043f+%5Cu043f%5Cu043e+%5Cu0441%5Cu0442%5Cu0440%5Cu0438%5Cu043a%5Cu0443%22%7D%5D%2C+%5B%7B%22text%22%3A+%22%5Cu0442%5Cu043e%5Cu043f+%5Cu043f%5Cu043e+%25+%5Cu043f%5Cu0440%5Cu0430%5Cu0432%5Cu0438%5Cu043b%5Cu044c%5Cu043d%5Cu044b%5Cu0445%22%7D%2C+%7B%22text%22%3A+%22%5Cu0433%5Cu043b%5Cu0430%5Cu0432%5Cu043d%5Cu043e%5Cu0435+%5Cu043c%5Cu0435%5Cu043d%5Cu044e%22%7D%5D%5D%2C+%22resize_keyboard%22%3A+true%7D&parse_mode=MarkdownV2 HTTP/1.1" 200 934
2021-05-11 02:05:50,436 INFO gave ӘӘӘӘӘ ӘӘӘӘӘӘ top_streak
2021-05-11 02:05:50,904 DEBUG https://api.telegram.org:443 "GET /bot1639467970:AAEXXyaLvwq1LIe9rOMjo0AzyhMlVKl-3Xc/getUpdates?offset=115691048&timeout=20 HTTP/1.1" 200 587
2021-05-11 02:05:50,905 INFO ӘӘӘӘӘ ӘӘӘӘӘӘ texted топ по % правильных
2021-05-11 02:05:51,005 DEBUG https://api.telegram.org:443 "POST /bot1639467970:AAEXXyaLvwq1LIe9rOMjo0AzyhMlVKl-3Xc/sendMessage?chat_id=993159473&text=%2A%D1%82%D0%B5%D0%BA%D1%83%D1%89%D0%B8%D0%B9+%D1%82%D0%BE%D0%BF+%D0%BF%D0%BE+%5C%25+%D0%BF%D1%80%D0%B0%D0%B2%D0%B8%D0%BB%D1%8C%D0%BD%D1%8B%D1%85+%D0%BE%D1%82%D0%B2%D0%B5%D1%82%D0%BE%D0%B2%2A+_%5C%28%D0%BF%D0%BE%D0%BB%D1%8C%D0%B7%D0%BE%D0%B2%D0%B0%D1%82%D0%B5%D0%BB%D0%B8+%D1%81+%D0%BA%D0%BE%D0%BB%D0%B8%D1%87%D0%B5%D1%81%D1%82%D0%B2%D0%BE%D0%BC+%D0%BE%D1%82%D0%B2%D0%B5%D1%82%D0%BE%D0%B2+%D0%BD%D0%B5+%D0%BC%D0%B5%D0%BD%D1%8C%D1%88%D0%B5+100%5C%29_%3A%0A1%5C%29+Valeriya+Bass+99%5C.13%5C%25+%5C%28683+%D0%BF%D1%80%D0%B0%D0%B2%D0%B8%D0%BB%D1%8C%D0%BD%D1%8B%D1%85+%D0%B8%D0%B7+689%5C%29%0A2%5C%29+%D0%A1%D0%B0%D1%88%D0%B0+97%5C.22%5C%25+%5C%28629+%D0%BF%D1%80%D0%B0%D0%B2%D0%B8%D0%BB%D1%8C%D0%BD%D1%8B%D1%85+%D0%B8%D0%B7+647%5C%29%0A3%5C%29+Rustam+Fakhretdinov+91%5C.7%5C%25+%5C%281281+%D0%BF%D1%80%D0%B0%D0%B2%D0%B8%D0%BB%D1%8C%D0%BD%D1%8B%D1%85+%D0%B8%D0%B7+1397%5C%29%0A4%5C%29+%D0%92%D0%B8%D0%BA%D1%82%D0%BE%D1%80%D0%B8%D1%8F+76%5C.27%5C%25+%5C%2890+%D0%BF%D1%80%D0%B0%D0%B2%D0%B8%D0%BB%D1%8C%D0%BD%D1%8B%D1%85+%D0%B8%D0%B7+118%5C%29%0A&reply_markup=%7B%22keyboard%22%3A+%5B%5B%7B%22text%22%3A+%22%5Cu0442%5Cu043e%5Cu043f+%5Cu043f%5Cu043e+%5Cu0440%5Cu0435%5Cu0439%5Cu0442%5Cu0438%5Cu043d%5Cu0433%5Cu0443%22%7D%2C+%7B%22text%22%3A+%22%5Cu0442%5Cu043e%5Cu043f+%5Cu043f%5Cu043e+%5Cu0441%5Cu0442%5Cu0440%5Cu0438%5Cu043a%5Cu0443%22%7D%5D%2C+%5B%7B%22text%22%3A+%22%5Cu0442%5Cu043e%5Cu043f+%5Cu043f%5Cu043e+%25+%5Cu043f%5Cu0440%5Cu0430%5Cu0432%5Cu0438%5Cu043b%5Cu044c%5Cu043d%5Cu044b%5Cu0445%22%7D%2C+%7B%22text%22%3A+%22%5Cu0433%5Cu043b%5Cu0430%5Cu0432%5Cu043d%5Cu043e%5Cu0435+%5Cu043c%5Cu0435%5Cu043d%5Cu044e%22%7D%5D%5D%2C+%22resize_keyboard%22%3A+true%7D&parse_mode=MarkdownV2 HTTP/1.1" 200 1537
2021-05-11 02:05:51,006 INFO gave ӘӘӘӘӘ ӘӘӘӘӘӘ top_percent
2021-05-11 02:05:51,418 DEBUG https://api.telegram.org:443 "GET /bot1639467970:AAEXXyaLvwq1LIe9rOMjo0AzyhMlVKl-3Xc/getUpdates?offset=115691049&timeout=20 HTTP/1.1" 200 560
2021-05-11 02:05:51,419 INFO ӘӘӘӘӘ ӘӘӘӘӘӘ texted главное меню
2021-05-11 02:05:51,521 DEBUG https://api.telegram.org:443 "POST /bot1639467970:AAEXXyaLvwq1LIe9rOMjo0AzyhMlVKl-3Xc/sendMessage?chat_id=993159473&text=%D1%81%D0%BA%D0%BE%D1%80%D0%B5%D0%B5+%D0%B2%D1%81%D0%B5%D0%B3%D0%BE%2C+%D0%B2%D1%8B%D0%B9%D1%82%D0%B8+%D0%B2+%D0%B3%D0%BB%D0%B0%D0%B2%D0%BD%D0%BE%D0%B5+%D0%BC%D0%B5%D0%BD%D1%8E+%D0%BC%D0%BE%D0%B6%D0%BD%D0%BE+%D0%B1%D0%B5%D0%B7+%D1%81%D0%BE%D0%BE%D0%B1%D1%89%D0%B5%D0%BD%D0%B8%D1%8F%2C+%D0%BD%D0%BE+%D1%8F+%D0%BD%D0%B5+%D1%81%D0%BC%D0%BE%D0%B3+%D0%BD%D0%B0%D0%B3%D1%83%D0%B3%D0%BB%D0%B8%D1%82%D1%8C+%D1%82%D0%BE%2C+%D0%BA%D0%B0%D0%BA+%D1%8D%D1%82%D0%BE+%D1%81%D0%B4%D0%B5%D0%BB%D0%B0%D1%82%D1%8C%2C+%D0%BF%D0%BE%D1%8D%D1%82%D0%BE%D0%BC%D1%83+%D0%BC%D0%BE%D0%B3%D1%83+%D0%BF%D1%80%D0%BE%D1%81%D1%82%D0%BE+%D1%81%D0%BA%D0%B0%D0%B7%D0%B0%D1%82%D1%8C%2C+%D1%87%D1%82%D0%BE+%D0%B2+%D0%B4%D0%B0%D0%BD%D0%BD%D1%8B%D0%B9+%D0%BC%D0%BE%D0%BC%D0%B5%D0%BD%D1%82+%D0%BD%D0%B0+98%25+%D1%82%D1%8B+%D0%BB%D0%BE%D1%85%29%29%29%29%29%29&reply_markup=%7B%22keyboard%22%3A+%5B%5B%7B%22text%22%3A+%22%5Cu0441%5Cu043b%5Cu043e%5Cu0432%5Cu043e%21%22%7D%2C+%7B%22text%22%3A+%22%5Cu0441%5Cu0442%5Cu0430%5Cu0442%5Cu044b%22%7D%2C+%7B%22text%22%3A+%22%5Cu0442%5Cu043e%5Cu043f%22%7D%5D%2C+%5B%7B%22text%22%3A+%22%5Cu0434%5Cu043e%5Cu0441%5Cu0442%5Cu0438%5Cu0436%5Cu0435%5Cu043d%5Cu0438%5Cu044f%22%7D%2C+%7B%22text%22%3A+%22%5Cu043f%5Cu043e%5Cu043c%5Cu043e%5Cu0449%5Cu044c%22%7D%2C+%7B%22text%22%3A+%22%5Cu043d%5Cu0430%5Cu0441%5Cu0442%5Cu0440%5Cu043e%5Cu0439%5Cu043a%5Cu0438%22%7D%5D%5D%2C+%22resize_keyboard%22%3A+true%7D HTTP/1.1" 200 1321
2021-05-11 02:05:51,521 INFO gave ӘӘӘӘӘ ӘӘӘӘӘӘ main_menu
2021-05-11 02:05:51,956 DEBUG https://api.telegram.org:443 "GET /bot1639467970:AAEXXyaLvwq1LIe9rOMjo0AzyhMlVKl-3Xc/getUpdates?offset=115691050&timeout=20 HTTP/1.1" 200 547
2021-05-11 02:05:51,957 INFO ӘӘӘӘӘ ӘӘӘӘӘӘ texted настройки
2021-05-11 02:05:52,036 DEBUG https://api.telegram.org:443 "POST /bot1639467970:AAEXXyaLvwq1LIe9rOMjo0AzyhMlVKl-3Xc/sendMessage?chat_id=993159473&text=%D0%B4%D0%B0%2C+%D0%BD%D0%B0%D1%81%D1%82%D1%80%D0%BE%D0%B5%D0%BA+%D0%BF%D0%BE%D0%BA%D0%B0+%D0%BC%D0%B0%D0%BB%D0%BE%D0%B2%D0%B0%D1%82%D0%BE...+%D0%BD%D0%BE+%D1%8D%D1%82%D0%BE+%D0%B6%D0%B5+%D0%BB%D1%83%D1%87%D1%88%D0%B5%2C+%D1%87%D0%B5%D0%BC+%D0%BD%D0%B8%D1%87%D0%B5%D0%B3%D0%BE%3F&reply_markup=%7B%22keyboard%22%3A+%5B%5B%7B%22text%22%3A+%22%5Cu043d%5Cu0430%5Cu0441%5Cu0442%5Cu0440%5Cu043e%5Cu0439%5Cu043a%5Cu0438+%5Cu043e%5Cu0442%5Cu043e%5Cu0431%5Cu0440%5Cu0430%5Cu0436%5Cu0435%5Cu043d%5Cu0438%5Cu044f+%5Cu0432+%5Cu0442%5Cu043e%5Cu043f%5Cu0435%22%7D%2C+%7B%22text%22%3A+%22%5Cu0433%5Cu043b%5Cu0430%5Cu0432%5Cu043d%5Cu043e%5Cu0435+%5Cu043c%5Cu0435%5Cu043d%5Cu044e%22%7D%5D%5D%2C+%22resize_keyboard%22%3A+true%7D HTTP/1.1" 200 801
2021-05-11 02:05:52,036 INFO gave ӘӘӘӘӘ ӘӘӘӘӘӘ settings_main
2021-05-11 02:05:52,753 DEBUG https://api.telegram.org:443 "GET /bot1639467970:AAEXXyaLvwq1LIe9rOMjo0AzyhMlVKl-3Xc/getUpdates?offset=115691051&timeout=20 HTTP/1.1" 200 646
2021-05-11 02:05:52,753 INFO ӘӘӘӘӘ ӘӘӘӘӘӘ texted настройки отображения в топе
2021-05-11 02:05:52,838 DEBUG https://api.telegram.org:443 "POST /bot1639467970:AAEXXyaLvwq1LIe9rOMjo0AzyhMlVKl-3Xc/sendMessage?chat_id=993159473&text=%D1%82%D0%B5%D0%BB%D0%B5%D0%BF%D0%BE%D1%80%D1%82%D0%B8%D1%80%D1%83%D1%8E+%D0%B2+%D0%BD%D0%B0%D1%81%D1%82%D1%80%D0%BE%D0%B9%D0%BA%D0%B8+%D0%BE%D1%82%D0%BE%D0%B1%D1%80%D0%B0%D0%B6%D0%B5%D0%BD%D0%B8%D1%8F+%D0%B2+%D1%82%D0%BE%D0%BF%D0%B5...&reply_markup=%7B%22keyboard%22%3A+%5B%5B%7B%22text%22%3A+%22%5Cu0432%5Cu043a%5Cu043b%2F%5Cu0432%5Cu044b%5Cu043a%5Cu043b+%5Cu043e%5Cu0442%5Cu043e%5Cu0431%5Cu0440%5Cu0430%5Cu0436%5Cu0435%5Cu043d%5Cu0438%5Cu0435+%5Cu0432+%5Cu0442%5Cu043e%5Cu043f%5Cu0435%22%7D%2C+%7B%22text%22%3A+%22%5Cu043e%5Cu0431%5Cu043d%5Cu043e%5Cu0432%5Cu0438%5Cu0442%5Cu044c+%5Cu043c%5Cu043e%5Cu0435+%5Cu0438%5Cu043c%5Cu044f+%5Cu0432+%5Cu0442%5Cu043e%5Cu043f%5Cu0435%22%7D%2C+%7B%22text%22%3A+%22%5Cu0432%5Cu0435%5Cu0440%5Cu043d%5Cu0443%5Cu0442%5Cu044c%5Cu0441%5Cu044f+%5Cu043a+%5Cu043c%5Cu0435%5Cu043d%5Cu044e+%5Cu043d%5Cu0430%5Cu0441%5Cu0442%5Cu0440%5Cu043e%5Cu0435%5Cu043a%22%7D%5D%5D%2C+%22resize_keyboard%22%3A+true%7D HTTP/1.1" 200 764
2021-05-11 02:05:52,838 INFO gave ӘӘӘӘӘ ӘӘӘӘӘӘ settings_top
2021-05-11 02:05:54,042 DEBUG https://api.telegram.org:443 "GET /bot1639467970:AAEXXyaLvwq1LIe9rOMjo0AzyhMlVKl-3Xc/getUpdates?offset=115691052&timeout=20 HTTP/1.1" 200 611
2021-05-11 02:05:54,043 INFO ӘӘӘӘӘ ӘӘӘӘӘӘ texted обновить мое имя в топе
2021-05-11 02:05:54,113 DEBUG https://api.telegram.org:443 "POST /bot1639467970:AAEXXyaLvwq1LIe9rOMjo0AzyhMlVKl-3Xc/sendMessage?chat_id=993159473&text=%D0%B8%D0%B7%D0%BC%D0%B5%D0%BD%D0%B8%D0%BB+%D1%82%D0%B2%D0%BE%D0%B5+%D0%B8%D0%BC%D1%8F+%D0%B2+%D1%81%D0%BE%D0%BE%D1%82%D0%B2%D0%B5%D1%82%D1%81%D1%82%D0%B2%D0%B8%D0%B8+%D1%81+%D1%82%D0%B2%D0%BE%D0%B8%D0%BC+%D1%82%D0%B5%D0%BB%D0%B5%D0%B3%D1%80%D0%B0%D0%BC-%D0%B0%D0%BA%D0%BA%D0%B0%D1%83%D0%BD%D1%82%D0%BE%D0%BC%21 HTTP/1.1" 200 837
2021-05-11 02:05:54,113 INFO ӘӘӘӘӘ ӘӘӘӘӘӘ changed name to ӘӘӘӘӘ ӘӘӘӘӘӘ
2021-05-11 02:05:54,115 DEBUG main info database updated
2021-05-11 02:05:54,119 DEBUG used info database updated
2021-05-11 02:05:54,122 DEBUG achievement info database updated
2021-05-11 02:05:54,122 INFO all databases updated
2021-05-11 02:05:54,683 DEBUG https://api.telegram.org:443 "GET /bot1639467970:AAEXXyaLvwq1LIe9rOMjo0AzyhMlVKl-3Xc/getUpdates?offset=115691053&timeout=20 HTTP/1.1" 200 635
2021-05-11 02:05:54,683 INFO ӘӘӘӘӘ ӘӘӘӘӘӘ texted вкл/выкл отображение в топе
2021-05-11 02:05:54,756 DEBUG https://api.telegram.org:443 "POST /bot1639467970:AAEXXyaLvwq1LIe9rOMjo0AzyhMlVKl-3Xc/sendMessage?chat_id=993159473&text=%D0%BE%D1%82%D0%BE%D0%B1%D1%80%D0%B0%D0%B6%D0%B0%D1%82%D1%8C+%D0%BB%D0%B8+%D1%82%D0%B5%D0%B1%D1%8F+%D0%B2+%D1%82%D0%BE%D0%BF%D0%B5%3F&reply_markup=%7B%22inline_keyboard%22%3A+%5B%5B%7B%22text%22%3A+%22%5Cu0434%5Cu0430%22%2C+%22callback_data%22%3A+%22top_yes%22%7D%5D%2C+%5B%7B%22text%22%3A+%22%5Cu043d%5Cu0435%5Cu0442%22%2C+%22callback_data%22%3A+%22top_no%22%7D%5D%5D%7D HTTP/1.1" 200 805
2021-05-11 02:05:54,757 INFO gave ӘӘӘӘӘ ӘӘӘӘӘӘ settings_top_visibility
2021-05-11 02:05:55,312 DEBUG https://api.telegram.org:443 "GET /bot1639467970:AAEXXyaLvwq1LIe9rOMjo0AzyhMlVKl-3Xc/getUpdates?offset=115691054&timeout=20 HTTP/1.1" 200 1145
2021-05-11 02:05:55,374 DEBUG https://api.telegram.org:443 "POST /bot1639467970:AAEXXyaLvwq1LIe9rOMjo0AzyhMlVKl-3Xc/deleteMessage?chat_id=993159473&message_id=11154 HTTP/1.1" 200 25
2021-05-11 02:05:55,454 DEBUG https://api.telegram.org:443 "POST /bot1639467970:AAEXXyaLvwq1LIe9rOMjo0AzyhMlVKl-3Xc/sendMessage?chat_id=993159473&text=%D1%85%D0%BE%D1%80%D0%BE%D1%88%D0%BE%2C+%D1%81%D0%BA%D1%80%D1%8B%D0%B2%D0%B0%D1%8E+%D1%82%D0%B5%D0%B1%D1%8F HTTP/1.1" 200 633
2021-05-11 02:05:55,454 INFO ӘӘӘӘӘ ӘӘӘӘӘӘ now NOT available in top
2021-05-11 02:05:55,461 DEBUG main info database updated
2021-05-11 02:05:55,472 DEBUG used info database updated
2021-05-11 02:05:55,479 DEBUG achievement info database updated
2021-05-11 02:05:55,479 INFO all databases updated
2021-05-11 02:05:56,355 DEBUG https://api.telegram.org:443 "GET /bot1639467970:AAEXXyaLvwq1LIe9rOMjo0AzyhMlVKl-3Xc/getUpdates?offset=115691055&timeout=20 HTTP/1.1" 200 628
2021-05-11 02:05:56,356 INFO ӘӘӘӘӘ ӘӘӘӘӘӘ texted вернуться к меню настроек
2021-05-11 02:05:56,441 DEBUG https://api.telegram.org:443 "POST /bot1639467970:AAEXXyaLvwq1LIe9rOMjo0AzyhMlVKl-3Xc/sendMessage?chat_id=993159473&text=%D0%B4%D0%B0%2C+%D0%BD%D0%B0%D1%81%D1%82%D1%80%D0%BE%D0%B5%D0%BA+%D0%BF%D0%BE%D0%BA%D0%B0+%D0%BC%D0%B0%D0%BB%D0%BE%D0%B2%D0%B0%D1%82%D0%BE...+%D0%BD%D0%BE+%D1%8D%D1%82%D0%BE+%D0%B6%D0%B5+%D0%BB%D1%83%D1%87%D1%88%D0%B5%2C+%D1%87%D0%B5%D0%BC+%D0%BD%D0%B8%D1%87%D0%B5%D0%B3%D0%BE%3F&reply_markup=%7B%22keyboard%22%3A+%5B%5B%7B%22text%22%3A+%22%5Cu043d%5Cu0430%5Cu0441%5Cu0442%5Cu0440%5Cu043e%5Cu0439%5Cu043a%5Cu0438+%5Cu043e%5Cu0442%5Cu043e%5Cu0431%5Cu0440%5Cu0430%5Cu0436%5Cu0435%5Cu043d%5Cu0438%5Cu044f+%5Cu0432+%5Cu0442%5Cu043e%5Cu043f%5Cu0435%22%7D%2C+%7B%22text%22%3A+%22%5Cu0433%5Cu043b%5Cu0430%5Cu0432%5Cu043d%5Cu043e%5Cu0435+%5Cu043c%5Cu0435%5Cu043d%5Cu044e%22%7D%5D%5D%2C+%22resize_keyboard%22%3A+true%7D HTTP/1.1" 200 801
2021-05-11 02:05:56,442 INFO gave ӘӘӘӘӘ ӘӘӘӘӘӘ settings_main
2021-05-11 02:05:57,243 DEBUG https://api.telegram.org:443 "GET /bot1639467970:AAEXXyaLvwq1LIe9rOMjo0AzyhMlVKl-3Xc/getUpdates?offset=115691056&timeout=20 HTTP/1.1" 200 560
2021-05-11 02:05:57,243 INFO ӘӘӘӘӘ ӘӘӘӘӘӘ texted главное меню
2021-05-11 02:05:57,318 DEBUG https://api.telegram.org:443 "POST /bot1639467970:AAEXXyaLvwq1LIe9rOMjo0AzyhMlVKl-3Xc/sendMessage?chat_id=993159473&text=%D1%81%D0%BA%D0%BE%D1%80%D0%B5%D0%B5+%D0%B2%D1%81%D0%B5%D0%B3%D0%BE%2C+%D0%B2%D1%8B%D0%B9%D1%82%D0%B8+%D0%B2+%D0%B3%D0%BB%D0%B0%D0%B2%D0%BD%D0%BE%D0%B5+%D0%BC%D0%B5%D0%BD%D1%8E+%D0%BC%D0%BE%D0%B6%D0%BD%D0%BE+%D0%B1%D0%B5%D0%B7+%D1%81%D0%BE%D0%BE%D0%B1%D1%89%D0%B5%D0%BD%D0%B8%D1%8F%2C+%D0%BD%D0%BE+%D1%8F+%D0%BD%D0%B5+%D1%81%D0%BC%D0%BE%D0%B3+%D0%BD%D0%B0%D0%B3%D1%83%D0%B3%D0%BB%D0%B8%D1%82%D1%8C+%D1%82%D0%BE%2C+%D0%BA%D0%B0%D0%BA+%D1%8D%D1%82%D0%BE+%D1%81%D0%B4%D0%B5%D0%BB%D0%B0%D1%82%D1%8C%2C+%D0%BF%D0%BE%D1%8D%D1%82%D0%BE%D0%BC%D1%83+%D0%BC%D0%BE%D0%B3%D1%83+%D0%BF%D1%80%D0%BE%D1%81%D1%82%D0%BE+%D1%81%D0%BA%D0%B0%D0%B7%D0%B0%D1%82%D1%8C%2C+%D1%87%D1%82%D0%BE+%D0%B2+%D0%B4%D0%B0%D0%BD%D0%BD%D1%8B%D0%B9+%D0%BC%D0%BE%D0%BC%D0%B5%D0%BD%D1%82+%D0%BD%D0%B0+86%25+%D1%82%D1%8B+%D0%BB%D0%BE%D1%85%29%29%29%29%29%29&reply_markup=%7B%22keyboard%22%3A+%5B%5B%7B%22text%22%3A+%22%5Cu0441%5Cu043b%5Cu043e%5Cu0432%5Cu043e%21%22%7D%2C+%7B%22text%22%3A+%22%5Cu0441%5Cu0442%5Cu0430%5Cu0442%5Cu044b%22%7D%2C+%7B%22text%22%3A+%22%5Cu0442%5Cu043e%5Cu043f%22%7D%5D%2C+%5B%7B%22text%22%3A+%22%5Cu0434%5Cu043e%5Cu0441%5Cu0442%5Cu0438%5Cu0436%5Cu0435%5Cu043d%5Cu0438%5Cu044f%22%7D%2C+%7B%22text%22%3A+%22%5Cu043f%5Cu043e%5Cu043c%5Cu043e%5Cu0449%5Cu044c%22%7D%2C+%7B%22text%22%3A+%22%5Cu043d%5Cu0430%5Cu0441%5Cu0442%5Cu0440%5Cu043e%5Cu0439%5Cu043a%5Cu0438%22%7D%5D%5D%2C+%22resize_keyboard%22%3A+true%7D HTTP/1.1" 200 1321
2021-05-11 02:05:57,318 INFO gave ӘӘӘӘӘ ӘӘӘӘӘӘ main_menu
2021-05-11 02:06:17,300 DEBUG https://api.telegram.org:443 "GET /bot1639467970:AAEXXyaLvwq1LIe9rOMjo0AzyhMlVKl-3Xc/getUpdates?offset=115691057&timeout=20 HTTP/1.1" 200 23
2021-05-11 02:06:28,562 DEBUG https://api.telegram.org:443 "GET /bot1639467970:AAEXXyaLvwq1LIe9rOMjo0AzyhMlVKl-3Xc/getUpdates?offset=115691057&timeout=20 HTTP/1.1" 200 385
2021-05-11 02:06:28,563 INFO 日本語 None texted топ
2021-05-11 02:06:28,647 DEBUG https://api.telegram.org:443 "POST /bot1639467970:AAEXXyaLvwq1LIe9rOMjo0AzyhMlVKl-3Xc/sendMessage?chat_id=993159473&text=%D0%B2%D1%8B%D0%B1%D0%B5%D1%80%D0%B8%2C+%D0%BA%D0%B0%D0%BA%D0%BE%D0%B9+%D1%82%D0%BE%D0%BF+%D1%85%D0%BE%D1%87%D0%B5%D1%88%D1%8C+%D0%BF%D0%BE%D1%81%D0%BC%D0%BE%D1%82%D1%80%D0%B5%D1%82%D1%8C&reply_markup=%7B%22keyboard%22%3A+%5B%5B%7B%22text%22%3A+%22%5Cu0442%5Cu043e%5Cu043f+%5Cu043f%5Cu043e+%5Cu0440%5Cu0435%5Cu0439%5Cu0442%5Cu0438%5Cu043d%5Cu0433%5Cu0443%22%7D%2C+%7B%22text%22%3A+%22%5Cu0442%5Cu043e%5Cu043f+%5Cu043f%5Cu043e+%5Cu0441%5Cu0442%5Cu0440%5Cu0438%5Cu043a%5Cu0443%22%7D%5D%2C+%5B%7B%22text%22%3A+%22%5Cu0442%5Cu043e%5Cu043f+%5Cu043f%5Cu043e+%25+%5Cu043f%5Cu0440%5Cu0430%5Cu0432%5Cu0438%5Cu043b%5Cu044c%5Cu043d%5Cu044b%5Cu0445%22%7D%2C+%7B%22text%22%3A+%22%5Cu0433%5Cu043b%5Cu0430%5Cu0432%5Cu043d%5Cu043e%5Cu0435+%5Cu043c%5Cu0435%5Cu043d%5Cu044e%22%7D%5D%5D%2C+%22resize_keyboard%22%3A+true%7D HTTP/1.1" 200 650
2021-05-11 02:06:30,950 DEBUG https://api.telegram.org:443 "GET /bot1639467970:AAEXXyaLvwq1LIe9rOMjo0AzyhMlVKl-3Xc/getUpdates?offset=115691058&timeout=20 HTTP/1.1" 200 447
2021-05-11 02:06:30,950 INFO 日本語 None texted топ по рейтингу
2021-05-11 02:06:31,046 DEBUG https://api.telegram.org:443 "POST /bot1639467970:AAEXXyaLvwq1LIe9rOMjo0AzyhMlVKl-3Xc/sendMessage?chat_id=993159473&text=%2A%D1%82%D0%B5%D0%BA%D1%83%D1%89%D0%B8%D0%B9+%D1%82%D0%BE%D0%BF+%D0%BF%D0%BE+%D1%80%D0%B5%D0%B9%D1%82%D0%B8%D0%BD%D0%B3%D1%83%3A%2A%0A1%5C%29+Rustam+Fakhretdinov+%5C%7C+1233+%5C%7C+%D0%BF%D0%BE%D0%B1%D0%B5%D0%B4%D0%B8%D1%82%D0%B5%D0%BB%D1%8C+%22%D0%A0%D1%83%D1%81%D1%81%D0%BA%D0%BE%D0%B3%D0%BE+%D0%BC%D0%B5%D0%B4%D0%B2%D0%B5%D0%B6%D0%BE%D0%BD%D0%BA%D0%B0%22%0A2%5C%29+Valeriya+Bass+%5C%7C+684+%5C%7C+%D0%BF%D0%BE%D0%B1%D0%B5%D0%B4%D0%B8%D1%82%D0%B5%D0%BB%D1%8C+%D0%92%D0%A1%D0%BE%D0%A8+%D0%BF%D0%BE+%D1%80%D1%83%D1%81%D1%81%D0%BA%D0%BE%D0%BC%D1%83+%D1%8F%D0%B7%D1%8B%D0%BA%D1%83%0A3%5C%29+%D0%A1%D0%B0%D1%88%D0%B0+%5C%7C+625+%5C%7C+%D0%BF%D1%80%D0%B8%D0%B7%D0%B5%D1%80+%D0%92%D0%A1%D0%BE%D0%A8+%D0%BF%D0%BE+%D1%80%D1%83%D1%81%D1%81%D0%BA%D0%BE%D0%BC%D1%83+%D1%8F%D0%B7%D1%8B%D0%BA%D1%83%0A4%5C%29+%D0%92%D0%B8%D0%BA%D1%82%D0%BE%D1%80%D0%B8%D1%8F+%5C%7C+70+%5C%7C+%D1%83%D1%87%D0%B0%D1%81%D1%82%D0%BD%D0%B8%D0%BA+%D0%92%D0%A1%D0%BE%D0%A8+%D0%BF%D0%BE+%D1%80%D1%83%D1%81%D1%81%D0%BA%D0%BE%D0%BC%D1%83+%D1%8F%D0%B7%D1%8B%D0%BA%D1%83%0A5%5C%29+Wigga+%5C%7C+1+%5C%7C+%D0%BF%D0%BE%D0%B1%D0%B5%D0%B4%D0%B8%D1%82%D0%B5%D0%BB%D1%8C+%D1%80%D0%B5%D0%B3%D0%B8%D0%BE%D0%BD%D0%B0+%D0%BF%D0%BE+%D1%80%D1%83%D1%81%D1%81%D0%BA%D0%BE%D0%BC%D1%83+%D1%8F%D0%B7%D1%8B%D0%BA%D1%83%0A&reply_markup=%7B%22keyboard%22%3A+%5B%5B%7B%22text%22%3A+%22%5Cu0442%5Cu043e%5Cu043f+%5Cu043f%5Cu043e+%5Cu0440%5Cu0435%5Cu0439%5Cu0442%5Cu0438%5Cu043d%5Cu0433%5Cu0443%22%7D%2C+%7B%22text%22%3A+%22%5Cu0442%5Cu043e%5Cu043f+%5Cu043f%5Cu043e+%5Cu0441%5Cu0442%5Cu0440%5Cu0438%5Cu043a%5Cu0443%22%7D%5D%2C+%5B%7B%22text%22%3A+%22%5Cu0442%5Cu043e%5Cu043f+%5Cu043f%5Cu043e+%25+%5Cu043f%5Cu0440%5Cu0430%5Cu0432%5Cu0438%5Cu043b%5Cu044c%5Cu043d%5Cu044b%5Cu0445%22%7D%2C+%7B%22text%22%3A+%22%5Cu0433%5Cu043b%5Cu0430%5Cu0432%5Cu043d%5Cu043e%5Cu0435+%5Cu043c%5Cu0435%5Cu043d%5Cu044e%22%7D%5D%5D%2C+%22resize_keyboard%22%3A+true%7D&parse_mode=MarkdownV2 HTTP/1.1" 200 1686
2021-05-11 02:06:31,046 INFO gave 日本語 None top_rating
2021-05-11 02:06:31,525 DEBUG https://api.telegram.org:443 "GET /bot1639467970:AAEXXyaLvwq1LIe9rOMjo0AzyhMlVKl-3Xc/getUpdates?offset=115691059&timeout=20 HTTP/1.1" 200 434
2021-05-11 02:06:31,526 INFO 日本語 None texted главное меню
2021-05-11 02:06:31,599 DEBUG https://api.telegram.org:443 "POST /bot1639467970:AAEXXyaLvwq1LIe9rOMjo0AzyhMlVKl-3Xc/sendMessage?chat_id=993159473&text=%D1%81%D0%BA%D0%BE%D1%80%D0%B5%D0%B5+%D0%B2%D1%81%D0%B5%D0%B3%D0%BE%2C+%D0%B2%D1%8B%D0%B9%D1%82%D0%B8+%D0%B2+%D0%B3%D0%BB%D0%B0%D0%B2%D0%BD%D0%BE%D0%B5+%D0%BC%D0%B5%D0%BD%D1%8E+%D0%BC%D0%BE%D0%B6%D0%BD%D0%BE+%D0%B1%D0%B5%D0%B7+%D1%81%D0%BE%D0%BE%D0%B1%D1%89%D0%B5%D0%BD%D0%B8%D1%8F%2C+%D0%BD%D0%BE+%D1%8F+%D0%BD%D0%B5+%D1%81%D0%BC%D0%BE%D0%B3+%D0%BD%D0%B0%D0%B3%D1%83%D0%B3%D0%BB%D0%B8%D1%82%D1%8C+%D1%82%D0%BE%2C+%D0%BA%D0%B0%D0%BA+%D1%8D%D1%82%D0%BE+%D1%81%D0%B4%D0%B5%D0%BB%D0%B0%D1%82%D1%8C%2C+%D0%BF%D0%BE%D1%8D%D1%82%D0%BE%D0%BC%D1%83+%D0%BC%D0%BE%D0%B3%D1%83+%D0%BF%D1%80%D0%BE%D1%81%D1%82%D0%BE+%D1%81%D0%BA%D0%B0%D0%B7%D0%B0%D1%82%D1%8C%2C+%D1%87%D1%82%D0%BE+%D0%B2+%D0%B4%D0%B0%D0%BD%D0%BD%D1%8B%D0%B9+%D0%BC%D0%BE%D0%BC%D0%B5%D0%BD%D1%82+%D0%BD%D0%B0+8%25+%D1%82%D1%8B+%D0%BB%D0%BE%D1%85%29%29%29%29%29%29&reply_markup=%7B%22keyboard%22%3A+%5B%5B%7B%22text%22%3A+%22%5Cu0441%5Cu043b%5Cu043e%5Cu0432%5Cu043e%21%22%7D%2C+%7B%22text%22%3A+%22%5Cu0441%5Cu0442%5Cu0430%5Cu0442%5Cu044b%22%7D%2C+%7B%22text%22%3A+%22%5Cu0442%5Cu043e%5Cu043f%22%7D%5D%2C+%5B%7B%22text%22%3A+%22%5Cu0434%5Cu043e%5Cu0441%5Cu0442%5Cu0438%5Cu0436%5Cu0435%5Cu043d%5Cu0438%5Cu044f%22%7D%2C+%7B%22text%22%3A+%22%5Cu043f%5Cu043e%5Cu043c%5Cu043e%5Cu0449%5Cu044c%22%7D%2C+%7B%22text%22%3A+%22%5Cu043d%5Cu0430%5Cu0441%5Cu0442%5Cu0440%5Cu043e%5Cu0439%5Cu043a%5Cu0438%22%7D%5D%5D%2C+%22resize_keyboard%22%3A+true%7D HTTP/1.1" 200 1257
2021-05-11 02:06:31,599 INFO gave 日本語 None main_menu
2021-05-11 02:06:32,272 DEBUG https://api.telegram.org:443 "GET /bot1639467970:AAEXXyaLvwq1LIe9rOMjo0AzyhMlVKl-3Xc/getUpdates?offset=115691060&timeout=20 HTTP/1.1" 200 421
2021-05-11 02:06:32,272 INFO 日本語 None texted настройки
2021-05-11 02:06:32,358 DEBUG https://api.telegram.org:443 "POST /bot1639467970:AAEXXyaLvwq1LIe9rOMjo0AzyhMlVKl-3Xc/sendMessage?chat_id=993159473&text=%D0%B4%D0%B0%2C+%D0%BD%D0%B0%D1%81%D1%82%D1%80%D0%BE%D0%B5%D0%BA+%D0%BF%D0%BE%D0%BA%D0%B0+%D0%BC%D0%B0%D0%BB%D0%BE%D0%B2%D0%B0%D1%82%D0%BE...+%D0%BD%D0%BE+%D1%8D%D1%82%D0%BE+%D0%B6%D0%B5+%D0%BB%D1%83%D1%87%D1%88%D0%B5%2C+%D1%87%D0%B5%D0%BC+%D0%BD%D0%B8%D1%87%D0%B5%D0%B3%D0%BE%3F&reply_markup=%7B%22keyboard%22%3A+%5B%5B%7B%22text%22%3A+%22%5Cu043d%5Cu0430%5Cu0441%5Cu0442%5Cu0440%5Cu043e%5Cu0439%5Cu043a%5Cu0438+%5Cu043e%5Cu0442%5Cu043e%5Cu0431%5Cu0440%5Cu0430%5Cu0436%5Cu0435%5Cu043d%5Cu0438%5Cu044f+%5Cu0432+%5Cu0442%5Cu043e%5Cu043f%5Cu0435%22%7D%2C+%7B%22text%22%3A+%22%5Cu0433%5Cu043b%5Cu0430%5Cu0432%5Cu043d%5Cu043e%5Cu0435+%5Cu043c%5Cu0435%5Cu043d%5Cu044e%22%7D%5D%5D%2C+%22resize_keyboard%22%3A+true%7D HTTP/1.1" 200 738
2021-05-11 02:06:32,358 INFO gave 日本語 None settings_main
2021-05-11 02:06:32,996 DEBUG https://api.telegram.org:443 "GET /bot1639467970:AAEXXyaLvwq1LIe9rOMjo0AzyhMlVKl-3Xc/getUpdates?offset=115691061&timeout=20 HTTP/1.1" 200 520
2021-05-11 02:06:32,997 INFO 日本語 None texted настройки отображения в топе
2021-05-11 02:06:33,099 DEBUG https://api.telegram.org:443 "POST /bot1639467970:AAEXXyaLvwq1LIe9rOMjo0AzyhMlVKl-3Xc/sendMessage?chat_id=993159473&text=%D1%82%D0%B5%D0%BB%D0%B5%D0%BF%D0%BE%D1%80%D1%82%D0%B8%D1%80%D1%83%D1%8E+%D0%B2+%D0%BD%D0%B0%D1%81%D1%82%D1%80%D0%BE%D0%B9%D0%BA%D0%B8+%D0%BE%D1%82%D0%BE%D0%B1%D1%80%D0%B0%D0%B6%D0%B5%D0%BD%D0%B8%D1%8F+%D0%B2+%D1%82%D0%BE%D0%BF%D0%B5...&reply_markup=%7B%22keyboard%22%3A+%5B%5B%7B%22text%22%3A+%22%5Cu0432%5Cu043a%5Cu043b%2F%5Cu0432%5Cu044b%5Cu043a%5Cu043b+%5Cu043e%5Cu0442%5Cu043e%5Cu0431%5Cu0440%5Cu0430%5Cu0436%5Cu0435%5Cu043d%5Cu0438%5Cu0435+%5Cu0432+%5Cu0442%5Cu043e%5Cu043f%5Cu0435%22%7D%2C+%7B%22text%22%3A+%22%5Cu043e%5Cu0431%5Cu043d%5Cu043e%5Cu0432%5Cu0438%5Cu0442%5Cu044c+%5Cu043c%5Cu043e%5Cu0435+%5Cu0438%5Cu043c%5Cu044f+%5Cu0432+%5Cu0442%5Cu043e%5Cu043f%5Cu0435%22%7D%2C+%7B%22text%22%3A+%22%5Cu0432%5Cu0435%5Cu0440%5Cu043d%5Cu0443%5Cu0442%5Cu044c%5Cu0441%5Cu044f+%5Cu043a+%5Cu043c%5Cu0435%5Cu043d%5Cu044e+%5Cu043d%5Cu0430%5Cu0441%5Cu0442%5Cu0440%5Cu043e%5Cu0435%5Cu043a%22%7D%5D%5D%2C+%22resize_keyboard%22%3A+true%7D HTTP/1.1" 200 701
2021-05-11 02:06:33,100 INFO gave 日本語 None settings_top
2021-05-11 02:06:33,601 DEBUG https://api.telegram.org:443 "GET /bot1639467970:AAEXXyaLvwq1LIe9rOMjo0AzyhMlVKl-3Xc/getUpdates?offset=115691062&timeout=20 HTTP/1.1" 200 485
2021-05-11 02:06:33,602 INFO 日本語 None texted обновить мое имя в топе
2021-05-11 02:06:33,683 DEBUG https://api.telegram.org:443 "POST /bot1639467970:AAEXXyaLvwq1LIe9rOMjo0AzyhMlVKl-3Xc/sendMessage?chat_id=993159473&text=%D0%B8%D0%B7%D0%BC%D0%B5%D0%BD%D0%B8%D0%BB+%D1%82%D0%B2%D0%BE%D0%B5+%D0%B8%D0%BC%D1%8F+%D0%B2+%D1%81%D0%BE%D0%BE%D1%82%D0%B2%D0%B5%D1%82%D1%81%D1%82%D0%B2%D0%B8%D0%B8+%D1%81+%D1%82%D0%B2%D0%BE%D0%B8%D0%BC+%D1%82%D0%B5%D0%BB%D0%B5%D0%B3%D1%80%D0%B0%D0%BC-%D0%B0%D0%BA%D0%BA%D0%B0%D1%83%D0%BD%D1%82%D0%BE%D0%BC%21 HTTP/1.1" 200 774
2021-05-11 02:06:33,683 INFO ӘӘӘӘӘ ӘӘӘӘӘӘ changed name to 日本語 None
2021-05-11 02:06:33,691 DEBUG main info database updated
2021-05-11 02:06:33,695 DEBUG used info database updated
2021-05-11 02:06:33,698 DEBUG achievement info database updated
2021-05-11 02:06:33,698 INFO all databases updated
2021-05-11 02:06:34,438 DEBUG https://api.telegram.org:443 "GET /bot1639467970:AAEXXyaLvwq1LIe9rOMjo0AzyhMlVKl-3Xc/getUpdates?offset=115691063&timeout=20 HTTP/1.1" 200 502
2021-05-11 02:06:34,438 INFO 日本語 None texted вернуться к меню настроек
2021-05-11 02:06:34,556 DEBUG https://api.telegram.org:443 "POST /bot1639467970:AAEXXyaLvwq1LIe9rOMjo0AzyhMlVKl-3Xc/sendMessage?chat_id=993159473&text=%D0%B4%D0%B0%2C+%D0%BD%D0%B0%D1%81%D1%82%D1%80%D0%BE%D0%B5%D0%BA+%D0%BF%D0%BE%D0%BA%D0%B0+%D0%BC%D0%B0%D0%BB%D0%BE%D0%B2%D0%B0%D1%82%D0%BE...+%D0%BD%D0%BE+%D1%8D%D1%82%D0%BE+%D0%B6%D0%B5+%D0%BB%D1%83%D1%87%D1%88%D0%B5%2C+%D1%87%D0%B5%D0%BC+%D0%BD%D0%B8%D1%87%D0%B5%D0%B3%D0%BE%3F&reply_markup=%7B%22keyboard%22%3A+%5B%5B%7B%22text%22%3A+%22%5Cu043d%5Cu0430%5Cu0441%5Cu0442%5Cu0440%5Cu043e%5Cu0439%5Cu043a%5Cu0438+%5Cu043e%5Cu0442%5Cu043e%5Cu0431%5Cu0440%5Cu0430%5Cu0436%5Cu0435%5Cu043d%5Cu0438%5Cu044f+%5Cu0432+%5Cu0442%5Cu043e%5Cu043f%5Cu0435%22%7D%2C+%7B%22text%22%3A+%22%5Cu0433%5Cu043b%5Cu0430%5Cu0432%5Cu043d%5Cu043e%5Cu0435+%5Cu043c%5Cu0435%5Cu043d%5Cu044e%22%7D%5D%5D%2C+%22resize_keyboard%22%3A+true%7D HTTP/1.1" 200 738
2021-05-11 02:06:34,556 INFO gave 日本語 None settings_main
2021-05-11 02:06:34,804 DEBUG https://api.telegram.org:443 "GET /bot1639467970:AAEXXyaLvwq1LIe9rOMjo0AzyhMlVKl-3Xc/getUpdates?offset=115691064&timeout=20 HTTP/1.1" 200 434
2021-05-11 02:06:34,805 INFO 日本語 None texted главное меню
2021-05-11 02:06:34,902 DEBUG https://api.telegram.org:443 "POST /bot1639467970:AAEXXyaLvwq1LIe9rOMjo0AzyhMlVKl-3Xc/sendMessage?chat_id=993159473&text=%D1%81%D0%BA%D0%BE%D1%80%D0%B5%D0%B5+%D0%B2%D1%81%D0%B5%D0%B3%D0%BE%2C+%D0%B2%D1%8B%D0%B9%D1%82%D0%B8+%D0%B2+%D0%B3%D0%BB%D0%B0%D0%B2%D0%BD%D0%BE%D0%B5+%D0%BC%D0%B5%D0%BD%D1%8E+%D0%BC%D0%BE%D0%B6%D0%BD%D0%BE+%D0%B1%D0%B5%D0%B7+%D1%81%D0%BE%D0%BE%D0%B1%D1%89%D0%B5%D0%BD%D0%B8%D1%8F%2C+%D0%BD%D0%BE+%D1%8F+%D0%BD%D0%B5+%D1%81%D0%BC%D0%BE%D0%B3+%D0%BD%D0%B0%D0%B3%D1%83%D0%B3%D0%BB%D0%B8%D1%82%D1%8C+%D1%82%D0%BE%2C+%D0%BA%D0%B0%D0%BA+%D1%8D%D1%82%D0%BE+%D1%81%D0%B4%D0%B5%D0%BB%D0%B0%D1%82%D1%8C%2C+%D0%BF%D0%BE%D1%8D%D1%82%D0%BE%D0%BC%D1%83+%D0%BC%D0%BE%D0%B3%D1%83+%D0%BF%D1%80%D0%BE%D1%81%D1%82%D0%BE+%D1%81%D0%BA%D0%B0%D0%B7%D0%B0%D1%82%D1%8C%2C+%D1%87%D1%82%D0%BE+%D0%B2+%D0%B4%D0%B0%D0%BD%D0%BD%D1%8B%D0%B9+%D0%BC%D0%BE%D0%BC%D0%B5%D0%BD%D1%82+%D0%BD%D0%B0+80%25+%D1%82%D1%8B+%D0%BB%D0%BE%D1%85%29%29%29%29%29%29&reply_markup=%7B%22keyboard%22%3A+%5B%5B%7B%22text%22%3A+%22%5Cu0441%5Cu043b%5Cu043e%5Cu0432%5Cu043e%21%22%7D%2C+%7B%22text%22%3A+%22%5Cu0441%5Cu0442%5Cu0430%5Cu0442%5Cu044b%22%7D%2C+%7B%22text%22%3A+%22%5Cu0442%5Cu043e%5Cu043f%22%7D%5D%2C+%5B%7B%22text%22%3A+%22%5Cu0434%5Cu043e%5Cu0441%5Cu0442%5Cu0438%5Cu0436%5Cu0435%5Cu043d%5Cu0438%5Cu044f%22%7D%2C+%7B%22text%22%3A+%22%5Cu043f%5Cu043e%5Cu043c%5Cu043e%5Cu0449%5Cu044c%22%7D%2C+%7B%22text%22%3A+%22%5Cu043d%5Cu0430%5Cu0441%5Cu0442%5Cu0440%5Cu043e%5Cu0439%5Cu043a%5Cu0438%22%7D%5D%5D%2C+%22resize_keyboard%22%3A+true%7D HTTP/1.1" 200 1258
2021-05-11 02:06:34,902 INFO gave 日本語 None main_menu
2021-05-11 02:06:36,122 DEBUG https://api.telegram.org:443 "GET /bot1639467970:AAEXXyaLvwq1LIe9rOMjo0AzyhMlVKl-3Xc/getUpdates?offset=115691065&timeout=20 HTTP/1.1" 200 385
2021-05-11 02:06:36,122 INFO 日本語 None texted топ
2021-05-11 02:06:36,291 DEBUG https://api.telegram.org:443 "POST /bot1639467970:AAEXXyaLvwq1LIe9rOMjo0AzyhMlVKl-3Xc/sendMessage?chat_id=993159473&text=%D0%B2%D1%8B%D0%B1%D0%B5%D1%80%D0%B8%2C+%D0%BA%D0%B0%D0%BA%D0%BE%D0%B9+%D1%82%D0%BE%D0%BF+%D1%85%D0%BE%D1%87%D0%B5%D1%88%D1%8C+%D0%BF%D0%BE%D1%81%D0%BC%D0%BE%D1%82%D1%80%D0%B5%D1%82%D1%8C&reply_markup=%7B%22keyboard%22%3A+%5B%5B%7B%22text%22%3A+%22%5Cu0442%5Cu043e%5Cu043f+%5Cu043f%5Cu043e+%5Cu0440%5Cu0435%5Cu0439%5Cu0442%5Cu0438%5Cu043d%5Cu0433%5Cu0443%22%7D%2C+%7B%22text%22%3A+%22%5Cu0442%5Cu043e%5Cu043f+%5Cu043f%5Cu043e+%5Cu0441%5Cu0442%5Cu0440%5Cu0438%5Cu043a%5Cu0443%22%7D%5D%2C+%5B%7B%22text%22%3A+%22%5Cu0442%5Cu043e%5Cu043f+%5Cu043f%5Cu043e+%25+%5Cu043f%5Cu0440%5Cu0430%5Cu0432%5Cu0438%5Cu043b%5Cu044c%5Cu043d%5Cu044b%5Cu0445%22%7D%2C+%7B%22text%22%3A+%22%5Cu0433%5Cu043b%5Cu0430%5Cu0432%5Cu043d%5Cu043e%5Cu0435+%5Cu043c%5Cu0435%5Cu043d%5Cu044e%22%7D%5D%5D%2C+%22resize_keyboard%22%3A+true%7D HTTP/1.1" 200 650
2021-05-11 02:06:36,788 DEBUG https://api.telegram.org:443 "GET /bot1639467970:AAEXXyaLvwq1LIe9rOMjo0AzyhMlVKl-3Xc/getUpdates?offset=115691066&timeout=20 HTTP/1.1" 200 447
2021-05-11 02:06:36,789 INFO 日本語 None texted топ по рейтингу
2021-05-11 02:06:36,936 DEBUG https://api.telegram.org:443 "POST /bot1639467970:AAEXXyaLvwq1LIe9rOMjo0AzyhMlVKl-3Xc/sendMessage?chat_id=993159473&text=%2A%D1%82%D0%B5%D0%BA%D1%83%D1%89%D0%B8%D0%B9+%D1%82%D0%BE%D0%BF+%D0%BF%D0%BE+%D1%80%D0%B5%D0%B9%D1%82%D0%B8%D0%BD%D0%B3%D1%83%3A%2A%0A1%5C%29+Rustam+Fakhretdinov+%5C%7C+1233+%5C%7C+%D0%BF%D0%BE%D0%B1%D0%B5%D0%B4%D0%B8%D1%82%D0%B5%D0%BB%D1%8C+%22%D0%A0%D1%83%D1%81%D1%81%D0%BA%D0%BE%D0%B3%D0%BE+%D0%BC%D0%B5%D0%B4%D0%B2%D0%B5%D0%B6%D0%BE%D0%BD%D0%BA%D0%B0%22%0A2%5C%29+Valeriya+Bass+%5C%7C+684+%5C%7C+%D0%BF%D0%BE%D0%B1%D0%B5%D0%B4%D0%B8%D1%82%D0%B5%D0%BB%D1%8C+%D0%92%D0%A1%D0%BE%D0%A8+%D0%BF%D0%BE+%D1%80%D1%83%D1%81%D1%81%D0%BA%D0%BE%D0%BC%D1%83+%D1%8F%D0%B7%D1%8B%D0%BA%D1%83%0A3%5C%29+%D0%A1%D0%B0%D1%88%D0%B0+%5C%7C+625+%5C%7C+%D0%BF%D1%80%D0%B8%D0%B7%D0%B5%D1%80+%D0%92%D0%A1%D0%BE%D0%A8+%D0%BF%D0%BE+%D1%80%D1%83%D1%81%D1%81%D0%BA%D0%BE%D0%BC%D1%83+%D1%8F%D0%B7%D1%8B%D0%BA%D1%83%0A4%5C%29+%D0%92%D0%B8%D0%BA%D1%82%D0%BE%D1%80%D0%B8%D1%8F+%5C%7C+70+%5C%7C+%D1%83%D1%87%D0%B0%D1%81%D1%82%D0%BD%D0%B8%D0%BA+%D0%92%D0%A1%D0%BE%D0%A8+%D0%BF%D0%BE+%D1%80%D1%83%D1%81%D1%81%D0%BA%D0%BE%D0%BC%D1%83+%D1%8F%D0%B7%D1%8B%D0%BA%D1%83%0A5%5C%29+Wigga+%5C%7C+1+%5C%7C+%D0%BF%D0%BE%D0%B1%D0%B5%D0%B4%D0%B8%D1%82%D0%B5%D0%BB%D1%8C+%D1%80%D0%B5%D0%B3%D0%B8%D0%BE%D0%BD%D0%B0+%D0%BF%D0%BE+%D1%80%D1%83%D1%81%D1%81%D0%BA%D0%BE%D0%BC%D1%83+%D1%8F%D0%B7%D1%8B%D0%BA%D1%83%0A&reply_markup=%7B%22keyboard%22%3A+%5B%5B%7B%22text%22%3A+%22%5Cu0442%5Cu043e%5Cu043f+%5Cu043f%5Cu043e+%5Cu0440%5Cu0435%5Cu0439%5Cu0442%5Cu0438%5Cu043d%5Cu0433%5Cu0443%22%7D%2C+%7B%22text%22%3A+%22%5Cu0442%5Cu043e%5Cu043f+%5Cu043f%5Cu043e+%5Cu0441%5Cu0442%5Cu0440%5Cu0438%5Cu043a%5Cu0443%22%7D%5D%2C+%5B%7B%22text%22%3A+%22%5Cu0442%5Cu043e%5Cu043f+%5Cu043f%5Cu043e+%25+%5Cu043f%5Cu0440%5Cu0430%5Cu0432%5Cu0438%5Cu043b%5Cu044c%5Cu043d%5Cu044b%5Cu0445%22%7D%2C+%7B%22text%22%3A+%22%5Cu0433%5Cu043b%5Cu0430%5Cu0432%5Cu043d%5Cu043e%5Cu0435+%5Cu043c%5Cu0435%5Cu043d%5Cu044e%22%7D%5D%5D%2C+%22resize_keyboard%22%3A+true%7D&parse_mode=MarkdownV2 HTTP/1.1" 200 1686
2021-05-11 02:06:36,936 INFO gave 日本語 None top_rating
2021-05-11 02:06:39,486 DEBUG https://api.telegram.org:443 "GET /bot1639467970:AAEXXyaLvwq1LIe9rOMjo0AzyhMlVKl-3Xc/getUpdates?offset=115691067&timeout=20 HTTP/1.1" 200 434
2021-05-11 02:06:39,487 INFO 日本語 None texted главное меню
2021-05-11 02:06:39,578 DEBUG https://api.telegram.org:443 "POST /bot1639467970:AAEXXyaLvwq1LIe9rOMjo0AzyhMlVKl-3Xc/sendMessage?chat_id=993159473&text=%D1%81%D0%BA%D0%BE%D1%80%D0%B5%D0%B5+%D0%B2%D1%81%D0%B5%D0%B3%D0%BE%2C+%D0%B2%D1%8B%D0%B9%D1%82%D0%B8+%D0%B2+%D0%B3%D0%BB%D0%B0%D0%B2%D0%BD%D0%BE%D0%B5+%D0%BC%D0%B5%D0%BD%D1%8E+%D0%BC%D0%BE%D0%B6%D0%BD%D0%BE+%D0%B1%D0%B5%D0%B7+%D1%81%D0%BE%D0%BE%D0%B1%D1%89%D0%B5%D0%BD%D0%B8%D1%8F%2C+%D0%BD%D0%BE+%D1%8F+%D0%BD%D0%B5+%D1%81%D0%BC%D0%BE%D0%B3+%D0%BD%D0%B0%D0%B3%D1%83%D0%B3%D0%BB%D0%B8%D1%82%D1%8C+%D1%82%D0%BE%2C+%D0%BA%D0%B0%D0%BA+%D1%8D%D1%82%D0%BE+%D1%81%D0%B4%D0%B5%D0%BB%D0%B0%D1%82%D1%8C%2C+%D0%BF%D0%BE%D1%8D%D1%82%D0%BE%D0%BC%D1%83+%D0%BC%D0%BE%D0%B3%D1%83+%D0%BF%D1%80%D0%BE%D1%81%D1%82%D0%BE+%D1%81%D0%BA%D0%B0%D0%B7%D0%B0%D1%82%D1%8C%2C+%D1%87%D1%82%D0%BE+%D0%B2+%D0%B4%D0%B0%D0%BD%D0%BD%D1%8B%D0%B9+%D0%BC%D0%BE%D0%BC%D0%B5%D0%BD%D1%82+%D0%BD%D0%B0+73%25+%D1%82%D1%8B+%D0%BB%D0%BE%D1%85%29%29%29%29%29%29&reply_markup=%7B%22keyboard%22%3A+%5B%5B%7B%22text%22%3A+%22%5Cu0441%5Cu043b%5Cu043e%5Cu0432%5Cu043e%21%22%7D%2C+%7B%22text%22%3A+%22%5Cu0441%5Cu0442%5Cu0430%5Cu0442%5Cu044b%22%7D%2C+%7B%22text%22%3A+%22%5Cu0442%5Cu043e%5Cu043f%22%7D%5D%2C+%5B%7B%22text%22%3A+%22%5Cu0434%5Cu043e%5Cu0441%5Cu0442%5Cu0438%5Cu0436%5Cu0435%5Cu043d%5Cu0438%5Cu044f%22%7D%2C+%7B%22text%22%3A+%22%5Cu043f%5Cu043e%5Cu043c%5Cu043e%5Cu0449%5Cu044c%22%7D%2C+%7B%22text%22%3A+%22%5Cu043d%5Cu0430%5Cu0441%5Cu0442%5Cu0440%5Cu043e%5Cu0439%5Cu043a%5Cu0438%22%7D%5D%5D%2C+%22resize_keyboard%22%3A+true%7D HTTP/1.1" 200 1258
2021-05-11 02:06:39,578 INFO gave 日本語 None main_menu
2021-05-11 02:06:40,549 DEBUG https://api.telegram.org:443 "GET /bot1639467970:AAEXXyaLvwq1LIe9rOMjo0AzyhMlVKl-3Xc/getUpdates?offset=115691068&timeout=20 HTTP/1.1" 200 397
2021-05-11 02:06:40,549 INFO 日本語 None texted статы
2021-05-11 02:06:40,641 DEBUG https://api.telegram.org:443 "POST /bot1639467970:AAEXXyaLvwq1LIe9rOMjo0AzyhMlVKl-3Xc/sendMessage?chat_id=993159473&text=%2A%D0%BB%D0%B8%D1%87%D0%BD%D0%B0%D1%8F+%D1%81%D1%82%D0%B0%D1%82%D0%B8%D1%81%D1%82%D0%B8%D0%BA%D0%B0%5C.%2A%0A%D1%80%D0%B5%D0%B9%D1%82%D0%B8%D0%BD%D0%B3%3A+1%0A%D0%BC%D0%B5%D1%81%D1%82%D0%BE+%D0%B2+%D1%82%D0%BE%D0%BF%D0%B5%3A+%D1%82%D1%8B+%D0%BD%D0%B5+%D0%BE%D1%82%D0%BE%D0%B1%D1%80%D0%B0%D0%B6%D0%B0%D0%B5%D1%88%D1%8C%D1%81%D1%8F+%D0%B2+%D1%82%D0%BE%D0%BF%D0%B5+%5C%3D%5C%28%0A%D0%B7%D0%B2%D0%B0%D0%BD%D0%B8%D0%B5%3A+%D0%BD%D0%B5%D1%82+%D0%B2+%D1%82%D0%BE%D0%BF%D0%B5+%5C-+%D0%BD%D0%B5%D1%82+%D0%B7%D0%B2%D0%B0%D0%BD%D0%B8%D1%8F%5C%28%0A%D0%BF%D1%80%D0%B0%D0%B2%D0%B8%D0%BB%D1%8C%D0%BD%D1%8B%D1%85+%D0%BE%D1%82%D0%B2%D0%B5%D1%82%D0%BE%D0%B2%3A+1%0A%D0%BD%D0%B5%D0%BF%D1%80%D0%B0%D0%B2%D0%B8%D0%BB%D1%8C%D0%BD%D1%8B%D1%85+%D0%BE%D1%82%D0%B2%D0%B5%D1%82%D0%BE%D0%B2%3A+0%0A%D1%82%D0%B5%D0%BA%D1%83%D1%89%D0%B8%D0%B9+%D1%81%D1%82%D1%80%D0%B8%D0%BA%3A+%5C%2B1%0A%D0%BC%D0%B0%D0%BA%D1%81%D0%B8%D0%BC%D0%B0%D0%BB%D1%8C%D0%BD%D1%8B%D0%B9+%D1%81%D1%82%D1%80%D0%B8%D0%BA%3A+%5C%2B1%0A%D1%80%D0%B0%D0%B7%D0%B1%D0%BB%D0%BE%D0%BA%D0%B8%D1%80%D0%BE%D0%B2%D0%B0%D0%BD%D0%BE+%D1%81%D0%BB%D0%BE%D0%B2%3A+1+%2F+210&reply_markup=%7B%22keyboard%22%3A+%5B%5B%7B%22text%22%3A+%22%5Cu0441%5Cu043b%5Cu043e%5Cu0432%5Cu043e%21%22%7D%2C+%7B%22text%22%3A+%22%5Cu0441%5Cu0442%5Cu0430%5Cu0442%5Cu044b%22%7D%2C+%7B%22text%22%3A+%22%5Cu0442%5Cu043e%5Cu043f%22%7D%5D%2C+%5B%7B%22text%22%3A+%22%5Cu0434%5Cu043e%5Cu0441%5Cu0442%5Cu0438%5Cu0436%5Cu0435%5Cu043d%5Cu0438%5Cu044f%22%7D%2C+%7B%22text%22%3A+%22%5Cu043f%5Cu043e%5Cu043c%5Cu043e%5Cu0449%5Cu044c%22%7D%2C+%7B%22text%22%3A+%22%5Cu043d%5Cu0430%5Cu0441%5Cu0442%5Cu0440%5Cu043e%5Cu0439%5Cu043a%5Cu0438%22%7D%5D%5D%2C+%22resize_keyboard%22%3A+true%7D&parse_mode=MarkdownV2 HTTP/1.1" 200 1552
2021-05-11 02:06:40,641 INFO gave 日本語 None stats
2021-05-11 02:06:41,088 DEBUG https://api.telegram.org:443 "GET /bot1639467970:AAEXXyaLvwq1LIe9rOMjo0AzyhMlVKl-3Xc/getUpdates?offset=115691069&timeout=20 HTTP/1.1" 200 421
2021-05-11 02:06:41,089 INFO 日本語 None texted настройки
2021-05-11 02:06:41,200 DEBUG https://api.telegram.org:443 "POST /bot1639467970:AAEXXyaLvwq1LIe9rOMjo0AzyhMlVKl-3Xc/sendMessage?chat_id=993159473&text=%D0%B4%D0%B0%2C+%D0%BD%D0%B0%D1%81%D1%82%D1%80%D0%BE%D0%B5%D0%BA+%D0%BF%D0%BE%D0%BA%D0%B0+%D0%BC%D0%B0%D0%BB%D0%BE%D0%B2%D0%B0%D1%82%D0%BE...+%D0%BD%D0%BE+%D1%8D%D1%82%D0%BE+%D0%B6%D0%B5+%D0%BB%D1%83%D1%87%D1%88%D0%B5%2C+%D1%87%D0%B5%D0%BC+%D0%BD%D0%B8%D1%87%D0%B5%D0%B3%D0%BE%3F&reply_markup=%7B%22keyboard%22%3A+%5B%5B%7B%22text%22%3A+%22%5Cu043d%5Cu0430%5Cu0441%5Cu0442%5Cu0440%5Cu043e%5Cu0439%5Cu043a%5Cu0438+%5Cu043e%5Cu0442%5Cu043e%5Cu0431%5Cu0440%5Cu0430%5Cu0436%5Cu0435%5Cu043d%5Cu0438%5Cu044f+%5Cu0432+%5Cu0442%5Cu043e%5Cu043f%5Cu0435%22%7D%2C+%7B%22text%22%3A+%22%5Cu0433%5Cu043b%5Cu0430%5Cu0432%5Cu043d%5Cu043e%5Cu0435+%5Cu043c%5Cu0435%5Cu043d%5Cu044e%22%7D%5D%5D%2C+%22resize_keyboard%22%3A+true%7D HTTP/1.1" 200 738
2021-05-11 02:06:41,200 INFO gave 日本語 None settings_main
2021-05-11 02:06:41,974 DEBUG https://api.telegram.org:443 "GET /bot1639467970:AAEXXyaLvwq1LIe9rOMjo0AzyhMlVKl-3Xc/getUpdates?offset=115691070&timeout=20 HTTP/1.1" 200 520
2021-05-11 02:06:41,976 INFO 日本語 None texted настройки отображения в топе
2021-05-11 02:06:42,077 DEBUG https://api.telegram.org:443 "POST /bot1639467970:AAEXXyaLvwq1LIe9rOMjo0AzyhMlVKl-3Xc/sendMessage?chat_id=993159473&text=%D1%82%D0%B5%D0%BB%D0%B5%D0%BF%D0%BE%D1%80%D1%82%D0%B8%D1%80%D1%83%D1%8E+%D0%B2+%D0%BD%D0%B0%D1%81%D1%82%D1%80%D0%BE%D0%B9%D0%BA%D0%B8+%D0%BE%D1%82%D0%BE%D0%B1%D1%80%D0%B0%D0%B6%D0%B5%D0%BD%D0%B8%D1%8F+%D0%B2+%D1%82%D0%BE%D0%BF%D0%B5...&reply_markup=%7B%22keyboard%22%3A+%5B%5B%7B%22text%22%3A+%22%5Cu0432%5Cu043a%5Cu043b%2F%5Cu0432%5Cu044b%5Cu043a%5Cu043b+%5Cu043e%5Cu0442%5Cu043e%5Cu0431%5Cu0440%5Cu0430%5Cu0436%5Cu0435%5Cu043d%5Cu0438%5Cu0435+%5Cu0432+%5Cu0442%5Cu043e%5Cu043f%5Cu0435%22%7D%2C+%7B%22text%22%3A+%22%5Cu043e%5Cu0431%5Cu043d%5Cu043e%5Cu0432%5Cu0438%5Cu0442%5Cu044c+%5Cu043c%5Cu043e%5Cu0435+%5Cu0438%5Cu043c%5Cu044f+%5Cu0432+%5Cu0442%5Cu043e%5Cu043f%5Cu0435%22%7D%2C+%7B%22text%22%3A+%22%5Cu0432%5Cu0435%5Cu0440%5Cu043d%5Cu0443%5Cu0442%5Cu044c%5Cu0441%5Cu044f+%5Cu043a+%5Cu043c%5Cu0435%5Cu043d%5Cu044e+%5Cu043d%5Cu0430%5Cu0441%5Cu0442%5Cu0440%5Cu043e%5Cu0435%5Cu043a%22%7D%5D%5D%2C+%22resize_keyboard%22%3A+true%7D HTTP/1.1" 200 701
2021-05-11 02:06:42,077 INFO gave 日本語 None settings_top
2021-05-11 02:06:42,922 DEBUG https://api.telegram.org:443 "GET /bot1639467970:AAEXXyaLvwq1LIe9rOMjo0AzyhMlVKl-3Xc/getUpdates?offset=115691071&timeout=20 HTTP/1.1" 200 509
2021-05-11 02:06:42,922 INFO 日本語 None texted вкл/выкл отображение в топе
2021-05-11 02:06:43,069 DEBUG https://api.telegram.org:443 "POST /bot1639467970:AAEXXyaLvwq1LIe9rOMjo0AzyhMlVKl-3Xc/sendMessage?chat_id=993159473&text=%D0%BE%D1%82%D0%BE%D0%B1%D1%80%D0%B0%D0%B6%D0%B0%D1%82%D1%8C+%D0%BB%D0%B8+%D1%82%D0%B5%D0%B1%D1%8F+%D0%B2+%D1%82%D0%BE%D0%BF%D0%B5%3F&reply_markup=%7B%22inline_keyboard%22%3A+%5B%5B%7B%22text%22%3A+%22%5Cu0434%5Cu0430%22%2C+%22callback_data%22%3A+%22top_yes%22%7D%5D%2C+%5B%7B%22text%22%3A+%22%5Cu043d%5Cu0435%5Cu0442%22%2C+%22callback_data%22%3A+%22top_no%22%7D%5D%5D%7D HTTP/1.1" 200 742
2021-05-11 02:06:43,069 INFO gave 日本語 None settings_top_visibility
2021-05-11 02:06:43,682 DEBUG https://api.telegram.org:443 "GET /bot1639467970:AAEXXyaLvwq1LIe9rOMjo0AzyhMlVKl-3Xc/getUpdates?offset=115691072&timeout=20 HTTP/1.1" 200 1020
2021-05-11 02:06:43,747 DEBUG https://api.telegram.org:443 "POST /bot1639467970:AAEXXyaLvwq1LIe9rOMjo0AzyhMlVKl-3Xc/deleteMessage?chat_id=993159473&message_id=11189 HTTP/1.1" 200 25
2021-05-11 02:06:43,819 DEBUG https://api.telegram.org:443 "POST /bot1639467970:AAEXXyaLvwq1LIe9rOMjo0AzyhMlVKl-3Xc/sendMessage?chat_id=993159473&text=%D0%BE%D0%BA%D0%B5%D0%B9%21+%D0%BD%D0%B0%D0%B4%D0%B5%D1%8E%D1%81%D1%8C%2C+%D1%82%D1%8B+%D1%81%D0%BC%D0%BE%D0%B6%D0%B5%D1%88%D1%8C+%D0%BF%D0%BE%D0%BA%D0%BE%D1%80%D0%B8%D1%82%D1%8C+%D0%B2%D0%B5%D1%80%D1%88%D0%B8%D0%BD%D1%83%21 HTTP/1.1" 200 683
2021-05-11 02:06:43,819 INFO 日本語 None now available in top
2021-05-11 02:06:43,828 DEBUG main info database updated
2021-05-11 02:06:43,836 DEBUG used info database updated
2021-05-11 02:06:43,842 DEBUG achievement info database updated
2021-05-11 02:06:43,842 INFO all databases updated
2021-05-11 02:06:44,358 DEBUG https://api.telegram.org:443 "GET /bot1639467970:AAEXXyaLvwq1LIe9rOMjo0AzyhMlVKl-3Xc/getUpdates?offset=115691073&timeout=20 HTTP/1.1" 200 502
2021-05-11 02:06:44,359 INFO 日本語 None texted вернуться к меню настроек
2021-05-11 02:06:44,437 DEBUG https://api.telegram.org:443 "POST /bot1639467970:AAEXXyaLvwq1LIe9rOMjo0AzyhMlVKl-3Xc/sendMessage?chat_id=993159473&text=%D0%B4%D0%B0%2C+%D0%BD%D0%B0%D1%81%D1%82%D1%80%D0%BE%D0%B5%D0%BA+%D0%BF%D0%BE%D0%BA%D0%B0+%D0%BC%D0%B0%D0%BB%D0%BE%D0%B2%D0%B0%D1%82%D0%BE...+%D0%BD%D0%BE+%D1%8D%D1%82%D0%BE+%D0%B6%D0%B5+%D0%BB%D1%83%D1%87%D1%88%D0%B5%2C+%D1%87%D0%B5%D0%BC+%D0%BD%D0%B8%D1%87%D0%B5%D0%B3%D0%BE%3F&reply_markup=%7B%22keyboard%22%3A+%5B%5B%7B%22text%22%3A+%22%5Cu043d%5Cu0430%5Cu0441%5Cu0442%5Cu0440%5Cu043e%5Cu0439%5Cu043a%5Cu0438+%5Cu043e%5Cu0442%5Cu043e%5Cu0431%5Cu0440%5Cu0430%5Cu0436%5Cu0435%5Cu043d%5Cu0438%5Cu044f+%5Cu0432+%5Cu0442%5Cu043e%5Cu043f%5Cu0435%22%7D%2C+%7B%22text%22%3A+%22%5Cu0433%5Cu043b%5Cu0430%5Cu0432%5Cu043d%5Cu043e%5Cu0435+%5Cu043c%5Cu0435%5Cu043d%5Cu044e%22%7D%5D%5D%2C+%22resize_keyboard%22%3A+true%7D HTTP/1.1" 200 738
2021-05-11 02:06:44,437 INFO gave 日本語 None settings_main
2021-05-11 02:06:45,004 DEBUG https://api.telegram.org:443 "GET /bot1639467970:AAEXXyaLvwq1LIe9rOMjo0AzyhMlVKl-3Xc/getUpdates?offset=115691074&timeout=20 HTTP/1.1" 200 434
2021-05-11 02:06:45,005 INFO 日本語 None texted главное меню
2021-05-11 02:06:45,096 DEBUG https://api.telegram.org:443 "POST /bot1639467970:AAEXXyaLvwq1LIe9rOMjo0AzyhMlVKl-3Xc/sendMessage?chat_id=993159473&text=%D1%81%D0%BA%D0%BE%D1%80%D0%B5%D0%B5+%D0%B2%D1%81%D0%B5%D0%B3%D0%BE%2C+%D0%B2%D1%8B%D0%B9%D1%82%D0%B8+%D0%B2+%D0%B3%D0%BB%D0%B0%D0%B2%D0%BD%D0%BE%D0%B5+%D0%BC%D0%B5%D0%BD%D1%8E+%D0%BC%D0%BE%D0%B6%D0%BD%D0%BE+%D0%B1%D0%B5%D0%B7+%D1%81%D0%BE%D0%BE%D0%B1%D1%89%D0%B5%D0%BD%D0%B8%D1%8F%2C+%D0%BD%D0%BE+%D1%8F+%D0%BD%D0%B5+%D1%81%D0%BC%D0%BE%D0%B3+%D0%BD%D0%B0%D0%B3%D1%83%D0%B3%D0%BB%D0%B8%D1%82%D1%8C+%D1%82%D0%BE%2C+%D0%BA%D0%B0%D0%BA+%D1%8D%D1%82%D0%BE+%D1%81%D0%B4%D0%B5%D0%BB%D0%B0%D1%82%D1%8C%2C+%D0%BF%D0%BE%D1%8D%D1%82%D0%BE%D0%BC%D1%83+%D0%BC%D0%BE%D0%B3%D1%83+%D0%BF%D1%80%D0%BE%D1%81%D1%82%D0%BE+%D1%81%D0%BA%D0%B0%D0%B7%D0%B0%D1%82%D1%8C%2C+%D1%87%D1%82%D0%BE+%D0%B2+%D0%B4%D0%B0%D0%BD%D0%BD%D1%8B%D0%B9+%D0%BC%D0%BE%D0%BC%D0%B5%D0%BD%D1%82+%D0%BD%D0%B0+39%25+%D1%82%D1%8B+%D0%BB%D0%BE%D1%85%29%29%29%29%29%29&reply_markup=%7B%22keyboard%22%3A+%5B%5B%7B%22text%22%3A+%22%5Cu0441%5Cu043b%5Cu043e%5Cu0432%5Cu043e%21%22%7D%2C+%7B%22text%22%3A+%22%5Cu0441%5Cu0442%5Cu0430%5Cu0442%5Cu044b%22%7D%2C+%7B%22text%22%3A+%22%5Cu0442%5Cu043e%5Cu043f%22%7D%5D%2C+%5B%7B%22text%22%3A+%22%5Cu0434%5Cu043e%5Cu0441%5Cu0442%5Cu0438%5Cu0436%5Cu0435%5Cu043d%5Cu0438%5Cu044f%22%7D%2C+%7B%22text%22%3A+%22%5Cu043f%5Cu043e%5Cu043c%5Cu043e%5Cu0449%5Cu044c%22%7D%2C+%7B%22text%22%3A+%22%5Cu043d%5Cu0430%5Cu0441%5Cu0442%5Cu0440%5Cu043e%5Cu0439%5Cu043a%5Cu0438%22%7D%5D%5D%2C+%22resize_keyboard%22%3A+true%7D HTTP/1.1" 200 1258
2021-05-11 02:06:45,097 INFO gave 日本語 None main_menu
2021-05-11 02:06:45,784 DEBUG https://api.telegram.org:443 "GET /bot1639467970:AAEXXyaLvwq1LIe9rOMjo0AzyhMlVKl-3Xc/getUpdates?offset=115691075&timeout=20 HTTP/1.1" 200 385
2021-05-11 02:06:45,785 INFO 日本語 None texted топ
2021-05-11 02:06:45,867 DEBUG https://api.telegram.org:443 "POST /bot1639467970:AAEXXyaLvwq1LIe9rOMjo0AzyhMlVKl-3Xc/sendMessage?chat_id=993159473&text=%D0%B2%D1%8B%D0%B1%D0%B5%D1%80%D0%B8%2C+%D0%BA%D0%B0%D0%BA%D0%BE%D0%B9+%D1%82%D0%BE%D0%BF+%D1%85%D0%BE%D1%87%D0%B5%D1%88%D1%8C+%D0%BF%D0%BE%D1%81%D0%BC%D0%BE%D1%82%D1%80%D0%B5%D1%82%D1%8C&reply_markup=%7B%22keyboard%22%3A+%5B%5B%7B%22text%22%3A+%22%5Cu0442%5Cu043e%5Cu043f+%5Cu043f%5Cu043e+%5Cu0440%5Cu0435%5Cu0439%5Cu0442%5Cu0438%5Cu043d%5Cu0433%5Cu0443%22%7D%2C+%7B%22text%22%3A+%22%5Cu0442%5Cu043e%5Cu043f+%5Cu043f%5Cu043e+%5Cu0441%5Cu0442%5Cu0440%5Cu0438%5Cu043a%5Cu0443%22%7D%5D%2C+%5B%7B%22text%22%3A+%22%5Cu0442%5Cu043e%5Cu043f+%5Cu043f%5Cu043e+%25+%5Cu043f%5Cu0440%5Cu0430%5Cu0432%5Cu0438%5Cu043b%5Cu044c%5Cu043d%5Cu044b%5Cu0445%22%7D%2C+%7B%22text%22%3A+%22%5Cu0433%5Cu043b%5Cu0430%5Cu0432%5Cu043d%5Cu043e%5Cu0435+%5Cu043c%5Cu0435%5Cu043d%5Cu044e%22%7D%5D%5D%2C+%22resize_keyboard%22%3A+true%7D HTTP/1.1" 200 650
2021-05-11 02:06:46,318 DEBUG https://api.telegram.org:443 "GET /bot1639467970:AAEXXyaLvwq1LIe9rOMjo0AzyhMlVKl-3Xc/getUpdates?offset=115691076&timeout=20 HTTP/1.1" 200 447
2021-05-11 02:06:46,318 INFO 日本語 None texted топ по рейтингу
2021-05-11 02:06:46,400 DEBUG https://api.telegram.org:443 "POST /bot1639467970:AAEXXyaLvwq1LIe9rOMjo0AzyhMlVKl-3Xc/sendMessage?chat_id=993159473&text=%2A%D1%82%D0%B5%D0%BA%D1%83%D1%89%D0%B8%D0%B9+%D1%82%D0%BE%D0%BF+%D0%BF%D0%BE+%D1%80%D0%B5%D0%B9%D1%82%D0%B8%D0%BD%D0%B3%D1%83%3A%2A%0A1%5C%29+Rustam+Fakhretdinov+%5C%7C+1233+%5C%7C+%D0%BF%D0%BE%D0%B1%D0%B5%D0%B4%D0%B8%D1%82%D0%B5%D0%BB%D1%8C+%22%D0%A0%D1%83%D1%81%D1%81%D0%BA%D0%BE%D0%B3%D0%BE+%D0%BC%D0%B5%D0%B4%D0%B2%D0%B5%D0%B6%D0%BE%D0%BD%D0%BA%D0%B0%22%0A2%5C%29+Valeriya+Bass+%5C%7C+684+%5C%7C+%D0%BF%D0%BE%D0%B1%D0%B5%D0%B4%D0%B8%D1%82%D0%B5%D0%BB%D1%8C+%D0%92%D0%A1%D0%BE%D0%A8+%D0%BF%D0%BE+%D1%80%D1%83%D1%81%D1%81%D0%BA%D0%BE%D0%BC%D1%83+%D1%8F%D0%B7%D1%8B%D0%BA%D1%83%0A3%5C%29+%D0%A1%D0%B0%D1%88%D0%B0+%5C%7C+625+%5C%7C+%D0%BF%D1%80%D0%B8%D0%B7%D0%B5%D1%80+%D0%92%D0%A1%D0%BE%D0%A8+%D0%BF%D0%BE+%D1%80%D1%83%D1%81%D1%81%D0%BA%D0%BE%D0%BC%D1%83+%D1%8F%D0%B7%D1%8B%D0%BA%D1%83%0A4%5C%29+%D0%92%D0%B8%D0%BA%D1%82%D0%BE%D1%80%D0%B8%D1%8F+%5C%7C+70+%5C%7C+%D1%83%D1%87%D0%B0%D1%81%D1%82%D0%BD%D0%B8%D0%BA+%D0%92%D0%A1%D0%BE%D0%A8+%D0%BF%D0%BE+%D1%80%D1%83%D1%81%D1%81%D0%BA%D0%BE%D0%BC%D1%83+%D1%8F%D0%B7%D1%8B%D0%BA%D1%83%0A5%5C%29+Wigga+%5C%7C+1+%5C%7C+%D0%BF%D0%BE%D0%B1%D0%B5%D0%B4%D0%B8%D1%82%D0%B5%D0%BB%D1%8C+%D1%80%D0%B5%D0%B3%D0%B8%D0%BE%D0%BD%D0%B0+%D0%BF%D0%BE+%D1%80%D1%83%D1%81%D1%81%D0%BA%D0%BE%D0%BC%D1%83+%D1%8F%D0%B7%D1%8B%D0%BA%D1%83%0A6%5C%29+%E6%97%A5%E6%9C%AC%E8%AA%9E+%5C%7C+1+%5C%7C+%D0%BF%D1%80%D0%B8%D0%B7%D0%B5%D1%80+%D1%80%D0%B5%D0%B3%D0%B8%D0%BE%D0%BD%D0%B0+%D0%BF%D0%BE+%D1%80%D1%83%D1%81%D1%81%D0%BA%D0%BE%D0%BC%D1%83+%D1%8F%D0%B7%D1%8B%D0%BA%D1%83%0A&reply_markup=%7B%22keyboard%22%3A+%5B%5B%7B%22text%22%3A+%22%5Cu0442%5Cu043e%5Cu043f+%5Cu043f%5Cu043e+%5Cu0440%5Cu0435%5Cu0439%5Cu0442%5Cu0438%5Cu043d%5Cu0433%5Cu0443%22%7D%2C+%7B%22text%22%3A+%22%5Cu0442%5Cu043e%5Cu043f+%5Cu043f%5Cu043e+%5Cu0441%5Cu0442%5Cu0440%5Cu0438%5Cu043a%5Cu0443%22%7D%5D%2C+%5B%7B%22text%22%3A+%22%5Cu0442%5Cu043e%5Cu043f+%5Cu043f%5Cu043e+%25+%5Cu043f%5Cu0440%5Cu0430%5Cu0432%5Cu0438%5Cu043b%5Cu044c%5Cu043d%5Cu044b%5Cu0445%22%7D%2C+%7B%22text%22%3A+%22%5Cu0433%5Cu043b%5Cu0430%5Cu0432%5Cu043d%5Cu043e%5Cu0435+%5Cu043c%5Cu0435%5Cu043d%5Cu044e%22%7D%5D%5D%2C+%22resize_keyboard%22%3A+true%7D&parse_mode=MarkdownV2 HTTP/1.1" 200 1888
2021-05-11 02:06:46,401 INFO gave 日本語 None top_rating
2021-05-11 02:06:47,049 DEBUG https://api.telegram.org:443 "GET /bot1639467970:AAEXXyaLvwq1LIe9rOMjo0AzyhMlVKl-3Xc/getUpdates?offset=115691077&timeout=20 HTTP/1.1" 200 434
2021-05-11 02:06:47,049 INFO 日本語 None texted главное меню
2021-05-11 02:06:47,128 DEBUG https://api.telegram.org:443 "POST /bot1639467970:AAEXXyaLvwq1LIe9rOMjo0AzyhMlVKl-3Xc/sendMessage?chat_id=993159473&text=%D1%81%D0%BA%D0%BE%D1%80%D0%B5%D0%B5+%D0%B2%D1%81%D0%B5%D0%B3%D0%BE%2C+%D0%B2%D1%8B%D0%B9%D1%82%D0%B8+%D0%B2+%D0%B3%D0%BB%D0%B0%D0%B2%D0%BD%D0%BE%D0%B5+%D0%BC%D0%B5%D0%BD%D1%8E+%D0%BC%D0%BE%D0%B6%D0%BD%D0%BE+%D0%B1%D0%B5%D0%B7+%D1%81%D0%BE%D0%BE%D0%B1%D1%89%D0%B5%D0%BD%D0%B8%D1%8F%2C+%D0%BD%D0%BE+%D1%8F+%D0%BD%D0%B5+%D1%81%D0%BC%D0%BE%D0%B3+%D0%BD%D0%B0%D0%B3%D1%83%D0%B3%D0%BB%D0%B8%D1%82%D1%8C+%D1%82%D0%BE%2C+%D0%BA%D0%B0%D0%BA+%D1%8D%D1%82%D0%BE+%D1%81%D0%B4%D0%B5%D0%BB%D0%B0%D1%82%D1%8C%2C+%D0%BF%D0%BE%D1%8D%D1%82%D0%BE%D0%BC%D1%83+%D0%BC%D0%BE%D0%B3%D1%83+%D0%BF%D1%80%D0%BE%D1%81%D1%82%D0%BE+%D1%81%D0%BA%D0%B0%D0%B7%D0%B0%D1%82%D1%8C%2C+%D1%87%D1%82%D0%BE+%D0%B2+%D0%B4%D0%B0%D0%BD%D0%BD%D1%8B%D0%B9+%D0%BC%D0%BE%D0%BC%D0%B5%D0%BD%D1%82+%D0%BD%D0%B0+98%25+%D1%82%D1%8B+%D0%BB%D0%BE%D1%85%29%29%29%29%29%29&reply_markup=%7B%22keyboard%22%3A+%5B%5B%7B%22text%22%3A+%22%5Cu0441%5Cu043b%5Cu043e%5Cu0432%5Cu043e%21%22%7D%2C+%7B%22text%22%3A+%22%5Cu0441%5Cu0442%5Cu0430%5Cu0442%5Cu044b%22%7D%2C+%7B%22text%22%3A+%22%5Cu0442%5Cu043e%5Cu043f%22%7D%5D%2C+%5B%7B%22text%22%3A+%22%5Cu0434%5Cu043e%5Cu0441%5Cu0442%5Cu0438%5Cu0436%5Cu0435%5Cu043d%5Cu0438%5Cu044f%22%7D%2C+%7B%22text%22%3A+%22%5Cu043f%5Cu043e%5Cu043c%5Cu043e%5Cu0449%5Cu044c%22%7D%2C+%7B%22text%22%3A+%22%5Cu043d%5Cu0430%5Cu0441%5Cu0442%5Cu0440%5Cu043e%5Cu0439%5Cu043a%5Cu0438%22%7D%5D%5D%2C+%22resize_keyboard%22%3A+true%7D HTTP/1.1" 200 1258
2021-05-11 02:06:47,128 INFO gave 日本語 None main_menu
2021-05-11 02:06:47,374 DEBUG https://api.telegram.org:443 "GET /bot1639467970:AAEXXyaLvwq1LIe9rOMjo0AzyhMlVKl-3Xc/getUpdates?offset=115691078&timeout=20 HTTP/1.1" 200 421
2021-05-11 02:06:47,374 INFO 日本語 None texted настройки
2021-05-11 02:06:47,450 DEBUG https://api.telegram.org:443 "POST /bot1639467970:AAEXXyaLvwq1LIe9rOMjo0AzyhMlVKl-3Xc/sendMessage?chat_id=993159473&text=%D0%B4%D0%B0%2C+%D0%BD%D0%B0%D1%81%D1%82%D1%80%D0%BE%D0%B5%D0%BA+%D0%BF%D0%BE%D0%BA%D0%B0+%D0%BC%D0%B0%D0%BB%D0%BE%D0%B2%D0%B0%D1%82%D0%BE...+%D0%BD%D0%BE+%D1%8D%D1%82%D0%BE+%D0%B6%D0%B5+%D0%BB%D1%83%D1%87%D1%88%D0%B5%2C+%D1%87%D0%B5%D0%BC+%D0%BD%D0%B8%D1%87%D0%B5%D0%B3%D0%BE%3F&reply_markup=%7B%22keyboard%22%3A+%5B%5B%7B%22text%22%3A+%22%5Cu043d%5Cu0430%5Cu0441%5Cu0442%5Cu0440%5Cu043e%5Cu0439%5Cu043a%5Cu0438+%5Cu043e%5Cu0442%5Cu043e%5Cu0431%5Cu0440%5Cu0430%5Cu0436%5Cu0435%5Cu043d%5Cu0438%5Cu044f+%5Cu0432+%5Cu0442%5Cu043e%5Cu043f%5Cu0435%22%7D%2C+%7B%22text%22%3A+%22%5Cu0433%5Cu043b%5Cu0430%5Cu0432%5Cu043d%5Cu043e%5Cu0435+%5Cu043c%5Cu0435%5Cu043d%5Cu044e%22%7D%5D%5D%2C+%22resize_keyboard%22%3A+true%7D HTTP/1.1" 200 738
2021-05-11 02:06:47,450 INFO gave 日本語 None settings_main
2021-05-11 02:06:48,095 DEBUG https://api.telegram.org:443 "GET /bot1639467970:AAEXXyaLvwq1LIe9rOMjo0AzyhMlVKl-3Xc/getUpdates?offset=115691079&timeout=20 HTTP/1.1" 200 520
2021-05-11 02:06:48,096 INFO 日本語 None texted настройки отображения в топе
2021-05-11 02:06:48,169 DEBUG https://api.telegram.org:443 "POST /bot1639467970:AAEXXyaLvwq1LIe9rOMjo0AzyhMlVKl-3Xc/sendMessage?chat_id=993159473&text=%D1%82%D0%B5%D0%BB%D0%B5%D0%BF%D0%BE%D1%80%D1%82%D0%B8%D1%80%D1%83%D1%8E+%D0%B2+%D0%BD%D0%B0%D1%81%D1%82%D1%80%D0%BE%D0%B9%D0%BA%D0%B8+%D0%BE%D1%82%D0%BE%D0%B1%D1%80%D0%B0%D0%B6%D0%B5%D0%BD%D0%B8%D1%8F+%D0%B2+%D1%82%D0%BE%D0%BF%D0%B5...&reply_markup=%7B%22keyboard%22%3A+%5B%5B%7B%22text%22%3A+%22%5Cu0432%5Cu043a%5Cu043b%2F%5Cu0432%5Cu044b%5Cu043a%5Cu043b+%5Cu043e%5Cu0442%5Cu043e%5Cu0431%5Cu0440%5Cu0430%5Cu0436%5Cu0435%5Cu043d%5Cu0438%5Cu0435+%5Cu0432+%5Cu0442%5Cu043e%5Cu043f%5Cu0435%22%7D%2C+%7B%22text%22%3A+%22%5Cu043e%5Cu0431%5Cu043d%5Cu043e%5Cu0432%5Cu0438%5Cu0442%5Cu044c+%5Cu043c%5Cu043e%5Cu0435+%5Cu0438%5Cu043c%5Cu044f+%5Cu0432+%5Cu0442%5Cu043e%5Cu043f%5Cu0435%22%7D%2C+%7B%22text%22%3A+%22%5Cu0432%5Cu0435%5Cu0440%5Cu043d%5Cu0443%5Cu0442%5Cu044c%5Cu0441%5Cu044f+%5Cu043a+%5Cu043c%5Cu0435%5Cu043d%5Cu044e+%5Cu043d%5Cu0430%5Cu0441%5Cu0442%5Cu0440%5Cu043e%5Cu0435%5Cu043a%22%7D%5D%5D%2C+%22resize_keyboard%22%3A+true%7D HTTP/1.1" 200 701
2021-05-11 02:06:48,169 INFO gave 日本語 None settings_top
2021-05-11 02:06:48,878 DEBUG https://api.telegram.org:443 "GET /bot1639467970:AAEXXyaLvwq1LIe9rOMjo0AzyhMlVKl-3Xc/getUpdates?offset=115691080&timeout=20 HTTP/1.1" 200 509
2021-05-11 02:06:48,878 INFO 日本語 None texted вкл/выкл отображение в топе
2021-05-11 02:06:48,966 DEBUG https://api.telegram.org:443 "POST /bot1639467970:AAEXXyaLvwq1LIe9rOMjo0AzyhMlVKl-3Xc/sendMessage?chat_id=993159473&text=%D0%BE%D1%82%D0%BE%D0%B1%D1%80%D0%B0%D0%B6%D0%B0%D1%82%D1%8C+%D0%BB%D0%B8+%D1%82%D0%B5%D0%B1%D1%8F+%D0%B2+%D1%82%D0%BE%D0%BF%D0%B5%3F&reply_markup=%7B%22inline_keyboard%22%3A+%5B%5B%7B%22text%22%3A+%22%5Cu0434%5Cu0430%22%2C+%22callback_data%22%3A+%22top_yes%22%7D%5D%2C+%5B%7B%22text%22%3A+%22%5Cu043d%5Cu0435%5Cu0442%22%2C+%22callback_data%22%3A+%22top_no%22%7D%5D%5D%7D HTTP/1.1" 200 742
2021-05-11 02:06:48,966 INFO gave 日本語 None settings_top_visibility
2021-05-11 02:06:49,576 DEBUG https://api.telegram.org:443 "GET /bot1639467970:AAEXXyaLvwq1LIe9rOMjo0AzyhMlVKl-3Xc/getUpdates?offset=115691081&timeout=20 HTTP/1.1" 200 1019
2021-05-11 02:06:49,640 DEBUG https://api.telegram.org:443 "POST /bot1639467970:AAEXXyaLvwq1LIe9rOMjo0AzyhMlVKl-3Xc/deleteMessage?chat_id=993159473&message_id=11206 HTTP/1.1" 200 25
2021-05-11 02:06:49,727 DEBUG https://api.telegram.org:443 "POST /bot1639467970:AAEXXyaLvwq1LIe9rOMjo0AzyhMlVKl-3Xc/sendMessage?chat_id=993159473&text=%D1%85%D0%BE%D1%80%D0%BE%D1%88%D0%BE%2C+%D1%81%D0%BA%D1%80%D1%8B%D0%B2%D0%B0%D1%8E+%D1%82%D0%B5%D0%B1%D1%8F HTTP/1.1" 200 570
2021-05-11 02:06:49,728 INFO 日本語 None now NOT available in top
2021-05-11 02:06:49,735 DEBUG main info database updated
2021-05-11 02:06:49,738 DEBUG used info database updated
2021-05-11 02:06:49,740 DEBUG achievement info database updated
2021-05-11 02:06:49,740 INFO all databases updated
2021-05-11 02:06:50,045 DEBUG https://api.telegram.org:443 "GET /bot1639467970:AAEXXyaLvwq1LIe9rOMjo0AzyhMlVKl-3Xc/getUpdates?offset=115691082&timeout=20 HTTP/1.1" 200 502
2021-05-11 02:06:50,045 INFO 日本語 None texted вернуться к меню настроек
2021-05-11 02:06:50,127 DEBUG https://api.telegram.org:443 "POST /bot1639467970:AAEXXyaLvwq1LIe9rOMjo0AzyhMlVKl-3Xc/sendMessage?chat_id=993159473&text=%D0%B4%D0%B0%2C+%D0%BD%D0%B0%D1%81%D1%82%D1%80%D0%BE%D0%B5%D0%BA+%D0%BF%D0%BE%D0%BA%D0%B0+%D0%BC%D0%B0%D0%BB%D0%BE%D0%B2%D0%B0%D1%82%D0%BE...+%D0%BD%D0%BE+%D1%8D%D1%82%D0%BE+%D0%B6%D0%B5+%D0%BB%D1%83%D1%87%D1%88%D0%B5%2C+%D1%87%D0%B5%D0%BC+%D0%BD%D0%B8%D1%87%D0%B5%D0%B3%D0%BE%3F&reply_markup=%7B%22keyboard%22%3A+%5B%5B%7B%22text%22%3A+%22%5Cu043d%5Cu0430%5Cu0441%5Cu0442%5Cu0440%5Cu043e%5Cu0439%5Cu043a%5Cu0438+%5Cu043e%5Cu0442%5Cu043e%5Cu0431%5Cu0440%5Cu0430%5Cu0436%5Cu0435%5Cu043d%5Cu0438%5Cu044f+%5Cu0432+%5Cu0442%5Cu043e%5Cu043f%5Cu0435%22%7D%2C+%7B%22text%22%3A+%22%5Cu0433%5Cu043b%5Cu0430%5Cu0432%5Cu043d%5Cu043e%5Cu0435+%5Cu043c%5Cu0435%5Cu043d%5Cu044e%22%7D%5D%5D%2C+%22resize_keyboard%22%3A+true%7D HTTP/1.1" 200 738
2021-05-11 02:06:50,128 INFO gave 日本語 None settings_main
2021-05-11 02:06:50,506 DEBUG https://api.telegram.org:443 "GET /bot1639467970:AAEXXyaLvwq1LIe9rOMjo0AzyhMlVKl-3Xc/getUpdates?offset=115691083&timeout=20 HTTP/1.1" 200 434
2021-05-11 02:06:50,506 INFO 日本語 None texted главное меню
2021-05-11 02:06:50,672 DEBUG https://api.telegram.org:443 "POST /bot1639467970:AAEXXyaLvwq1LIe9rOMjo0AzyhMlVKl-3Xc/sendMessage?chat_id=993159473&text=%D1%81%D0%BA%D0%BE%D1%80%D0%B5%D0%B5+%D0%B2%D1%81%D0%B5%D0%B3%D0%BE%2C+%D0%B2%D1%8B%D0%B9%D1%82%D0%B8+%D0%B2+%D0%B3%D0%BB%D0%B0%D0%B2%D0%BD%D0%BE%D0%B5+%D0%BC%D0%B5%D0%BD%D1%8E+%D0%BC%D0%BE%D0%B6%D0%BD%D0%BE+%D0%B1%D0%B5%D0%B7+%D1%81%D0%BE%D0%BE%D0%B1%D1%89%D0%B5%D0%BD%D0%B8%D1%8F%2C+%D0%BD%D0%BE+%D1%8F+%D0%BD%D0%B5+%D1%81%D0%BC%D0%BE%D0%B3+%D0%BD%D0%B0%D0%B3%D1%83%D0%B3%D0%BB%D0%B8%D1%82%D1%8C+%D1%82%D0%BE%2C+%D0%BA%D0%B0%D0%BA+%D1%8D%D1%82%D0%BE+%D1%81%D0%B4%D0%B5%D0%BB%D0%B0%D1%82%D1%8C%2C+%D0%BF%D0%BE%D1%8D%D1%82%D0%BE%D0%BC%D1%83+%D0%BC%D0%BE%D0%B3%D1%83+%D0%BF%D1%80%D0%BE%D1%81%D1%82%D0%BE+%D1%81%D0%BA%D0%B0%D0%B7%D0%B0%D1%82%D1%8C%2C+%D1%87%D1%82%D0%BE+%D0%B2+%D0%B4%D0%B0%D0%BD%D0%BD%D1%8B%D0%B9+%D0%BC%D0%BE%D0%BC%D0%B5%D0%BD%D1%82+%D0%BD%D0%B0+54%25+%D1%82%D1%8B+%D0%BB%D0%BE%D1%85%29%29%29%29%29%29&reply_markup=%7B%22keyboard%22%3A+%5B%5B%7B%22text%22%3A+%22%5Cu0441%5Cu043b%5Cu043e%5Cu0432%5Cu043e%21%22%7D%2C+%7B%22text%22%3A+%22%5Cu0441%5Cu0442%5Cu0430%5Cu0442%5Cu044b%22%7D%2C+%7B%22text%22%3A+%22%5Cu0442%5Cu043e%5Cu043f%22%7D%5D%2C+%5B%7B%22text%22%3A+%22%5Cu0434%5Cu043e%5Cu0441%5Cu0442%5Cu0438%5Cu0436%5Cu0435%5Cu043d%5Cu0438%5Cu044f%22%7D%2C+%7B%22text%22%3A+%22%5Cu043f%5Cu043e%5Cu043c%5Cu043e%5Cu0449%5Cu044c%22%7D%2C+%7B%22text%22%3A+%22%5Cu043d%5Cu0430%5Cu0441%5Cu0442%5Cu0440%5Cu043e%5Cu0439%5Cu043a%5Cu0438%22%7D%5D%5D%2C+%22resize_keyboard%22%3A+true%7D HTTP/1.1" 200 1258
2021-05-11 02:06:50,672 INFO gave 日本語 None main_menu
