2021-05-08 19:38:23,139 DEBUG words:
0)облегчит
1)облегчить
2)ободрала
3)ободришься
4)проживший
5)завидно
6)кормящий
7)молящий
8)нанявшийся
9)корысть
10)краны
11)кремень
12)кремня
13)начавший
14)перезвонить
15)перезвонит
16)баловать
17)баловаться
18)избаловать
19)разбаловать
20)дозировать
21)добралась
22)добрала
23)гналась
24)красивее
25)красивейший
26)облилась
27)эксперт
28)мусоропровод
29)газопровод
30)нефтепровод
31)водопровод
32)партер
33)отбыла
34)обогнала
35)перелила
36)позвонит
37)сняла
38)сорит
39)принятый
40)опломбировать
41)аэропорты
42)еретик
43)отрочество
44)сироты
45)ловка
46)обострить
47)ободрить
48)слива
49)насорит
50)убыстрить
51)довезенный
52)затемно
53)диалог
54)монолог
55)некролог
56)опошлить
57)сортировать
58)премировать
59)накренится
60)налила
61)нарвала
62)обзвонить
63)обзвонит
64)положил
65)закупорить
66)принудить
67)убрала
68)углубить
69)лила
70)лилась
71)наврала
72)загодя
73)отдав
74)подняв
75)кухонный
76)смазлива
77)суетлива
78)болтлива
79)балуясь
80)отключенный
81)исчерпать
82)дозвонятся
83)новости
84)новостей
85)местностей
86)квартал
87)километр
88)сантиметр
89)дециметр
90)миллиметр
91)намерение
92)обнялась
93)оптовый
94)бороду
95)лекторы
96)мозаичный
97)верна
98)воссоздала
99)прибыл
100)портфель
101)поручни
102)приданое
103)призыв
104)нарост
105)недруг
106)недуг
107)каталог
108)ненависть
109)таможня
110)торты
111)тортов
112)цемент
113)сверлит
114)поделенный
115)ободренный
116)донельзя
117)закупорив
118)плодоносить
119)восприняла
120)бралась
121)жилось
122)поняла
123)наделит
124)отозвала
125)отозвалась
126)балованный
127)кровоточащий
128)низведенный
129)шофер
130)киоскер
131)контролер
132)гражданство
133)дефис
134)вероисповедание
135)диспансер
136)договоренность
137)начавшись
138)наверх
139)осведомишься
140)полила
141)лгала
142)дозвонится
143)взялась
144)надолго
145)поняв
146)заперта
147)определен
148)включит
149)включим
150)ноготь
151)ногтя
152)жалюзи
153)значимость
154)иксы
155)челюстей
156)добела
157)свекла
158)отдала
159)прибыло
160)черпать
161)бухгалтеров
162)статуя
163)столяр
164)маляр
165)дояр
166)школяр
167)прозорлива
168)включишь
169)включенный
170)включен
171)прирученный
172)сверлишь
173)озлобить
174)сливовый
175)занял
176)откупорил
177)послала
178)средства
179)созыв
180)лекторов
181)доверху
182)конусы
183)конусов
184)документ
185)досуг
186)лыжня
187)почестей
188)щелкать
189)прибыв
190)ненадолго
191)надорвалась
192)ждала
193)гнала
194)загнутый
195)наживший
196)повторенный
197)согнутый
198)начав
199)создала
200)банты
201)нормировать
202)цепочка
203)шарфы
204)баловень
205)вручит
206)звонит
207)клала
208)кралась
209)одолжит

2021-05-08 19:38:23,139 INFO words loaded, count= 210
2021-05-08 19:38:23,141 DEBUG users:
0) 497421569 Rustam Fakhretdinov
1) 873809387 Valeriya Bass
2) 817831255 Саша None
3) 1698886007 Виктория None
4) 413524472 Wigga None

2021-05-08 19:38:23,141 INFO users loaded, count= 5
2021-05-08 19:38:23,150 DEBUG Starting new HTTPS connection (1): api.telegram.org:443
2021-05-08 19:38:26,369 DEBUG https://api.telegram.org:443 "GET /bot1639467970:AAEXXyaLvwq1LIe9rOMjo0AzyhMlVKl-3Xc/getUpdates?offset=1&timeout=20 HTTP/1.1" 200 402
2021-05-08 19:38:26,370 INFO Rustam Fakhretdinov texted слово!
2021-05-08 19:38:26,378 DEBUG Starting new HTTPS connection (1): api.telegram.org:443
2021-05-08 19:38:26,615 DEBUG https://api.telegram.org:443 "POST /bot1639467970:AAEXXyaLvwq1LIe9rOMjo0AzyhMlVKl-3Xc/sendMessage?chat_id=497421569&text=%D0%BF%D0%BE%D1%81%D1%82%D0%B0%D0%B2%D1%8C+%D1%83%D0%B4%D0%B0%D1%80%D0%B5%D0%BD%D0%B8%D0%B5+%D0%B2+%D1%81%D0%BB%D0%BE%D0%B2%D0%B5+%2A%D0%B1%D0%B0%D0%BB%D0%BE%D0%B2%D0%B0%D1%82%D1%8C%2A&reply_markup=%7B%22inline_keyboard%22%3A+%5B%5B%7B%22text%22%3A+%22%5Cu0431%5Cu0410%5Cu043b%5Cu043e%5Cu0432%5Cu0430%5Cu0442%5Cu044c%22%2C+%22callback_data%22%3A+%22bad%5Cu0431%5Cu0410%5Cu043b%5Cu043e%5Cu0432%5Cu0430%5Cu0442%5Cu044c%22%7D%5D%2C+%5B%7B%22text%22%3A+%22%5Cu0431%5Cu0430%5Cu043b%5Cu041e%5Cu0432%5Cu0430%5Cu0442%5Cu044c%22%2C+%22callback_data%22%3A+%22bad%5Cu0431%5Cu0430%5Cu043b%5Cu041e%5Cu0432%5Cu0430%5Cu0442%5Cu044c%22%7D%5D%2C+%5B%7B%22text%22%3A+%22%5Cu0431%5Cu0430%5Cu043b%5Cu043e%5Cu0432%5Cu0410%5Cu0442%5Cu044c%22%2C+%22callback_data%22%3A+%22good%5Cu0431%5Cu0430%5Cu043b%5Cu043e%5Cu0432%5Cu0410%5Cu0442%5Cu044c%22%7D%5D%5D%7D&parse_mode=MarkdownV2 HTTP/1.1" 200 1061
2021-05-08 19:38:26,616 INFO gave Rustam Fakhretdinov word баловать
2021-05-08 19:38:28,523 DEBUG https://api.telegram.org:443 "GET /bot1639467970:AAEXXyaLvwq1LIe9rOMjo0AzyhMlVKl-3Xc/getUpdates?offset=115690422&timeout=20 HTTP/1.1" 200 1386
2021-05-08 19:38:28,716 DEBUG https://api.telegram.org:443 "POST /bot1639467970:AAEXXyaLvwq1LIe9rOMjo0AzyhMlVKl-3Xc/editMessageText?text=%D0%BF%D1%80%D0%B0%D0%B2%D0%B8%D0%BB%D1%8C%D0%BD%D0%BE%E2%9C%85%0A%D0%BE%D1%82%D0%B2%D0%B5%D1%82%3A+%D0%B1%D0%B0%D0%BB%D0%BE%D0%B2%D0%90%D1%82%D1%8C%0A%D1%82%D1%8B+%D0%BF%D0%BE%D0%BB%D1%83%D1%87%D0%B8%D0%BB+1+%D0%B5%D0%B4%D0%B8%D0%BD%D0%B8%D1%86%D1%83+%D1%80%D0%B5%D0%B9%D1%82%D0%B8%D0%BD%D0%B3%D0%B0%21&chat_id=497421569&message_id=10153 HTTP/1.1" 200 714
2021-05-08 19:38:28,716 INFO Rustam Fakhretdinov answered баловать correct, +1 rating
2021-05-08 19:38:28,718 DEBUG main info database updated
2021-05-08 19:38:28,721 DEBUG used info database updated
2021-05-08 19:38:28,723 DEBUG achievement info database updated
2021-05-08 19:38:28,723 INFO all databases updated
2021-05-08 19:38:29,115 DEBUG https://api.telegram.org:443 "GET /bot1639467970:AAEXXyaLvwq1LIe9rOMjo0AzyhMlVKl-3Xc/getUpdates?offset=115690423&timeout=20 HTTP/1.1" 200 402
2021-05-08 19:38:29,116 INFO Rustam Fakhretdinov texted слово!
2021-05-08 19:38:29,200 DEBUG https://api.telegram.org:443 "POST /bot1639467970:AAEXXyaLvwq1LIe9rOMjo0AzyhMlVKl-3Xc/sendMessage?chat_id=497421569&text=%D0%BF%D0%BE%D1%81%D1%82%D0%B0%D0%B2%D1%8C+%D1%83%D0%B4%D0%B0%D1%80%D0%B5%D0%BD%D0%B8%D0%B5+%D0%B2+%D1%81%D0%BB%D0%BE%D0%B2%D0%B5+%2A%D0%BA%D0%BE%D0%BD%D1%83%D1%81%D1%8B%2A&reply_markup=%7B%22inline_keyboard%22%3A+%5B%5B%7B%22text%22%3A+%22%5Cu043a%5Cu041e%5Cu043d%5Cu0443%5Cu0441%5Cu044b%22%2C+%22callback_data%22%3A+%22good%5Cu043a%5Cu041e%5Cu043d%5Cu0443%5Cu0441%5Cu044b%22%7D%5D%2C+%5B%7B%22text%22%3A+%22%5Cu043a%5Cu043e%5Cu043d%5Cu0423%5Cu0441%5Cu044b%22%2C+%22callback_data%22%3A+%22bad%5Cu043a%5Cu043e%5Cu043d%5Cu0423%5Cu0441%5Cu044b%22%7D%5D%2C+%5B%7B%22text%22%3A+%22%5Cu043a%5Cu043e%5Cu043d%5Cu0443%5Cu0441%5Cu042b%22%2C+%22callback_data%22%3A+%22bad%5Cu043a%5Cu043e%5Cu043d%5Cu0443%5Cu0441%5Cu042b%22%7D%5D%5D%7D&parse_mode=MarkdownV2 HTTP/1.1" 200 977
2021-05-08 19:38:29,201 INFO gave Rustam Fakhretdinov word конусы
2021-05-08 19:38:30,440 DEBUG https://api.telegram.org:443 "GET /bot1639467970:AAEXXyaLvwq1LIe9rOMjo0AzyhMlVKl-3Xc/getUpdates?offset=115690424&timeout=20 HTTP/1.1" 200 1290
2021-05-08 19:38:30,605 DEBUG https://api.telegram.org:443 "POST /bot1639467970:AAEXXyaLvwq1LIe9rOMjo0AzyhMlVKl-3Xc/editMessageText?text=%D0%BF%D1%80%D0%B0%D0%B2%D0%B8%D0%BB%D1%8C%D0%BD%D0%BE%E2%9C%85%0A%D0%BE%D1%82%D0%B2%D0%B5%D1%82%3A+%D0%BA%D0%9E%D0%BD%D1%83%D1%81%D1%8B%0A%D1%82%D1%8B+%D0%BF%D0%BE%D0%BB%D1%83%D1%87%D0%B8%D0%BB+1+%D0%B5%D0%B4%D0%B8%D0%BD%D0%B8%D1%86%D1%83+%D1%80%D0%B5%D0%B9%D1%82%D0%B8%D0%BD%D0%B3%D0%B0%21&chat_id=497421569&message_id=10155 HTTP/1.1" 200 702
2021-05-08 19:38:30,605 INFO Rustam Fakhretdinov answered конусы correct, +1 rating
2021-05-08 19:38:30,614 DEBUG main info database updated
2021-05-08 19:38:30,623 DEBUG used info database updated
2021-05-08 19:38:30,632 DEBUG achievement info database updated
2021-05-08 19:38:30,633 INFO all databases updated
2021-05-08 19:38:31,083 DEBUG https://api.telegram.org:443 "GET /bot1639467970:AAEXXyaLvwq1LIe9rOMjo0AzyhMlVKl-3Xc/getUpdates?offset=115690425&timeout=20 HTTP/1.1" 200 402
2021-05-08 19:38:31,083 INFO Rustam Fakhretdinov texted слово!
2021-05-08 19:38:31,184 DEBUG https://api.telegram.org:443 "POST /bot1639467970:AAEXXyaLvwq1LIe9rOMjo0AzyhMlVKl-3Xc/sendMessage?chat_id=497421569&text=%D0%BF%D0%BE%D1%81%D1%82%D0%B0%D0%B2%D1%8C+%D1%83%D0%B4%D0%B0%D1%80%D0%B5%D0%BD%D0%B8%D0%B5+%D0%B2+%D1%81%D0%BB%D0%BE%D0%B2%D0%B5+%2A%D0%BD%D0%BE%D0%B2%D0%BE%D1%81%D1%82%D0%B8%2A&reply_markup=%7B%22inline_keyboard%22%3A+%5B%5B%7B%22text%22%3A+%22%5Cu043d%5Cu041e%5Cu0432%5Cu043e%5Cu0441%5Cu0442%5Cu0438%22%2C+%22callback_data%22%3A+%22good%5Cu043d%5Cu041e%5Cu0432%5Cu043e%5Cu0441%5Cu0442%5Cu0438%22%7D%5D%2C+%5B%7B%22text%22%3A+%22%5Cu043d%5Cu043e%5Cu0432%5Cu041e%5Cu0441%5Cu0442%5Cu0438%22%2C+%22callback_data%22%3A+%22bad%5Cu043d%5Cu043e%5Cu0432%5Cu041e%5Cu0441%5Cu0442%5Cu0438%22%7D%5D%2C+%5B%7B%22text%22%3A+%22%5Cu043d%5Cu043e%5Cu0432%5Cu043e%5Cu0441%5Cu0442%5Cu0418%22%2C+%22callback_data%22%3A+%22bad%5Cu043d%5Cu043e%5Cu0432%5Cu043e%5Cu0441%5Cu0442%5Cu0418%22%7D%5D%5D%7D&parse_mode=MarkdownV2 HTTP/1.1" 200 1019
2021-05-08 19:38:31,185 INFO gave Rustam Fakhretdinov word новости
2021-05-08 19:38:32,401 DEBUG https://api.telegram.org:443 "GET /bot1639467970:AAEXXyaLvwq1LIe9rOMjo0AzyhMlVKl-3Xc/getUpdates?offset=115690426&timeout=20 HTTP/1.1" 200 1338
2021-05-08 19:38:32,556 DEBUG https://api.telegram.org:443 "POST /bot1639467970:AAEXXyaLvwq1LIe9rOMjo0AzyhMlVKl-3Xc/editMessageText?text=%D0%BF%D1%80%D0%B0%D0%B2%D0%B8%D0%BB%D1%8C%D0%BD%D0%BE%E2%9C%85%0A%D0%BE%D1%82%D0%B2%D0%B5%D1%82%3A+%D0%BD%D0%9E%D0%B2%D0%BE%D1%81%D1%82%D0%B8%0A%D1%82%D1%8B+%D0%BF%D0%BE%D0%BB%D1%83%D1%87%D0%B8%D0%BB+1+%D0%B5%D0%B4%D0%B8%D0%BD%D0%B8%D1%86%D1%83+%D1%80%D0%B5%D0%B9%D1%82%D0%B8%D0%BD%D0%B3%D0%B0%21&chat_id=497421569&message_id=10157 HTTP/1.1" 200 708
2021-05-08 19:38:32,556 INFO Rustam Fakhretdinov answered новости correct, +1 rating
2021-05-08 19:38:32,567 DEBUG main info database updated
2021-05-08 19:38:32,579 DEBUG used info database updated
2021-05-08 19:38:32,582 DEBUG achievement info database updated
2021-05-08 19:38:32,583 INFO all databases updated
2021-05-08 19:38:32,897 DEBUG https://api.telegram.org:443 "GET /bot1639467970:AAEXXyaLvwq1LIe9rOMjo0AzyhMlVKl-3Xc/getUpdates?offset=115690427&timeout=20 HTTP/1.1" 200 402
2021-05-08 19:38:32,897 INFO Rustam Fakhretdinov texted слово!
2021-05-08 19:38:32,987 DEBUG https://api.telegram.org:443 "POST /bot1639467970:AAEXXyaLvwq1LIe9rOMjo0AzyhMlVKl-3Xc/sendMessage?chat_id=497421569&text=%D0%BF%D0%BE%D1%81%D1%82%D0%B0%D0%B2%D1%8C+%D1%83%D0%B4%D0%B0%D1%80%D0%B5%D0%BD%D0%B8%D0%B5+%D0%B2+%D1%81%D0%BB%D0%BE%D0%B2%D0%B5+%2A%D0%BB%D0%B8%D0%BB%D0%B0%2A&reply_markup=%7B%22inline_keyboard%22%3A+%5B%5B%7B%22text%22%3A+%22%5Cu043b%5Cu0418%5Cu043b%5Cu0430%22%2C+%22callback_data%22%3A+%22bad%5Cu043b%5Cu0418%5Cu043b%5Cu0430%22%7D%5D%2C+%5B%7B%22text%22%3A+%22%5Cu043b%5Cu0438%5Cu043b%5Cu0410%22%2C+%22callback_data%22%3A+%22good%5Cu043b%5Cu0438%5Cu043b%5Cu0410%22%7D%5D%5D%7D&parse_mode=MarkdownV2 HTTP/1.1" 200 809
2021-05-08 19:38:32,987 INFO gave Rustam Fakhretdinov word лила
2021-05-08 19:38:33,910 DEBUG https://api.telegram.org:443 "GET /bot1639467970:AAEXXyaLvwq1LIe9rOMjo0AzyhMlVKl-3Xc/getUpdates?offset=115690428&timeout=20 HTTP/1.1" 200 1110
2021-05-08 19:38:34,063 DEBUG https://api.telegram.org:443 "POST /bot1639467970:AAEXXyaLvwq1LIe9rOMjo0AzyhMlVKl-3Xc/editMessageText?text=%D0%BF%D1%80%D0%B0%D0%B2%D0%B8%D0%BB%D1%8C%D0%BD%D0%BE%E2%9C%85%0A%D0%BE%D1%82%D0%B2%D0%B5%D1%82%3A+%D0%BB%D0%B8%D0%BB%D0%90%0A%D1%82%D1%8B+%D0%BF%D0%BE%D0%BB%D1%83%D1%87%D0%B8%D0%BB+1+%D0%B5%D0%B4%D0%B8%D0%BD%D0%B8%D1%86%D1%83+%D1%80%D0%B5%D0%B9%D1%82%D0%B8%D0%BD%D0%B3%D0%B0%21&chat_id=497421569&message_id=10159 HTTP/1.1" 200 690
2021-05-08 19:38:34,063 INFO Rustam Fakhretdinov answered лила correct, +1 rating
2021-05-08 19:38:34,073 DEBUG main info database updated
2021-05-08 19:38:34,081 DEBUG used info database updated
2021-05-08 19:38:34,083 DEBUG achievement info database updated
2021-05-08 19:38:34,083 INFO all databases updated
2021-05-08 19:38:34,768 DEBUG https://api.telegram.org:443 "GET /bot1639467970:AAEXXyaLvwq1LIe9rOMjo0AzyhMlVKl-3Xc/getUpdates?offset=115690429&timeout=20 HTTP/1.1" 200 401
2021-05-08 19:38:34,769 INFO Rustam Fakhretdinov texted статы
2021-05-08 19:38:34,779 DEBUG Starting new HTTPS connection (1): api.telegram.org:443
2021-05-08 19:38:35,077 DEBUG https://api.telegram.org:443 "POST /bot1639467970:AAEXXyaLvwq1LIe9rOMjo0AzyhMlVKl-3Xc/sendMessage?chat_id=497421569&text=%2A%D0%BB%D0%B8%D1%87%D0%BD%D0%B0%D1%8F+%D1%81%D1%82%D0%B0%D1%82%D0%B8%D1%81%D1%82%D0%B8%D0%BA%D0%B0%5C.%2A%0A%D1%80%D0%B5%D0%B9%D1%82%D0%B8%D0%BD%D0%B3%3A+1227%0A%D0%BC%D0%B5%D1%81%D1%82%D0%BE+%D0%B2+%D1%82%D0%BE%D0%BF%D0%B5%3A+1%0A%D0%B7%D0%B2%D0%B0%D0%BD%D0%B8%D0%B5%3A+%D0%BF%D0%BE%D0%B1%D0%B5%D0%B4%D0%B8%D1%82%D0%B5%D0%BB%D1%8C+%22%D0%A0%D1%83%D1%81%D1%81%D0%BA%D0%BE%D0%B3%D0%BE+%D0%BC%D0%B5%D0%B4%D0%B2%D0%B5%D0%B6%D0%BE%D0%BD%D0%BA%D0%B0%22%0A%D0%BF%D1%80%D0%B0%D0%B2%D0%B8%D0%BB%D1%8C%D0%BD%D1%8B%D1%85+%D0%BE%D1%82%D0%B2%D0%B5%D1%82%D0%BE%D0%B2%3A+1275%0A%D0%BD%D0%B5%D0%BF%D1%80%D0%B0%D0%B2%D0%B8%D0%BB%D1%8C%D0%BD%D1%8B%D1%85+%D0%BE%D1%82%D0%B2%D0%B5%D1%82%D0%BE%D0%B2%3A+116%0A%D1%82%D0%B5%D0%BA%D1%83%D1%89%D0%B8%D0%B9+%D1%81%D1%82%D1%80%D0%B8%D0%BA%3A+%5C%2B5%0A%D0%BC%D0%B0%D0%BA%D1%81%D0%B8%D0%BC%D0%B0%D0%BB%D1%8C%D0%BD%D1%8B%D0%B9+%D1%81%D1%82%D1%80%D0%B8%D0%BA%3A+%5C%2B66%0A%D1%80%D0%B0%D0%B7%D0%B1%D0%BB%D0%BE%D0%BA%D0%B8%D1%80%D0%BE%D0%B2%D0%B0%D0%BD%D0%BE+%D1%81%D0%BB%D0%BE%D0%B2%3A+210+%2F+210&reply_markup=%7B%22keyboard%22%3A+%5B%5B%7B%22text%22%3A+%22%5Cu0441%5Cu043b%5Cu043e%5Cu0432%5Cu043e%21%22%7D%2C+%7B%22text%22%3A+%22%5Cu0441%5Cu0442%5Cu0430%5Cu0442%5Cu044b%22%7D%2C+%7B%22text%22%3A+%22%5Cu0442%5Cu043e%5Cu043f%22%7D%5D%2C+%5B%7B%22text%22%3A+%22%5Cu0434%5Cu043e%5Cu0441%5Cu0442%5Cu0438%5Cu0436%5Cu0435%5Cu043d%5Cu0438%5Cu044f%22%7D%2C+%7B%22text%22%3A+%22%5Cu043f%5Cu043e%5Cu043c%5Cu043e%5Cu0449%5Cu044c%22%7D%2C+%7B%22text%22%3A+%22%5Cu043d%5Cu0430%5Cu0441%5Cu0442%5Cu0440%5Cu043e%5Cu0439%5Cu043a%5Cu0438%22%7D%5D%5D%2C+%22resize_keyboard%22%3A+true%7D&parse_mode=MarkdownV2 HTTP/1.1" 200 1422
2021-05-08 19:38:35,077 INFO gave Rustam Fakhretdinov stats
2021-05-08 19:38:38,816 DEBUG https://api.telegram.org:443 "GET /bot1639467970:AAEXXyaLvwq1LIe9rOMjo0AzyhMlVKl-3Xc/getUpdates?offset=115690430&timeout=20 HTTP/1.1" 200 389
2021-05-08 19:38:38,818 INFO Rustam Fakhretdinov texted топ
2021-05-08 19:38:38,981 DEBUG https://api.telegram.org:443 "POST /bot1639467970:AAEXXyaLvwq1LIe9rOMjo0AzyhMlVKl-3Xc/sendMessage?chat_id=497421569&text=%D0%B2%D1%8B%D0%B1%D0%B5%D1%80%D0%B8%2C+%D0%BA%D0%B0%D0%BA%D0%BE%D0%B9+%D1%82%D0%BE%D0%BF+%D1%85%D0%BE%D1%87%D0%B5%D1%88%D1%8C+%D0%BF%D0%BE%D1%81%D0%BC%D0%BE%D1%82%D1%80%D0%B5%D1%82%D1%8C&reply_markup=%7B%22keyboard%22%3A+%5B%5B%7B%22text%22%3A+%22%5Cu0442%5Cu043e%5Cu043f+%5Cu043f%5Cu043e+%5Cu0440%5Cu0435%5Cu0439%5Cu0442%5Cu0438%5Cu043d%5Cu0433%5Cu0443%22%7D%2C+%7B%22text%22%3A+%22%5Cu0442%5Cu043e%5Cu043f+%5Cu043f%5Cu043e+%5Cu0441%5Cu0442%5Cu0440%5Cu0438%5Cu043a%5Cu0443%22%7D%5D%2C+%5B%7B%22text%22%3A+%22%5Cu0442%5Cu043e%5Cu043f+%5Cu043f%5Cu043e+%25+%5Cu043f%5Cu0440%5Cu0430%5Cu0432%5Cu0438%5Cu043b%5Cu044c%5Cu043d%5Cu044b%5Cu0445%22%7D%2C+%7B%22text%22%3A+%22%5Cu0433%5Cu043b%5Cu0430%5Cu0432%5Cu043d%5Cu043e%5Cu0435+%5Cu043c%5Cu0435%5Cu043d%5Cu044e%22%7D%5D%5D%2C+%22resize_keyboard%22%3A+true%7D HTTP/1.1" 200 582
2021-05-08 19:38:40,280 DEBUG https://api.telegram.org:443 "GET /bot1639467970:AAEXXyaLvwq1LIe9rOMjo0AzyhMlVKl-3Xc/getUpdates?offset=115690431&timeout=20 HTTP/1.1" 200 451
2021-05-08 19:38:40,281 INFO Rustam Fakhretdinov texted топ по рейтингу
2021-05-08 19:38:40,379 DEBUG https://api.telegram.org:443 "POST /bot1639467970:AAEXXyaLvwq1LIe9rOMjo0AzyhMlVKl-3Xc/sendMessage?chat_id=497421569&text=%2A%D1%82%D0%B5%D0%BA%D1%83%D1%89%D0%B8%D0%B9+%D1%82%D0%BE%D0%BF+%D0%BF%D0%BE+%D1%80%D0%B5%D0%B9%D1%82%D0%B8%D0%BD%D0%B3%D1%83%3A%2A%0A1%5C%29+Rustam+Fakhretdinov+%5C%7C+1227+%5C%7C+%D0%BF%D0%BE%D0%B1%D0%B5%D0%B4%D0%B8%D1%82%D0%B5%D0%BB%D1%8C+%22%D0%A0%D1%83%D1%81%D1%81%D0%BA%D0%BE%D0%B3%D0%BE+%D0%BC%D0%B5%D0%B4%D0%B2%D0%B5%D0%B6%D0%BE%D0%BD%D0%BA%D0%B0%22%0A2%5C%29+Valeriya+Bass+%5C%7C+684+%5C%7C+%D0%BF%D0%BE%D0%B1%D0%B5%D0%B4%D0%B8%D1%82%D0%B5%D0%BB%D1%8C+%D0%92%D0%A1%D0%BE%D0%A8+%D0%BF%D0%BE+%D1%80%D1%83%D1%81%D1%81%D0%BA%D0%BE%D0%BC%D1%83+%D1%8F%D0%B7%D1%8B%D0%BA%D1%83%0A3%5C%29+%D0%A1%D0%B0%D1%88%D0%B0+%5C%7C+625+%5C%7C+%D0%BF%D1%80%D0%B8%D0%B7%D0%B5%D1%80+%D0%92%D0%A1%D0%BE%D0%A8+%D0%BF%D0%BE+%D1%80%D1%83%D1%81%D1%81%D0%BA%D0%BE%D0%BC%D1%83+%D1%8F%D0%B7%D1%8B%D0%BA%D1%83%0A4%5C%29+%D0%92%D0%B8%D0%BA%D1%82%D0%BE%D1%80%D0%B8%D1%8F+%5C%7C+6+%5C%7C+%D1%83%D1%87%D0%B0%D1%81%D1%82%D0%BD%D0%B8%D0%BA+%D0%92%D0%A1%D0%BE%D0%A8+%D0%BF%D0%BE+%D1%80%D1%83%D1%81%D1%81%D0%BA%D0%BE%D0%BC%D1%83+%D1%8F%D0%B7%D1%8B%D0%BA%D1%83%0A5%5C%29+Wigga+%5C%7C+1+%5C%7C+%D0%BF%D0%BE%D0%B1%D0%B5%D0%B4%D0%B8%D1%82%D0%B5%D0%BB%D1%8C+%D1%80%D0%B5%D0%B3%D0%B8%D0%BE%D0%BD%D0%B0+%D0%BF%D0%BE+%D1%80%D1%83%D1%81%D1%81%D0%BA%D0%BE%D0%BC%D1%83+%D1%8F%D0%B7%D1%8B%D0%BA%D1%83%0A&reply_markup=%7B%22keyboard%22%3A+%5B%5B%7B%22text%22%3A+%22%5Cu0442%5Cu043e%5Cu043f+%5Cu043f%5Cu043e+%5Cu0440%5Cu0435%5Cu0439%5Cu0442%5Cu0438%5Cu043d%5Cu0433%5Cu0443%22%7D%2C+%7B%22text%22%3A+%22%5Cu0442%5Cu043e%5Cu043f+%5Cu043f%5Cu043e+%5Cu0441%5Cu0442%5Cu0440%5Cu0438%5Cu043a%5Cu0443%22%7D%5D%2C+%5B%7B%22text%22%3A+%22%5Cu0442%5Cu043e%5Cu043f+%5Cu043f%5Cu043e+%25+%5Cu043f%5Cu0440%5Cu0430%5Cu0432%5Cu0438%5Cu043b%5Cu044c%5Cu043d%5Cu044b%5Cu0445%22%7D%2C+%7B%22text%22%3A+%22%5Cu0433%5Cu043b%5Cu0430%5Cu0432%5Cu043d%5Cu043e%5Cu0435+%5Cu043c%5Cu0435%5Cu043d%5Cu044e%22%7D%5D%5D%2C+%22resize_keyboard%22%3A+true%7D&parse_mode=MarkdownV2 HTTP/1.1" 200 1617
2021-05-08 19:38:40,379 INFO gave Rustam Fakhretdinov top_rating
2021-05-08 19:38:42,587 DEBUG https://api.telegram.org:443 "GET /bot1639467970:AAEXXyaLvwq1LIe9rOMjo0AzyhMlVKl-3Xc/getUpdates?offset=115690432&timeout=20 HTTP/1.1" 200 439
2021-05-08 19:38:42,587 INFO Rustam Fakhretdinov texted топ по стрику
2021-05-08 19:38:42,676 DEBUG https://api.telegram.org:443 "POST /bot1639467970:AAEXXyaLvwq1LIe9rOMjo0AzyhMlVKl-3Xc/sendMessage?chat_id=497421569&text=%2A%D1%82%D0%B5%D0%BA%D1%83%D1%89%D0%B8%D0%B9+%D1%82%D0%BE%D0%BF+%D0%BF%D0%BE+%D1%81%D1%82%D1%80%D0%B8%D0%BA%D1%83%3A%2A%0A1%5C%29+Valeriya+Bass+%5C%7C+%5C%2B+331%0A2%5C%29+Rustam+Fakhretdinov+%5C%7C+%5C%2B+66%0A3%5C%29+%D0%92%D0%B8%D0%BA%D1%82%D0%BE%D1%80%D0%B8%D1%8F+%5C%7C+%5C%2B+4%0A4%5C%29+%D0%A1%D0%B0%D1%88%D0%B0+%5C%7C+0%0A5%5C%29+Wigga+%5C%7C+0%0A&reply_markup=%7B%22keyboard%22%3A+%5B%5B%7B%22text%22%3A+%22%5Cu0442%5Cu043e%5Cu043f+%5Cu043f%5Cu043e+%5Cu0440%5Cu0435%5Cu0439%5Cu0442%5Cu0438%5Cu043d%5Cu0433%5Cu0443%22%7D%2C+%7B%22text%22%3A+%22%5Cu0442%5Cu043e%5Cu043f+%5Cu043f%5Cu043e+%5Cu0441%5Cu0442%5Cu0440%5Cu0438%5Cu043a%5Cu0443%22%7D%5D%2C+%5B%7B%22text%22%3A+%22%5Cu0442%5Cu043e%5Cu043f+%5Cu043f%5Cu043e+%25+%5Cu043f%5Cu0440%5Cu0430%5Cu0432%5Cu0438%5Cu043b%5Cu044c%5Cu043d%5Cu044b%5Cu0445%22%7D%2C+%7B%22text%22%3A+%22%5Cu0433%5Cu043b%5Cu0430%5Cu0432%5Cu043d%5Cu043e%5Cu0435+%5Cu043c%5Cu0435%5Cu043d%5Cu044e%22%7D%5D%5D%2C+%22resize_keyboard%22%3A+true%7D&parse_mode=MarkdownV2 HTTP/1.1" 200 724
2021-05-08 19:38:42,677 INFO gave Rustam Fakhretdinov top_streak
2021-05-08 19:38:47,044 DEBUG https://api.telegram.org:443 "GET /bot1639467970:AAEXXyaLvwq1LIe9rOMjo0AzyhMlVKl-3Xc/getUpdates?offset=115690433&timeout=20 HTTP/1.1" 200 465
2021-05-08 19:38:47,045 INFO Rustam Fakhretdinov texted топ по % правильных
2021-05-08 19:38:47,138 DEBUG https://api.telegram.org:443 "POST /bot1639467970:AAEXXyaLvwq1LIe9rOMjo0AzyhMlVKl-3Xc/sendMessage?chat_id=497421569&text=%2A%D1%82%D0%B5%D0%BA%D1%83%D1%89%D0%B8%D0%B9+%D1%82%D0%BE%D0%BF+%D0%BF%D0%BE+%5C%25+%D0%BF%D1%80%D0%B0%D0%B2%D0%B8%D0%BB%D1%8C%D0%BD%D1%8B%D1%85+%D0%BE%D1%82%D0%B2%D0%B5%D1%82%D0%BE%D0%B2%2A+_%5C%28%D0%BF%D0%BE%D0%BB%D1%8C%D0%B7%D0%BE%D0%B2%D0%B0%D1%82%D0%B5%D0%BB%D0%B8+%D1%81+%D0%BA%D0%BE%D0%BB%D0%B8%D1%87%D0%B5%D1%81%D1%82%D0%B2%D0%BE%D0%BC+%D0%BE%D1%82%D0%B2%D0%B5%D1%82%D0%BE%D0%B2+%D0%BD%D0%B5+%D0%BC%D0%B5%D0%BD%D1%8C%D1%88%D0%B5+100%5C%29_%3A%0A1%5C%29+Valeriya+Bass+99%5C.13%5C%25+%5C%28683+%D0%BF%D1%80%D0%B0%D0%B2%D0%B8%D0%BB%D1%8C%D0%BD%D1%8B%D1%85+%D0%B8%D0%B7+689%5C%29%0A2%5C%29+%D0%A1%D0%B0%D1%88%D0%B0+97%5C.22%5C%25+%5C%28629+%D0%BF%D1%80%D0%B0%D0%B2%D0%B8%D0%BB%D1%8C%D0%BD%D1%8B%D1%85+%D0%B8%D0%B7+647%5C%29%0A3%5C%29+Rustam+Fakhretdinov+91%5C.66%5C%25+%5C%281275+%D0%BF%D1%80%D0%B0%D0%B2%D0%B8%D0%BB%D1%8C%D0%BD%D1%8B%D1%85+%D0%B8%D0%B7+1391%5C%29%0A&reply_markup=%7B%22keyboard%22%3A+%5B%5B%7B%22text%22%3A+%22%5Cu0442%5Cu043e%5Cu043f+%5Cu043f%5Cu043e+%5Cu0440%5Cu0435%5Cu0439%5Cu0442%5Cu0438%5Cu043d%5Cu0433%5Cu0443%22%7D%2C+%7B%22text%22%3A+%22%5Cu0442%5Cu043e%5Cu043f+%5Cu043f%5Cu043e+%5Cu0441%5Cu0442%5Cu0440%5Cu0438%5Cu043a%5Cu0443%22%7D%5D%2C+%5B%7B%22text%22%3A+%22%5Cu0442%5Cu043e%5Cu043f+%5Cu043f%5Cu043e+%25+%5Cu043f%5Cu0440%5Cu0430%5Cu0432%5Cu0438%5Cu043b%5Cu044c%5Cu043d%5Cu044b%5Cu0445%22%7D%2C+%7B%22text%22%3A+%22%5Cu0433%5Cu043b%5Cu0430%5Cu0432%5Cu043d%5Cu043e%5Cu0435+%5Cu043c%5Cu0435%5Cu043d%5Cu044e%22%7D%5D%5D%2C+%22resize_keyboard%22%3A+true%7D&parse_mode=MarkdownV2 HTTP/1.1" 200 1264
2021-05-08 19:38:47,139 INFO gave Rustam Fakhretdinov top_percent
2021-05-08 19:38:50,456 DEBUG https://api.telegram.org:443 "GET /bot1639467970:AAEXXyaLvwq1LIe9rOMjo0AzyhMlVKl-3Xc/getUpdates?offset=115690434&timeout=20 HTTP/1.1" 200 438
2021-05-08 19:38:50,457 INFO Rustam Fakhretdinov texted главное меню
2021-05-08 19:38:50,555 DEBUG https://api.telegram.org:443 "POST /bot1639467970:AAEXXyaLvwq1LIe9rOMjo0AzyhMlVKl-3Xc/sendMessage?chat_id=497421569&text=%D1%81%D0%BA%D0%BE%D1%80%D0%B5%D0%B5+%D0%B2%D1%81%D0%B5%D0%B3%D0%BE%2C+%D0%B2%D1%8B%D0%B9%D1%82%D0%B8+%D0%B2+%D0%B3%D0%BB%D0%B0%D0%B2%D0%BD%D0%BE%D0%B5+%D0%BC%D0%B5%D0%BD%D1%8E+%D0%BC%D0%BE%D0%B6%D0%BD%D0%BE+%D0%B1%D0%B5%D0%B7+%D1%81%D0%BE%D0%BE%D0%B1%D1%89%D0%B5%D0%BD%D0%B8%D1%8F%2C+%D0%BD%D0%BE+%D1%8F+%D0%BD%D0%B5+%D1%81%D0%BC%D0%BE%D0%B3+%D0%BD%D0%B0%D0%B3%D1%83%D0%B3%D0%BB%D0%B8%D1%82%D1%8C+%D1%82%D0%BE%2C+%D0%BA%D0%B0%D0%BA+%D1%8D%D1%82%D0%BE+%D1%81%D0%B4%D0%B5%D0%BB%D0%B0%D1%82%D1%8C%2C+%D0%BF%D0%BE%D1%8D%D1%82%D0%BE%D0%BC%D1%83+%D0%BC%D0%BE%D0%B3%D1%83+%D0%BF%D1%80%D0%BE%D1%81%D1%82%D0%BE+%D1%81%D0%BA%D0%B0%D0%B7%D0%B0%D1%82%D1%8C%2C+%D1%87%D1%82%D0%BE+%D0%B2+%D0%B4%D0%B0%D0%BD%D0%BD%D1%8B%D0%B9+%D0%BC%D0%BE%D0%BC%D0%B5%D0%BD%D1%82+%D0%BD%D0%B0+4%25+%D1%82%D1%8B+%D0%BB%D0%BE%D1%85%29%29%29%29%29%29&reply_markup=%7B%22keyboard%22%3A+%5B%5B%7B%22text%22%3A+%22%5Cu0441%5Cu043b%5Cu043e%5Cu0432%5Cu043e%21%22%7D%2C+%7B%22text%22%3A+%22%5Cu0441%5Cu0442%5Cu0430%5Cu0442%5Cu044b%22%7D%2C+%7B%22text%22%3A+%22%5Cu0442%5Cu043e%5Cu043f%22%7D%5D%2C+%5B%7B%22text%22%3A+%22%5Cu0434%5Cu043e%5Cu0441%5Cu0442%5Cu0438%5Cu0436%5Cu0435%5Cu043d%5Cu0438%5Cu044f%22%7D%2C+%7B%22text%22%3A+%22%5Cu043f%5Cu043e%5Cu043c%5Cu043e%5Cu0449%5Cu044c%22%7D%2C+%7B%22text%22%3A+%22%5Cu043d%5Cu0430%5Cu0441%5Cu0442%5Cu0440%5Cu043e%5Cu0439%5Cu043a%5Cu0438%22%7D%5D%5D%2C+%22resize_keyboard%22%3A+true%7D HTTP/1.1" 200 1189
2021-05-08 19:38:50,556 INFO gave Rustam Fakhretdinov main_menu
2021-05-08 19:38:51,678 DEBUG https://api.telegram.org:443 "GET /bot1639467970:AAEXXyaLvwq1LIe9rOMjo0AzyhMlVKl-3Xc/getUpdates?offset=115690435&timeout=20 HTTP/1.1" 200 431
2021-05-08 19:38:51,679 INFO Rustam Fakhretdinov texted достижения
2021-05-08 19:38:51,812 DEBUG https://api.telegram.org:443 "POST /bot1639467970:AAEXXyaLvwq1LIe9rOMjo0AzyhMlVKl-3Xc/sendMessage?chat_id=497421569&text=%2A%D0%B4%D0%BE%D1%81%D1%82%D0%B8%D0%B6%D0%B5%D0%BD%D0%B8%D1%8F%2A%F0%9F%8F%86%0A1%5C%29+%D1%80%D0%B0%D0%B7%D0%B1%D0%BB%D0%BE%D0%BA%D0%B8%D1%80%D0%BE%D0%B2%D0%B0%D1%82%D1%8C+%D0%B2%D1%81%D0%B5+%D1%81%D0%BB%D0%BE%D0%B2%D0%B0%0A2%5C%29+100+%D0%BF%D1%80%D0%B0%D0%B2%D0%B8%D0%BB%D1%8C%D0%BD%D1%8B%D1%85+%D1%81%D0%BB%D0%BE%D0%B2%0A3%5C%29+500+%D0%BF%D1%80%D0%B0%D0%B2%D0%B8%D0%BB%D1%8C%D0%BD%D1%8B%D1%85+%D1%81%D0%BB%D0%BE%D0%B2%0A4%5C%29+1000+%D0%BF%D1%80%D0%B0%D0%B2%D0%B8%D0%BB%D1%8C%D0%BD%D1%8B%D1%85+%D1%81%D0%BB%D0%BE%D0%B2%0A5%5C%29+%D1%82%D0%BE%D0%BF%5C-1+%D0%BF%D0%BE+%D1%80%D0%B5%D0%B9%D1%82%D0%B8%D0%BD%D0%B3%D1%83%0A6%5C%29+~%D1%82%D0%BE%D0%BF%5C-1+%D0%BF%D0%BE+%D1%81%D1%82%D1%80%D0%B8%D0%BA%D1%83~%0A7%5C%29+~%D1%82%D0%BE%D0%BF%5C-1+%D0%BF%D0%BE+%25+%D0%BF%D1%80%D0%B0%D0%B2%D0%B8%D0%BB%D1%8C%D0%BD%D1%8B%D1%85+%D0%BE%D1%82%D0%B2%D0%B5%D1%82%D0%BE%D0%B2~%0A8%5C%29+%D1%81%D1%82%D1%80%D0%B8%D0%BA+10%0A9%5C%29+%D1%81%D1%82%D1%80%D0%B8%D0%BA+50%0A10%5C%29+~%D1%81%D1%82%D1%80%D0%B8%D0%BA+100~%0A11%5C%29+~%D1%81%D1%82%D1%80%D0%B8%D0%BA+250~%0A12%5C%29+a+big+secret%0A&parse_mode=MarkdownV2 HTTP/1.1" 200 1621
2021-05-08 19:38:51,812 INFO gave Rustam Fakhretdinov achievements
2021-05-08 19:38:54,270 DEBUG https://api.telegram.org:443 "GET /bot1639467970:AAEXXyaLvwq1LIe9rOMjo0AzyhMlVKl-3Xc/getUpdates?offset=115690436&timeout=20 HTTP/1.1" 200 407
2021-05-08 19:38:54,271 INFO Rustam Fakhretdinov texted помощь
2021-05-08 19:38:54,473 DEBUG https://api.telegram.org:443 "POST /bot1639467970:AAEXXyaLvwq1LIe9rOMjo0AzyhMlVKl-3Xc/sendMessage?chat_id=497421569&text=%D0%BF%D0%BE+%D0%B2%D1%81%D0%B5%D0%BC+%D0%B2%D0%BE%D0%BF%D1%80%D0%BE%D1%81%D0%B0%D0%BC%2F%D0%BF%D1%80%D0%B5%D0%B4%D0%BB%D0%BE%D0%B6%D0%B5%D0%BD%D0%B8%D1%8F%D0%BC%2F%D1%81%D0%BE%D0%B2%D0%B5%D1%82%D0%B0%D0%BC%2F%D0%B1%D0%B0%D0%B3%D0%B0%D0%BC+%D0%BF%D0%B8%D1%81%D0%B0%D1%82%D1%8C+%40Rustam_Fakhretdinov&reply_markup=%7B%22keyboard%22%3A+%5B%5B%7B%22text%22%3A+%22%5Cu0441%5Cu043b%5Cu043e%5Cu0432%5Cu043e%21%22%7D%2C+%7B%22text%22%3A+%22%5Cu0441%5Cu0442%5Cu0430%5Cu0442%5Cu044b%22%7D%2C+%7B%22text%22%3A+%22%5Cu0442%5Cu043e%5Cu043f%22%7D%5D%2C+%5B%7B%22text%22%3A+%22%5Cu0434%5Cu043e%5Cu0441%5Cu0442%5Cu0438%5Cu0436%5Cu0435%5Cu043d%5Cu0438%5Cu044f%22%7D%2C+%7B%22text%22%3A+%22%5Cu043f%5Cu043e%5Cu043c%5Cu043e%5Cu0449%5Cu044c%22%7D%2C+%7B%22text%22%3A+%22%5Cu043d%5Cu0430%5Cu0441%5Cu0442%5Cu0440%5Cu043e%5Cu0439%5Cu043a%5Cu0438%22%7D%5D%5D%2C+%22resize_keyboard%22%3A+true%7D HTTP/1.1" 200 744
2021-05-08 19:38:54,473 INFO gave Rustam Fakhretdinov help
2021-05-08 19:38:57,402 DEBUG https://api.telegram.org:443 "GET /bot1639467970:AAEXXyaLvwq1LIe9rOMjo0AzyhMlVKl-3Xc/getUpdates?offset=115690437&timeout=20 HTTP/1.1" 200 425
2021-05-08 19:38:57,402 INFO Rustam Fakhretdinov texted настройки
2021-05-08 19:38:57,495 DEBUG https://api.telegram.org:443 "POST /bot1639467970:AAEXXyaLvwq1LIe9rOMjo0AzyhMlVKl-3Xc/sendMessage?chat_id=497421569&text=%D0%B4%D0%B0%2C+%D0%BD%D0%B0%D1%81%D1%82%D1%80%D0%BE%D0%B5%D0%BA+%D0%BF%D0%BE%D0%BA%D0%B0+%D0%BC%D0%B0%D0%BB%D0%BE%D0%B2%D0%B0%D1%82%D0%BE...+%D0%BD%D0%BE+%D1%8D%D1%82%D0%BE+%D0%B6%D0%B5+%D0%BB%D1%83%D1%87%D1%88%D0%B5%2C+%D1%87%D0%B5%D0%BC+%D0%BD%D0%B8%D1%87%D0%B5%D0%B3%D0%BE%3F&reply_markup=%7B%22keyboard%22%3A+%5B%5B%7B%22text%22%3A+%22%5Cu043d%5Cu0430%5Cu0441%5Cu0442%5Cu0440%5Cu043e%5Cu0439%5Cu043a%5Cu0438+%5Cu043e%5Cu0442%5Cu043e%5Cu0431%5Cu0440%5Cu0430%5Cu0436%5Cu0435%5Cu043d%5Cu0438%5Cu044f+%5Cu0432+%5Cu0442%5Cu043e%5Cu043f%5Cu0435%22%7D%2C+%7B%22text%22%3A+%22%5Cu0433%5Cu043b%5Cu0430%5Cu0432%5Cu043d%5Cu043e%5Cu0435+%5Cu043c%5Cu0435%5Cu043d%5Cu044e%22%7D%5D%5D%2C+%22resize_keyboard%22%3A+true%7D HTTP/1.1" 200 670
2021-05-08 19:38:57,496 INFO gave Rustam Fakhretdinov settings_main
2021-05-08 19:38:58,195 DEBUG https://api.telegram.org:443 "GET /bot1639467970:AAEXXyaLvwq1LIe9rOMjo0AzyhMlVKl-3Xc/getUpdates?offset=115690438&timeout=20 HTTP/1.1" 200 524
2021-05-08 19:38:58,195 INFO Rustam Fakhretdinov texted настройки отображения в топе
2021-05-08 19:38:58,347 DEBUG https://api.telegram.org:443 "POST /bot1639467970:AAEXXyaLvwq1LIe9rOMjo0AzyhMlVKl-3Xc/sendMessage?chat_id=497421569&text=%D1%82%D0%B5%D0%BB%D0%B5%D0%BF%D0%BE%D1%80%D1%82%D0%B8%D1%80%D1%83%D1%8E+%D0%B2+%D0%BD%D0%B0%D1%81%D1%82%D1%80%D0%BE%D0%B9%D0%BA%D0%B8+%D0%BE%D1%82%D0%BE%D0%B1%D1%80%D0%B0%D0%B6%D0%B5%D0%BD%D0%B8%D1%8F+%D0%B2+%D1%82%D0%BE%D0%BF%D0%B5...&reply_markup=%7B%22keyboard%22%3A+%5B%5B%7B%22text%22%3A+%22%5Cu0432%5Cu043a%5Cu043b%2F%5Cu0432%5Cu044b%5Cu043a%5Cu043b+%5Cu043e%5Cu0442%5Cu043e%5Cu0431%5Cu0440%5Cu0430%5Cu0436%5Cu0435%5Cu043d%5Cu0438%5Cu0435+%5Cu0432+%5Cu0442%5Cu043e%5Cu043f%5Cu0435%22%7D%2C+%7B%22text%22%3A+%22%5Cu043e%5Cu0431%5Cu043d%5Cu043e%5Cu0432%5Cu0438%5Cu0442%5Cu044c+%5Cu043c%5Cu043e%5Cu0435+%5Cu0438%5Cu043c%5Cu044f+%5Cu0432+%5Cu0442%5Cu043e%5Cu043f%5Cu0435%22%7D%2C+%7B%22text%22%3A+%22%5Cu0432%5Cu0435%5Cu0440%5Cu043d%5Cu0443%5Cu0442%5Cu044c%5Cu0441%5Cu044f+%5Cu043a+%5Cu043c%5Cu0435%5Cu043d%5Cu044e+%5Cu043d%5Cu0430%5Cu0441%5Cu0442%5Cu0440%5Cu043e%5Cu0435%5Cu043a%22%7D%5D%5D%2C+%22resize_keyboard%22%3A+true%7D HTTP/1.1" 200 633
2021-05-08 19:38:58,348 INFO gave Rustam Fakhretdinov settings_top
2021-05-08 19:38:59,467 DEBUG https://api.telegram.org:443 "GET /bot1639467970:AAEXXyaLvwq1LIe9rOMjo0AzyhMlVKl-3Xc/getUpdates?offset=115690439&timeout=20 HTTP/1.1" 200 513
2021-05-08 19:38:59,468 INFO Rustam Fakhretdinov texted вкл/выкл отображение в топе
2021-05-08 19:38:59,575 DEBUG https://api.telegram.org:443 "POST /bot1639467970:AAEXXyaLvwq1LIe9rOMjo0AzyhMlVKl-3Xc/sendMessage?chat_id=497421569&text=%D0%BE%D1%82%D0%BE%D0%B1%D1%80%D0%B0%D0%B6%D0%B0%D1%82%D1%8C+%D0%BB%D0%B8+%D1%82%D0%B5%D0%B1%D1%8F+%D0%B2+%D1%82%D0%BE%D0%BF%D0%B5%3F&reply_markup=%7B%22inline_keyboard%22%3A+%5B%5B%7B%22text%22%3A+%22%5Cu0434%5Cu0430%22%2C+%22callback_data%22%3A+%22top_yes%22%7D%5D%2C+%5B%7B%22text%22%3A+%22%5Cu043d%5Cu0435%5Cu0442%22%2C+%22callback_data%22%3A+%22top_no%22%7D%5D%5D%7D HTTP/1.1" 200 674
2021-05-08 19:38:59,576 INFO gave Rustam Fakhretdinov settings_top_visibility
2021-05-08 19:39:00,249 DEBUG https://api.telegram.org:443 "GET /bot1639467970:AAEXXyaLvwq1LIe9rOMjo0AzyhMlVKl-3Xc/getUpdates?offset=115690440&timeout=20 HTTP/1.1" 200 953
2021-05-08 19:39:00,340 DEBUG https://api.telegram.org:443 "POST /bot1639467970:AAEXXyaLvwq1LIe9rOMjo0AzyhMlVKl-3Xc/deleteMessage?chat_id=497421569&message_id=10181 HTTP/1.1" 200 25
2021-05-08 19:39:00,486 DEBUG https://api.telegram.org:443 "POST /bot1639467970:AAEXXyaLvwq1LIe9rOMjo0AzyhMlVKl-3Xc/sendMessage?chat_id=497421569&text=%D1%85%D0%BE%D1%80%D0%BE%D1%88%D0%BE%2C+%D1%81%D0%BA%D1%80%D1%8B%D0%B2%D0%B0%D1%8E+%D1%82%D0%B5%D0%B1%D1%8F HTTP/1.1" 200 502
2021-05-08 19:39:00,487 INFO Rustam Fakhretdinov now NOT available in top
2021-05-08 19:39:00,495 DEBUG main info database updated
2021-05-08 19:39:00,505 DEBUG used info database updated
2021-05-08 19:39:00,508 DEBUG achievement info database updated
2021-05-08 19:39:00,508 INFO all databases updated
2021-05-08 19:39:00,918 DEBUG https://api.telegram.org:443 "GET /bot1639467970:AAEXXyaLvwq1LIe9rOMjo0AzyhMlVKl-3Xc/getUpdates?offset=115690441&timeout=20 HTTP/1.1" 200 506
2021-05-08 19:39:00,919 INFO Rustam Fakhretdinov texted вернуться к меню настроек
2021-05-08 19:39:01,092 DEBUG https://api.telegram.org:443 "POST /bot1639467970:AAEXXyaLvwq1LIe9rOMjo0AzyhMlVKl-3Xc/sendMessage?chat_id=497421569&text=%D0%B4%D0%B0%2C+%D0%BD%D0%B0%D1%81%D1%82%D1%80%D0%BE%D0%B5%D0%BA+%D0%BF%D0%BE%D0%BA%D0%B0+%D0%BC%D0%B0%D0%BB%D0%BE%D0%B2%D0%B0%D1%82%D0%BE...+%D0%BD%D0%BE+%D1%8D%D1%82%D0%BE+%D0%B6%D0%B5+%D0%BB%D1%83%D1%87%D1%88%D0%B5%2C+%D1%87%D0%B5%D0%BC+%D0%BD%D0%B8%D1%87%D0%B5%D0%B3%D0%BE%3F&reply_markup=%7B%22keyboard%22%3A+%5B%5B%7B%22text%22%3A+%22%5Cu043d%5Cu0430%5Cu0441%5Cu0442%5Cu0440%5Cu043e%5Cu0439%5Cu043a%5Cu0438+%5Cu043e%5Cu0442%5Cu043e%5Cu0431%5Cu0440%5Cu0430%5Cu0436%5Cu0435%5Cu043d%5Cu0438%5Cu044f+%5Cu0432+%5Cu0442%5Cu043e%5Cu043f%5Cu0435%22%7D%2C+%7B%22text%22%3A+%22%5Cu0433%5Cu043b%5Cu0430%5Cu0432%5Cu043d%5Cu043e%5Cu0435+%5Cu043c%5Cu0435%5Cu043d%5Cu044e%22%7D%5D%5D%2C+%22resize_keyboard%22%3A+true%7D HTTP/1.1" 200 670
2021-05-08 19:39:01,093 INFO gave Rustam Fakhretdinov settings_main
2021-05-08 19:39:01,776 DEBUG https://api.telegram.org:443 "GET /bot1639467970:AAEXXyaLvwq1LIe9rOMjo0AzyhMlVKl-3Xc/getUpdates?offset=115690442&timeout=20 HTTP/1.1" 200 438
2021-05-08 19:39:01,777 INFO Rustam Fakhretdinov texted главное меню
2021-05-08 19:39:01,893 DEBUG https://api.telegram.org:443 "POST /bot1639467970:AAEXXyaLvwq1LIe9rOMjo0AzyhMlVKl-3Xc/sendMessage?chat_id=497421569&text=%D1%81%D0%BA%D0%BE%D1%80%D0%B5%D0%B5+%D0%B2%D1%81%D0%B5%D0%B3%D0%BE%2C+%D0%B2%D1%8B%D0%B9%D1%82%D0%B8+%D0%B2+%D0%B3%D0%BB%D0%B0%D0%B2%D0%BD%D0%BE%D0%B5+%D0%BC%D0%B5%D0%BD%D1%8E+%D0%BC%D0%BE%D0%B6%D0%BD%D0%BE+%D0%B1%D0%B5%D0%B7+%D1%81%D0%BE%D0%BE%D0%B1%D1%89%D0%B5%D0%BD%D0%B8%D1%8F%2C+%D0%BD%D0%BE+%D1%8F+%D0%BD%D0%B5+%D1%81%D0%BC%D0%BE%D0%B3+%D0%BD%D0%B0%D0%B3%D1%83%D0%B3%D0%BB%D0%B8%D1%82%D1%8C+%D1%82%D0%BE%2C+%D0%BA%D0%B0%D0%BA+%D1%8D%D1%82%D0%BE+%D1%81%D0%B4%D0%B5%D0%BB%D0%B0%D1%82%D1%8C%2C+%D0%BF%D0%BE%D1%8D%D1%82%D0%BE%D0%BC%D1%83+%D0%BC%D0%BE%D0%B3%D1%83+%D0%BF%D1%80%D0%BE%D1%81%D1%82%D0%BE+%D1%81%D0%BA%D0%B0%D0%B7%D0%B0%D1%82%D1%8C%2C+%D1%87%D1%82%D0%BE+%D0%B2+%D0%B4%D0%B0%D0%BD%D0%BD%D1%8B%D0%B9+%D0%BC%D0%BE%D0%BC%D0%B5%D0%BD%D1%82+%D0%BD%D0%B0+49%25+%D1%82%D1%8B+%D0%BB%D0%BE%D1%85%29%29%29%29%29%29&reply_markup=%7B%22keyboard%22%3A+%5B%5B%7B%22text%22%3A+%22%5Cu0441%5Cu043b%5Cu043e%5Cu0432%5Cu043e%21%22%7D%2C+%7B%22text%22%3A+%22%5Cu0441%5Cu0442%5Cu0430%5Cu0442%5Cu044b%22%7D%2C+%7B%22text%22%3A+%22%5Cu0442%5Cu043e%5Cu043f%22%7D%5D%2C+%5B%7B%22text%22%3A+%22%5Cu0434%5Cu043e%5Cu0441%5Cu0442%5Cu0438%5Cu0436%5Cu0435%5Cu043d%5Cu0438%5Cu044f%22%7D%2C+%7B%22text%22%3A+%22%5Cu043f%5Cu043e%5Cu043c%5Cu043e%5Cu0449%5Cu044c%22%7D%2C+%7B%22text%22%3A+%22%5Cu043d%5Cu0430%5Cu0441%5Cu0442%5Cu0440%5Cu043e%5Cu0439%5Cu043a%5Cu0438%22%7D%5D%5D%2C+%22resize_keyboard%22%3A+true%7D HTTP/1.1" 200 1190
2021-05-08 19:39:01,893 INFO gave Rustam Fakhretdinov main_menu
2021-05-08 19:39:02,554 DEBUG https://api.telegram.org:443 "GET /bot1639467970:AAEXXyaLvwq1LIe9rOMjo0AzyhMlVKl-3Xc/getUpdates?offset=115690443&timeout=20 HTTP/1.1" 200 389
2021-05-08 19:39:02,554 INFO Rustam Fakhretdinov texted топ
2021-05-08 19:39:02,643 DEBUG https://api.telegram.org:443 "POST /bot1639467970:AAEXXyaLvwq1LIe9rOMjo0AzyhMlVKl-3Xc/sendMessage?chat_id=497421569&text=%D0%B2%D1%8B%D0%B1%D0%B5%D1%80%D0%B8%2C+%D0%BA%D0%B0%D0%BA%D0%BE%D0%B9+%D1%82%D0%BE%D0%BF+%D1%85%D0%BE%D1%87%D0%B5%D1%88%D1%8C+%D0%BF%D0%BE%D1%81%D0%BC%D0%BE%D1%82%D1%80%D0%B5%D1%82%D1%8C&reply_markup=%7B%22keyboard%22%3A+%5B%5B%7B%22text%22%3A+%22%5Cu0442%5Cu043e%5Cu043f+%5Cu043f%5Cu043e+%5Cu0440%5Cu0435%5Cu0439%5Cu0442%5Cu0438%5Cu043d%5Cu0433%5Cu0443%22%7D%2C+%7B%22text%22%3A+%22%5Cu0442%5Cu043e%5Cu043f+%5Cu043f%5Cu043e+%5Cu0441%5Cu0442%5Cu0440%5Cu0438%5Cu043a%5Cu0443%22%7D%5D%2C+%5B%7B%22text%22%3A+%22%5Cu0442%5Cu043e%5Cu043f+%5Cu043f%5Cu043e+%25+%5Cu043f%5Cu0440%5Cu0430%5Cu0432%5Cu0438%5Cu043b%5Cu044c%5Cu043d%5Cu044b%5Cu0445%22%7D%2C+%7B%22text%22%3A+%22%5Cu0433%5Cu043b%5Cu0430%5Cu0432%5Cu043d%5Cu043e%5Cu0435+%5Cu043c%5Cu0435%5Cu043d%5Cu044e%22%7D%5D%5D%2C+%22resize_keyboard%22%3A+true%7D HTTP/1.1" 200 582
2021-05-08 19:39:03,240 DEBUG https://api.telegram.org:443 "GET /bot1639467970:AAEXXyaLvwq1LIe9rOMjo0AzyhMlVKl-3Xc/getUpdates?offset=115690444&timeout=20 HTTP/1.1" 200 451
2021-05-08 19:39:03,240 INFO Rustam Fakhretdinov texted топ по рейтингу
2021-05-08 19:39:03,329 DEBUG https://api.telegram.org:443 "POST /bot1639467970:AAEXXyaLvwq1LIe9rOMjo0AzyhMlVKl-3Xc/sendMessage?chat_id=497421569&text=%2A%D1%82%D0%B5%D0%BA%D1%83%D1%89%D0%B8%D0%B9+%D1%82%D0%BE%D0%BF+%D0%BF%D0%BE+%D1%80%D0%B5%D0%B9%D1%82%D0%B8%D0%BD%D0%B3%D1%83%3A%2A%0A1%5C%29+Valeriya+Bass+%5C%7C+684+%5C%7C+%D0%BF%D0%BE%D0%B1%D0%B5%D0%B4%D0%B8%D1%82%D0%B5%D0%BB%D1%8C+%22%D0%A0%D1%83%D1%81%D1%81%D0%BA%D0%BE%D0%B3%D0%BE+%D0%BC%D0%B5%D0%B4%D0%B2%D0%B5%D0%B6%D0%BE%D0%BD%D0%BA%D0%B0%22%0A2%5C%29+%D0%A1%D0%B0%D1%88%D0%B0+%5C%7C+625+%5C%7C+%D0%BF%D0%BE%D0%B1%D0%B5%D0%B4%D0%B8%D1%82%D0%B5%D0%BB%D1%8C+%D0%92%D0%A1%D0%BE%D0%A8+%D0%BF%D0%BE+%D1%80%D1%83%D1%81%D1%81%D0%BA%D0%BE%D0%BC%D1%83+%D1%8F%D0%B7%D1%8B%D0%BA%D1%83%0A3%5C%29+%D0%92%D0%B8%D0%BA%D1%82%D0%BE%D1%80%D0%B8%D1%8F+%5C%7C+6+%5C%7C+%D0%BF%D1%80%D0%B8%D0%B7%D0%B5%D1%80+%D0%92%D0%A1%D0%BE%D0%A8+%D0%BF%D0%BE+%D1%80%D1%83%D1%81%D1%81%D0%BA%D0%BE%D0%BC%D1%83+%D1%8F%D0%B7%D1%8B%D0%BA%D1%83%0A4%5C%29+Wigga+%5C%7C+1+%5C%7C+%D1%83%D1%87%D0%B0%D1%81%D1%82%D0%BD%D0%B8%D0%BA+%D0%92%D0%A1%D0%BE%D0%A8+%D0%BF%D0%BE+%D1%80%D1%83%D1%81%D1%81%D0%BA%D0%BE%D0%BC%D1%83+%D1%8F%D0%B7%D1%8B%D0%BA%D1%83%0A&reply_markup=%7B%22keyboard%22%3A+%5B%5B%7B%22text%22%3A+%22%5Cu0442%5Cu043e%5Cu043f+%5Cu043f%5Cu043e+%5Cu0440%5Cu0435%5Cu0439%5Cu0442%5Cu0438%5Cu043d%5Cu0433%5Cu0443%22%7D%2C+%7B%22text%22%3A+%22%5Cu0442%5Cu043e%5Cu043f+%5Cu043f%5Cu043e+%5Cu0441%5Cu0442%5Cu0440%5Cu0438%5Cu043a%5Cu0443%22%7D%5D%2C+%5B%7B%22text%22%3A+%22%5Cu0442%5Cu043e%5Cu043f+%5Cu043f%5Cu043e+%25+%5Cu043f%5Cu0440%5Cu0430%5Cu0432%5Cu0438%5Cu043b%5Cu044c%5Cu043d%5Cu044b%5Cu0445%22%7D%2C+%7B%22text%22%3A+%22%5Cu0433%5Cu043b%5Cu0430%5Cu0432%5Cu043d%5Cu043e%5Cu0435+%5Cu043c%5Cu0435%5Cu043d%5Cu044e%22%7D%5D%5D%2C+%22resize_keyboard%22%3A+true%7D&parse_mode=MarkdownV2 HTTP/1.1" 200 1387
2021-05-08 19:39:03,329 INFO gave Rustam Fakhretdinov top_rating
2021-05-08 19:39:04,568 DEBUG https://api.telegram.org:443 "GET /bot1639467970:AAEXXyaLvwq1LIe9rOMjo0AzyhMlVKl-3Xc/getUpdates?offset=115690445&timeout=20 HTTP/1.1" 200 438
2021-05-08 19:39:04,569 INFO Rustam Fakhretdinov texted главное меню
2021-05-08 19:39:04,699 DEBUG https://api.telegram.org:443 "POST /bot1639467970:AAEXXyaLvwq1LIe9rOMjo0AzyhMlVKl-3Xc/sendMessage?chat_id=497421569&text=%D1%81%D0%BA%D0%BE%D1%80%D0%B5%D0%B5+%D0%B2%D1%81%D0%B5%D0%B3%D0%BE%2C+%D0%B2%D1%8B%D0%B9%D1%82%D0%B8+%D0%B2+%D0%B3%D0%BB%D0%B0%D0%B2%D0%BD%D0%BE%D0%B5+%D0%BC%D0%B5%D0%BD%D1%8E+%D0%BC%D0%BE%D0%B6%D0%BD%D0%BE+%D0%B1%D0%B5%D0%B7+%D1%81%D0%BE%D0%BE%D0%B1%D1%89%D0%B5%D0%BD%D0%B8%D1%8F%2C+%D0%BD%D0%BE+%D1%8F+%D0%BD%D0%B5+%D1%81%D0%BC%D0%BE%D0%B3+%D0%BD%D0%B0%D0%B3%D1%83%D0%B3%D0%BB%D0%B8%D1%82%D1%8C+%D1%82%D0%BE%2C+%D0%BA%D0%B0%D0%BA+%D1%8D%D1%82%D0%BE+%D1%81%D0%B4%D0%B5%D0%BB%D0%B0%D1%82%D1%8C%2C+%D0%BF%D0%BE%D1%8D%D1%82%D0%BE%D0%BC%D1%83+%D0%BC%D0%BE%D0%B3%D1%83+%D0%BF%D1%80%D0%BE%D1%81%D1%82%D0%BE+%D1%81%D0%BA%D0%B0%D0%B7%D0%B0%D1%82%D1%8C%2C+%D1%87%D1%82%D0%BE+%D0%B2+%D0%B4%D0%B0%D0%BD%D0%BD%D1%8B%D0%B9+%D0%BC%D0%BE%D0%BC%D0%B5%D0%BD%D1%82+%D0%BD%D0%B0+75%25+%D1%82%D1%8B+%D0%BB%D0%BE%D1%85%29%29%29%29%29%29&reply_markup=%7B%22keyboard%22%3A+%5B%5B%7B%22text%22%3A+%22%5Cu0441%5Cu043b%5Cu043e%5Cu0432%5Cu043e%21%22%7D%2C+%7B%22text%22%3A+%22%5Cu0441%5Cu0442%5Cu0430%5Cu0442%5Cu044b%22%7D%2C+%7B%22text%22%3A+%22%5Cu0442%5Cu043e%5Cu043f%22%7D%5D%2C+%5B%7B%22text%22%3A+%22%5Cu0434%5Cu043e%5Cu0441%5Cu0442%5Cu0438%5Cu0436%5Cu0435%5Cu043d%5Cu0438%5Cu044f%22%7D%2C+%7B%22text%22%3A+%22%5Cu043f%5Cu043e%5Cu043c%5Cu043e%5Cu0449%5Cu044c%22%7D%2C+%7B%22text%22%3A+%22%5Cu043d%5Cu0430%5Cu0441%5Cu0442%5Cu0440%5Cu043e%5Cu0439%5Cu043a%5Cu0438%22%7D%5D%5D%2C+%22resize_keyboard%22%3A+true%7D HTTP/1.1" 200 1190
2021-05-08 19:39:04,700 INFO gave Rustam Fakhretdinov main_menu
2021-05-08 19:39:06,242 DEBUG https://api.telegram.org:443 "GET /bot1639467970:AAEXXyaLvwq1LIe9rOMjo0AzyhMlVKl-3Xc/getUpdates?offset=115690446&timeout=20 HTTP/1.1" 200 425
2021-05-08 19:39:06,242 INFO Rustam Fakhretdinov texted настройки
2021-05-08 19:39:06,342 DEBUG https://api.telegram.org:443 "POST /bot1639467970:AAEXXyaLvwq1LIe9rOMjo0AzyhMlVKl-3Xc/sendMessage?chat_id=497421569&text=%D0%B4%D0%B0%2C+%D0%BD%D0%B0%D1%81%D1%82%D1%80%D0%BE%D0%B5%D0%BA+%D0%BF%D0%BE%D0%BA%D0%B0+%D0%BC%D0%B0%D0%BB%D0%BE%D0%B2%D0%B0%D1%82%D0%BE...+%D0%BD%D0%BE+%D1%8D%D1%82%D0%BE+%D0%B6%D0%B5+%D0%BB%D1%83%D1%87%D1%88%D0%B5%2C+%D1%87%D0%B5%D0%BC+%D0%BD%D0%B8%D1%87%D0%B5%D0%B3%D0%BE%3F&reply_markup=%7B%22keyboard%22%3A+%5B%5B%7B%22text%22%3A+%22%5Cu043d%5Cu0430%5Cu0441%5Cu0442%5Cu0440%5Cu043e%5Cu0439%5Cu043a%5Cu0438+%5Cu043e%5Cu0442%5Cu043e%5Cu0431%5Cu0440%5Cu0430%5Cu0436%5Cu0435%5Cu043d%5Cu0438%5Cu044f+%5Cu0432+%5Cu0442%5Cu043e%5Cu043f%5Cu0435%22%7D%2C+%7B%22text%22%3A+%22%5Cu0433%5Cu043b%5Cu0430%5Cu0432%5Cu043d%5Cu043e%5Cu0435+%5Cu043c%5Cu0435%5Cu043d%5Cu044e%22%7D%5D%5D%2C+%22resize_keyboard%22%3A+true%7D HTTP/1.1" 200 670
2021-05-08 19:39:06,342 INFO gave Rustam Fakhretdinov settings_main
2021-05-08 19:39:06,973 DEBUG https://api.telegram.org:443 "GET /bot1639467970:AAEXXyaLvwq1LIe9rOMjo0AzyhMlVKl-3Xc/getUpdates?offset=115690447&timeout=20 HTTP/1.1" 200 524
2021-05-08 19:39:06,974 INFO Rustam Fakhretdinov texted настройки отображения в топе
2021-05-08 19:39:07,068 DEBUG https://api.telegram.org:443 "POST /bot1639467970:AAEXXyaLvwq1LIe9rOMjo0AzyhMlVKl-3Xc/sendMessage?chat_id=497421569&text=%D1%82%D0%B5%D0%BB%D0%B5%D0%BF%D0%BE%D1%80%D1%82%D0%B8%D1%80%D1%83%D1%8E+%D0%B2+%D0%BD%D0%B0%D1%81%D1%82%D1%80%D0%BE%D0%B9%D0%BA%D0%B8+%D0%BE%D1%82%D0%BE%D0%B1%D1%80%D0%B0%D0%B6%D0%B5%D0%BD%D0%B8%D1%8F+%D0%B2+%D1%82%D0%BE%D0%BF%D0%B5...&reply_markup=%7B%22keyboard%22%3A+%5B%5B%7B%22text%22%3A+%22%5Cu0432%5Cu043a%5Cu043b%2F%5Cu0432%5Cu044b%5Cu043a%5Cu043b+%5Cu043e%5Cu0442%5Cu043e%5Cu0431%5Cu0440%5Cu0430%5Cu0436%5Cu0435%5Cu043d%5Cu0438%5Cu0435+%5Cu0432+%5Cu0442%5Cu043e%5Cu043f%5Cu0435%22%7D%2C+%7B%22text%22%3A+%22%5Cu043e%5Cu0431%5Cu043d%5Cu043e%5Cu0432%5Cu0438%5Cu0442%5Cu044c+%5Cu043c%5Cu043e%5Cu0435+%5Cu0438%5Cu043c%5Cu044f+%5Cu0432+%5Cu0442%5Cu043e%5Cu043f%5Cu0435%22%7D%2C+%7B%22text%22%3A+%22%5Cu0432%5Cu0435%5Cu0440%5Cu043d%5Cu0443%5Cu0442%5Cu044c%5Cu0441%5Cu044f+%5Cu043a+%5Cu043c%5Cu0435%5Cu043d%5Cu044e+%5Cu043d%5Cu0430%5Cu0441%5Cu0442%5Cu0440%5Cu043e%5Cu0435%5Cu043a%22%7D%5D%5D%2C+%22resize_keyboard%22%3A+true%7D HTTP/1.1" 200 633
2021-05-08 19:39:07,069 INFO gave Rustam Fakhretdinov settings_top
2021-05-08 19:39:07,658 DEBUG https://api.telegram.org:443 "GET /bot1639467970:AAEXXyaLvwq1LIe9rOMjo0AzyhMlVKl-3Xc/getUpdates?offset=115690448&timeout=20 HTTP/1.1" 200 513
2021-05-08 19:39:07,659 INFO Rustam Fakhretdinov texted вкл/выкл отображение в топе
2021-05-08 19:39:07,775 DEBUG https://api.telegram.org:443 "POST /bot1639467970:AAEXXyaLvwq1LIe9rOMjo0AzyhMlVKl-3Xc/sendMessage?chat_id=497421569&text=%D0%BE%D1%82%D0%BE%D0%B1%D1%80%D0%B0%D0%B6%D0%B0%D1%82%D1%8C+%D0%BB%D0%B8+%D1%82%D0%B5%D0%B1%D1%8F+%D0%B2+%D1%82%D0%BE%D0%BF%D0%B5%3F&reply_markup=%7B%22inline_keyboard%22%3A+%5B%5B%7B%22text%22%3A+%22%5Cu0434%5Cu0430%22%2C+%22callback_data%22%3A+%22top_yes%22%7D%5D%2C+%5B%7B%22text%22%3A+%22%5Cu043d%5Cu0435%5Cu0442%22%2C+%22callback_data%22%3A+%22top_no%22%7D%5D%5D%7D HTTP/1.1" 200 674
2021-05-08 19:39:07,776 INFO gave Rustam Fakhretdinov settings_top_visibility
2021-05-08 19:39:08,748 DEBUG https://api.telegram.org:443 "GET /bot1639467970:AAEXXyaLvwq1LIe9rOMjo0AzyhMlVKl-3Xc/getUpdates?offset=115690449&timeout=20 HTTP/1.1" 200 954
2021-05-08 19:39:08,826 DEBUG https://api.telegram.org:443 "POST /bot1639467970:AAEXXyaLvwq1LIe9rOMjo0AzyhMlVKl-3Xc/deleteMessage?chat_id=497421569&message_id=10198 HTTP/1.1" 200 25
2021-05-08 19:39:08,905 DEBUG https://api.telegram.org:443 "POST /bot1639467970:AAEXXyaLvwq1LIe9rOMjo0AzyhMlVKl-3Xc/sendMessage?chat_id=497421569&text=%D0%BE%D0%BA%D0%B5%D0%B9%21+%D0%BD%D0%B0%D0%B4%D0%B5%D1%8E%D1%81%D1%8C%2C+%D1%82%D1%8B+%D1%81%D0%BC%D0%BE%D0%B6%D0%B5%D1%88%D1%8C+%D0%BF%D0%BE%D0%BA%D0%BE%D1%80%D0%B8%D1%82%D1%8C+%D0%B2%D0%B5%D1%80%D1%88%D0%B8%D0%BD%D1%83%21 HTTP/1.1" 200 615
2021-05-08 19:39:08,906 INFO Rustam Fakhretdinov now available in top
2021-05-08 19:39:08,914 DEBUG main info database updated
2021-05-08 19:39:08,924 DEBUG used info database updated
2021-05-08 19:39:08,929 DEBUG achievement info database updated
2021-05-08 19:39:08,930 INFO all databases updated
2021-05-08 19:39:12,205 DEBUG https://api.telegram.org:443 "GET /bot1639467970:AAEXXyaLvwq1LIe9rOMjo0AzyhMlVKl-3Xc/getUpdates?offset=115690450&timeout=20 HTTP/1.1" 200 489
2021-05-08 19:39:12,207 INFO Rustam Fakhretdinov texted обновить мое имя в топе
2021-05-08 19:39:12,291 DEBUG https://api.telegram.org:443 "POST /bot1639467970:AAEXXyaLvwq1LIe9rOMjo0AzyhMlVKl-3Xc/sendMessage?chat_id=497421569&text=%D0%B8%D0%B7%D0%BC%D0%B5%D0%BD%D0%B8%D0%BB+%D1%82%D0%B2%D0%BE%D0%B5+%D0%B8%D0%BC%D1%8F+%D0%B2+%D1%81%D0%BE%D0%BE%D1%82%D0%B2%D0%B5%D1%82%D1%81%D1%82%D0%B2%D0%B8%D0%B8+%D1%81+%D1%82%D0%B2%D0%BE%D0%B8%D0%BC+%D1%82%D0%B5%D0%BB%D0%B5%D0%B3%D1%80%D0%B0%D0%BC-%D0%B0%D0%BA%D0%BA%D0%B0%D1%83%D0%BD%D1%82%D0%BE%D0%BC%21 HTTP/1.1" 200 706
2021-05-08 19:39:12,292 INFO Rustam Fakhretdinov changed name to Rustam Fakhretdinov
2021-05-08 19:39:12,301 DEBUG main info database updated
2021-05-08 19:39:12,310 DEBUG used info database updated
2021-05-08 19:39:12,316 DEBUG achievement info database updated
2021-05-08 19:39:12,317 INFO all databases updated
2021-05-08 19:39:15,750 DEBUG https://api.telegram.org:443 "GET /bot1639467970:AAEXXyaLvwq1LIe9rOMjo0AzyhMlVKl-3Xc/getUpdates?offset=115690451&timeout=20 HTTP/1.1" 200 506
2021-05-08 19:39:15,751 INFO Rustam Fakhretdinov texted вернуться к меню настроек
2021-05-08 19:39:15,846 DEBUG https://api.telegram.org:443 "POST /bot1639467970:AAEXXyaLvwq1LIe9rOMjo0AzyhMlVKl-3Xc/sendMessage?chat_id=497421569&text=%D0%B4%D0%B0%2C+%D0%BD%D0%B0%D1%81%D1%82%D1%80%D0%BE%D0%B5%D0%BA+%D0%BF%D0%BE%D0%BA%D0%B0+%D0%BC%D0%B0%D0%BB%D0%BE%D0%B2%D0%B0%D1%82%D0%BE...+%D0%BD%D0%BE+%D1%8D%D1%82%D0%BE+%D0%B6%D0%B5+%D0%BB%D1%83%D1%87%D1%88%D0%B5%2C+%D1%87%D0%B5%D0%BC+%D0%BD%D0%B8%D1%87%D0%B5%D0%B3%D0%BE%3F&reply_markup=%7B%22keyboard%22%3A+%5B%5B%7B%22text%22%3A+%22%5Cu043d%5Cu0430%5Cu0441%5Cu0442%5Cu0440%5Cu043e%5Cu0439%5Cu043a%5Cu0438+%5Cu043e%5Cu0442%5Cu043e%5Cu0431%5Cu0440%5Cu0430%5Cu0436%5Cu0435%5Cu043d%5Cu0438%5Cu044f+%5Cu0432+%5Cu0442%5Cu043e%5Cu043f%5Cu0435%22%7D%2C+%7B%22text%22%3A+%22%5Cu0433%5Cu043b%5Cu0430%5Cu0432%5Cu043d%5Cu043e%5Cu0435+%5Cu043c%5Cu0435%5Cu043d%5Cu044e%22%7D%5D%5D%2C+%22resize_keyboard%22%3A+true%7D HTTP/1.1" 200 670
2021-05-08 19:39:15,846 INFO gave Rustam Fakhretdinov settings_main
2021-05-08 19:39:16,584 DEBUG https://api.telegram.org:443 "GET /bot1639467970:AAEXXyaLvwq1LIe9rOMjo0AzyhMlVKl-3Xc/getUpdates?offset=115690452&timeout=20 HTTP/1.1" 200 438
2021-05-08 19:39:16,584 INFO Rustam Fakhretdinov texted главное меню
2021-05-08 19:39:16,693 DEBUG https://api.telegram.org:443 "POST /bot1639467970:AAEXXyaLvwq1LIe9rOMjo0AzyhMlVKl-3Xc/sendMessage?chat_id=497421569&text=%D1%81%D0%BA%D0%BE%D1%80%D0%B5%D0%B5+%D0%B2%D1%81%D0%B5%D0%B3%D0%BE%2C+%D0%B2%D1%8B%D0%B9%D1%82%D0%B8+%D0%B2+%D0%B3%D0%BB%D0%B0%D0%B2%D0%BD%D0%BE%D0%B5+%D0%BC%D0%B5%D0%BD%D1%8E+%D0%BC%D0%BE%D0%B6%D0%BD%D0%BE+%D0%B1%D0%B5%D0%B7+%D1%81%D0%BE%D0%BE%D0%B1%D1%89%D0%B5%D0%BD%D0%B8%D1%8F%2C+%D0%BD%D0%BE+%D1%8F+%D0%BD%D0%B5+%D1%81%D0%BC%D0%BE%D0%B3+%D0%BD%D0%B0%D0%B3%D1%83%D0%B3%D0%BB%D0%B8%D1%82%D1%8C+%D1%82%D0%BE%2C+%D0%BA%D0%B0%D0%BA+%D1%8D%D1%82%D0%BE+%D1%81%D0%B4%D0%B5%D0%BB%D0%B0%D1%82%D1%8C%2C+%D0%BF%D0%BE%D1%8D%D1%82%D0%BE%D0%BC%D1%83+%D0%BC%D0%BE%D0%B3%D1%83+%D0%BF%D1%80%D0%BE%D1%81%D1%82%D0%BE+%D1%81%D0%BA%D0%B0%D0%B7%D0%B0%D1%82%D1%8C%2C+%D1%87%D1%82%D0%BE+%D0%B2+%D0%B4%D0%B0%D0%BD%D0%BD%D1%8B%D0%B9+%D0%BC%D0%BE%D0%BC%D0%B5%D0%BD%D1%82+%D0%BD%D0%B0+70%25+%D1%82%D1%8B+%D0%BB%D0%BE%D1%85%29%29%29%29%29%29&reply_markup=%7B%22keyboard%22%3A+%5B%5B%7B%22text%22%3A+%22%5Cu0441%5Cu043b%5Cu043e%5Cu0432%5Cu043e%21%22%7D%2C+%7B%22text%22%3A+%22%5Cu0441%5Cu0442%5Cu0430%5Cu0442%5Cu044b%22%7D%2C+%7B%22text%22%3A+%22%5Cu0442%5Cu043e%5Cu043f%22%7D%5D%2C+%5B%7B%22text%22%3A+%22%5Cu0434%5Cu043e%5Cu0441%5Cu0442%5Cu0438%5Cu0436%5Cu0435%5Cu043d%5Cu0438%5Cu044f%22%7D%2C+%7B%22text%22%3A+%22%5Cu043f%5Cu043e%5Cu043c%5Cu043e%5Cu0449%5Cu044c%22%7D%2C+%7B%22text%22%3A+%22%5Cu043d%5Cu0430%5Cu0441%5Cu0442%5Cu0440%5Cu043e%5Cu0439%5Cu043a%5Cu0438%22%7D%5D%5D%2C+%22resize_keyboard%22%3A+true%7D HTTP/1.1" 200 1190
2021-05-08 19:39:16,693 INFO gave Rustam Fakhretdinov main_menu
2021-05-08 19:39:36,640 DEBUG https://api.telegram.org:443 "GET /bot1639467970:AAEXXyaLvwq1LIe9rOMjo0AzyhMlVKl-3Xc/getUpdates?offset=115690453&timeout=20 HTTP/1.1" 200 23
2021-05-08 19:39:56,691 DEBUG https://api.telegram.org:443 "GET /bot1639467970:AAEXXyaLvwq1LIe9rOMjo0AzyhMlVKl-3Xc/getUpdates?offset=115690453&timeout=20 HTTP/1.1" 200 23
2021-05-08 19:40:16,742 DEBUG https://api.telegram.org:443 "GET /bot1639467970:AAEXXyaLvwq1LIe9rOMjo0AzyhMlVKl-3Xc/getUpdates?offset=115690453&timeout=20 HTTP/1.1" 200 23
2021-05-08 19:40:36,793 DEBUG https://api.telegram.org:443 "GET /bot1639467970:AAEXXyaLvwq1LIe9rOMjo0AzyhMlVKl-3Xc/getUpdates?offset=115690453&timeout=20 HTTP/1.1" 200 23
2021-05-08 19:40:56,844 DEBUG https://api.telegram.org:443 "GET /bot1639467970:AAEXXyaLvwq1LIe9rOMjo0AzyhMlVKl-3Xc/getUpdates?offset=115690453&timeout=20 HTTP/1.1" 200 23
2021-05-08 19:41:16,896 DEBUG https://api.telegram.org:443 "GET /bot1639467970:AAEXXyaLvwq1LIe9rOMjo0AzyhMlVKl-3Xc/getUpdates?offset=115690453&timeout=20 HTTP/1.1" 200 23
2021-05-08 19:41:36,947 DEBUG https://api.telegram.org:443 "GET /bot1639467970:AAEXXyaLvwq1LIe9rOMjo0AzyhMlVKl-3Xc/getUpdates?offset=115690453&timeout=20 HTTP/1.1" 200 23
2021-05-08 19:41:56,998 DEBUG https://api.telegram.org:443 "GET /bot1639467970:AAEXXyaLvwq1LIe9rOMjo0AzyhMlVKl-3Xc/getUpdates?offset=115690453&timeout=20 HTTP/1.1" 200 23
2021-05-08 19:42:17,049 DEBUG https://api.telegram.org:443 "GET /bot1639467970:AAEXXyaLvwq1LIe9rOMjo0AzyhMlVKl-3Xc/getUpdates?offset=115690453&timeout=20 HTTP/1.1" 200 23
2021-05-08 19:42:37,099 DEBUG https://api.telegram.org:443 "GET /bot1639467970:AAEXXyaLvwq1LIe9rOMjo0AzyhMlVKl-3Xc/getUpdates?offset=115690453&timeout=20 HTTP/1.1" 200 23
2021-05-08 19:42:57,150 DEBUG https://api.telegram.org:443 "GET /bot1639467970:AAEXXyaLvwq1LIe9rOMjo0AzyhMlVKl-3Xc/getUpdates?offset=115690453&timeout=20 HTTP/1.1" 200 23
2021-05-08 19:43:17,201 DEBUG https://api.telegram.org:443 "GET /bot1639467970:AAEXXyaLvwq1LIe9rOMjo0AzyhMlVKl-3Xc/getUpdates?offset=115690453&timeout=20 HTTP/1.1" 200 23
2021-05-08 19:43:37,251 DEBUG https://api.telegram.org:443 "GET /bot1639467970:AAEXXyaLvwq1LIe9rOMjo0AzyhMlVKl-3Xc/getUpdates?offset=115690453&timeout=20 HTTP/1.1" 200 23
2021-05-08 19:43:57,302 DEBUG https://api.telegram.org:443 "GET /bot1639467970:AAEXXyaLvwq1LIe9rOMjo0AzyhMlVKl-3Xc/getUpdates?offset=115690453&timeout=20 HTTP/1.1" 200 23
2021-05-08 19:44:17,359 DEBUG https://api.telegram.org:443 "GET /bot1639467970:AAEXXyaLvwq1LIe9rOMjo0AzyhMlVKl-3Xc/getUpdates?offset=115690453&timeout=20 HTTP/1.1" 200 23
2021-05-08 19:44:37,410 DEBUG https://api.telegram.org:443 "GET /bot1639467970:AAEXXyaLvwq1LIe9rOMjo0AzyhMlVKl-3Xc/getUpdates?offset=115690453&timeout=20 HTTP/1.1" 200 23
2021-05-08 19:44:57,463 DEBUG https://api.telegram.org:443 "GET /bot1639467970:AAEXXyaLvwq1LIe9rOMjo0AzyhMlVKl-3Xc/getUpdates?offset=115690453&timeout=20 HTTP/1.1" 200 23
2021-05-08 19:45:17,513 DEBUG https://api.telegram.org:443 "GET /bot1639467970:AAEXXyaLvwq1LIe9rOMjo0AzyhMlVKl-3Xc/getUpdates?offset=115690453&timeout=20 HTTP/1.1" 200 23
2021-05-08 19:45:37,564 DEBUG https://api.telegram.org:443 "GET /bot1639467970:AAEXXyaLvwq1LIe9rOMjo0AzyhMlVKl-3Xc/getUpdates?offset=115690453&timeout=20 HTTP/1.1" 200 23
2021-05-08 19:45:57,615 DEBUG https://api.telegram.org:443 "GET /bot1639467970:AAEXXyaLvwq1LIe9rOMjo0AzyhMlVKl-3Xc/getUpdates?offset=115690453&timeout=20 HTTP/1.1" 200 23
2021-05-08 19:46:17,665 DEBUG https://api.telegram.org:443 "GET /bot1639467970:AAEXXyaLvwq1LIe9rOMjo0AzyhMlVKl-3Xc/getUpdates?offset=115690453&timeout=20 HTTP/1.1" 200 23
2021-05-08 19:46:37,717 DEBUG https://api.telegram.org:443 "GET /bot1639467970:AAEXXyaLvwq1LIe9rOMjo0AzyhMlVKl-3Xc/getUpdates?offset=115690453&timeout=20 HTTP/1.1" 200 23
2021-05-08 19:46:57,767 DEBUG https://api.telegram.org:443 "GET /bot1639467970:AAEXXyaLvwq1LIe9rOMjo0AzyhMlVKl-3Xc/getUpdates?offset=115690453&timeout=20 HTTP/1.1" 200 23
2021-05-08 19:47:17,818 DEBUG https://api.telegram.org:443 "GET /bot1639467970:AAEXXyaLvwq1LIe9rOMjo0AzyhMlVKl-3Xc/getUpdates?offset=115690453&timeout=20 HTTP/1.1" 200 23
2021-05-08 19:47:37,869 DEBUG https://api.telegram.org:443 "GET /bot1639467970:AAEXXyaLvwq1LIe9rOMjo0AzyhMlVKl-3Xc/getUpdates?offset=115690453&timeout=20 HTTP/1.1" 200 23
2021-05-08 19:47:57,921 DEBUG https://api.telegram.org:443 "GET /bot1639467970:AAEXXyaLvwq1LIe9rOMjo0AzyhMlVKl-3Xc/getUpdates?offset=115690453&timeout=20 HTTP/1.1" 200 23
2021-05-08 19:48:17,973 DEBUG https://api.telegram.org:443 "GET /bot1639467970:AAEXXyaLvwq1LIe9rOMjo0AzyhMlVKl-3Xc/getUpdates?offset=115690453&timeout=20 HTTP/1.1" 200 23
2021-05-08 19:48:38,023 DEBUG https://api.telegram.org:443 "GET /bot1639467970:AAEXXyaLvwq1LIe9rOMjo0AzyhMlVKl-3Xc/getUpdates?offset=115690453&timeout=20 HTTP/1.1" 200 23
2021-05-08 19:48:58,074 DEBUG https://api.telegram.org:443 "GET /bot1639467970:AAEXXyaLvwq1LIe9rOMjo0AzyhMlVKl-3Xc/getUpdates?offset=115690453&timeout=20 HTTP/1.1" 200 23
2021-05-08 19:49:18,125 DEBUG https://api.telegram.org:443 "GET /bot1639467970:AAEXXyaLvwq1LIe9rOMjo0AzyhMlVKl-3Xc/getUpdates?offset=115690453&timeout=20 HTTP/1.1" 200 23
2021-05-08 19:49:38,175 DEBUG https://api.telegram.org:443 "GET /bot1639467970:AAEXXyaLvwq1LIe9rOMjo0AzyhMlVKl-3Xc/getUpdates?offset=115690453&timeout=20 HTTP/1.1" 200 23
2021-05-08 19:49:58,227 DEBUG https://api.telegram.org:443 "GET /bot1639467970:AAEXXyaLvwq1LIe9rOMjo0AzyhMlVKl-3Xc/getUpdates?offset=115690453&timeout=20 HTTP/1.1" 200 23
2021-05-08 19:50:18,370 DEBUG https://api.telegram.org:443 "GET /bot1639467970:AAEXXyaLvwq1LIe9rOMjo0AzyhMlVKl-3Xc/getUpdates?offset=115690453&timeout=20 HTTP/1.1" 200 23
2021-05-08 19:50:38,420 DEBUG https://api.telegram.org:443 "GET /bot1639467970:AAEXXyaLvwq1LIe9rOMjo0AzyhMlVKl-3Xc/getUpdates?offset=115690453&timeout=20 HTTP/1.1" 200 23
2021-05-08 19:50:58,472 DEBUG https://api.telegram.org:443 "GET /bot1639467970:AAEXXyaLvwq1LIe9rOMjo0AzyhMlVKl-3Xc/getUpdates?offset=115690453&timeout=20 HTTP/1.1" 200 23
2021-05-08 19:51:18,523 DEBUG https://api.telegram.org:443 "GET /bot1639467970:AAEXXyaLvwq1LIe9rOMjo0AzyhMlVKl-3Xc/getUpdates?offset=115690453&timeout=20 HTTP/1.1" 200 23
2021-05-08 19:51:38,575 DEBUG https://api.telegram.org:443 "GET /bot1639467970:AAEXXyaLvwq1LIe9rOMjo0AzyhMlVKl-3Xc/getUpdates?offset=115690453&timeout=20 HTTP/1.1" 200 23
2021-05-08 19:51:58,626 DEBUG https://api.telegram.org:443 "GET /bot1639467970:AAEXXyaLvwq1LIe9rOMjo0AzyhMlVKl-3Xc/getUpdates?offset=115690453&timeout=20 HTTP/1.1" 200 23
2021-05-08 19:52:18,676 DEBUG https://api.telegram.org:443 "GET /bot1639467970:AAEXXyaLvwq1LIe9rOMjo0AzyhMlVKl-3Xc/getUpdates?offset=115690453&timeout=20 HTTP/1.1" 200 23
2021-05-08 19:52:38,727 DEBUG https://api.telegram.org:443 "GET /bot1639467970:AAEXXyaLvwq1LIe9rOMjo0AzyhMlVKl-3Xc/getUpdates?offset=115690453&timeout=20 HTTP/1.1" 200 23
2021-05-08 19:52:58,778 DEBUG https://api.telegram.org:443 "GET /bot1639467970:AAEXXyaLvwq1LIe9rOMjo0AzyhMlVKl-3Xc/getUpdates?offset=115690453&timeout=20 HTTP/1.1" 200 23
2021-05-08 19:53:18,829 DEBUG https://api.telegram.org:443 "GET /bot1639467970:AAEXXyaLvwq1LIe9rOMjo0AzyhMlVKl-3Xc/getUpdates?offset=115690453&timeout=20 HTTP/1.1" 200 23
2021-05-08 19:53:38,880 DEBUG https://api.telegram.org:443 "GET /bot1639467970:AAEXXyaLvwq1LIe9rOMjo0AzyhMlVKl-3Xc/getUpdates?offset=115690453&timeout=20 HTTP/1.1" 200 23
2021-05-08 19:53:58,931 DEBUG https://api.telegram.org:443 "GET /bot1639467970:AAEXXyaLvwq1LIe9rOMjo0AzyhMlVKl-3Xc/getUpdates?offset=115690453&timeout=20 HTTP/1.1" 200 23
2021-05-08 19:54:18,981 DEBUG https://api.telegram.org:443 "GET /bot1639467970:AAEXXyaLvwq1LIe9rOMjo0AzyhMlVKl-3Xc/getUpdates?offset=115690453&timeout=20 HTTP/1.1" 200 23
2021-05-08 19:54:39,033 DEBUG https://api.telegram.org:443 "GET /bot1639467970:AAEXXyaLvwq1LIe9rOMjo0AzyhMlVKl-3Xc/getUpdates?offset=115690453&timeout=20 HTTP/1.1" 200 23
2021-05-08 19:54:59,083 DEBUG https://api.telegram.org:443 "GET /bot1639467970:AAEXXyaLvwq1LIe9rOMjo0AzyhMlVKl-3Xc/getUpdates?offset=115690453&timeout=20 HTTP/1.1" 200 23
2021-05-08 19:55:19,133 DEBUG https://api.telegram.org:443 "GET /bot1639467970:AAEXXyaLvwq1LIe9rOMjo0AzyhMlVKl-3Xc/getUpdates?offset=115690453&timeout=20 HTTP/1.1" 200 23
2021-05-08 19:55:39,185 DEBUG https://api.telegram.org:443 "GET /bot1639467970:AAEXXyaLvwq1LIe9rOMjo0AzyhMlVKl-3Xc/getUpdates?offset=115690453&timeout=20 HTTP/1.1" 200 23
2021-05-08 19:55:59,236 DEBUG https://api.telegram.org:443 "GET /bot1639467970:AAEXXyaLvwq1LIe9rOMjo0AzyhMlVKl-3Xc/getUpdates?offset=115690453&timeout=20 HTTP/1.1" 200 23
2021-05-08 19:56:19,286 DEBUG https://api.telegram.org:443 "GET /bot1639467970:AAEXXyaLvwq1LIe9rOMjo0AzyhMlVKl-3Xc/getUpdates?offset=115690453&timeout=20 HTTP/1.1" 200 23
2021-05-08 19:56:39,337 DEBUG https://api.telegram.org:443 "GET /bot1639467970:AAEXXyaLvwq1LIe9rOMjo0AzyhMlVKl-3Xc/getUpdates?offset=115690453&timeout=20 HTTP/1.1" 200 23
2021-05-08 19:56:59,388 DEBUG https://api.telegram.org:443 "GET /bot1639467970:AAEXXyaLvwq1LIe9rOMjo0AzyhMlVKl-3Xc/getUpdates?offset=115690453&timeout=20 HTTP/1.1" 200 23
2021-05-08 19:57:19,439 DEBUG https://api.telegram.org:443 "GET /bot1639467970:AAEXXyaLvwq1LIe9rOMjo0AzyhMlVKl-3Xc/getUpdates?offset=115690453&timeout=20 HTTP/1.1" 200 23
2021-05-08 19:57:39,489 DEBUG https://api.telegram.org:443 "GET /bot1639467970:AAEXXyaLvwq1LIe9rOMjo0AzyhMlVKl-3Xc/getUpdates?offset=115690453&timeout=20 HTTP/1.1" 200 23
2021-05-08 19:57:59,540 DEBUG https://api.telegram.org:443 "GET /bot1639467970:AAEXXyaLvwq1LIe9rOMjo0AzyhMlVKl-3Xc/getUpdates?offset=115690453&timeout=20 HTTP/1.1" 200 23
2021-05-08 19:58:19,591 DEBUG https://api.telegram.org:443 "GET /bot1639467970:AAEXXyaLvwq1LIe9rOMjo0AzyhMlVKl-3Xc/getUpdates?offset=115690453&timeout=20 HTTP/1.1" 200 23
2021-05-08 19:58:39,641 DEBUG https://api.telegram.org:443 "GET /bot1639467970:AAEXXyaLvwq1LIe9rOMjo0AzyhMlVKl-3Xc/getUpdates?offset=115690453&timeout=20 HTTP/1.1" 200 23
2021-05-08 19:58:59,693 DEBUG https://api.telegram.org:443 "GET /bot1639467970:AAEXXyaLvwq1LIe9rOMjo0AzyhMlVKl-3Xc/getUpdates?offset=115690453&timeout=20 HTTP/1.1" 200 23
2021-05-08 19:59:19,743 DEBUG https://api.telegram.org:443 "GET /bot1639467970:AAEXXyaLvwq1LIe9rOMjo0AzyhMlVKl-3Xc/getUpdates?offset=115690453&timeout=20 HTTP/1.1" 200 23
2021-05-08 19:59:39,795 DEBUG https://api.telegram.org:443 "GET /bot1639467970:AAEXXyaLvwq1LIe9rOMjo0AzyhMlVKl-3Xc/getUpdates?offset=115690453&timeout=20 HTTP/1.1" 200 23
2021-05-08 19:59:59,846 DEBUG https://api.telegram.org:443 "GET /bot1639467970:AAEXXyaLvwq1LIe9rOMjo0AzyhMlVKl-3Xc/getUpdates?offset=115690453&timeout=20 HTTP/1.1" 200 23
2021-05-08 20:00:19,897 DEBUG https://api.telegram.org:443 "GET /bot1639467970:AAEXXyaLvwq1LIe9rOMjo0AzyhMlVKl-3Xc/getUpdates?offset=115690453&timeout=20 HTTP/1.1" 200 23
2021-05-08 20:00:39,947 DEBUG https://api.telegram.org:443 "GET /bot1639467970:AAEXXyaLvwq1LIe9rOMjo0AzyhMlVKl-3Xc/getUpdates?offset=115690453&timeout=20 HTTP/1.1" 200 23
2021-05-08 20:00:59,998 DEBUG https://api.telegram.org:443 "GET /bot1639467970:AAEXXyaLvwq1LIe9rOMjo0AzyhMlVKl-3Xc/getUpdates?offset=115690453&timeout=20 HTTP/1.1" 200 23
2021-05-08 20:01:20,049 DEBUG https://api.telegram.org:443 "GET /bot1639467970:AAEXXyaLvwq1LIe9rOMjo0AzyhMlVKl-3Xc/getUpdates?offset=115690453&timeout=20 HTTP/1.1" 200 23
2021-05-08 20:01:40,099 DEBUG https://api.telegram.org:443 "GET /bot1639467970:AAEXXyaLvwq1LIe9rOMjo0AzyhMlVKl-3Xc/getUpdates?offset=115690453&timeout=20 HTTP/1.1" 200 23
2021-05-08 20:02:00,151 DEBUG https://api.telegram.org:443 "GET /bot1639467970:AAEXXyaLvwq1LIe9rOMjo0AzyhMlVKl-3Xc/getUpdates?offset=115690453&timeout=20 HTTP/1.1" 200 23
2021-05-08 20:02:00,153 DEBUG Resetting dropped connection: api.telegram.org
2021-05-08 20:02:20,335 DEBUG https://api.telegram.org:443 "GET /bot1639467970:AAEXXyaLvwq1LIe9rOMjo0AzyhMlVKl-3Xc/getUpdates?offset=115690453&timeout=20 HTTP/1.1" 200 23
2021-05-08 20:02:40,384 DEBUG https://api.telegram.org:443 "GET /bot1639467970:AAEXXyaLvwq1LIe9rOMjo0AzyhMlVKl-3Xc/getUpdates?offset=115690453&timeout=20 HTTP/1.1" 200 23
2021-05-08 20:03:00,431 DEBUG https://api.telegram.org:443 "GET /bot1639467970:AAEXXyaLvwq1LIe9rOMjo0AzyhMlVKl-3Xc/getUpdates?offset=115690453&timeout=20 HTTP/1.1" 200 23
2021-05-08 20:03:20,479 DEBUG https://api.telegram.org:443 "GET /bot1639467970:AAEXXyaLvwq1LIe9rOMjo0AzyhMlVKl-3Xc/getUpdates?offset=115690453&timeout=20 HTTP/1.1" 200 23
2021-05-08 20:03:40,528 DEBUG https://api.telegram.org:443 "GET /bot1639467970:AAEXXyaLvwq1LIe9rOMjo0AzyhMlVKl-3Xc/getUpdates?offset=115690453&timeout=20 HTTP/1.1" 200 23
2021-05-08 20:04:00,578 DEBUG https://api.telegram.org:443 "GET /bot1639467970:AAEXXyaLvwq1LIe9rOMjo0AzyhMlVKl-3Xc/getUpdates?offset=115690453&timeout=20 HTTP/1.1" 200 23
2021-05-08 20:04:20,626 DEBUG https://api.telegram.org:443 "GET /bot1639467970:AAEXXyaLvwq1LIe9rOMjo0AzyhMlVKl-3Xc/getUpdates?offset=115690453&timeout=20 HTTP/1.1" 200 23
2021-05-08 20:04:40,675 DEBUG https://api.telegram.org:443 "GET /bot1639467970:AAEXXyaLvwq1LIe9rOMjo0AzyhMlVKl-3Xc/getUpdates?offset=115690453&timeout=20 HTTP/1.1" 200 23
2021-05-08 20:05:00,725 DEBUG https://api.telegram.org:443 "GET /bot1639467970:AAEXXyaLvwq1LIe9rOMjo0AzyhMlVKl-3Xc/getUpdates?offset=115690453&timeout=20 HTTP/1.1" 200 23
2021-05-08 20:05:20,774 DEBUG https://api.telegram.org:443 "GET /bot1639467970:AAEXXyaLvwq1LIe9rOMjo0AzyhMlVKl-3Xc/getUpdates?offset=115690453&timeout=20 HTTP/1.1" 200 23
2021-05-08 20:05:40,822 DEBUG https://api.telegram.org:443 "GET /bot1639467970:AAEXXyaLvwq1LIe9rOMjo0AzyhMlVKl-3Xc/getUpdates?offset=115690453&timeout=20 HTTP/1.1" 200 23
2021-05-08 20:06:00,870 DEBUG https://api.telegram.org:443 "GET /bot1639467970:AAEXXyaLvwq1LIe9rOMjo0AzyhMlVKl-3Xc/getUpdates?offset=115690453&timeout=20 HTTP/1.1" 200 23
2021-05-08 20:06:20,920 DEBUG https://api.telegram.org:443 "GET /bot1639467970:AAEXXyaLvwq1LIe9rOMjo0AzyhMlVKl-3Xc/getUpdates?offset=115690453&timeout=20 HTTP/1.1" 200 23
2021-05-08 20:06:40,968 DEBUG https://api.telegram.org:443 "GET /bot1639467970:AAEXXyaLvwq1LIe9rOMjo0AzyhMlVKl-3Xc/getUpdates?offset=115690453&timeout=20 HTTP/1.1" 200 23
2021-05-08 20:07:01,016 DEBUG https://api.telegram.org:443 "GET /bot1639467970:AAEXXyaLvwq1LIe9rOMjo0AzyhMlVKl-3Xc/getUpdates?offset=115690453&timeout=20 HTTP/1.1" 200 23
2021-05-08 20:07:21,064 DEBUG https://api.telegram.org:443 "GET /bot1639467970:AAEXXyaLvwq1LIe9rOMjo0AzyhMlVKl-3Xc/getUpdates?offset=115690453&timeout=20 HTTP/1.1" 200 23
2021-05-08 20:07:41,113 DEBUG https://api.telegram.org:443 "GET /bot1639467970:AAEXXyaLvwq1LIe9rOMjo0AzyhMlVKl-3Xc/getUpdates?offset=115690453&timeout=20 HTTP/1.1" 200 23
2021-05-08 20:08:01,161 DEBUG https://api.telegram.org:443 "GET /bot1639467970:AAEXXyaLvwq1LIe9rOMjo0AzyhMlVKl-3Xc/getUpdates?offset=115690453&timeout=20 HTTP/1.1" 200 23
2021-05-08 20:08:21,209 DEBUG https://api.telegram.org:443 "GET /bot1639467970:AAEXXyaLvwq1LIe9rOMjo0AzyhMlVKl-3Xc/getUpdates?offset=115690453&timeout=20 HTTP/1.1" 200 23
2021-05-08 20:08:41,258 DEBUG https://api.telegram.org:443 "GET /bot1639467970:AAEXXyaLvwq1LIe9rOMjo0AzyhMlVKl-3Xc/getUpdates?offset=115690453&timeout=20 HTTP/1.1" 200 23
2021-05-08 20:08:57,543 DEBUG https://api.telegram.org:443 "GET /bot1639467970:AAEXXyaLvwq1LIe9rOMjo0AzyhMlVKl-3Xc/getUpdates?offset=115690453&timeout=20 HTTP/1.1" 200 389
2021-05-08 20:08:57,543 INFO Rustam Fakhretdinov texted топ
2021-05-08 20:08:57,549 DEBUG Resetting dropped connection: api.telegram.org
2021-05-08 20:08:57,768 DEBUG https://api.telegram.org:443 "POST /bot1639467970:AAEXXyaLvwq1LIe9rOMjo0AzyhMlVKl-3Xc/sendMessage?chat_id=497421569&text=%D0%B2%D1%8B%D0%B1%D0%B5%D1%80%D0%B8%2C+%D0%BA%D0%B0%D0%BA%D0%BE%D0%B9+%D1%82%D0%BE%D0%BF+%D1%85%D0%BE%D1%87%D0%B5%D1%88%D1%8C+%D0%BF%D0%BE%D1%81%D0%BC%D0%BE%D1%82%D1%80%D0%B5%D1%82%D1%8C&reply_markup=%7B%22keyboard%22%3A+%5B%5B%7B%22text%22%3A+%22%5Cu0442%5Cu043e%5Cu043f+%5Cu043f%5Cu043e+%5Cu0440%5Cu0435%5Cu0439%5Cu0442%5Cu0438%5Cu043d%5Cu0433%5Cu0443%22%7D%2C+%7B%22text%22%3A+%22%5Cu0442%5Cu043e%5Cu043f+%5Cu043f%5Cu043e+%5Cu0441%5Cu0442%5Cu0440%5Cu0438%5Cu043a%5Cu0443%22%7D%5D%2C+%5B%7B%22text%22%3A+%22%5Cu0442%5Cu043e%5Cu043f+%5Cu043f%5Cu043e+%25+%5Cu043f%5Cu0440%5Cu0430%5Cu0432%5Cu0438%5Cu043b%5Cu044c%5Cu043d%5Cu044b%5Cu0445%22%7D%2C+%7B%22text%22%3A+%22%5Cu0433%5Cu043b%5Cu0430%5Cu0432%5Cu043d%5Cu043e%5Cu0435+%5Cu043c%5Cu0435%5Cu043d%5Cu044e%22%7D%5D%5D%2C+%22resize_keyboard%22%3A+true%7D HTTP/1.1" 200 582
2021-05-08 20:08:59,542 DEBUG https://api.telegram.org:443 "GET /bot1639467970:AAEXXyaLvwq1LIe9rOMjo0AzyhMlVKl-3Xc/getUpdates?offset=115690454&timeout=20 HTTP/1.1" 200 465
2021-05-08 20:08:59,543 INFO Rustam Fakhretdinov texted топ по % правильных
2021-05-08 20:08:59,549 DEBUG Resetting dropped connection: api.telegram.org
2021-05-08 20:08:59,984 DEBUG https://api.telegram.org:443 "POST /bot1639467970:AAEXXyaLvwq1LIe9rOMjo0AzyhMlVKl-3Xc/sendMessage?chat_id=497421569&text=%2A%D1%82%D0%B5%D0%BA%D1%83%D1%89%D0%B8%D0%B9+%D1%82%D0%BE%D0%BF+%D0%BF%D0%BE+%5C%25+%D0%BF%D1%80%D0%B0%D0%B2%D0%B8%D0%BB%D1%8C%D0%BD%D1%8B%D1%85+%D0%BE%D1%82%D0%B2%D0%B5%D1%82%D0%BE%D0%B2%2A+_%5C%28%D0%BF%D0%BE%D0%BB%D1%8C%D0%B7%D0%BE%D0%B2%D0%B0%D1%82%D0%B5%D0%BB%D0%B8+%D1%81+%D0%BA%D0%BE%D0%BB%D0%B8%D1%87%D0%B5%D1%81%D1%82%D0%B2%D0%BE%D0%BC+%D0%BE%D1%82%D0%B2%D0%B5%D1%82%D0%BE%D0%B2+%D0%BD%D0%B5+%D0%BC%D0%B5%D0%BD%D1%8C%D1%88%D0%B5+100%5C%29_%3A%0A1%5C%29+Valeriya+Bass+99%5C.13%5C%25+%5C%28683+%D0%BF%D1%80%D0%B0%D0%B2%D0%B8%D0%BB%D1%8C%D0%BD%D1%8B%D1%85+%D0%B8%D0%B7+689%5C%29%0A2%5C%29+%D0%A1%D0%B0%D1%88%D0%B0+97%5C.22%5C%25+%5C%28629+%D0%BF%D1%80%D0%B0%D0%B2%D0%B8%D0%BB%D1%8C%D0%BD%D1%8B%D1%85+%D0%B8%D0%B7+647%5C%29%0A3%5C%29+Rustam+Fakhretdinov+91%5C.66%5C%25+%5C%281275+%D0%BF%D1%80%D0%B0%D0%B2%D0%B8%D0%BB%D1%8C%D0%BD%D1%8B%D1%85+%D0%B8%D0%B7+1391%5C%29%0A&reply_markup=%7B%22keyboard%22%3A+%5B%5B%7B%22text%22%3A+%22%5Cu0442%5Cu043e%5Cu043f+%5Cu043f%5Cu043e+%5Cu0440%5Cu0435%5Cu0439%5Cu0442%5Cu0438%5Cu043d%5Cu0433%5Cu0443%22%7D%2C+%7B%22text%22%3A+%22%5Cu0442%5Cu043e%5Cu043f+%5Cu043f%5Cu043e+%5Cu0441%5Cu0442%5Cu0440%5Cu0438%5Cu043a%5Cu0443%22%7D%5D%2C+%5B%7B%22text%22%3A+%22%5Cu0442%5Cu043e%5Cu043f+%5Cu043f%5Cu043e+%25+%5Cu043f%5Cu0440%5Cu0430%5Cu0432%5Cu0438%5Cu043b%5Cu044c%5Cu043d%5Cu044b%5Cu0445%22%7D%2C+%7B%22text%22%3A+%22%5Cu0433%5Cu043b%5Cu0430%5Cu0432%5Cu043d%5Cu043e%5Cu0435+%5Cu043c%5Cu0435%5Cu043d%5Cu044e%22%7D%5D%5D%2C+%22resize_keyboard%22%3A+true%7D&parse_mode=MarkdownV2 HTTP/1.1" 200 1264
2021-05-08 20:08:59,984 INFO gave Rustam Fakhretdinov top_percent
2021-05-08 20:09:19,593 DEBUG https://api.telegram.org:443 "GET /bot1639467970:AAEXXyaLvwq1LIe9rOMjo0AzyhMlVKl-3Xc/getUpdates?offset=115690455&timeout=20 HTTP/1.1" 200 23
2021-05-08 20:09:39,644 DEBUG https://api.telegram.org:443 "GET /bot1639467970:AAEXXyaLvwq1LIe9rOMjo0AzyhMlVKl-3Xc/getUpdates?offset=115690455&timeout=20 HTTP/1.1" 200 23
2021-05-08 20:09:59,692 DEBUG https://api.telegram.org:443 "GET /bot1639467970:AAEXXyaLvwq1LIe9rOMjo0AzyhMlVKl-3Xc/getUpdates?offset=115690455&timeout=20 HTTP/1.1" 200 23
2021-05-08 20:10:19,742 DEBUG https://api.telegram.org:443 "GET /bot1639467970:AAEXXyaLvwq1LIe9rOMjo0AzyhMlVKl-3Xc/getUpdates?offset=115690455&timeout=20 HTTP/1.1" 200 23
2021-05-08 20:10:39,797 DEBUG https://api.telegram.org:443 "GET /bot1639467970:AAEXXyaLvwq1LIe9rOMjo0AzyhMlVKl-3Xc/getUpdates?offset=115690455&timeout=20 HTTP/1.1" 200 23
2021-05-08 20:10:59,844 DEBUG https://api.telegram.org:443 "GET /bot1639467970:AAEXXyaLvwq1LIe9rOMjo0AzyhMlVKl-3Xc/getUpdates?offset=115690455&timeout=20 HTTP/1.1" 200 23
2021-05-08 20:11:19,894 DEBUG https://api.telegram.org:443 "GET /bot1639467970:AAEXXyaLvwq1LIe9rOMjo0AzyhMlVKl-3Xc/getUpdates?offset=115690455&timeout=20 HTTP/1.1" 200 23
2021-05-08 20:11:39,942 DEBUG https://api.telegram.org:443 "GET /bot1639467970:AAEXXyaLvwq1LIe9rOMjo0AzyhMlVKl-3Xc/getUpdates?offset=115690455&timeout=20 HTTP/1.1" 200 23
2021-05-08 20:11:59,990 DEBUG https://api.telegram.org:443 "GET /bot1639467970:AAEXXyaLvwq1LIe9rOMjo0AzyhMlVKl-3Xc/getUpdates?offset=115690455&timeout=20 HTTP/1.1" 200 23
2021-05-08 20:12:20,038 DEBUG https://api.telegram.org:443 "GET /bot1639467970:AAEXXyaLvwq1LIe9rOMjo0AzyhMlVKl-3Xc/getUpdates?offset=115690455&timeout=20 HTTP/1.1" 200 23
2021-05-08 20:12:40,086 DEBUG https://api.telegram.org:443 "GET /bot1639467970:AAEXXyaLvwq1LIe9rOMjo0AzyhMlVKl-3Xc/getUpdates?offset=115690455&timeout=20 HTTP/1.1" 200 23
2021-05-08 20:13:00,135 DEBUG https://api.telegram.org:443 "GET /bot1639467970:AAEXXyaLvwq1LIe9rOMjo0AzyhMlVKl-3Xc/getUpdates?offset=115690455&timeout=20 HTTP/1.1" 200 23
2021-05-08 20:13:20,183 DEBUG https://api.telegram.org:443 "GET /bot1639467970:AAEXXyaLvwq1LIe9rOMjo0AzyhMlVKl-3Xc/getUpdates?offset=115690455&timeout=20 HTTP/1.1" 200 23
2021-05-08 20:13:40,231 DEBUG https://api.telegram.org:443 "GET /bot1639467970:AAEXXyaLvwq1LIe9rOMjo0AzyhMlVKl-3Xc/getUpdates?offset=115690455&timeout=20 HTTP/1.1" 200 23
2021-05-08 20:14:00,280 DEBUG https://api.telegram.org:443 "GET /bot1639467970:AAEXXyaLvwq1LIe9rOMjo0AzyhMlVKl-3Xc/getUpdates?offset=115690455&timeout=20 HTTP/1.1" 200 23
2021-05-08 20:14:20,328 DEBUG https://api.telegram.org:443 "GET /bot1639467970:AAEXXyaLvwq1LIe9rOMjo0AzyhMlVKl-3Xc/getUpdates?offset=115690455&timeout=20 HTTP/1.1" 200 23
2021-05-08 20:14:40,376 DEBUG https://api.telegram.org:443 "GET /bot1639467970:AAEXXyaLvwq1LIe9rOMjo0AzyhMlVKl-3Xc/getUpdates?offset=115690455&timeout=20 HTTP/1.1" 200 23
2021-05-08 20:15:00,423 DEBUG https://api.telegram.org:443 "GET /bot1639467970:AAEXXyaLvwq1LIe9rOMjo0AzyhMlVKl-3Xc/getUpdates?offset=115690455&timeout=20 HTTP/1.1" 200 23
2021-05-08 20:15:20,471 DEBUG https://api.telegram.org:443 "GET /bot1639467970:AAEXXyaLvwq1LIe9rOMjo0AzyhMlVKl-3Xc/getUpdates?offset=115690455&timeout=20 HTTP/1.1" 200 23
2021-05-08 20:15:40,519 DEBUG https://api.telegram.org:443 "GET /bot1639467970:AAEXXyaLvwq1LIe9rOMjo0AzyhMlVKl-3Xc/getUpdates?offset=115690455&timeout=20 HTTP/1.1" 200 23
2021-05-08 20:16:00,567 DEBUG https://api.telegram.org:443 "GET /bot1639467970:AAEXXyaLvwq1LIe9rOMjo0AzyhMlVKl-3Xc/getUpdates?offset=115690455&timeout=20 HTTP/1.1" 200 23
2021-05-08 20:16:20,615 DEBUG https://api.telegram.org:443 "GET /bot1639467970:AAEXXyaLvwq1LIe9rOMjo0AzyhMlVKl-3Xc/getUpdates?offset=115690455&timeout=20 HTTP/1.1" 200 23
2021-05-08 20:16:40,664 DEBUG https://api.telegram.org:443 "GET /bot1639467970:AAEXXyaLvwq1LIe9rOMjo0AzyhMlVKl-3Xc/getUpdates?offset=115690455&timeout=20 HTTP/1.1" 200 23
2021-05-08 20:17:00,712 DEBUG https://api.telegram.org:443 "GET /bot1639467970:AAEXXyaLvwq1LIe9rOMjo0AzyhMlVKl-3Xc/getUpdates?offset=115690455&timeout=20 HTTP/1.1" 200 23
2021-05-08 20:17:20,760 DEBUG https://api.telegram.org:443 "GET /bot1639467970:AAEXXyaLvwq1LIe9rOMjo0AzyhMlVKl-3Xc/getUpdates?offset=115690455&timeout=20 HTTP/1.1" 200 23
2021-05-08 20:17:40,808 DEBUG https://api.telegram.org:443 "GET /bot1639467970:AAEXXyaLvwq1LIe9rOMjo0AzyhMlVKl-3Xc/getUpdates?offset=115690455&timeout=20 HTTP/1.1" 200 23
2021-05-08 20:18:00,857 DEBUG https://api.telegram.org:443 "GET /bot1639467970:AAEXXyaLvwq1LIe9rOMjo0AzyhMlVKl-3Xc/getUpdates?offset=115690455&timeout=20 HTTP/1.1" 200 23
2021-05-08 20:18:20,905 DEBUG https://api.telegram.org:443 "GET /bot1639467970:AAEXXyaLvwq1LIe9rOMjo0AzyhMlVKl-3Xc/getUpdates?offset=115690455&timeout=20 HTTP/1.1" 200 23
2021-05-08 20:18:40,954 DEBUG https://api.telegram.org:443 "GET /bot1639467970:AAEXXyaLvwq1LIe9rOMjo0AzyhMlVKl-3Xc/getUpdates?offset=115690455&timeout=20 HTTP/1.1" 200 23
2021-05-08 20:19:01,002 DEBUG https://api.telegram.org:443 "GET /bot1639467970:AAEXXyaLvwq1LIe9rOMjo0AzyhMlVKl-3Xc/getUpdates?offset=115690455&timeout=20 HTTP/1.1" 200 23
2021-05-08 20:19:21,050 DEBUG https://api.telegram.org:443 "GET /bot1639467970:AAEXXyaLvwq1LIe9rOMjo0AzyhMlVKl-3Xc/getUpdates?offset=115690455&timeout=20 HTTP/1.1" 200 23
2021-05-08 20:19:41,098 DEBUG https://api.telegram.org:443 "GET /bot1639467970:AAEXXyaLvwq1LIe9rOMjo0AzyhMlVKl-3Xc/getUpdates?offset=115690455&timeout=20 HTTP/1.1" 200 23
2021-05-08 20:20:01,146 DEBUG https://api.telegram.org:443 "GET /bot1639467970:AAEXXyaLvwq1LIe9rOMjo0AzyhMlVKl-3Xc/getUpdates?offset=115690455&timeout=20 HTTP/1.1" 200 23
2021-05-08 20:20:21,194 DEBUG https://api.telegram.org:443 "GET /bot1639467970:AAEXXyaLvwq1LIe9rOMjo0AzyhMlVKl-3Xc/getUpdates?offset=115690455&timeout=20 HTTP/1.1" 200 23
2021-05-08 20:20:41,242 DEBUG https://api.telegram.org:443 "GET /bot1639467970:AAEXXyaLvwq1LIe9rOMjo0AzyhMlVKl-3Xc/getUpdates?offset=115690455&timeout=20 HTTP/1.1" 200 23
2021-05-08 20:21:01,290 DEBUG https://api.telegram.org:443 "GET /bot1639467970:AAEXXyaLvwq1LIe9rOMjo0AzyhMlVKl-3Xc/getUpdates?offset=115690455&timeout=20 HTTP/1.1" 200 23
2021-05-08 20:21:21,338 DEBUG https://api.telegram.org:443 "GET /bot1639467970:AAEXXyaLvwq1LIe9rOMjo0AzyhMlVKl-3Xc/getUpdates?offset=115690455&timeout=20 HTTP/1.1" 200 23
2021-05-08 20:21:41,387 DEBUG https://api.telegram.org:443 "GET /bot1639467970:AAEXXyaLvwq1LIe9rOMjo0AzyhMlVKl-3Xc/getUpdates?offset=115690455&timeout=20 HTTP/1.1" 200 23
2021-05-08 20:22:01,434 DEBUG https://api.telegram.org:443 "GET /bot1639467970:AAEXXyaLvwq1LIe9rOMjo0AzyhMlVKl-3Xc/getUpdates?offset=115690455&timeout=20 HTTP/1.1" 200 23
2021-05-08 20:22:21,482 DEBUG https://api.telegram.org:443 "GET /bot1639467970:AAEXXyaLvwq1LIe9rOMjo0AzyhMlVKl-3Xc/getUpdates?offset=115690455&timeout=20 HTTP/1.1" 200 23
2021-05-08 20:22:41,537 DEBUG https://api.telegram.org:443 "GET /bot1639467970:AAEXXyaLvwq1LIe9rOMjo0AzyhMlVKl-3Xc/getUpdates?offset=115690455&timeout=20 HTTP/1.1" 200 23
2021-05-08 20:23:01,584 DEBUG https://api.telegram.org:443 "GET /bot1639467970:AAEXXyaLvwq1LIe9rOMjo0AzyhMlVKl-3Xc/getUpdates?offset=115690455&timeout=20 HTTP/1.1" 200 23
2021-05-08 20:23:21,633 DEBUG https://api.telegram.org:443 "GET /bot1639467970:AAEXXyaLvwq1LIe9rOMjo0AzyhMlVKl-3Xc/getUpdates?offset=115690455&timeout=20 HTTP/1.1" 200 23
2021-05-08 20:23:41,682 DEBUG https://api.telegram.org:443 "GET /bot1639467970:AAEXXyaLvwq1LIe9rOMjo0AzyhMlVKl-3Xc/getUpdates?offset=115690455&timeout=20 HTTP/1.1" 200 23
2021-05-08 20:24:01,730 DEBUG https://api.telegram.org:443 "GET /bot1639467970:AAEXXyaLvwq1LIe9rOMjo0AzyhMlVKl-3Xc/getUpdates?offset=115690455&timeout=20 HTTP/1.1" 200 23
2021-05-08 20:24:21,779 DEBUG https://api.telegram.org:443 "GET /bot1639467970:AAEXXyaLvwq1LIe9rOMjo0AzyhMlVKl-3Xc/getUpdates?offset=115690455&timeout=20 HTTP/1.1" 200 23
2021-05-08 20:24:41,827 DEBUG https://api.telegram.org:443 "GET /bot1639467970:AAEXXyaLvwq1LIe9rOMjo0AzyhMlVKl-3Xc/getUpdates?offset=115690455&timeout=20 HTTP/1.1" 200 23
2021-05-08 20:25:01,875 DEBUG https://api.telegram.org:443 "GET /bot1639467970:AAEXXyaLvwq1LIe9rOMjo0AzyhMlVKl-3Xc/getUpdates?offset=115690455&timeout=20 HTTP/1.1" 200 23
2021-05-08 20:25:21,923 DEBUG https://api.telegram.org:443 "GET /bot1639467970:AAEXXyaLvwq1LIe9rOMjo0AzyhMlVKl-3Xc/getUpdates?offset=115690455&timeout=20 HTTP/1.1" 200 23
2021-05-08 20:25:41,971 DEBUG https://api.telegram.org:443 "GET /bot1639467970:AAEXXyaLvwq1LIe9rOMjo0AzyhMlVKl-3Xc/getUpdates?offset=115690455&timeout=20 HTTP/1.1" 200 23
2021-05-08 20:26:02,019 DEBUG https://api.telegram.org:443 "GET /bot1639467970:AAEXXyaLvwq1LIe9rOMjo0AzyhMlVKl-3Xc/getUpdates?offset=115690455&timeout=20 HTTP/1.1" 200 23
2021-05-08 20:26:22,073 DEBUG https://api.telegram.org:443 "GET /bot1639467970:AAEXXyaLvwq1LIe9rOMjo0AzyhMlVKl-3Xc/getUpdates?offset=115690455&timeout=20 HTTP/1.1" 200 23
2021-05-08 20:26:42,121 DEBUG https://api.telegram.org:443 "GET /bot1639467970:AAEXXyaLvwq1LIe9rOMjo0AzyhMlVKl-3Xc/getUpdates?offset=115690455&timeout=20 HTTP/1.1" 200 23
2021-05-08 20:27:02,169 DEBUG https://api.telegram.org:443 "GET /bot1639467970:AAEXXyaLvwq1LIe9rOMjo0AzyhMlVKl-3Xc/getUpdates?offset=115690455&timeout=20 HTTP/1.1" 200 23
2021-05-08 20:27:22,217 DEBUG https://api.telegram.org:443 "GET /bot1639467970:AAEXXyaLvwq1LIe9rOMjo0AzyhMlVKl-3Xc/getUpdates?offset=115690455&timeout=20 HTTP/1.1" 200 23
2021-05-08 20:27:42,266 DEBUG https://api.telegram.org:443 "GET /bot1639467970:AAEXXyaLvwq1LIe9rOMjo0AzyhMlVKl-3Xc/getUpdates?offset=115690455&timeout=20 HTTP/1.1" 200 23
2021-05-08 20:28:02,315 DEBUG https://api.telegram.org:443 "GET /bot1639467970:AAEXXyaLvwq1LIe9rOMjo0AzyhMlVKl-3Xc/getUpdates?offset=115690455&timeout=20 HTTP/1.1" 200 23
2021-05-08 20:28:22,362 DEBUG https://api.telegram.org:443 "GET /bot1639467970:AAEXXyaLvwq1LIe9rOMjo0AzyhMlVKl-3Xc/getUpdates?offset=115690455&timeout=20 HTTP/1.1" 200 23
2021-05-08 20:28:42,411 DEBUG https://api.telegram.org:443 "GET /bot1639467970:AAEXXyaLvwq1LIe9rOMjo0AzyhMlVKl-3Xc/getUpdates?offset=115690455&timeout=20 HTTP/1.1" 200 23
2021-05-08 20:29:02,459 DEBUG https://api.telegram.org:443 "GET /bot1639467970:AAEXXyaLvwq1LIe9rOMjo0AzyhMlVKl-3Xc/getUpdates?offset=115690455&timeout=20 HTTP/1.1" 200 23
2021-05-08 20:29:22,507 DEBUG https://api.telegram.org:443 "GET /bot1639467970:AAEXXyaLvwq1LIe9rOMjo0AzyhMlVKl-3Xc/getUpdates?offset=115690455&timeout=20 HTTP/1.1" 200 23
2021-05-08 20:29:42,557 DEBUG https://api.telegram.org:443 "GET /bot1639467970:AAEXXyaLvwq1LIe9rOMjo0AzyhMlVKl-3Xc/getUpdates?offset=115690455&timeout=20 HTTP/1.1" 200 23
2021-05-08 20:30:02,605 DEBUG https://api.telegram.org:443 "GET /bot1639467970:AAEXXyaLvwq1LIe9rOMjo0AzyhMlVKl-3Xc/getUpdates?offset=115690455&timeout=20 HTTP/1.1" 200 23
2021-05-08 20:30:22,653 DEBUG https://api.telegram.org:443 "GET /bot1639467970:AAEXXyaLvwq1LIe9rOMjo0AzyhMlVKl-3Xc/getUpdates?offset=115690455&timeout=20 HTTP/1.1" 200 23
2021-05-08 20:30:42,702 DEBUG https://api.telegram.org:443 "GET /bot1639467970:AAEXXyaLvwq1LIe9rOMjo0AzyhMlVKl-3Xc/getUpdates?offset=115690455&timeout=20 HTTP/1.1" 200 23
2021-05-08 20:31:02,750 DEBUG https://api.telegram.org:443 "GET /bot1639467970:AAEXXyaLvwq1LIe9rOMjo0AzyhMlVKl-3Xc/getUpdates?offset=115690455&timeout=20 HTTP/1.1" 200 23
2021-05-08 20:31:22,798 DEBUG https://api.telegram.org:443 "GET /bot1639467970:AAEXXyaLvwq1LIe9rOMjo0AzyhMlVKl-3Xc/getUpdates?offset=115690455&timeout=20 HTTP/1.1" 200 23
2021-05-08 20:31:42,846 DEBUG https://api.telegram.org:443 "GET /bot1639467970:AAEXXyaLvwq1LIe9rOMjo0AzyhMlVKl-3Xc/getUpdates?offset=115690455&timeout=20 HTTP/1.1" 200 23
2021-05-08 20:32:02,895 DEBUG https://api.telegram.org:443 "GET /bot1639467970:AAEXXyaLvwq1LIe9rOMjo0AzyhMlVKl-3Xc/getUpdates?offset=115690455&timeout=20 HTTP/1.1" 200 23
2021-05-08 20:32:22,943 DEBUG https://api.telegram.org:443 "GET /bot1639467970:AAEXXyaLvwq1LIe9rOMjo0AzyhMlVKl-3Xc/getUpdates?offset=115690455&timeout=20 HTTP/1.1" 200 23
2021-05-08 20:32:42,993 DEBUG https://api.telegram.org:443 "GET /bot1639467970:AAEXXyaLvwq1LIe9rOMjo0AzyhMlVKl-3Xc/getUpdates?offset=115690455&timeout=20 HTTP/1.1" 200 23
2021-05-08 20:33:03,041 DEBUG https://api.telegram.org:443 "GET /bot1639467970:AAEXXyaLvwq1LIe9rOMjo0AzyhMlVKl-3Xc/getUpdates?offset=115690455&timeout=20 HTTP/1.1" 200 23
2021-05-08 20:33:23,089 DEBUG https://api.telegram.org:443 "GET /bot1639467970:AAEXXyaLvwq1LIe9rOMjo0AzyhMlVKl-3Xc/getUpdates?offset=115690455&timeout=20 HTTP/1.1" 200 23
2021-05-08 20:33:43,137 DEBUG https://api.telegram.org:443 "GET /bot1639467970:AAEXXyaLvwq1LIe9rOMjo0AzyhMlVKl-3Xc/getUpdates?offset=115690455&timeout=20 HTTP/1.1" 200 23
2021-05-08 20:34:03,185 DEBUG https://api.telegram.org:443 "GET /bot1639467970:AAEXXyaLvwq1LIe9rOMjo0AzyhMlVKl-3Xc/getUpdates?offset=115690455&timeout=20 HTTP/1.1" 200 23
2021-05-08 20:34:23,233 DEBUG https://api.telegram.org:443 "GET /bot1639467970:AAEXXyaLvwq1LIe9rOMjo0AzyhMlVKl-3Xc/getUpdates?offset=115690455&timeout=20 HTTP/1.1" 200 23
2021-05-08 20:34:43,281 DEBUG https://api.telegram.org:443 "GET /bot1639467970:AAEXXyaLvwq1LIe9rOMjo0AzyhMlVKl-3Xc/getUpdates?offset=115690455&timeout=20 HTTP/1.1" 200 23
2021-05-08 20:35:03,329 DEBUG https://api.telegram.org:443 "GET /bot1639467970:AAEXXyaLvwq1LIe9rOMjo0AzyhMlVKl-3Xc/getUpdates?offset=115690455&timeout=20 HTTP/1.1" 200 23
2021-05-08 20:35:03,331 DEBUG Resetting dropped connection: api.telegram.org
2021-05-08 20:35:23,502 DEBUG https://api.telegram.org:443 "GET /bot1639467970:AAEXXyaLvwq1LIe9rOMjo0AzyhMlVKl-3Xc/getUpdates?offset=115690455&timeout=20 HTTP/1.1" 200 23
2021-05-08 20:35:43,555 DEBUG https://api.telegram.org:443 "GET /bot1639467970:AAEXXyaLvwq1LIe9rOMjo0AzyhMlVKl-3Xc/getUpdates?offset=115690455&timeout=20 HTTP/1.1" 200 23
2021-05-08 20:36:03,613 DEBUG https://api.telegram.org:443 "GET /bot1639467970:AAEXXyaLvwq1LIe9rOMjo0AzyhMlVKl-3Xc/getUpdates?offset=115690455&timeout=20 HTTP/1.1" 200 23
2021-05-08 20:36:23,664 DEBUG https://api.telegram.org:443 "GET /bot1639467970:AAEXXyaLvwq1LIe9rOMjo0AzyhMlVKl-3Xc/getUpdates?offset=115690455&timeout=20 HTTP/1.1" 200 23
2021-05-08 20:36:43,716 DEBUG https://api.telegram.org:443 "GET /bot1639467970:AAEXXyaLvwq1LIe9rOMjo0AzyhMlVKl-3Xc/getUpdates?offset=115690455&timeout=20 HTTP/1.1" 200 23
2021-05-08 20:37:03,767 DEBUG https://api.telegram.org:443 "GET /bot1639467970:AAEXXyaLvwq1LIe9rOMjo0AzyhMlVKl-3Xc/getUpdates?offset=115690455&timeout=20 HTTP/1.1" 200 23
2021-05-08 20:37:23,818 DEBUG https://api.telegram.org:443 "GET /bot1639467970:AAEXXyaLvwq1LIe9rOMjo0AzyhMlVKl-3Xc/getUpdates?offset=115690455&timeout=20 HTTP/1.1" 200 23
2021-05-08 20:37:43,868 DEBUG https://api.telegram.org:443 "GET /bot1639467970:AAEXXyaLvwq1LIe9rOMjo0AzyhMlVKl-3Xc/getUpdates?offset=115690455&timeout=20 HTTP/1.1" 200 23
2021-05-08 20:38:03,919 DEBUG https://api.telegram.org:443 "GET /bot1639467970:AAEXXyaLvwq1LIe9rOMjo0AzyhMlVKl-3Xc/getUpdates?offset=115690455&timeout=20 HTTP/1.1" 200 23
2021-05-08 20:38:23,154 DEBUG Starting new HTTPS connection (1): api.telegram.org:443
2021-05-08 20:38:23,403 DEBUG https://api.telegram.org:443 "POST /bot1639467970:AAEXXyaLvwq1LIe9rOMjo0AzyhMlVKl-3Xc/sendMessage?chat_id=873809387&text=%D0%BF%D1%80%D0%B8%D0%B2%D0%B5%D1%82%21+%D0%B4%D0%BB%D1%8F+%D1%82%D0%B5%D0%B1%D1%8F+%D0%B5%D1%81%D1%82%D1%8C+%D0%BD%D0%BE%D0%B2%D0%BE%D0%B5+%D0%B7%D0%B0%D0%B4%D0%B0%D0%BD%D0%B8%D0%B5%21+%D0%B5%D1%81%D0%BB%D0%B8+%D1%85%D0%BE%D1%87%D0%B5%D1%88%D1%8C+%D0%BF%D0%BE%D0%BB%D1%83%D1%87%D0%B8%D1%82%D1%8C%2C+%D0%BD%D0%B0%D0%B6%D0%BC%D0%B8+%D0%BD%D0%B0+%D0%BA%D0%BD%D0%BE%D0%BF%D0%BE%D1%87%D0%BA%D1%83%29 HTTP/1.1" 200 745
2021-05-08 20:38:23,404 INFO notification for Valeriya Bass
2021-05-08 20:38:23,405 DEBUG main info database updated
2021-05-08 20:38:23,408 DEBUG used info database updated
2021-05-08 20:38:23,409 DEBUG achievement info database updated
2021-05-08 20:38:23,409 INFO all databases updated
2021-05-08 20:38:23,971 DEBUG https://api.telegram.org:443 "GET /bot1639467970:AAEXXyaLvwq1LIe9rOMjo0AzyhMlVKl-3Xc/getUpdates?offset=115690455&timeout=20 HTTP/1.1" 200 23
2021-05-08 20:38:44,022 DEBUG https://api.telegram.org:443 "GET /bot1639467970:AAEXXyaLvwq1LIe9rOMjo0AzyhMlVKl-3Xc/getUpdates?offset=115690455&timeout=20 HTTP/1.1" 200 23
2021-05-08 20:39:04,081 DEBUG https://api.telegram.org:443 "GET /bot1639467970:AAEXXyaLvwq1LIe9rOMjo0AzyhMlVKl-3Xc/getUpdates?offset=115690455&timeout=20 HTTP/1.1" 200 23
2021-05-08 20:39:24,133 DEBUG https://api.telegram.org:443 "GET /bot1639467970:AAEXXyaLvwq1LIe9rOMjo0AzyhMlVKl-3Xc/getUpdates?offset=115690455&timeout=20 HTTP/1.1" 200 23
2021-05-08 20:39:44,191 DEBUG https://api.telegram.org:443 "GET /bot1639467970:AAEXXyaLvwq1LIe9rOMjo0AzyhMlVKl-3Xc/getUpdates?offset=115690455&timeout=20 HTTP/1.1" 200 23
2021-05-08 20:40:04,251 DEBUG https://api.telegram.org:443 "GET /bot1639467970:AAEXXyaLvwq1LIe9rOMjo0AzyhMlVKl-3Xc/getUpdates?offset=115690455&timeout=20 HTTP/1.1" 200 23
2021-05-08 20:40:24,305 DEBUG https://api.telegram.org:443 "GET /bot1639467970:AAEXXyaLvwq1LIe9rOMjo0AzyhMlVKl-3Xc/getUpdates?offset=115690455&timeout=20 HTTP/1.1" 200 23
2021-05-08 20:40:44,356 DEBUG https://api.telegram.org:443 "GET /bot1639467970:AAEXXyaLvwq1LIe9rOMjo0AzyhMlVKl-3Xc/getUpdates?offset=115690455&timeout=20 HTTP/1.1" 200 23
2021-05-08 20:41:04,420 DEBUG https://api.telegram.org:443 "GET /bot1639467970:AAEXXyaLvwq1LIe9rOMjo0AzyhMlVKl-3Xc/getUpdates?offset=115690455&timeout=20 HTTP/1.1" 200 23
2021-05-08 20:41:24,472 DEBUG https://api.telegram.org:443 "GET /bot1639467970:AAEXXyaLvwq1LIe9rOMjo0AzyhMlVKl-3Xc/getUpdates?offset=115690455&timeout=20 HTTP/1.1" 200 23
2021-05-08 20:41:44,523 DEBUG https://api.telegram.org:443 "GET /bot1639467970:AAEXXyaLvwq1LIe9rOMjo0AzyhMlVKl-3Xc/getUpdates?offset=115690455&timeout=20 HTTP/1.1" 200 23
2021-05-08 20:42:04,573 DEBUG https://api.telegram.org:443 "GET /bot1639467970:AAEXXyaLvwq1LIe9rOMjo0AzyhMlVKl-3Xc/getUpdates?offset=115690455&timeout=20 HTTP/1.1" 200 23
2021-05-08 20:42:24,623 DEBUG https://api.telegram.org:443 "GET /bot1639467970:AAEXXyaLvwq1LIe9rOMjo0AzyhMlVKl-3Xc/getUpdates?offset=115690455&timeout=20 HTTP/1.1" 200 23
2021-05-08 20:42:44,680 DEBUG https://api.telegram.org:443 "GET /bot1639467970:AAEXXyaLvwq1LIe9rOMjo0AzyhMlVKl-3Xc/getUpdates?offset=115690455&timeout=20 HTTP/1.1" 200 23
2021-05-08 20:43:04,731 DEBUG https://api.telegram.org:443 "GET /bot1639467970:AAEXXyaLvwq1LIe9rOMjo0AzyhMlVKl-3Xc/getUpdates?offset=115690455&timeout=20 HTTP/1.1" 200 23
2021-05-08 20:43:24,792 DEBUG https://api.telegram.org:443 "GET /bot1639467970:AAEXXyaLvwq1LIe9rOMjo0AzyhMlVKl-3Xc/getUpdates?offset=115690455&timeout=20 HTTP/1.1" 200 23
2021-05-08 20:43:44,844 DEBUG https://api.telegram.org:443 "GET /bot1639467970:AAEXXyaLvwq1LIe9rOMjo0AzyhMlVKl-3Xc/getUpdates?offset=115690455&timeout=20 HTTP/1.1" 200 23
2021-05-08 20:44:04,897 DEBUG https://api.telegram.org:443 "GET /bot1639467970:AAEXXyaLvwq1LIe9rOMjo0AzyhMlVKl-3Xc/getUpdates?offset=115690455&timeout=20 HTTP/1.1" 200 23
2021-05-08 20:44:24,948 DEBUG https://api.telegram.org:443 "GET /bot1639467970:AAEXXyaLvwq1LIe9rOMjo0AzyhMlVKl-3Xc/getUpdates?offset=115690455&timeout=20 HTTP/1.1" 200 23
2021-05-08 20:44:45,001 DEBUG https://api.telegram.org:443 "GET /bot1639467970:AAEXXyaLvwq1LIe9rOMjo0AzyhMlVKl-3Xc/getUpdates?offset=115690455&timeout=20 HTTP/1.1" 200 23
2021-05-08 20:45:05,053 DEBUG https://api.telegram.org:443 "GET /bot1639467970:AAEXXyaLvwq1LIe9rOMjo0AzyhMlVKl-3Xc/getUpdates?offset=115690455&timeout=20 HTTP/1.1" 200 23
2021-05-08 20:45:25,106 DEBUG https://api.telegram.org:443 "GET /bot1639467970:AAEXXyaLvwq1LIe9rOMjo0AzyhMlVKl-3Xc/getUpdates?offset=115690455&timeout=20 HTTP/1.1" 200 23
2021-05-08 20:45:45,156 DEBUG https://api.telegram.org:443 "GET /bot1639467970:AAEXXyaLvwq1LIe9rOMjo0AzyhMlVKl-3Xc/getUpdates?offset=115690455&timeout=20 HTTP/1.1" 200 23
2021-05-08 20:46:05,209 DEBUG https://api.telegram.org:443 "GET /bot1639467970:AAEXXyaLvwq1LIe9rOMjo0AzyhMlVKl-3Xc/getUpdates?offset=115690455&timeout=20 HTTP/1.1" 200 23
2021-05-08 20:46:25,259 DEBUG https://api.telegram.org:443 "GET /bot1639467970:AAEXXyaLvwq1LIe9rOMjo0AzyhMlVKl-3Xc/getUpdates?offset=115690455&timeout=20 HTTP/1.1" 200 23
2021-05-08 20:46:45,310 DEBUG https://api.telegram.org:443 "GET /bot1639467970:AAEXXyaLvwq1LIe9rOMjo0AzyhMlVKl-3Xc/getUpdates?offset=115690455&timeout=20 HTTP/1.1" 200 23
2021-05-08 20:47:05,362 DEBUG https://api.telegram.org:443 "GET /bot1639467970:AAEXXyaLvwq1LIe9rOMjo0AzyhMlVKl-3Xc/getUpdates?offset=115690455&timeout=20 HTTP/1.1" 200 23
2021-05-08 20:47:25,415 DEBUG https://api.telegram.org:443 "GET /bot1639467970:AAEXXyaLvwq1LIe9rOMjo0AzyhMlVKl-3Xc/getUpdates?offset=115690455&timeout=20 HTTP/1.1" 200 23
2021-05-08 20:47:45,466 DEBUG https://api.telegram.org:443 "GET /bot1639467970:AAEXXyaLvwq1LIe9rOMjo0AzyhMlVKl-3Xc/getUpdates?offset=115690455&timeout=20 HTTP/1.1" 200 23
2021-05-08 20:48:05,525 DEBUG https://api.telegram.org:443 "GET /bot1639467970:AAEXXyaLvwq1LIe9rOMjo0AzyhMlVKl-3Xc/getUpdates?offset=115690455&timeout=20 HTTP/1.1" 200 23
2021-05-08 20:48:25,575 DEBUG https://api.telegram.org:443 "GET /bot1639467970:AAEXXyaLvwq1LIe9rOMjo0AzyhMlVKl-3Xc/getUpdates?offset=115690455&timeout=20 HTTP/1.1" 200 23
2021-05-08 20:48:45,627 DEBUG https://api.telegram.org:443 "GET /bot1639467970:AAEXXyaLvwq1LIe9rOMjo0AzyhMlVKl-3Xc/getUpdates?offset=115690455&timeout=20 HTTP/1.1" 200 23
2021-05-08 20:49:05,681 DEBUG https://api.telegram.org:443 "GET /bot1639467970:AAEXXyaLvwq1LIe9rOMjo0AzyhMlVKl-3Xc/getUpdates?offset=115690455&timeout=20 HTTP/1.1" 200 23
2021-05-08 20:49:25,731 DEBUG https://api.telegram.org:443 "GET /bot1639467970:AAEXXyaLvwq1LIe9rOMjo0AzyhMlVKl-3Xc/getUpdates?offset=115690455&timeout=20 HTTP/1.1" 200 23
2021-05-08 20:49:45,781 DEBUG https://api.telegram.org:443 "GET /bot1639467970:AAEXXyaLvwq1LIe9rOMjo0AzyhMlVKl-3Xc/getUpdates?offset=115690455&timeout=20 HTTP/1.1" 200 23
2021-05-08 20:50:05,844 DEBUG https://api.telegram.org:443 "GET /bot1639467970:AAEXXyaLvwq1LIe9rOMjo0AzyhMlVKl-3Xc/getUpdates?offset=115690455&timeout=20 HTTP/1.1" 200 23
2021-05-08 20:50:25,899 DEBUG https://api.telegram.org:443 "GET /bot1639467970:AAEXXyaLvwq1LIe9rOMjo0AzyhMlVKl-3Xc/getUpdates?offset=115690455&timeout=20 HTTP/1.1" 200 23
2021-05-08 20:50:45,950 DEBUG https://api.telegram.org:443 "GET /bot1639467970:AAEXXyaLvwq1LIe9rOMjo0AzyhMlVKl-3Xc/getUpdates?offset=115690455&timeout=20 HTTP/1.1" 200 23
2021-05-08 20:51:06,004 DEBUG https://api.telegram.org:443 "GET /bot1639467970:AAEXXyaLvwq1LIe9rOMjo0AzyhMlVKl-3Xc/getUpdates?offset=115690455&timeout=20 HTTP/1.1" 200 23
2021-05-08 20:51:26,061 DEBUG https://api.telegram.org:443 "GET /bot1639467970:AAEXXyaLvwq1LIe9rOMjo0AzyhMlVKl-3Xc/getUpdates?offset=115690455&timeout=20 HTTP/1.1" 200 23
2021-05-08 20:51:46,119 DEBUG https://api.telegram.org:443 "GET /bot1639467970:AAEXXyaLvwq1LIe9rOMjo0AzyhMlVKl-3Xc/getUpdates?offset=115690455&timeout=20 HTTP/1.1" 200 23
2021-05-08 20:52:06,171 DEBUG https://api.telegram.org:443 "GET /bot1639467970:AAEXXyaLvwq1LIe9rOMjo0AzyhMlVKl-3Xc/getUpdates?offset=115690455&timeout=20 HTTP/1.1" 200 23
2021-05-08 20:52:26,222 DEBUG https://api.telegram.org:443 "GET /bot1639467970:AAEXXyaLvwq1LIe9rOMjo0AzyhMlVKl-3Xc/getUpdates?offset=115690455&timeout=20 HTTP/1.1" 200 23
