2021-05-08 17:23:03,694 DEBUG words:
облегчит
ободрала
проживший
кормящий
нанявшийся
краны
кремня
перезвонить
баловать
избаловать
дозировать
добрала
красивее
облилась
мусоропровод
нефтепровод
партер
обогнала
позвонит
сорит
опломбировать
еретик
сироты
обострить
слива
убыстрить
затемно
монолог
опошлить
премировать
налила
обзвонить
положил
принудить
углубить
лилась
загодя
подняв
смазлива
болтлива
отключенный
дозвонятся
новостей
квартал
сантиметр
миллиметр
обнялась
бороду
мозаичный
воссоздала
портфель
приданое
нарост
недуг
ненависть
торты
цемент
поделенный
донельзя
плодоносить
бралась
поняла
отозвала
балованный
низведенный
киоскер
гражданство
вероисповедание
договоренность
наверх
полила
дозвонится
надолго
заперта
включит
ноготь
жалюзи
иксы
добела
отдала
черпать
статуя
маляр
школяр
включишь
включен
сверлишь
сливовый
откупорил
средства
лекторов
конусы
документ
лыжня
щелкать
ненадолго
ждала
загнутый
повторенный
начав
банты
цепочка
баловень
звонит
кралась

2021-05-08 17:23:03,694 INFO words loaded, count= 105
2021-05-08 17:23:03,695 DEBUG users:
0) 497421569 Rustam Fakhretdinov
1) 873809387 Valeriya Bass
2) 817831255 Саша None
3) 1698886007 Виктория None
4) 413524472 Wigga None

2021-05-08 17:23:03,695 INFO users loaded, count= 5
2021-05-08 17:23:03,701 DEBUG Starting new HTTPS connection (1): api.telegram.org:443
2021-05-08 17:23:23,872 DEBUG https://api.telegram.org:443 "GET /bot1639467970:AAEXXyaLvwq1LIe9rOMjo0AzyhMlVKl-3Xc/getUpdates?offset=1&timeout=20 HTTP/1.1" 200 23
