2021-05-08 14:40:46,401 DEBUG words:
0) облегчит
1) облегчить
2) ободрала
3) ободришься
4) проживший
5) завидно
6) кормящий
7) молящий
8) нанявшийся
9) корысть
10) краны
11) кремень
12) кремня
13) начавший
14) перезвонить
15) перезвонит
16) баловать
17) баловаться
18) избаловать
19) разбаловать
20) дозировать
21) добралась
22) добрала
23) гналась
24) красивее
25) красивейший
26) облилась
27) эксперт
28) мусоропровод
29) газопровод
30) нефтепровод
31) водопровод
32) партер
33) отбыла
34) обогнала
35) перелила
36) позвонит
37) сняла
38) сорит
39) принятый
40) опломбировать
41) аэропорты
42) еретик
43) отрочество
44) сироты
45) ловка
46) обострить
47) ободрить
48) слива
49) насорит
50) убыстрить
51) довезенный
52) затемно
53) диалог
54) монолог
55) некролог
56) опошлить
57) сортировать
58) премировать
59) накренится
60) налила
61) нарвала
62) обзвонить
63) обзвонит
64) положил
65) закупорить
66) принудить
67) убрала
68) углубить
69) лила
70) лилась
71) наврала
72) загодя
73) отдав
74) подняв
75) кухонный
76) смазлива
77) суетлива
78) болтлива
79) балуясь
80) отключенный
81) исчерпать
82) дозвонятся
83) новости
84) новостей
85) местностей
86) квартал
87) километр
88) сантиметр
89) дециметр
90) миллиметр
91) намерение
92) обнялась
93) оптовый
94) бороду
95) лекторы
96) мозаичный
97) верна
98) воссоздала
99) прибыл
100) портфель
101) поручни
102) приданое
103) призыв
104) нарост
105) недруг
106) недуг
107) каталог
108) ненависть
109) таможня
110) торты
111) тортов
112) цемент
113) сверлит
114) поделенный
115) ободренный
116) донельзя
117) закупорив
118) плодоносить
119) восприняла
120) бралась
121) жилось
122) поняла
123) наделит
124) отозвала
125) отозвалась
126) балованный
127) кровоточащий
128) низведенный
129) шофер
130) киоскер
131) контролер
132) гражданство
133) дефис
134) вероисповедание
135) диспансер
136) договоренность
137) начавшись
138) наверх
139) осведомишься
140) полила
141) лгала
142) дозвонится
143) взялась
144) надолго
145) поняв
146) заперта
147) определен
148) включит
149) включим
150) ноготь
151) ногтя
152) жалюзи
153) значимость
154) иксы
155) челюстей
156) добела
157) свекла
158) отдала
159) прибыло
160) черпать
161) бухгалтеров
162) статуя
163) столяр
164) маляр
165) дояр
166) школяр
167) прозорлива
168) включишь
169) включенный
170) включен
171) прирученный
172) сверлишь
173) озлобить
174) сливовый
175) занял
176) откупорил
177) послала
178) средства
179) созыв
180) лекторов
181) доверху
182) конусы
183) конусов
184) документ
185) досуг
186) лыжня
187) почестей
188) щелкать
189) прибыв
190) ненадолго
191) надорвалась
192) ждала
193) гнала
194) загнутый
195) наживший
196) повторенный
197) согнутый
198) начав
199) создала
200) банты
201) нормировать
202) цепочка
203) шарфы
204) баловень
205) вручит
206) звонит
207) клала
208) кралась
209) одолжит

2021-05-08 14:40:46,401 INFO words loaded, count= 210
2021-05-08 14:40:46,404 DEBUG users:
0) 873809387 Valeriya Bass
1) 497421569 Rustam Fakhretdinov
2) 1698886007 Виктория None
3) 817831255 Саша None
4) 413524472 Wigga None

2021-05-08 14:40:46,404 INFO users loaded, count= 5
2021-05-08 14:40:46,414 DEBUG Starting new HTTPS connection (1): api.telegram.org:443
2021-05-08 14:40:46,596 DEBUG https://api.telegram.org:443 "GET /bot1639467970:AAEXXyaLvwq1LIe9rOMjo0AzyhMlVKl-3Xc/getUpdates?offset=1&timeout=20 HTTP/1.1" 200 626
2021-05-08 14:40:46,597 INFO Valeriya Bass texted слово!
2021-05-08 14:40:46,608 DEBUG Starting new HTTPS connection (1): api.telegram.org:443
2021-05-08 14:40:46,609 INFO Valeriya Bass texted слово!
2021-05-08 14:40:46,622 DEBUG Starting new HTTPS connection (1): api.telegram.org:443
2021-05-08 14:40:46,818 DEBUG https://api.telegram.org:443 "POST /bot1639467970:AAEXXyaLvwq1LIe9rOMjo0AzyhMlVKl-3Xc/sendMessage?chat_id=873809387&text=%D0%BF%D0%BE%D1%81%D1%82%D0%B0%D0%B2%D1%8C+%D1%83%D0%B4%D0%B0%D1%80%D0%B5%D0%BD%D0%B8%D0%B5+%D0%B2+%D1%81%D0%BB%D0%BE%D0%B2%D0%B5+%2A%D0%B2%D0%BE%D1%81%D0%BF%D1%80%D0%B8%D0%BD%D1%8F%D0%BB%D0%B0%2A&reply_markup=%7B%22inline_keyboard%22%3A+%5B%5B%7B%22text%22%3A+%22%5Cu0432%5Cu041e%5Cu0441%5Cu043f%5Cu0440%5Cu0438%5Cu043d%5Cu044f%5Cu043b%5Cu0430%22%2C+%22callback_data%22%3A+%22bad%5Cu0432%5Cu041e%5Cu0441%5Cu043f%5Cu0440%5Cu0438%5Cu043d%5Cu044f%5Cu043b%5Cu0430%22%7D%5D%2C+%5B%7B%22text%22%3A+%22%5Cu0432%5Cu043e%5Cu0441%5Cu043f%5Cu0440%5Cu0418%5Cu043d%5Cu044f%5Cu043b%5Cu0430%22%2C+%22callback_data%22%3A+%22bad%5Cu0432%5Cu043e%5Cu0441%5Cu043f%5Cu0440%5Cu0418%5Cu043d%5Cu044f%5Cu043b%5Cu0430%22%7D%5D%2C+%5B%7B%22text%22%3A+%22%5Cu0432%5Cu043e%5Cu0441%5Cu043f%5Cu0440%5Cu0438%5Cu043d%5Cu042f%5Cu043b%5Cu0430%22%2C+%22callback_data%22%3A+%22bad%5Cu0432%5Cu043e%5Cu0441%5Cu043f%5Cu0440%5Cu0438%5Cu043d%5Cu042f%5Cu043b%5Cu0430%22%7D%5D%2C+%5B%7B%22text%22%3A+%22%5Cu0432%5Cu043e%5Cu0441%5Cu043f%5Cu0440%5Cu0438%5Cu043d%5Cu044f%5Cu043b%5Cu0410%22%2C+%22callback_data%22%3A+%22good%5Cu0432%5Cu043e%5Cu0441%5Cu043f%5Cu0440%5Cu0438%5Cu043d%5Cu044f%5Cu043b%5Cu0410%22%7D%5D%5D%7D&parse_mode=MarkdownV2 HTTP/1.1" 200 1263
2021-05-08 14:40:46,819 INFO gave Valeriya Bass word восприняла
2021-05-08 14:40:46,852 DEBUG https://api.telegram.org:443 "POST /bot1639467970:AAEXXyaLvwq1LIe9rOMjo0AzyhMlVKl-3Xc/sendMessage?chat_id=873809387&text=%D0%BF%D0%BE%D1%81%D1%82%D0%B0%D0%B2%D1%8C+%D1%83%D0%B4%D0%B0%D1%80%D0%B5%D0%BD%D0%B8%D0%B5+%D0%B2+%D1%81%D0%BB%D0%BE%D0%B2%D0%B5+%2A%D0%BF%D0%B5%D1%80%D0%B5%D0%B7%D0%B2%D0%BE%D0%BD%D0%B8%D1%82%D1%8C%2A&reply_markup=%7B%22inline_keyboard%22%3A+%5B%5B%7B%22text%22%3A+%22%5Cu043f%5Cu0415%5Cu0440%5Cu0435%5Cu0437%5Cu0432%5Cu043e%5Cu043d%5Cu0438%5Cu0442%5Cu044c%22%2C+%22callback_data%22%3A+%22bad%5Cu043f%5Cu0415%5Cu0440%5Cu0435%5Cu0437%5Cu0432%5Cu043e%5Cu043d%5Cu0438%5Cu0442%5Cu044c%22%7D%5D%2C+%5B%7B%22text%22%3A+%22%5Cu043f%5Cu0435%5Cu0440%5Cu0415%5Cu0437%5Cu0432%5Cu043e%5Cu043d%5Cu0438%5Cu0442%5Cu044c%22%2C+%22callback_data%22%3A+%22bad%5Cu043f%5Cu0435%5Cu0440%5Cu0415%5Cu0437%5Cu0432%5Cu043e%5Cu043d%5Cu0438%5Cu0442%5Cu044c%22%7D%5D%2C+%5B%7B%22text%22%3A+%22%5Cu043f%5Cu0435%5Cu0440%5Cu0435%5Cu0437%5Cu0432%5Cu041e%5Cu043d%5Cu0438%5Cu0442%5Cu044c%22%2C+%22callback_data%22%3A+%22bad%5Cu043f%5Cu0435%5Cu0440%5Cu0435%5Cu0437%5Cu0432%5Cu041e%5Cu043d%5Cu0438%5Cu0442%5Cu044c%22%7D%5D%2C+%5B%7B%22text%22%3A+%22%5Cu043f%5Cu0435%5Cu0440%5Cu0435%5Cu0437%5Cu0432%5Cu043e%5Cu043d%5Cu0418%5Cu0442%5Cu044c%22%2C+%22callback_data%22%3A+%22good%5Cu043f%5Cu0435%5Cu0440%5Cu0435%5Cu0437%5Cu0432%5Cu043e%5Cu043d%5Cu0418%5Cu0442%5Cu044c%22%7D%5D%5D%7D&parse_mode=MarkdownV2 HTTP/1.1" 200 1317
2021-05-08 14:40:46,853 INFO gave Valeriya Bass word перезвонить
2021-05-08 14:41:01,131 DEBUG https://api.telegram.org:443 "GET /bot1639467970:AAEXXyaLvwq1LIe9rOMjo0AzyhMlVKl-3Xc/getUpdates?offset=115690326&timeout=20 HTTP/1.1" 200 1561
2021-05-08 14:41:01,337 DEBUG https://api.telegram.org:443 "POST /bot1639467970:AAEXXyaLvwq1LIe9rOMjo0AzyhMlVKl-3Xc/editMessageText?text=%D0%BF%D1%80%D0%B0%D0%B2%D0%B8%D0%BB%D1%8C%D0%BD%D0%BE%E2%9C%85%0A%D0%BE%D1%82%D0%B2%D0%B5%D1%82%3A+%D0%B2%D0%BE%D1%81%D0%BF%D1%80%D0%B8%D0%BD%D1%8F%D0%BB%D0%90%0A%D1%82%D1%8B+%D0%BF%D0%BE%D0%BB%D1%83%D1%87%D0%B8%D0%BB+1+%D0%B5%D0%B4%D0%B8%D0%BD%D0%B8%D1%86%D1%83+%D1%80%D0%B5%D0%B9%D1%82%D0%B8%D0%BD%D0%B3%D0%B0%21&chat_id=873809387&message_id=10014 HTTP/1.1" 200 687
2021-05-08 14:41:01,337 INFO Valeriya Bass answered восприняла correct, +1 rating
2021-05-08 14:41:01,339 DEBUG main info database updated
2021-05-08 14:41:01,341 DEBUG used info database updated
2021-05-08 14:41:01,342 DEBUG achievement info database updated
2021-05-08 14:41:01,342 INFO all databases updated
2021-05-08 14:41:03,267 DEBUG https://api.telegram.org:443 "GET /bot1639467970:AAEXXyaLvwq1LIe9rOMjo0AzyhMlVKl-3Xc/getUpdates?offset=115690327&timeout=20 HTTP/1.1" 200 1621
2021-05-08 14:41:03,399 DEBUG https://api.telegram.org:443 "POST /bot1639467970:AAEXXyaLvwq1LIe9rOMjo0AzyhMlVKl-3Xc/editMessageText?text=%D0%BF%D1%80%D0%B0%D0%B2%D0%B8%D0%BB%D1%8C%D0%BD%D0%BE%E2%9C%85%0A%D0%BE%D1%82%D0%B2%D0%B5%D1%82%3A+%D0%BF%D0%B5%D1%80%D0%B5%D0%B7%D0%B2%D0%BE%D0%BD%D0%98%D1%82%D1%8C%0A%D1%82%D1%8B+%D0%BF%D0%BE%D0%BB%D1%83%D1%87%D0%B8%D0%BB+1+%D0%B5%D0%B4%D0%B8%D0%BD%D0%B8%D1%86%D1%83+%D1%80%D0%B5%D0%B9%D1%82%D0%B8%D0%BD%D0%B3%D0%B0%21&chat_id=873809387&message_id=10015 HTTP/1.1" 200 693
2021-05-08 14:41:03,400 INFO Valeriya Bass answered перезвонить correct, +1 rating
2021-05-08 14:41:03,410 DEBUG main info database updated
2021-05-08 14:41:03,421 DEBUG used info database updated
2021-05-08 14:41:03,423 DEBUG achievement info database updated
2021-05-08 14:41:03,423 INFO all databases updated
2021-05-08 14:41:07,424 DEBUG https://api.telegram.org:443 "GET /bot1639467970:AAEXXyaLvwq1LIe9rOMjo0AzyhMlVKl-3Xc/getUpdates?offset=115690328&timeout=20 HTTP/1.1" 200 323
2021-05-08 14:41:07,424 INFO Valeriya Bass texted статы
2021-05-08 14:41:07,519 DEBUG https://api.telegram.org:443 "POST /bot1639467970:AAEXXyaLvwq1LIe9rOMjo0AzyhMlVKl-3Xc/sendMessage?chat_id=873809387&text=%2A%D0%BB%D0%B8%D1%87%D0%BD%D0%B0%D1%8F+%D1%81%D1%82%D0%B0%D1%82%D0%B8%D1%81%D1%82%D0%B8%D0%BA%D0%B0%5C.%2A%0A%D1%80%D0%B5%D0%B9%D1%82%D0%B8%D0%BD%D0%B3%3A+659%0A%D0%BC%D0%B5%D1%81%D1%82%D0%BE+%D0%B2+%D1%82%D0%BE%D0%BF%D0%B5%3A+2%0A%D0%B7%D0%B2%D0%B0%D0%BD%D0%B8%D0%B5%3A+%D0%BF%D0%BE%D0%B1%D0%B5%D0%B4%D0%B8%D1%82%D0%B5%D0%BB%D1%8C+%D0%92%D0%A1%D0%BE%D0%A8+%D0%BF%D0%BE+%D1%80%D1%83%D1%81%D1%81%D0%BA%D0%BE%D0%BC%D1%83+%D1%8F%D0%B7%D1%8B%D0%BA%D1%83%0A%D0%BF%D1%80%D0%B0%D0%B2%D0%B8%D0%BB%D1%8C%D0%BD%D1%8B%D1%85+%D0%BE%D1%82%D0%B2%D0%B5%D1%82%D0%BE%D0%B2%3A+657%0A%D0%BD%D0%B5%D0%BF%D1%80%D0%B0%D0%B2%D0%B8%D0%BB%D1%8C%D0%BD%D1%8B%D1%85+%D0%BE%D1%82%D0%B2%D0%B5%D1%82%D0%BE%D0%B2%3A+5%0A%D1%82%D0%B5%D0%BA%D1%83%D1%89%D0%B8%D0%B9+%D1%81%D1%82%D1%80%D0%B8%D0%BA%3A+%5C%2B307%F0%9F%94%A5%0A%D0%BC%D0%B0%D0%BA%D1%81%D0%B8%D0%BC%D0%B0%D0%BB%D1%8C%D0%BD%D1%8B%D0%B9+%D1%81%D1%82%D1%80%D0%B8%D0%BA%3A+%5C%2B307%0A%D1%80%D0%B0%D0%B7%D0%B1%D0%BB%D0%BE%D0%BA%D0%B8%D1%80%D0%BE%D0%B2%D0%B0%D0%BD%D0%BE+%D1%81%D0%BB%D0%BE%D0%B2%3A+210+%2F+210&reply_markup=%7B%22keyboard%22%3A+%5B%5B%7B%22text%22%3A+%22%5Cu0441%5Cu043b%5Cu043e%5Cu0432%5Cu043e%21%22%7D%2C+%7B%22text%22%3A+%22%5Cu0441%5Cu0442%5Cu0430%5Cu0442%5Cu044b%22%7D%2C+%7B%22text%22%3A+%22%5Cu0442%5Cu043e%5Cu043f%22%7D%5D%2C+%5B%7B%22text%22%3A+%22%5Cu0434%5Cu043e%5Cu0441%5Cu0442%5Cu0438%5Cu0436%5Cu0435%5Cu043d%5Cu0438%5Cu044f%22%7D%2C+%7B%22text%22%3A+%22%5Cu043f%5Cu043e%5Cu043c%5Cu043e%5Cu0449%5Cu044c%22%7D%2C+%7B%22text%22%3A+%22%5Cu043d%5Cu0430%5Cu0441%5Cu0442%5Cu0440%5Cu043e%5Cu0439%5Cu043a%5Cu0438%22%7D%5D%5D%2C+%22resize_keyboard%22%3A+true%7D&parse_mode=MarkdownV2 HTTP/1.1" 200 1398
2021-05-08 14:41:07,519 INFO gave Valeriya Bass stats
2021-05-08 14:41:12,724 DEBUG https://api.telegram.org:443 "GET /bot1639467970:AAEXXyaLvwq1LIe9rOMjo0AzyhMlVKl-3Xc/getUpdates?offset=115690329&timeout=20 HTTP/1.1" 200 353
2021-05-08 14:41:12,724 INFO Valeriya Bass texted достижения
2021-05-08 14:41:12,821 DEBUG https://api.telegram.org:443 "POST /bot1639467970:AAEXXyaLvwq1LIe9rOMjo0AzyhMlVKl-3Xc/sendMessage?chat_id=873809387&text=%2A%D0%B4%D0%BE%D1%81%D1%82%D0%B8%D0%B6%D0%B5%D0%BD%D0%B8%D1%8F%2A%F0%9F%8F%86%0A1%5C%29+%D1%80%D0%B0%D0%B7%D0%B1%D0%BB%D0%BE%D0%BA%D0%B8%D1%80%D0%BE%D0%B2%D0%B0%D1%82%D1%8C+%D0%B2%D1%81%D0%B5+%D1%81%D0%BB%D0%BE%D0%B2%D0%B0%0A2%5C%29+100+%D0%BF%D1%80%D0%B0%D0%B2%D0%B8%D0%BB%D1%8C%D0%BD%D1%8B%D1%85+%D1%81%D0%BB%D0%BE%D0%B2%0A3%5C%29+500+%D0%BF%D1%80%D0%B0%D0%B2%D0%B8%D0%BB%D1%8C%D0%BD%D1%8B%D1%85+%D1%81%D0%BB%D0%BE%D0%B2%0A4%5C%29+~1000+%D0%BF%D1%80%D0%B0%D0%B2%D0%B8%D0%BB%D1%8C%D0%BD%D1%8B%D1%85+%D1%81%D0%BB%D0%BE%D0%B2~%0A5%5C%29+~%D1%82%D0%BE%D0%BF%5C-1+%D0%BF%D0%BE+%D1%80%D0%B5%D0%B9%D1%82%D0%B8%D0%BD%D0%B3%D1%83~%0A6%5C%29+%D1%82%D0%BE%D0%BF%5C-1+%D0%BF%D0%BE+%D1%81%D1%82%D1%80%D0%B8%D0%BA%D1%83%0A7%5C%29+%D1%82%D0%BE%D0%BF%5C-1+%D0%BF%D0%BE+%25+%D0%BF%D1%80%D0%B0%D0%B2%D0%B8%D0%BB%D1%8C%D0%BD%D1%8B%D1%85+%D0%BE%D1%82%D0%B2%D0%B5%D1%82%D0%BE%D0%B2%0A8%5C%29+%D1%81%D1%82%D1%80%D0%B8%D0%BA+10%0A9%5C%29+%D1%81%D1%82%D1%80%D0%B8%D0%BA+50%0A10%5C%29+%D1%81%D1%82%D1%80%D0%B8%D0%BA+100%0A11%5C%29+%D1%81%D1%82%D1%80%D0%B8%D0%BA+250%0A12%5C%29+~a+big+secret~%0A&parse_mode=MarkdownV2 HTTP/1.1" 200 1533
2021-05-08 14:41:12,821 INFO gave Valeriya Bass achievements
2021-05-08 14:41:16,262 DEBUG https://api.telegram.org:443 "GET /bot1639467970:AAEXXyaLvwq1LIe9rOMjo0AzyhMlVKl-3Xc/getUpdates?offset=115690330&timeout=20 HTTP/1.1" 200 323
2021-05-08 14:41:16,262 INFO Valeriya Bass texted статы
2021-05-08 14:41:16,394 DEBUG https://api.telegram.org:443 "POST /bot1639467970:AAEXXyaLvwq1LIe9rOMjo0AzyhMlVKl-3Xc/sendMessage?chat_id=873809387&text=%2A%D0%BB%D0%B8%D1%87%D0%BD%D0%B0%D1%8F+%D1%81%D1%82%D0%B0%D1%82%D0%B8%D1%81%D1%82%D0%B8%D0%BA%D0%B0%5C.%2A%0A%D1%80%D0%B5%D0%B9%D1%82%D0%B8%D0%BD%D0%B3%3A+659%0A%D0%BC%D0%B5%D1%81%D1%82%D0%BE+%D0%B2+%D1%82%D0%BE%D0%BF%D0%B5%3A+2%0A%D0%B7%D0%B2%D0%B0%D0%BD%D0%B8%D0%B5%3A+%D0%BF%D0%BE%D0%B1%D0%B5%D0%B4%D0%B8%D1%82%D0%B5%D0%BB%D1%8C+%D0%92%D0%A1%D0%BE%D0%A8+%D0%BF%D0%BE+%D1%80%D1%83%D1%81%D1%81%D0%BA%D0%BE%D0%BC%D1%83+%D1%8F%D0%B7%D1%8B%D0%BA%D1%83%0A%D0%BF%D1%80%D0%B0%D0%B2%D0%B8%D0%BB%D1%8C%D0%BD%D1%8B%D1%85+%D0%BE%D1%82%D0%B2%D0%B5%D1%82%D0%BE%D0%B2%3A+657%0A%D0%BD%D0%B5%D0%BF%D1%80%D0%B0%D0%B2%D0%B8%D0%BB%D1%8C%D0%BD%D1%8B%D1%85+%D0%BE%D1%82%D0%B2%D0%B5%D1%82%D0%BE%D0%B2%3A+5%0A%D1%82%D0%B5%D0%BA%D1%83%D1%89%D0%B8%D0%B9+%D1%81%D1%82%D1%80%D0%B8%D0%BA%3A+%5C%2B307%F0%9F%94%A5%0A%D0%BC%D0%B0%D0%BA%D1%81%D0%B8%D0%BC%D0%B0%D0%BB%D1%8C%D0%BD%D1%8B%D0%B9+%D1%81%D1%82%D1%80%D0%B8%D0%BA%3A+%5C%2B307%0A%D1%80%D0%B0%D0%B7%D0%B1%D0%BB%D0%BE%D0%BA%D0%B8%D1%80%D0%BE%D0%B2%D0%B0%D0%BD%D0%BE+%D1%81%D0%BB%D0%BE%D0%B2%3A+210+%2F+210&reply_markup=%7B%22keyboard%22%3A+%5B%5B%7B%22text%22%3A+%22%5Cu0441%5Cu043b%5Cu043e%5Cu0432%5Cu043e%21%22%7D%2C+%7B%22text%22%3A+%22%5Cu0441%5Cu0442%5Cu0430%5Cu0442%5Cu044b%22%7D%2C+%7B%22text%22%3A+%22%5Cu0442%5Cu043e%5Cu043f%22%7D%5D%2C+%5B%7B%22text%22%3A+%22%5Cu0434%5Cu043e%5Cu0441%5Cu0442%5Cu0438%5Cu0436%5Cu0435%5Cu043d%5Cu0438%5Cu044f%22%7D%2C+%7B%22text%22%3A+%22%5Cu043f%5Cu043e%5Cu043c%5Cu043e%5Cu0449%5Cu044c%22%7D%2C+%7B%22text%22%3A+%22%5Cu043d%5Cu0430%5Cu0441%5Cu0442%5Cu0440%5Cu043e%5Cu0439%5Cu043a%5Cu0438%22%7D%5D%5D%2C+%22resize_keyboard%22%3A+true%7D&parse_mode=MarkdownV2 HTTP/1.1" 200 1398
2021-05-08 14:41:16,394 INFO gave Valeriya Bass stats
2021-05-08 14:41:17,742 DEBUG https://api.telegram.org:443 "GET /bot1639467970:AAEXXyaLvwq1LIe9rOMjo0AzyhMlVKl-3Xc/getUpdates?offset=115690331&timeout=20 HTTP/1.1" 200 311
2021-05-08 14:41:17,742 INFO Valeriya Bass texted топ
2021-05-08 14:41:17,845 DEBUG https://api.telegram.org:443 "POST /bot1639467970:AAEXXyaLvwq1LIe9rOMjo0AzyhMlVKl-3Xc/sendMessage?chat_id=873809387&text=%D0%B2%D1%8B%D0%B1%D0%B5%D1%80%D0%B8%2C+%D0%BA%D0%B0%D0%BA%D0%BE%D0%B9+%D1%82%D0%BE%D0%BF+%D1%85%D0%BE%D1%87%D0%B5%D1%88%D1%8C+%D0%BF%D0%BE%D1%81%D0%BC%D0%BE%D1%82%D1%80%D0%B5%D1%82%D1%8C&reply_markup=%7B%22keyboard%22%3A+%5B%5B%7B%22text%22%3A+%22%5Cu0442%5Cu043e%5Cu043f+%5Cu043f%5Cu043e+%5Cu0440%5Cu0435%5Cu0439%5Cu0442%5Cu0438%5Cu043d%5Cu0433%5Cu0443%22%7D%2C+%7B%22text%22%3A+%22%5Cu0442%5Cu043e%5Cu043f+%5Cu043f%5Cu043e+%5Cu0441%5Cu0442%5Cu0440%5Cu0438%5Cu043a%5Cu0443%22%7D%5D%2C+%5B%7B%22text%22%3A+%22%5Cu0442%5Cu043e%5Cu043f+%5Cu043f%5Cu043e+%25+%5Cu043f%5Cu0440%5Cu0430%5Cu0432%5Cu0438%5Cu043b%5Cu044c%5Cu043d%5Cu044b%5Cu0445%22%7D%2C+%7B%22text%22%3A+%22%5Cu0433%5Cu043b%5Cu0430%5Cu0432%5Cu043d%5Cu043e%5Cu0435+%5Cu043c%5Cu0435%5Cu043d%5Cu044e%22%7D%5D%5D%2C+%22resize_keyboard%22%3A+true%7D HTTP/1.1" 200 543
2021-05-08 14:41:37,795 DEBUG https://api.telegram.org:443 "GET /bot1639467970:AAEXXyaLvwq1LIe9rOMjo0AzyhMlVKl-3Xc/getUpdates?offset=115690332&timeout=20 HTTP/1.1" 200 23
2021-05-08 14:41:47,140 DEBUG https://api.telegram.org:443 "GET /bot1639467970:AAEXXyaLvwq1LIe9rOMjo0AzyhMlVKl-3Xc/getUpdates?offset=115690332&timeout=20 HTTP/1.1" 200 360
2021-05-08 14:41:47,140 INFO Valeriya Bass texted главное меню
2021-05-08 14:41:47,231 DEBUG https://api.telegram.org:443 "POST /bot1639467970:AAEXXyaLvwq1LIe9rOMjo0AzyhMlVKl-3Xc/sendMessage?chat_id=873809387&text=%D1%81%D0%BA%D0%BE%D1%80%D0%B5%D0%B5+%D0%B2%D1%81%D0%B5%D0%B3%D0%BE%2C+%D0%B2%D1%8B%D0%B9%D1%82%D0%B8+%D0%B2+%D0%B3%D0%BB%D0%B0%D0%B2%D0%BD%D0%BE%D0%B5+%D0%BC%D0%B5%D0%BD%D1%8E+%D0%BC%D0%BE%D0%B6%D0%BD%D0%BE+%D0%B1%D0%B5%D0%B7+%D1%81%D0%BE%D0%BE%D0%B1%D1%89%D0%B5%D0%BD%D0%B8%D1%8F%2C+%D0%BD%D0%BE+%D1%8F+%D0%BD%D0%B5+%D1%81%D0%BC%D0%BE%D0%B3+%D0%BD%D0%B0%D0%B3%D1%83%D0%B3%D0%BB%D0%B8%D1%82%D1%8C+%D1%82%D0%BE%2C+%D0%BA%D0%B0%D0%BA+%D1%8D%D1%82%D0%BE+%D1%81%D0%B4%D0%B5%D0%BB%D0%B0%D1%82%D1%8C%2C+%D0%BF%D0%BE%D1%8D%D1%82%D0%BE%D0%BC%D1%83+%D0%BC%D0%BE%D0%B3%D1%83+%D0%BF%D1%80%D0%BE%D1%81%D1%82%D0%BE+%D1%81%D0%BA%D0%B0%D0%B7%D0%B0%D1%82%D1%8C%2C+%D1%87%D1%82%D0%BE+%D0%B2+%D0%B4%D0%B0%D0%BD%D0%BD%D1%8B%D0%B9+%D0%BC%D0%BE%D0%BC%D0%B5%D0%BD%D1%82+%D0%BD%D0%B0+21%25+%D1%82%D1%8B+%D0%BB%D0%BE%D1%85%29%29%29%29%29%29&reply_markup=%7B%22keyboard%22%3A+%5B%5B%7B%22text%22%3A+%22%5Cu0441%5Cu043b%5Cu043e%5Cu0432%5Cu043e%21%22%7D%2C+%7B%22text%22%3A+%22%5Cu0441%5Cu0442%5Cu0430%5Cu0442%5Cu044b%22%7D%2C+%7B%22text%22%3A+%22%5Cu0442%5Cu043e%5Cu043f%22%7D%5D%2C+%5B%7B%22text%22%3A+%22%5Cu0434%5Cu043e%5Cu0441%5Cu0442%5Cu0438%5Cu0436%5Cu0435%5Cu043d%5Cu0438%5Cu044f%22%7D%2C+%7B%22text%22%3A+%22%5Cu043f%5Cu043e%5Cu043c%5Cu043e%5Cu0449%5Cu044c%22%7D%2C+%7B%22text%22%3A+%22%5Cu043d%5Cu0430%5Cu0441%5Cu0442%5Cu0440%5Cu043e%5Cu0439%5Cu043a%5Cu0438%22%7D%5D%5D%2C+%22resize_keyboard%22%3A+true%7D HTTP/1.1" 200 1151
2021-05-08 14:41:47,231 INFO gave Valeriya Bass main_menu
2021-05-08 14:41:57,281 DEBUG https://api.telegram.org:443 "GET /bot1639467970:AAEXXyaLvwq1LIe9rOMjo0AzyhMlVKl-3Xc/getUpdates?offset=115690333&timeout=20 HTTP/1.1" 200 347
2021-05-08 14:41:57,282 INFO Valeriya Bass texted настройки
2021-05-08 14:41:57,439 DEBUG https://api.telegram.org:443 "POST /bot1639467970:AAEXXyaLvwq1LIe9rOMjo0AzyhMlVKl-3Xc/sendMessage?chat_id=873809387&text=%D0%B4%D0%B0%2C+%D0%BD%D0%B0%D1%81%D1%82%D1%80%D0%BE%D0%B5%D0%BA+%D0%BF%D0%BE%D0%BA%D0%B0+%D0%BC%D0%B0%D0%BB%D0%BE%D0%B2%D0%B0%D1%82%D0%BE...+%D0%BD%D0%BE+%D1%8D%D1%82%D0%BE+%D0%B6%D0%B5+%D0%BB%D1%83%D1%87%D1%88%D0%B5%2C+%D1%87%D0%B5%D0%BC+%D0%BD%D0%B8%D1%87%D0%B5%D0%B3%D0%BE%3F&reply_markup=%7B%22keyboard%22%3A+%5B%5B%7B%22text%22%3A+%22%5Cu043d%5Cu0430%5Cu0441%5Cu0442%5Cu0440%5Cu043e%5Cu0439%5Cu043a%5Cu0438+%5Cu043e%5Cu0442%5Cu043e%5Cu0431%5Cu0440%5Cu0430%5Cu0436%5Cu0435%5Cu043d%5Cu0438%5Cu044f+%5Cu0432+%5Cu0442%5Cu043e%5Cu043f%5Cu0435%22%7D%2C+%7B%22text%22%3A+%22%5Cu0433%5Cu043b%5Cu0430%5Cu0432%5Cu043d%5Cu043e%5Cu0435+%5Cu043c%5Cu0435%5Cu043d%5Cu044e%22%7D%5D%5D%2C+%22resize_keyboard%22%3A+true%7D HTTP/1.1" 200 631
2021-05-08 14:41:57,439 INFO gave Valeriya Bass settings_main
2021-05-08 14:42:00,835 DEBUG https://api.telegram.org:443 "GET /bot1639467970:AAEXXyaLvwq1LIe9rOMjo0AzyhMlVKl-3Xc/getUpdates?offset=115690334&timeout=20 HTTP/1.1" 200 360
2021-05-08 14:42:00,835 INFO Valeriya Bass texted главное меню
2021-05-08 14:42:00,909 DEBUG https://api.telegram.org:443 "POST /bot1639467970:AAEXXyaLvwq1LIe9rOMjo0AzyhMlVKl-3Xc/sendMessage?chat_id=873809387&text=%D1%81%D0%BA%D0%BE%D1%80%D0%B5%D0%B5+%D0%B2%D1%81%D0%B5%D0%B3%D0%BE%2C+%D0%B2%D1%8B%D0%B9%D1%82%D0%B8+%D0%B2+%D0%B3%D0%BB%D0%B0%D0%B2%D0%BD%D0%BE%D0%B5+%D0%BC%D0%B5%D0%BD%D1%8E+%D0%BC%D0%BE%D0%B6%D0%BD%D0%BE+%D0%B1%D0%B5%D0%B7+%D1%81%D0%BE%D0%BE%D0%B1%D1%89%D0%B5%D0%BD%D0%B8%D1%8F%2C+%D0%BD%D0%BE+%D1%8F+%D0%BD%D0%B5+%D1%81%D0%BC%D0%BE%D0%B3+%D0%BD%D0%B0%D0%B3%D1%83%D0%B3%D0%BB%D0%B8%D1%82%D1%8C+%D1%82%D0%BE%2C+%D0%BA%D0%B0%D0%BA+%D1%8D%D1%82%D0%BE+%D1%81%D0%B4%D0%B5%D0%BB%D0%B0%D1%82%D1%8C%2C+%D0%BF%D0%BE%D1%8D%D1%82%D0%BE%D0%BC%D1%83+%D0%BC%D0%BE%D0%B3%D1%83+%D0%BF%D1%80%D0%BE%D1%81%D1%82%D0%BE+%D1%81%D0%BA%D0%B0%D0%B7%D0%B0%D1%82%D1%8C%2C+%D1%87%D1%82%D0%BE+%D0%B2+%D0%B4%D0%B0%D0%BD%D0%BD%D1%8B%D0%B9+%D0%BC%D0%BE%D0%BC%D0%B5%D0%BD%D1%82+%D0%BD%D0%B0+36%25+%D1%82%D1%8B+%D0%BB%D0%BE%D1%85%29%29%29%29%29%29&reply_markup=%7B%22keyboard%22%3A+%5B%5B%7B%22text%22%3A+%22%5Cu0441%5Cu043b%5Cu043e%5Cu0432%5Cu043e%21%22%7D%2C+%7B%22text%22%3A+%22%5Cu0441%5Cu0442%5Cu0430%5Cu0442%5Cu044b%22%7D%2C+%7B%22text%22%3A+%22%5Cu0442%5Cu043e%5Cu043f%22%7D%5D%2C+%5B%7B%22text%22%3A+%22%5Cu0434%5Cu043e%5Cu0441%5Cu0442%5Cu0438%5Cu0436%5Cu0435%5Cu043d%5Cu0438%5Cu044f%22%7D%2C+%7B%22text%22%3A+%22%5Cu043f%5Cu043e%5Cu043c%5Cu043e%5Cu0449%5Cu044c%22%7D%2C+%7B%22text%22%3A+%22%5Cu043d%5Cu0430%5Cu0441%5Cu0442%5Cu0440%5Cu043e%5Cu0439%5Cu043a%5Cu0438%22%7D%5D%5D%2C+%22resize_keyboard%22%3A+true%7D HTTP/1.1" 200 1151
2021-05-08 14:42:00,909 INFO gave Valeriya Bass main_menu
2021-05-08 14:42:03,612 DEBUG https://api.telegram.org:443 "GET /bot1639467970:AAEXXyaLvwq1LIe9rOMjo0AzyhMlVKl-3Xc/getUpdates?offset=115690335&timeout=20 HTTP/1.1" 200 324
2021-05-08 14:42:03,612 INFO Valeriya Bass texted слово!
2021-05-08 14:42:03,695 DEBUG https://api.telegram.org:443 "POST /bot1639467970:AAEXXyaLvwq1LIe9rOMjo0AzyhMlVKl-3Xc/sendMessage?chat_id=873809387&text=%D0%BF%D0%BE%D1%81%D1%82%D0%B0%D0%B2%D1%8C+%D1%83%D0%B4%D0%B0%D1%80%D0%B5%D0%BD%D0%B8%D0%B5+%D0%B2+%D1%81%D0%BB%D0%BE%D0%B2%D0%B5+%2A%D0%BA%D0%B8%D0%BE%D1%81%D0%BA%D0%B5%D1%80%2A&reply_markup=%7B%22inline_keyboard%22%3A+%5B%5B%7B%22text%22%3A+%22%5Cu043a%5Cu0418%5Cu043e%5Cu0441%5Cu043a%5Cu0435%5Cu0440%22%2C+%22callback_data%22%3A+%22bad%5Cu043a%5Cu0418%5Cu043e%5Cu0441%5Cu043a%5Cu0435%5Cu0440%22%7D%5D%2C+%5B%7B%22text%22%3A+%22%5Cu043a%5Cu0438%5Cu041e%5Cu0441%5Cu043a%5Cu0435%5Cu0440%22%2C+%22callback_data%22%3A+%22bad%5Cu043a%5Cu0438%5Cu041e%5Cu0441%5Cu043a%5Cu0435%5Cu0440%22%7D%5D%2C+%5B%7B%22text%22%3A+%22%5Cu043a%5Cu0438%5Cu043e%5Cu0441%5Cu043a%5Cu0415%5Cu0440%22%2C+%22callback_data%22%3A+%22good%5Cu043a%5Cu0438%5Cu043e%5Cu0441%5Cu043a%5Cu0415%5Cu0440%22%7D%5D%5D%7D&parse_mode=MarkdownV2 HTTP/1.1" 200 980
2021-05-08 14:42:03,695 INFO gave Valeriya Bass word киоскер
2021-05-08 14:42:05,819 DEBUG https://api.telegram.org:443 "GET /bot1639467970:AAEXXyaLvwq1LIe9rOMjo0AzyhMlVKl-3Xc/getUpdates?offset=115690336&timeout=20 HTTP/1.1" 200 1260
2021-05-08 14:42:06,004 DEBUG https://api.telegram.org:443 "POST /bot1639467970:AAEXXyaLvwq1LIe9rOMjo0AzyhMlVKl-3Xc/editMessageText?text=%D0%BF%D1%80%D0%B0%D0%B2%D0%B8%D0%BB%D1%8C%D0%BD%D0%BE%E2%9C%85%0A%D0%BE%D1%82%D0%B2%D0%B5%D1%82%3A+%D0%BA%D0%B8%D0%BE%D1%81%D0%BA%D0%95%D1%80%0A%D1%82%D1%8B+%D0%BF%D0%BE%D0%BB%D1%83%D1%87%D0%B8%D0%BB+1+%D0%B5%D0%B4%D0%B8%D0%BD%D0%B8%D1%86%D1%83+%D1%80%D0%B5%D0%B9%D1%82%D0%B8%D0%BD%D0%B3%D0%B0%21&chat_id=873809387&message_id=10031 HTTP/1.1" 200 669
2021-05-08 14:42:06,004 INFO Valeriya Bass answered киоскер correct, +1 rating
2021-05-08 14:42:06,005 DEBUG main info database updated
2021-05-08 14:42:06,016 DEBUG used info database updated
2021-05-08 14:42:06,018 DEBUG achievement info database updated
2021-05-08 14:42:06,018 INFO all databases updated
2021-05-08 14:42:06,686 DEBUG https://api.telegram.org:443 "GET /bot1639467970:AAEXXyaLvwq1LIe9rOMjo0AzyhMlVKl-3Xc/getUpdates?offset=115690337&timeout=20 HTTP/1.1" 200 324
2021-05-08 14:42:06,687 INFO Valeriya Bass texted слово!
2021-05-08 14:42:06,836 DEBUG https://api.telegram.org:443 "POST /bot1639467970:AAEXXyaLvwq1LIe9rOMjo0AzyhMlVKl-3Xc/sendMessage?chat_id=873809387&text=%D0%BF%D0%BE%D1%81%D1%82%D0%B0%D0%B2%D1%8C+%D1%83%D0%B4%D0%B0%D1%80%D0%B5%D0%BD%D0%B8%D0%B5+%D0%B2+%D1%81%D0%BB%D0%BE%D0%B2%D0%B5+%2A%D0%BF%D1%80%D0%B8%D0%BD%D1%83%D0%B4%D0%B8%D1%82%D1%8C%2A&reply_markup=%7B%22inline_keyboard%22%3A+%5B%5B%7B%22text%22%3A+%22%5Cu043f%5Cu0440%5Cu0418%5Cu043d%5Cu0443%5Cu0434%5Cu0438%5Cu0442%5Cu044c%22%2C+%22callback_data%22%3A+%22bad%5Cu043f%5Cu0440%5Cu0418%5Cu043d%5Cu0443%5Cu0434%5Cu0438%5Cu0442%5Cu044c%22%7D%5D%2C+%5B%7B%22text%22%3A+%22%5Cu043f%5Cu0440%5Cu0438%5Cu043d%5Cu0423%5Cu0434%5Cu0438%5Cu0442%5Cu044c%22%2C+%22callback_data%22%3A+%22good%5Cu043f%5Cu0440%5Cu0438%5Cu043d%5Cu0423%5Cu0434%5Cu0438%5Cu0442%5Cu044c%22%7D%5D%2C+%5B%7B%22text%22%3A+%22%5Cu043f%5Cu0440%5Cu0438%5Cu043d%5Cu0443%5Cu0434%5Cu0418%5Cu0442%5Cu044c%22%2C+%22callback_data%22%3A+%22bad%5Cu043f%5Cu0440%5Cu0438%5Cu043d%5Cu0443%5Cu0434%5Cu0418%5Cu0442%5Cu044c%22%7D%5D%5D%7D&parse_mode=MarkdownV2 HTTP/1.1" 200 1064
2021-05-08 14:42:06,837 INFO gave Valeriya Bass word принудить
2021-05-08 14:42:09,228 DEBUG https://api.telegram.org:443 "GET /bot1639467970:AAEXXyaLvwq1LIe9rOMjo0AzyhMlVKl-3Xc/getUpdates?offset=115690338&timeout=20 HTTP/1.1" 200 1356
2021-05-08 14:42:09,377 DEBUG https://api.telegram.org:443 "POST /bot1639467970:AAEXXyaLvwq1LIe9rOMjo0AzyhMlVKl-3Xc/editMessageText?text=%D0%BF%D1%80%D0%B0%D0%B2%D0%B8%D0%BB%D1%8C%D0%BD%D0%BE%E2%9C%85%0A%D0%BE%D1%82%D0%B2%D0%B5%D1%82%3A+%D0%BF%D1%80%D0%B8%D0%BD%D0%A3%D0%B4%D0%B8%D1%82%D1%8C%0A%D1%82%D1%8B+%D0%BF%D0%BE%D0%BB%D1%83%D1%87%D0%B8%D0%BB+1+%D0%B5%D0%B4%D0%B8%D0%BD%D0%B8%D1%86%D1%83+%D1%80%D0%B5%D0%B9%D1%82%D0%B8%D0%BD%D0%B3%D0%B0%21&chat_id=873809387&message_id=10033 HTTP/1.1" 200 681
2021-05-08 14:42:09,378 INFO Valeriya Bass answered принудить correct, +1 rating
2021-05-08 14:42:09,385 DEBUG main info database updated
2021-05-08 14:42:09,394 DEBUG used info database updated
2021-05-08 14:42:09,395 DEBUG achievement info database updated
2021-05-08 14:42:09,396 INFO all databases updated
2021-05-08 14:42:10,444 DEBUG https://api.telegram.org:443 "GET /bot1639467970:AAEXXyaLvwq1LIe9rOMjo0AzyhMlVKl-3Xc/getUpdates?offset=115690339&timeout=20 HTTP/1.1" 200 324
2021-05-08 14:42:10,445 INFO Valeriya Bass texted слово!
2021-05-08 14:42:10,538 DEBUG https://api.telegram.org:443 "POST /bot1639467970:AAEXXyaLvwq1LIe9rOMjo0AzyhMlVKl-3Xc/sendMessage?chat_id=873809387&text=%D0%BF%D0%BE%D1%81%D1%82%D0%B0%D0%B2%D1%8C+%D1%83%D0%B4%D0%B0%D1%80%D0%B5%D0%BD%D0%B8%D0%B5+%D0%B2+%D1%81%D0%BB%D0%BE%D0%B2%D0%B5+%2A%D0%B4%D0%BE%D0%B3%D0%BE%D0%B2%D0%BE%D1%80%D0%B5%D0%BD%D0%BD%D0%BE%D1%81%D1%82%D1%8C%2A&reply_markup=%7B%22inline_keyboard%22%3A+%5B%5B%7B%22text%22%3A+%22%5Cu0434%5Cu041e%5Cu0433%5Cu043e%5Cu0432%5Cu043e%5Cu0440%5Cu0435%5Cu043d%5Cu043d%5Cu043e%5Cu0441%5Cu0442%5Cu044c%22%2C+%22callback_data%22%3A+%22bad%5Cu0434%5Cu041e%5Cu0433%5Cu043e%5Cu0432%5Cu043e%5Cu0440%5Cu0435%5Cu043d%5Cu043d%5Cu043e%5Cu0441%5Cu0442%5Cu044c%22%7D%5D%2C+%5B%7B%22text%22%3A+%22%5Cu0434%5Cu043e%5Cu0433%5Cu041e%5Cu0432%5Cu043e%5Cu0440%5Cu0435%5Cu043d%5Cu043d%5Cu043e%5Cu0441%5Cu0442%5Cu044c%22%2C+%22callback_data%22%3A+%22bad%5Cu0434%5Cu043e%5Cu0433%5Cu041e%5Cu0432%5Cu043e%5Cu0440%5Cu0435%5Cu043d%5Cu043d%5Cu043e%5Cu0441%5Cu0442%5Cu044c%22%7D%5D%2C+%5B%7B%22text%22%3A+%22%5Cu0434%5Cu043e%5Cu0433%5Cu043e%5Cu0432%5Cu041e%5Cu0440%5Cu0435%5Cu043d%5Cu043d%5Cu043e%5Cu0441%5Cu0442%5Cu044c%22%2C+%22callback_data%22%3A+%22bad%5Cu0434%5Cu043e%5Cu0433%5Cu043e%5Cu0432%5Cu041e%5Cu0440%5Cu0435%5Cu043d%5Cu043d%5Cu043e%5Cu0441%5Cu0442%5Cu044c%22%7D%5D%2C+%5B%7B%22text%22%3A+%22%5Cu0434%5Cu043e%5Cu0433%5Cu043e%5Cu0432%5Cu043e%5Cu0440%5Cu0415%5Cu043d%5Cu043d%5Cu043e%5Cu0441%5Cu0442%5Cu044c%22%2C+%22callback_data%22%3A+%22good%5Cu0434%5Cu043e%5Cu0433%5Cu043e%5Cu0432%5Cu043e%5Cu0440%5Cu0415%5Cu043d%5Cu043d%5Cu043e%5Cu0441%5Cu0442%5Cu044c%22%7D%5D%2C+%5B%7B%22text%22%3A+%22%5Cu0434%5Cu043e%5Cu0433%5Cu043e%5Cu0432%5Cu043e%5Cu0440%5Cu0435%5Cu043d%5Cu043d%5Cu041e%5Cu0441%5Cu0442%5Cu044c%22%2C+%22callback_data%22%3A+%22bad%5Cu0434%5Cu043e%5Cu0433%5Cu043e%5Cu0432%5Cu043e%5Cu0440%5Cu0435%5Cu043d%5Cu043d%5Cu041e%5Cu0441%5Cu0442%5Cu044c%22%7D%5D%5D%7D&parse_mode=MarkdownV2 HTTP/1.1" 200 1683
2021-05-08 14:42:10,538 INFO gave Valeriya Bass word договоренность
2021-05-08 14:42:12,233 DEBUG https://api.telegram.org:443 "GET /bot1639467970:AAEXXyaLvwq1LIe9rOMjo0AzyhMlVKl-3Xc/getUpdates?offset=115690340&timeout=20 HTTP/1.1" 200 2005
2021-05-08 14:42:12,349 DEBUG https://api.telegram.org:443 "POST /bot1639467970:AAEXXyaLvwq1LIe9rOMjo0AzyhMlVKl-3Xc/editMessageText?text=%D0%BF%D1%80%D0%B0%D0%B2%D0%B8%D0%BB%D1%8C%D0%BD%D0%BE%E2%9C%85%0A%D0%BE%D1%82%D0%B2%D0%B5%D1%82%3A+%D0%B4%D0%BE%D0%B3%D0%BE%D0%B2%D0%BE%D1%80%D0%95%D0%BD%D0%BD%D0%BE%D1%81%D1%82%D1%8C%0A%D1%82%D1%8B+%D0%BF%D0%BE%D0%BB%D1%83%D1%87%D0%B8%D0%BB+1+%D0%B5%D0%B4%D0%B8%D0%BD%D0%B8%D1%86%D1%83+%D1%80%D0%B5%D0%B9%D1%82%D0%B8%D0%BD%D0%B3%D0%B0%21&chat_id=873809387&message_id=10035 HTTP/1.1" 200 711
2021-05-08 14:42:12,350 INFO Valeriya Bass answered договоренность correct, +1 rating
2021-05-08 14:42:12,358 DEBUG main info database updated
2021-05-08 14:42:12,367 DEBUG used info database updated
2021-05-08 14:42:12,370 DEBUG achievement info database updated
2021-05-08 14:42:12,370 INFO all databases updated
2021-05-08 14:42:16,353 DEBUG https://api.telegram.org:443 "GET /bot1639467970:AAEXXyaLvwq1LIe9rOMjo0AzyhMlVKl-3Xc/getUpdates?offset=115690341&timeout=20 HTTP/1.1" 200 323
2021-05-08 14:42:16,354 INFO Valeriya Bass texted статы
2021-05-08 14:42:16,468 DEBUG https://api.telegram.org:443 "POST /bot1639467970:AAEXXyaLvwq1LIe9rOMjo0AzyhMlVKl-3Xc/sendMessage?chat_id=873809387&text=%2A%D0%BB%D0%B8%D1%87%D0%BD%D0%B0%D1%8F+%D1%81%D1%82%D0%B0%D1%82%D0%B8%D1%81%D1%82%D0%B8%D0%BA%D0%B0%5C.%2A%0A%D1%80%D0%B5%D0%B9%D1%82%D0%B8%D0%BD%D0%B3%3A+662%0A%D0%BC%D0%B5%D1%81%D1%82%D0%BE+%D0%B2+%D1%82%D0%BE%D0%BF%D0%B5%3A+2%0A%D0%B7%D0%B2%D0%B0%D0%BD%D0%B8%D0%B5%3A+%D0%BF%D0%BE%D0%B1%D0%B5%D0%B4%D0%B8%D1%82%D0%B5%D0%BB%D1%8C+%D0%92%D0%A1%D0%BE%D0%A8+%D0%BF%D0%BE+%D1%80%D1%83%D1%81%D1%81%D0%BA%D0%BE%D0%BC%D1%83+%D1%8F%D0%B7%D1%8B%D0%BA%D1%83%0A%D0%BF%D1%80%D0%B0%D0%B2%D0%B8%D0%BB%D1%8C%D0%BD%D1%8B%D1%85+%D0%BE%D1%82%D0%B2%D0%B5%D1%82%D0%BE%D0%B2%3A+660%0A%D0%BD%D0%B5%D0%BF%D1%80%D0%B0%D0%B2%D0%B8%D0%BB%D1%8C%D0%BD%D1%8B%D1%85+%D0%BE%D1%82%D0%B2%D0%B5%D1%82%D0%BE%D0%B2%3A+5%0A%D1%82%D0%B5%D0%BA%D1%83%D1%89%D0%B8%D0%B9+%D1%81%D1%82%D1%80%D0%B8%D0%BA%3A+%5C%2B310%F0%9F%94%A5%0A%D0%BC%D0%B0%D0%BA%D1%81%D0%B8%D0%BC%D0%B0%D0%BB%D1%8C%D0%BD%D1%8B%D0%B9+%D1%81%D1%82%D1%80%D0%B8%D0%BA%3A+%5C%2B310%0A%D1%80%D0%B0%D0%B7%D0%B1%D0%BB%D0%BE%D0%BA%D0%B8%D1%80%D0%BE%D0%B2%D0%B0%D0%BD%D0%BE+%D1%81%D0%BB%D0%BE%D0%B2%3A+210+%2F+210&reply_markup=%7B%22keyboard%22%3A+%5B%5B%7B%22text%22%3A+%22%5Cu0441%5Cu043b%5Cu043e%5Cu0432%5Cu043e%21%22%7D%2C+%7B%22text%22%3A+%22%5Cu0441%5Cu0442%5Cu0430%5Cu0442%5Cu044b%22%7D%2C+%7B%22text%22%3A+%22%5Cu0442%5Cu043e%5Cu043f%22%7D%5D%2C+%5B%7B%22text%22%3A+%22%5Cu0434%5Cu043e%5Cu0441%5Cu0442%5Cu0438%5Cu0436%5Cu0435%5Cu043d%5Cu0438%5Cu044f%22%7D%2C+%7B%22text%22%3A+%22%5Cu043f%5Cu043e%5Cu043c%5Cu043e%5Cu0449%5Cu044c%22%7D%2C+%7B%22text%22%3A+%22%5Cu043d%5Cu0430%5Cu0441%5Cu0442%5Cu0440%5Cu043e%5Cu0439%5Cu043a%5Cu0438%22%7D%5D%5D%2C+%22resize_keyboard%22%3A+true%7D&parse_mode=MarkdownV2 HTTP/1.1" 200 1398
2021-05-08 14:42:16,468 INFO gave Valeriya Bass stats
2021-05-08 14:42:36,411 DEBUG https://api.telegram.org:443 "GET /bot1639467970:AAEXXyaLvwq1LIe9rOMjo0AzyhMlVKl-3Xc/getUpdates?offset=115690342&timeout=20 HTTP/1.1" 200 23
2021-05-08 14:42:56,464 DEBUG https://api.telegram.org:443 "GET /bot1639467970:AAEXXyaLvwq1LIe9rOMjo0AzyhMlVKl-3Xc/getUpdates?offset=115690342&timeout=20 HTTP/1.1" 200 23
2021-05-08 14:43:13,445 DEBUG https://api.telegram.org:443 "GET /bot1639467970:AAEXXyaLvwq1LIe9rOMjo0AzyhMlVKl-3Xc/getUpdates?offset=115690342&timeout=20 HTTP/1.1" 200 324
2021-05-08 14:43:13,445 INFO Valeriya Bass texted слово!
2021-05-08 14:43:13,542 DEBUG https://api.telegram.org:443 "POST /bot1639467970:AAEXXyaLvwq1LIe9rOMjo0AzyhMlVKl-3Xc/sendMessage?chat_id=873809387&text=%D0%BF%D0%BE%D1%81%D1%82%D0%B0%D0%B2%D1%8C+%D1%83%D0%B4%D0%B0%D1%80%D0%B5%D0%BD%D0%B8%D0%B5+%D0%B2+%D1%81%D0%BB%D0%BE%D0%B2%D0%B5+%2A%D0%B1%D0%B0%D0%BB%D0%BE%D0%B2%D0%B0%D1%82%D1%8C%2A&reply_markup=%7B%22inline_keyboard%22%3A+%5B%5B%7B%22text%22%3A+%22%5Cu0431%5Cu0410%5Cu043b%5Cu043e%5Cu0432%5Cu0430%5Cu0442%5Cu044c%22%2C+%22callback_data%22%3A+%22bad%5Cu0431%5Cu0410%5Cu043b%5Cu043e%5Cu0432%5Cu0430%5Cu0442%5Cu044c%22%7D%5D%2C+%5B%7B%22text%22%3A+%22%5Cu0431%5Cu0430%5Cu043b%5Cu041e%5Cu0432%5Cu0430%5Cu0442%5Cu044c%22%2C+%22callback_data%22%3A+%22bad%5Cu0431%5Cu0430%5Cu043b%5Cu041e%5Cu0432%5Cu0430%5Cu0442%5Cu044c%22%7D%5D%2C+%5B%7B%22text%22%3A+%22%5Cu0431%5Cu0430%5Cu043b%5Cu043e%5Cu0432%5Cu0410%5Cu0442%5Cu044c%22%2C+%22callback_data%22%3A+%22good%5Cu0431%5Cu0430%5Cu043b%5Cu043e%5Cu0432%5Cu0410%5Cu0442%5Cu044c%22%7D%5D%5D%7D&parse_mode=MarkdownV2 HTTP/1.1" 200 1022
2021-05-08 14:43:13,543 INFO gave Valeriya Bass word баловать
2021-05-08 14:43:16,241 DEBUG https://api.telegram.org:443 "GET /bot1639467970:AAEXXyaLvwq1LIe9rOMjo0AzyhMlVKl-3Xc/getUpdates?offset=115690343&timeout=20 HTTP/1.1" 200 1308
2021-05-08 14:43:16,355 DEBUG https://api.telegram.org:443 "POST /bot1639467970:AAEXXyaLvwq1LIe9rOMjo0AzyhMlVKl-3Xc/editMessageText?text=%D0%BF%D1%80%D0%B0%D0%B2%D0%B8%D0%BB%D1%8C%D0%BD%D0%BE%E2%9C%85%0A%D0%BE%D1%82%D0%B2%D0%B5%D1%82%3A+%D0%B1%D0%B0%D0%BB%D0%BE%D0%B2%D0%90%D1%82%D1%8C%0A%D1%82%D1%8B+%D0%BF%D0%BE%D0%BB%D1%83%D1%87%D0%B8%D0%BB+1+%D0%B5%D0%B4%D0%B8%D0%BD%D0%B8%D1%86%D1%83+%D1%80%D0%B5%D0%B9%D1%82%D0%B8%D0%BD%D0%B3%D0%B0%21&chat_id=873809387&message_id=10039 HTTP/1.1" 200 675
2021-05-08 14:43:16,356 INFO Valeriya Bass answered баловать correct, +1 rating
2021-05-08 14:43:16,362 DEBUG main info database updated
2021-05-08 14:43:16,370 DEBUG used info database updated
2021-05-08 14:43:16,372 DEBUG achievement info database updated
2021-05-08 14:43:16,373 INFO all databases updated
2021-05-08 14:43:17,491 DEBUG https://api.telegram.org:443 "GET /bot1639467970:AAEXXyaLvwq1LIe9rOMjo0AzyhMlVKl-3Xc/getUpdates?offset=115690344&timeout=20 HTTP/1.1" 200 324
2021-05-08 14:43:17,492 INFO Valeriya Bass texted слово!
2021-05-08 14:43:17,596 DEBUG https://api.telegram.org:443 "POST /bot1639467970:AAEXXyaLvwq1LIe9rOMjo0AzyhMlVKl-3Xc/sendMessage?chat_id=873809387&text=%D0%BF%D0%BE%D1%81%D1%82%D0%B0%D0%B2%D1%8C+%D1%83%D0%B4%D0%B0%D1%80%D0%B5%D0%BD%D0%B8%D0%B5+%D0%B2+%D1%81%D0%BB%D0%BE%D0%B2%D0%B5+%2A%D0%BA%D0%BE%D0%BD%D1%83%D1%81%D0%BE%D0%B2%2A&reply_markup=%7B%22inline_keyboard%22%3A+%5B%5B%7B%22text%22%3A+%22%5Cu043a%5Cu041e%5Cu043d%5Cu0443%5Cu0441%5Cu043e%5Cu0432%22%2C+%22callback_data%22%3A+%22good%5Cu043a%5Cu041e%5Cu043d%5Cu0443%5Cu0441%5Cu043e%5Cu0432%22%7D%5D%2C+%5B%7B%22text%22%3A+%22%5Cu043a%5Cu043e%5Cu043d%5Cu0423%5Cu0441%5Cu043e%5Cu0432%22%2C+%22callback_data%22%3A+%22bad%5Cu043a%5Cu043e%5Cu043d%5Cu0423%5Cu0441%5Cu043e%5Cu0432%22%7D%5D%2C+%5B%7B%22text%22%3A+%22%5Cu043a%5Cu043e%5Cu043d%5Cu0443%5Cu0441%5Cu041e%5Cu0432%22%2C+%22callback_data%22%3A+%22bad%5Cu043a%5Cu043e%5Cu043d%5Cu0443%5Cu0441%5Cu041e%5Cu0432%22%7D%5D%5D%7D&parse_mode=MarkdownV2 HTTP/1.1" 200 980
2021-05-08 14:43:17,596 INFO gave Valeriya Bass word конусов
2021-05-08 14:43:18,915 DEBUG https://api.telegram.org:443 "GET /bot1639467970:AAEXXyaLvwq1LIe9rOMjo0AzyhMlVKl-3Xc/getUpdates?offset=115690345&timeout=20 HTTP/1.1" 200 1260
2021-05-08 14:43:19,052 DEBUG https://api.telegram.org:443 "POST /bot1639467970:AAEXXyaLvwq1LIe9rOMjo0AzyhMlVKl-3Xc/editMessageText?text=%D0%BF%D1%80%D0%B0%D0%B2%D0%B8%D0%BB%D1%8C%D0%BD%D0%BE%E2%9C%85%0A%D0%BE%D1%82%D0%B2%D0%B5%D1%82%3A+%D0%BA%D0%9E%D0%BD%D1%83%D1%81%D0%BE%D0%B2%0A%D1%82%D1%8B+%D0%BF%D0%BE%D0%BB%D1%83%D1%87%D0%B8%D0%BB+1+%D0%B5%D0%B4%D0%B8%D0%BD%D0%B8%D1%86%D1%83+%D1%80%D0%B5%D0%B9%D1%82%D0%B8%D0%BD%D0%B3%D0%B0%21&chat_id=873809387&message_id=10041 HTTP/1.1" 200 669
2021-05-08 14:43:19,052 INFO Valeriya Bass answered конусов correct, +1 rating
2021-05-08 14:43:19,059 DEBUG main info database updated
2021-05-08 14:43:19,068 DEBUG used info database updated
2021-05-08 14:43:19,070 DEBUG achievement info database updated
2021-05-08 14:43:19,070 INFO all databases updated
2021-05-08 14:43:19,929 DEBUG https://api.telegram.org:443 "GET /bot1639467970:AAEXXyaLvwq1LIe9rOMjo0AzyhMlVKl-3Xc/getUpdates?offset=115690346&timeout=20 HTTP/1.1" 200 324
2021-05-08 14:43:19,929 INFO Valeriya Bass texted слово!
2021-05-08 14:43:20,026 DEBUG https://api.telegram.org:443 "POST /bot1639467970:AAEXXyaLvwq1LIe9rOMjo0AzyhMlVKl-3Xc/sendMessage?chat_id=873809387&text=%D0%BF%D0%BE%D1%81%D1%82%D0%B0%D0%B2%D1%8C+%D1%83%D0%B4%D0%B0%D1%80%D0%B5%D0%BD%D0%B8%D0%B5+%D0%B2+%D1%81%D0%BB%D0%BE%D0%B2%D0%B5+%2A%D0%B8%D0%BA%D1%81%D1%8B%2A&reply_markup=%7B%22inline_keyboard%22%3A+%5B%5B%7B%22text%22%3A+%22%5Cu0418%5Cu043a%5Cu0441%5Cu044b%22%2C+%22callback_data%22%3A+%22good%5Cu0418%5Cu043a%5Cu0441%5Cu044b%22%7D%5D%2C+%5B%7B%22text%22%3A+%22%5Cu0438%5Cu043a%5Cu0441%5Cu042b%22%2C+%22callback_data%22%3A+%22bad%5Cu0438%5Cu043a%5Cu0441%5Cu042b%22%7D%5D%5D%7D&parse_mode=MarkdownV2 HTTP/1.1" 200 770
2021-05-08 14:43:20,027 INFO gave Valeriya Bass word иксы
2021-05-08 14:43:21,100 DEBUG https://api.telegram.org:443 "GET /bot1639467970:AAEXXyaLvwq1LIe9rOMjo0AzyhMlVKl-3Xc/getUpdates?offset=115690347&timeout=20 HTTP/1.1" 200 1032
2021-05-08 14:43:21,222 DEBUG https://api.telegram.org:443 "POST /bot1639467970:AAEXXyaLvwq1LIe9rOMjo0AzyhMlVKl-3Xc/editMessageText?text=%D0%BF%D1%80%D0%B0%D0%B2%D0%B8%D0%BB%D1%8C%D0%BD%D0%BE%E2%9C%85%0A%D0%BE%D1%82%D0%B2%D0%B5%D1%82%3A+%D0%98%D0%BA%D1%81%D1%8B%0A%D1%82%D1%8B+%D0%BF%D0%BE%D0%BB%D1%83%D1%87%D0%B8%D0%BB+1+%D0%B5%D0%B4%D0%B8%D0%BD%D0%B8%D1%86%D1%83+%D1%80%D0%B5%D0%B9%D1%82%D0%B8%D0%BD%D0%B3%D0%B0%21&chat_id=873809387&message_id=10043 HTTP/1.1" 200 651
2021-05-08 14:43:21,222 INFO Valeriya Bass answered иксы correct, +1 rating
2021-05-08 14:43:21,229 DEBUG main info database updated
2021-05-08 14:43:21,237 DEBUG used info database updated
2021-05-08 14:43:21,240 DEBUG achievement info database updated
2021-05-08 14:43:21,240 INFO all databases updated
2021-05-08 14:43:22,012 DEBUG https://api.telegram.org:443 "GET /bot1639467970:AAEXXyaLvwq1LIe9rOMjo0AzyhMlVKl-3Xc/getUpdates?offset=115690348&timeout=20 HTTP/1.1" 200 324
2021-05-08 14:43:22,013 INFO Valeriya Bass texted слово!
2021-05-08 14:43:22,116 DEBUG https://api.telegram.org:443 "POST /bot1639467970:AAEXXyaLvwq1LIe9rOMjo0AzyhMlVKl-3Xc/sendMessage?chat_id=873809387&text=%D0%BF%D0%BE%D1%81%D1%82%D0%B0%D0%B2%D1%8C+%D1%83%D0%B4%D0%B0%D1%80%D0%B5%D0%BD%D0%B8%D0%B5+%D0%B2+%D1%81%D0%BB%D0%BE%D0%B2%D0%B5+%2A%D0%BE%D0%B1%D0%BB%D0%B5%D0%B3%D1%87%D0%B8%D1%82%2A&reply_markup=%7B%22inline_keyboard%22%3A+%5B%5B%7B%22text%22%3A+%22%5Cu041e%5Cu0431%5Cu043b%5Cu0435%5Cu0433%5Cu0447%5Cu0438%5Cu0442%22%2C+%22callback_data%22%3A+%22bad%5Cu041e%5Cu0431%5Cu043b%5Cu0435%5Cu0433%5Cu0447%5Cu0438%5Cu0442%22%7D%5D%2C+%5B%7B%22text%22%3A+%22%5Cu043e%5Cu0431%5Cu043b%5Cu0415%5Cu0433%5Cu0447%5Cu0438%5Cu0442%22%2C+%22callback_data%22%3A+%22bad%5Cu043e%5Cu0431%5Cu043b%5Cu0415%5Cu0433%5Cu0447%5Cu0438%5Cu0442%22%7D%5D%2C+%5B%7B%22text%22%3A+%22%5Cu043e%5Cu0431%5Cu043b%5Cu0435%5Cu0433%5Cu0447%5Cu0418%5Cu0442%22%2C+%22callback_data%22%3A+%22good%5Cu043e%5Cu0431%5Cu043b%5Cu0435%5Cu0433%5Cu0447%5Cu0418%5Cu0442%22%7D%5D%5D%7D&parse_mode=MarkdownV2 HTTP/1.1" 200 1022
2021-05-08 14:43:22,116 INFO gave Valeriya Bass word облегчит
2021-05-08 14:43:24,120 DEBUG https://api.telegram.org:443 "GET /bot1639467970:AAEXXyaLvwq1LIe9rOMjo0AzyhMlVKl-3Xc/getUpdates?offset=115690349&timeout=20 HTTP/1.1" 200 1308
2021-05-08 14:43:24,246 DEBUG https://api.telegram.org:443 "POST /bot1639467970:AAEXXyaLvwq1LIe9rOMjo0AzyhMlVKl-3Xc/editMessageText?text=%D0%BF%D1%80%D0%B0%D0%B2%D0%B8%D0%BB%D1%8C%D0%BD%D0%BE%E2%9C%85%0A%D0%BE%D1%82%D0%B2%D0%B5%D1%82%3A+%D0%BE%D0%B1%D0%BB%D0%B5%D0%B3%D1%87%D0%98%D1%82%0A%D1%82%D1%8B+%D0%BF%D0%BE%D0%BB%D1%83%D1%87%D0%B8%D0%BB+1+%D0%B5%D0%B4%D0%B8%D0%BD%D0%B8%D1%86%D1%83+%D1%80%D0%B5%D0%B9%D1%82%D0%B8%D0%BD%D0%B3%D0%B0%21&chat_id=873809387&message_id=10045 HTTP/1.1" 200 675
2021-05-08 14:43:24,247 INFO Valeriya Bass answered облегчит correct, +1 rating
2021-05-08 14:43:24,253 DEBUG main info database updated
2021-05-08 14:43:24,262 DEBUG used info database updated
2021-05-08 14:43:24,265 DEBUG achievement info database updated
2021-05-08 14:43:24,265 INFO all databases updated
2021-05-08 14:43:25,405 DEBUG https://api.telegram.org:443 "GET /bot1639467970:AAEXXyaLvwq1LIe9rOMjo0AzyhMlVKl-3Xc/getUpdates?offset=115690350&timeout=20 HTTP/1.1" 200 324
2021-05-08 14:43:25,406 INFO Valeriya Bass texted слово!
2021-05-08 14:43:25,485 DEBUG https://api.telegram.org:443 "POST /bot1639467970:AAEXXyaLvwq1LIe9rOMjo0AzyhMlVKl-3Xc/sendMessage?chat_id=873809387&text=%D0%BF%D0%BE%D1%81%D1%82%D0%B0%D0%B2%D1%8C+%D1%83%D0%B4%D0%B0%D1%80%D0%B5%D0%BD%D0%B8%D0%B5+%D0%B2+%D1%81%D0%BB%D0%BE%D0%B2%D0%B5+%2A%D0%B4%D0%BE%D0%B1%D1%80%D0%B0%D0%BB%D0%B0%2A&reply_markup=%7B%22inline_keyboard%22%3A+%5B%5B%7B%22text%22%3A+%22%5Cu0434%5Cu041e%5Cu0431%5Cu0440%5Cu0430%5Cu043b%5Cu0430%22%2C+%22callback_data%22%3A+%22bad%5Cu0434%5Cu041e%5Cu0431%5Cu0440%5Cu0430%5Cu043b%5Cu0430%22%7D%5D%2C+%5B%7B%22text%22%3A+%22%5Cu0434%5Cu043e%5Cu0431%5Cu0440%5Cu0410%5Cu043b%5Cu0430%22%2C+%22callback_data%22%3A+%22bad%5Cu0434%5Cu043e%5Cu0431%5Cu0440%5Cu0410%5Cu043b%5Cu0430%22%7D%5D%2C+%5B%7B%22text%22%3A+%22%5Cu0434%5Cu043e%5Cu0431%5Cu0440%5Cu0430%5Cu043b%5Cu0410%22%2C+%22callback_data%22%3A+%22good%5Cu0434%5Cu043e%5Cu0431%5Cu0440%5Cu0430%5Cu043b%5Cu0410%22%7D%5D%5D%7D&parse_mode=MarkdownV2 HTTP/1.1" 200 980
2021-05-08 14:43:25,486 INFO gave Valeriya Bass word добрала
2021-05-08 14:43:27,782 DEBUG https://api.telegram.org:443 "GET /bot1639467970:AAEXXyaLvwq1LIe9rOMjo0AzyhMlVKl-3Xc/getUpdates?offset=115690351&timeout=20 HTTP/1.1" 200 1260
2021-05-08 14:43:27,980 DEBUG https://api.telegram.org:443 "POST /bot1639467970:AAEXXyaLvwq1LIe9rOMjo0AzyhMlVKl-3Xc/editMessageText?text=%D0%BF%D1%80%D0%B0%D0%B2%D0%B8%D0%BB%D1%8C%D0%BD%D0%BE%E2%9C%85%0A%D0%BE%D1%82%D0%B2%D0%B5%D1%82%3A+%D0%B4%D0%BE%D0%B1%D1%80%D0%B0%D0%BB%D0%90%0A%D1%82%D1%8B+%D0%BF%D0%BE%D0%BB%D1%83%D1%87%D0%B8%D0%BB+1+%D0%B5%D0%B4%D0%B8%D0%BD%D0%B8%D1%86%D1%83+%D1%80%D0%B5%D0%B9%D1%82%D0%B8%D0%BD%D0%B3%D0%B0%21&chat_id=873809387&message_id=10047 HTTP/1.1" 200 669
2021-05-08 14:43:27,980 INFO Valeriya Bass answered добрала correct, +1 rating
2021-05-08 14:43:27,986 DEBUG main info database updated
2021-05-08 14:43:27,995 DEBUG used info database updated
2021-05-08 14:43:27,997 DEBUG achievement info database updated
2021-05-08 14:43:27,998 INFO all databases updated
2021-05-08 14:43:29,196 DEBUG https://api.telegram.org:443 "GET /bot1639467970:AAEXXyaLvwq1LIe9rOMjo0AzyhMlVKl-3Xc/getUpdates?offset=115690352&timeout=20 HTTP/1.1" 200 324
2021-05-08 14:43:29,196 INFO Valeriya Bass texted слово!
2021-05-08 14:43:29,284 DEBUG https://api.telegram.org:443 "POST /bot1639467970:AAEXXyaLvwq1LIe9rOMjo0AzyhMlVKl-3Xc/sendMessage?chat_id=873809387&text=%D0%BF%D0%BE%D1%81%D1%82%D0%B0%D0%B2%D1%8C+%D1%83%D0%B4%D0%B0%D1%80%D0%B5%D0%BD%D0%B8%D0%B5+%D0%B2+%D1%81%D0%BB%D0%BE%D0%B2%D0%B5+%2A%D0%BF%D0%BE%D0%B2%D1%82%D0%BE%D1%80%D0%B5%D0%BD%D0%BD%D1%8B%D0%B9%2A&reply_markup=%7B%22inline_keyboard%22%3A+%5B%5B%7B%22text%22%3A+%22%5Cu043f%5Cu041e%5Cu0432%5Cu0442%5Cu043e%5Cu0440%5Cu0435%5Cu043d%5Cu043d%5Cu044b%5Cu0439%22%2C+%22callback_data%22%3A+%22bad%5Cu043f%5Cu041e%5Cu0432%5Cu0442%5Cu043e%5Cu0440%5Cu0435%5Cu043d%5Cu043d%5Cu044b%5Cu0439%22%7D%5D%2C+%5B%7B%22text%22%3A+%22%5Cu043f%5Cu043e%5Cu0432%5Cu0442%5Cu041e%5Cu0440%5Cu0435%5Cu043d%5Cu043d%5Cu044b%5Cu0439%22%2C+%22callback_data%22%3A+%22bad%5Cu043f%5Cu043e%5Cu0432%5Cu0442%5Cu041e%5Cu0440%5Cu0435%5Cu043d%5Cu043d%5Cu044b%5Cu0439%22%7D%5D%2C+%5B%7B%22text%22%3A+%22%5Cu043f%5Cu043e%5Cu0432%5Cu0442%5Cu043e%5Cu0440%5Cu0415%5Cu043d%5Cu043d%5Cu044b%5Cu0439%22%2C+%22callback_data%22%3A+%22good%5Cu043f%5Cu043e%5Cu0432%5Cu0442%5Cu043e%5Cu0440%5Cu0415%5Cu043d%5Cu043d%5Cu044b%5Cu0439%22%7D%5D%2C+%5B%7B%22text%22%3A+%22%5Cu043f%5Cu043e%5Cu0432%5Cu0442%5Cu043e%5Cu0440%5Cu0435%5Cu043d%5Cu043d%5Cu042b%5Cu0439%22%2C+%22callback_data%22%3A+%22bad%5Cu043f%5Cu043e%5Cu0432%5Cu0442%5Cu043e%5Cu0440%5Cu0435%5Cu043d%5Cu043d%5Cu042b%5Cu0439%22%7D%5D%5D%7D&parse_mode=MarkdownV2 HTTP/1.1" 200 1317
2021-05-08 14:43:29,284 INFO gave Valeriya Bass word повторенный
2021-05-08 14:43:32,595 DEBUG https://api.telegram.org:443 "GET /bot1639467970:AAEXXyaLvwq1LIe9rOMjo0AzyhMlVKl-3Xc/getUpdates?offset=115690353&timeout=20 HTTP/1.1" 200 1621
2021-05-08 14:43:32,707 DEBUG https://api.telegram.org:443 "POST /bot1639467970:AAEXXyaLvwq1LIe9rOMjo0AzyhMlVKl-3Xc/editMessageText?text=%D0%BF%D1%80%D0%B0%D0%B2%D0%B8%D0%BB%D1%8C%D0%BD%D0%BE%E2%9C%85%0A%D0%BE%D1%82%D0%B2%D0%B5%D1%82%3A+%D0%BF%D0%BE%D0%B2%D1%82%D0%BE%D1%80%D0%95%D0%BD%D0%BD%D1%8B%D0%B9%0A%D1%82%D1%8B+%D0%BF%D0%BE%D0%BB%D1%83%D1%87%D0%B8%D0%BB+1+%D0%B5%D0%B4%D0%B8%D0%BD%D0%B8%D1%86%D1%83+%D1%80%D0%B5%D0%B9%D1%82%D0%B8%D0%BD%D0%B3%D0%B0%21&chat_id=873809387&message_id=10049 HTTP/1.1" 200 693
2021-05-08 14:43:32,707 INFO Valeriya Bass answered повторенный correct, +1 rating
2021-05-08 14:43:32,713 DEBUG main info database updated
2021-05-08 14:43:32,723 DEBUG used info database updated
2021-05-08 14:43:32,725 DEBUG achievement info database updated
2021-05-08 14:43:32,725 INFO all databases updated
2021-05-08 14:43:34,239 DEBUG https://api.telegram.org:443 "GET /bot1639467970:AAEXXyaLvwq1LIe9rOMjo0AzyhMlVKl-3Xc/getUpdates?offset=115690354&timeout=20 HTTP/1.1" 200 324
2021-05-08 14:43:34,240 INFO Valeriya Bass texted слово!
2021-05-08 14:43:34,320 DEBUG https://api.telegram.org:443 "POST /bot1639467970:AAEXXyaLvwq1LIe9rOMjo0AzyhMlVKl-3Xc/sendMessage?chat_id=873809387&text=%D0%BF%D0%BE%D1%81%D1%82%D0%B0%D0%B2%D1%8C+%D1%83%D0%B4%D0%B0%D1%80%D0%B5%D0%BD%D0%B8%D0%B5+%D0%B2+%D1%81%D0%BB%D0%BE%D0%B2%D0%B5+%2A%D0%BF%D0%BE%D1%80%D1%82%D1%84%D0%B5%D0%BB%D1%8C%2A&reply_markup=%7B%22inline_keyboard%22%3A+%5B%5B%7B%22text%22%3A+%22%5Cu043f%5Cu041e%5Cu0440%5Cu0442%5Cu0444%5Cu0435%5Cu043b%5Cu044c%22%2C+%22callback_data%22%3A+%22bad%5Cu043f%5Cu041e%5Cu0440%5Cu0442%5Cu0444%5Cu0435%5Cu043b%5Cu044c%22%7D%5D%2C+%5B%7B%22text%22%3A+%22%5Cu043f%5Cu043e%5Cu0440%5Cu0442%5Cu0444%5Cu0415%5Cu043b%5Cu044c%22%2C+%22callback_data%22%3A+%22good%5Cu043f%5Cu043e%5Cu0440%5Cu0442%5Cu0444%5Cu0415%5Cu043b%5Cu044c%22%7D%5D%5D%7D&parse_mode=MarkdownV2 HTTP/1.1" 200 890
2021-05-08 14:43:34,321 INFO gave Valeriya Bass word портфель
2021-05-08 14:43:35,760 DEBUG https://api.telegram.org:443 "GET /bot1639467970:AAEXXyaLvwq1LIe9rOMjo0AzyhMlVKl-3Xc/getUpdates?offset=115690355&timeout=20 HTTP/1.1" 200 1176
2021-05-08 14:43:35,937 DEBUG https://api.telegram.org:443 "POST /bot1639467970:AAEXXyaLvwq1LIe9rOMjo0AzyhMlVKl-3Xc/editMessageText?text=%D0%BF%D1%80%D0%B0%D0%B2%D0%B8%D0%BB%D1%8C%D0%BD%D0%BE%E2%9C%85%0A%D0%BE%D1%82%D0%B2%D0%B5%D1%82%3A+%D0%BF%D0%BE%D1%80%D1%82%D1%84%D0%95%D0%BB%D1%8C%0A%D1%82%D1%8B+%D0%BF%D0%BE%D0%BB%D1%83%D1%87%D0%B8%D0%BB+1+%D0%B5%D0%B4%D0%B8%D0%BD%D0%B8%D1%86%D1%83+%D1%80%D0%B5%D0%B9%D1%82%D0%B8%D0%BD%D0%B3%D0%B0%21&chat_id=873809387&message_id=10051 HTTP/1.1" 200 675
2021-05-08 14:43:35,937 INFO Valeriya Bass answered портфель correct, +1 rating
2021-05-08 14:43:35,945 DEBUG main info database updated
2021-05-08 14:43:35,953 DEBUG used info database updated
2021-05-08 14:43:35,955 DEBUG achievement info database updated
2021-05-08 14:43:35,955 INFO all databases updated
2021-05-08 14:43:37,498 DEBUG https://api.telegram.org:443 "GET /bot1639467970:AAEXXyaLvwq1LIe9rOMjo0AzyhMlVKl-3Xc/getUpdates?offset=115690356&timeout=20 HTTP/1.1" 200 324
2021-05-08 14:43:37,499 INFO Valeriya Bass texted слово!
2021-05-08 14:43:37,615 DEBUG https://api.telegram.org:443 "POST /bot1639467970:AAEXXyaLvwq1LIe9rOMjo0AzyhMlVKl-3Xc/sendMessage?chat_id=873809387&text=%D0%BF%D0%BE%D1%81%D1%82%D0%B0%D0%B2%D1%8C+%D1%83%D0%B4%D0%B0%D1%80%D0%B5%D0%BD%D0%B8%D0%B5+%D0%B2+%D1%81%D0%BB%D0%BE%D0%B2%D0%B5+%2A%D0%BE%D1%81%D0%B2%D0%B5%D0%B4%D0%BE%D0%BC%D0%B8%D1%88%D1%8C%D1%81%D1%8F%2A&reply_markup=%7B%22inline_keyboard%22%3A+%5B%5B%7B%22text%22%3A+%22%5Cu041e%5Cu0441%5Cu0432%5Cu0435%5Cu0434%5Cu043e%5Cu043c%5Cu0438%5Cu0448%5Cu044c%5Cu0441%5Cu044f%22%2C+%22callback_data%22%3A+%22bad%5Cu041e%5Cu0441%5Cu0432%5Cu0435%5Cu0434%5Cu043e%5Cu043c%5Cu0438%5Cu0448%5Cu044c%5Cu0441%5Cu044f%22%7D%5D%2C+%5B%7B%22text%22%3A+%22%5Cu043e%5Cu0441%5Cu0432%5Cu0415%5Cu0434%5Cu043e%5Cu043c%5Cu0438%5Cu0448%5Cu044c%5Cu0441%5Cu044f%22%2C+%22callback_data%22%3A+%22good%5Cu043e%5Cu0441%5Cu0432%5Cu0415%5Cu0434%5Cu043e%5Cu043c%5Cu0438%5Cu0448%5Cu044c%5Cu0441%5Cu044f%22%7D%5D%2C+%5B%7B%22text%22%3A+%22%5Cu043e%5Cu0441%5Cu0432%5Cu0435%5Cu0434%5Cu041e%5Cu043c%5Cu0438%5Cu0448%5Cu044c%5Cu0441%5Cu044f%22%2C+%22callback_data%22%3A+%22bad%5Cu043e%5Cu0441%5Cu0432%5Cu0435%5Cu0434%5Cu041e%5Cu043c%5Cu0438%5Cu0448%5Cu044c%5Cu0441%5Cu044f%22%7D%5D%2C+%5B%7B%22text%22%3A+%22%5Cu043e%5Cu0441%5Cu0432%5Cu0435%5Cu0434%5Cu043e%5Cu043c%5Cu0418%5Cu0448%5Cu044c%5Cu0441%5Cu044f%22%2C+%22callback_data%22%3A+%22bad%5Cu043e%5Cu0441%5Cu0432%5Cu0435%5Cu0434%5Cu043e%5Cu043c%5Cu0418%5Cu0448%5Cu044c%5Cu0441%5Cu044f%22%7D%5D%2C+%5B%7B%22text%22%3A+%22%5Cu043e%5Cu0441%5Cu0432%5Cu0435%5Cu0434%5Cu043e%5Cu043c%5Cu0438%5Cu0448%5Cu044c%5Cu0441%5Cu042f%22%2C+%22callback_data%22%3A+%22bad%5Cu043e%5Cu0441%5Cu0432%5Cu0435%5Cu0434%5Cu043e%5Cu043c%5Cu0438%5Cu0448%5Cu044c%5Cu0441%5Cu042f%22%7D%5D%5D%7D&parse_mode=MarkdownV2 HTTP/1.1" 200 1551
2021-05-08 14:43:37,615 INFO gave Valeriya Bass word осведомишься
2021-05-08 14:43:39,384 DEBUG https://api.telegram.org:443 "GET /bot1639467970:AAEXXyaLvwq1LIe9rOMjo0AzyhMlVKl-3Xc/getUpdates?offset=115690357&timeout=20 HTTP/1.1" 200 1861
2021-05-08 14:43:39,501 DEBUG https://api.telegram.org:443 "POST /bot1639467970:AAEXXyaLvwq1LIe9rOMjo0AzyhMlVKl-3Xc/editMessageText?text=%D0%BF%D1%80%D0%B0%D0%B2%D0%B8%D0%BB%D1%8C%D0%BD%D0%BE%E2%9C%85%0A%D0%BE%D1%82%D0%B2%D0%B5%D1%82%3A+%D0%BE%D1%81%D0%B2%D0%95%D0%B4%D0%BE%D0%BC%D0%B8%D1%88%D1%8C%D1%81%D1%8F%0A%D1%82%D1%8B+%D0%BF%D0%BE%D0%BB%D1%83%D1%87%D0%B8%D0%BB+1+%D0%B5%D0%B4%D0%B8%D0%BD%D0%B8%D1%86%D1%83+%D1%80%D0%B5%D0%B9%D1%82%D0%B8%D0%BD%D0%B3%D0%B0%21&chat_id=873809387&message_id=10053 HTTP/1.1" 200 699
2021-05-08 14:43:39,502 INFO Valeriya Bass answered осведомишься correct, +1 rating
2021-05-08 14:43:39,512 DEBUG main info database updated
2021-05-08 14:43:39,519 DEBUG used info database updated
2021-05-08 14:43:39,522 DEBUG achievement info database updated
2021-05-08 14:43:39,522 INFO all databases updated
2021-05-08 14:43:41,044 DEBUG https://api.telegram.org:443 "GET /bot1639467970:AAEXXyaLvwq1LIe9rOMjo0AzyhMlVKl-3Xc/getUpdates?offset=115690358&timeout=20 HTTP/1.1" 200 324
2021-05-08 14:43:41,044 INFO Valeriya Bass texted слово!
2021-05-08 14:43:41,122 DEBUG https://api.telegram.org:443 "POST /bot1639467970:AAEXXyaLvwq1LIe9rOMjo0AzyhMlVKl-3Xc/sendMessage?chat_id=873809387&text=%D0%BF%D0%BE%D1%81%D1%82%D0%B0%D0%B2%D1%8C+%D1%83%D0%B4%D0%B0%D1%80%D0%B5%D0%BD%D0%B8%D0%B5+%D0%B2+%D1%81%D0%BB%D0%BE%D0%B2%D0%B5+%2A%D0%BF%D0%B5%D1%80%D0%B5%D0%BB%D0%B8%D0%BB%D0%B0%2A&reply_markup=%7B%22inline_keyboard%22%3A+%5B%5B%7B%22text%22%3A+%22%5Cu043f%5Cu0415%5Cu0440%5Cu0435%5Cu043b%5Cu0438%5Cu043b%5Cu0430%22%2C+%22callback_data%22%3A+%22bad%5Cu043f%5Cu0415%5Cu0440%5Cu0435%5Cu043b%5Cu0438%5Cu043b%5Cu0430%22%7D%5D%2C+%5B%7B%22text%22%3A+%22%5Cu043f%5Cu0435%5Cu0440%5Cu0415%5Cu043b%5Cu0438%5Cu043b%5Cu0430%22%2C+%22callback_data%22%3A+%22bad%5Cu043f%5Cu0435%5Cu0440%5Cu0415%5Cu043b%5Cu0438%5Cu043b%5Cu0430%22%7D%5D%2C+%5B%7B%22text%22%3A+%22%5Cu043f%5Cu0435%5Cu0440%5Cu0435%5Cu043b%5Cu0418%5Cu043b%5Cu0430%22%2C+%22callback_data%22%3A+%22bad%5Cu043f%5Cu0435%5Cu0440%5Cu0435%5Cu043b%5Cu0418%5Cu043b%5Cu0430%22%7D%5D%2C+%5B%7B%22text%22%3A+%22%5Cu043f%5Cu0435%5Cu0440%5Cu0435%5Cu043b%5Cu0438%5Cu043b%5Cu0410%22%2C+%22callback_data%22%3A+%22good%5Cu043f%5Cu0435%5Cu0440%5Cu0435%5Cu043b%5Cu0438%5Cu043b%5Cu0410%22%7D%5D%5D%7D&parse_mode=MarkdownV2 HTTP/1.1" 200 1154
2021-05-08 14:43:41,123 INFO gave Valeriya Bass word перелила
2021-05-08 14:43:42,758 DEBUG https://api.telegram.org:443 "GET /bot1639467970:AAEXXyaLvwq1LIe9rOMjo0AzyhMlVKl-3Xc/getUpdates?offset=115690359&timeout=20 HTTP/1.1" 200 1440
2021-05-08 14:43:42,893 DEBUG https://api.telegram.org:443 "POST /bot1639467970:AAEXXyaLvwq1LIe9rOMjo0AzyhMlVKl-3Xc/editMessageText?text=%D0%BF%D1%80%D0%B0%D0%B2%D0%B8%D0%BB%D1%8C%D0%BD%D0%BE%E2%9C%85%0A%D0%BE%D1%82%D0%B2%D0%B5%D1%82%3A+%D0%BF%D0%B5%D1%80%D0%B5%D0%BB%D0%B8%D0%BB%D0%90%0A%D1%82%D1%8B+%D0%BF%D0%BE%D0%BB%D1%83%D1%87%D0%B8%D0%BB+1+%D0%B5%D0%B4%D0%B8%D0%BD%D0%B8%D1%86%D1%83+%D1%80%D0%B5%D0%B9%D1%82%D0%B8%D0%BD%D0%B3%D0%B0%21&chat_id=873809387&message_id=10055 HTTP/1.1" 200 675
2021-05-08 14:43:42,893 INFO Valeriya Bass answered перелила correct, +1 rating
2021-05-08 14:43:42,900 DEBUG main info database updated
2021-05-08 14:43:42,909 DEBUG used info database updated
2021-05-08 14:43:42,911 DEBUG achievement info database updated
2021-05-08 14:43:42,911 INFO all databases updated
2021-05-08 14:43:43,603 DEBUG https://api.telegram.org:443 "GET /bot1639467970:AAEXXyaLvwq1LIe9rOMjo0AzyhMlVKl-3Xc/getUpdates?offset=115690360&timeout=20 HTTP/1.1" 200 324
2021-05-08 14:43:43,603 INFO Valeriya Bass texted слово!
2021-05-08 14:43:43,696 DEBUG https://api.telegram.org:443 "POST /bot1639467970:AAEXXyaLvwq1LIe9rOMjo0AzyhMlVKl-3Xc/sendMessage?chat_id=873809387&text=%D0%BF%D0%BE%D1%81%D1%82%D0%B0%D0%B2%D1%8C+%D1%83%D0%B4%D0%B0%D1%80%D0%B5%D0%BD%D0%B8%D0%B5+%D0%B2+%D1%81%D0%BB%D0%BE%D0%B2%D0%B5+%2A%D0%BD%D0%B5%D0%BA%D1%80%D0%BE%D0%BB%D0%BE%D0%B3%2A&reply_markup=%7B%22inline_keyboard%22%3A+%5B%5B%7B%22text%22%3A+%22%5Cu043d%5Cu0415%5Cu043a%5Cu0440%5Cu043e%5Cu043b%5Cu043e%5Cu0433%22%2C+%22callback_data%22%3A+%22bad%5Cu043d%5Cu0415%5Cu043a%5Cu0440%5Cu043e%5Cu043b%5Cu043e%5Cu0433%22%7D%5D%2C+%5B%7B%22text%22%3A+%22%5Cu043d%5Cu0435%5Cu043a%5Cu0440%5Cu041e%5Cu043b%5Cu043e%5Cu0433%22%2C+%22callback_data%22%3A+%22bad%5Cu043d%5Cu0435%5Cu043a%5Cu0440%5Cu041e%5Cu043b%5Cu043e%5Cu0433%22%7D%5D%2C+%5B%7B%22text%22%3A+%22%5Cu043d%5Cu0435%5Cu043a%5Cu0440%5Cu043e%5Cu043b%5Cu041e%5Cu0433%22%2C+%22callback_data%22%3A+%22good%5Cu043d%5Cu0435%5Cu043a%5Cu0440%5Cu043e%5Cu043b%5Cu041e%5Cu0433%22%7D%5D%5D%7D&parse_mode=MarkdownV2 HTTP/1.1" 200 1022
2021-05-08 14:43:43,696 INFO gave Valeriya Bass word некролог
2021-05-08 14:43:50,238 DEBUG https://api.telegram.org:443 "GET /bot1639467970:AAEXXyaLvwq1LIe9rOMjo0AzyhMlVKl-3Xc/getUpdates?offset=115690361&timeout=20 HTTP/1.1" 200 1308
2021-05-08 14:43:50,356 DEBUG https://api.telegram.org:443 "POST /bot1639467970:AAEXXyaLvwq1LIe9rOMjo0AzyhMlVKl-3Xc/editMessageText?text=%D0%BF%D1%80%D0%B0%D0%B2%D0%B8%D0%BB%D1%8C%D0%BD%D0%BE%E2%9C%85%0A%D0%BE%D1%82%D0%B2%D0%B5%D1%82%3A+%D0%BD%D0%B5%D0%BA%D1%80%D0%BE%D0%BB%D0%9E%D0%B3%0A%D1%82%D1%8B+%D0%BF%D0%BE%D0%BB%D1%83%D1%87%D0%B8%D0%BB+1+%D0%B5%D0%B4%D0%B8%D0%BD%D0%B8%D1%86%D1%83+%D1%80%D0%B5%D0%B9%D1%82%D0%B8%D0%BD%D0%B3%D0%B0%21&chat_id=873809387&message_id=10057 HTTP/1.1" 200 675
2021-05-08 14:43:50,357 INFO Valeriya Bass answered некролог correct, +1 rating
2021-05-08 14:43:50,363 DEBUG main info database updated
2021-05-08 14:43:50,371 DEBUG used info database updated
2021-05-08 14:43:50,373 DEBUG achievement info database updated
2021-05-08 14:43:50,373 INFO all databases updated
2021-05-08 14:43:51,302 DEBUG https://api.telegram.org:443 "GET /bot1639467970:AAEXXyaLvwq1LIe9rOMjo0AzyhMlVKl-3Xc/getUpdates?offset=115690362&timeout=20 HTTP/1.1" 200 324
2021-05-08 14:43:51,302 INFO Valeriya Bass texted слово!
2021-05-08 14:43:51,397 DEBUG https://api.telegram.org:443 "POST /bot1639467970:AAEXXyaLvwq1LIe9rOMjo0AzyhMlVKl-3Xc/sendMessage?chat_id=873809387&text=%D0%BF%D0%BE%D1%81%D1%82%D0%B0%D0%B2%D1%8C+%D1%83%D0%B4%D0%B0%D1%80%D0%B5%D0%BD%D0%B8%D0%B5+%D0%B2+%D1%81%D0%BB%D0%BE%D0%B2%D0%B5+%2A%D1%80%D0%B0%D0%B7%D0%B1%D0%B0%D0%BB%D0%BE%D0%B2%D0%B0%D1%82%D1%8C%2A&reply_markup=%7B%22inline_keyboard%22%3A+%5B%5B%7B%22text%22%3A+%22%5Cu0440%5Cu0410%5Cu0437%5Cu0431%5Cu0430%5Cu043b%5Cu043e%5Cu0432%5Cu0430%5Cu0442%5Cu044c%22%2C+%22callback_data%22%3A+%22bad%5Cu0440%5Cu0410%5Cu0437%5Cu0431%5Cu0430%5Cu043b%5Cu043e%5Cu0432%5Cu0430%5Cu0442%5Cu044c%22%7D%5D%2C+%5B%7B%22text%22%3A+%22%5Cu0440%5Cu0430%5Cu0437%5Cu0431%5Cu0410%5Cu043b%5Cu043e%5Cu0432%5Cu0430%5Cu0442%5Cu044c%22%2C+%22callback_data%22%3A+%22bad%5Cu0440%5Cu0430%5Cu0437%5Cu0431%5Cu0410%5Cu043b%5Cu043e%5Cu0432%5Cu0430%5Cu0442%5Cu044c%22%7D%5D%2C+%5B%7B%22text%22%3A+%22%5Cu0440%5Cu0430%5Cu0437%5Cu0431%5Cu0430%5Cu043b%5Cu041e%5Cu0432%5Cu0430%5Cu0442%5Cu044c%22%2C+%22callback_data%22%3A+%22bad%5Cu0440%5Cu0430%5Cu0437%5Cu0431%5Cu0430%5Cu043b%5Cu041e%5Cu0432%5Cu0430%5Cu0442%5Cu044c%22%7D%5D%2C+%5B%7B%22text%22%3A+%22%5Cu0440%5Cu0430%5Cu0437%5Cu0431%5Cu0430%5Cu043b%5Cu043e%5Cu0432%5Cu0410%5Cu0442%5Cu044c%22%2C+%22callback_data%22%3A+%22good%5Cu0440%5Cu0430%5Cu0437%5Cu0431%5Cu0430%5Cu043b%5Cu043e%5Cu0432%5Cu0410%5Cu0442%5Cu044c%22%7D%5D%5D%7D&parse_mode=MarkdownV2 HTTP/1.1" 200 1317
2021-05-08 14:43:51,398 INFO gave Valeriya Bass word разбаловать
2021-05-08 14:43:54,637 DEBUG https://api.telegram.org:443 "GET /bot1639467970:AAEXXyaLvwq1LIe9rOMjo0AzyhMlVKl-3Xc/getUpdates?offset=115690363&timeout=20 HTTP/1.1" 200 1621
2021-05-08 14:43:54,785 DEBUG https://api.telegram.org:443 "POST /bot1639467970:AAEXXyaLvwq1LIe9rOMjo0AzyhMlVKl-3Xc/editMessageText?text=%D0%BF%D1%80%D0%B0%D0%B2%D0%B8%D0%BB%D1%8C%D0%BD%D0%BE%E2%9C%85%0A%D0%BE%D1%82%D0%B2%D0%B5%D1%82%3A+%D1%80%D0%B0%D0%B7%D0%B1%D0%B0%D0%BB%D0%BE%D0%B2%D0%90%D1%82%D1%8C%0A%D1%82%D1%8B+%D0%BF%D0%BE%D0%BB%D1%83%D1%87%D0%B8%D0%BB+1+%D0%B5%D0%B4%D0%B8%D0%BD%D0%B8%D1%86%D1%83+%D1%80%D0%B5%D0%B9%D1%82%D0%B8%D0%BD%D0%B3%D0%B0%21&chat_id=873809387&message_id=10059 HTTP/1.1" 200 693
2021-05-08 14:43:54,785 INFO Valeriya Bass answered разбаловать correct, +1 rating
2021-05-08 14:43:54,792 DEBUG main info database updated
2021-05-08 14:43:54,801 DEBUG used info database updated
2021-05-08 14:43:54,803 DEBUG achievement info database updated
2021-05-08 14:43:54,803 INFO all databases updated
2021-05-08 14:43:55,827 DEBUG https://api.telegram.org:443 "GET /bot1639467970:AAEXXyaLvwq1LIe9rOMjo0AzyhMlVKl-3Xc/getUpdates?offset=115690364&timeout=20 HTTP/1.1" 200 324
2021-05-08 14:43:55,827 INFO Valeriya Bass texted слово!
2021-05-08 14:43:55,904 DEBUG https://api.telegram.org:443 "POST /bot1639467970:AAEXXyaLvwq1LIe9rOMjo0AzyhMlVKl-3Xc/sendMessage?chat_id=873809387&text=%D0%BF%D0%BE%D1%81%D1%82%D0%B0%D0%B2%D1%8C+%D1%83%D0%B4%D0%B0%D1%80%D0%B5%D0%BD%D0%B8%D0%B5+%D0%B2+%D1%81%D0%BB%D0%BE%D0%B2%D0%B5+%2A%D0%B7%D0%B0%D0%B3%D0%BE%D0%B4%D1%8F%2A&reply_markup=%7B%22inline_keyboard%22%3A+%5B%5B%7B%22text%22%3A+%22%5Cu0437%5Cu0410%5Cu0433%5Cu043e%5Cu0434%5Cu044f%22%2C+%22callback_data%22%3A+%22good%5Cu0437%5Cu0410%5Cu0433%5Cu043e%5Cu0434%5Cu044f%22%7D%5D%2C+%5B%7B%22text%22%3A+%22%5Cu0437%5Cu0430%5Cu0433%5Cu041e%5Cu0434%5Cu044f%22%2C+%22callback_data%22%3A+%22bad%5Cu0437%5Cu0430%5Cu0433%5Cu041e%5Cu0434%5Cu044f%22%7D%5D%2C+%5B%7B%22text%22%3A+%22%5Cu0437%5Cu0430%5Cu0433%5Cu043e%5Cu0434%5Cu042f%22%2C+%22callback_data%22%3A+%22bad%5Cu0437%5Cu0430%5Cu0433%5Cu043e%5Cu0434%5Cu042f%22%7D%5D%5D%7D&parse_mode=MarkdownV2 HTTP/1.1" 200 938
2021-05-08 14:43:55,904 INFO gave Valeriya Bass word загодя
2021-05-08 14:44:00,554 DEBUG https://api.telegram.org:443 "GET /bot1639467970:AAEXXyaLvwq1LIe9rOMjo0AzyhMlVKl-3Xc/getUpdates?offset=115690365&timeout=20 HTTP/1.1" 200 1212
2021-05-08 14:44:00,694 DEBUG https://api.telegram.org:443 "POST /bot1639467970:AAEXXyaLvwq1LIe9rOMjo0AzyhMlVKl-3Xc/editMessageText?text=%D0%BF%D1%80%D0%B0%D0%B2%D0%B8%D0%BB%D1%8C%D0%BD%D0%BE%E2%9C%85%0A%D0%BE%D1%82%D0%B2%D0%B5%D1%82%3A+%D0%B7%D0%90%D0%B3%D0%BE%D0%B4%D1%8F%0A%D1%82%D1%8B+%D0%BF%D0%BE%D0%BB%D1%83%D1%87%D0%B8%D0%BB+1+%D0%B5%D0%B4%D0%B8%D0%BD%D0%B8%D1%86%D1%83+%D1%80%D0%B5%D0%B9%D1%82%D0%B8%D0%BD%D0%B3%D0%B0%21&chat_id=873809387&message_id=10061 HTTP/1.1" 200 663
2021-05-08 14:44:00,695 INFO Valeriya Bass answered загодя correct, +1 rating
2021-05-08 14:44:00,702 DEBUG main info database updated
2021-05-08 14:44:00,710 DEBUG used info database updated
2021-05-08 14:44:00,712 DEBUG achievement info database updated
2021-05-08 14:44:00,712 INFO all databases updated
