2021-05-09 15:15:37,097 DEBUG words:
0)облегчит
1)облегчить
2)ободрала
3)ободришься
4)проживший
5)завидно
6)кормящий
7)молящий
8)нанявшийся
9)корысть
10)краны
11)кремень
12)кремня
13)начавший
14)перезвонить
15)перезвонит
16)баловать
17)баловаться
18)избаловать
19)разбаловать
20)дозировать
21)добралась
22)добрала
23)гналась
24)красивее
25)красивейший
26)облилась
27)эксперт
28)мусоропровод
29)газопровод
30)нефтепровод
31)водопровод
32)партер
33)отбыла
34)обогнала
35)перелила
36)позвонит
37)сняла
38)сорит
39)принятый
40)опломбировать
41)аэропорты
42)еретик
43)отрочество
44)сироты
45)ловка
46)обострить
47)ободрить
48)слива
49)насорит
50)убыстрить
51)довезенный
52)затемно
53)диалог
54)монолог
55)некролог
56)опошлить
57)сортировать
58)премировать
59)накренится
60)налила
61)нарвала
62)обзвонить
63)обзвонит
64)положил
65)закупорить
66)принудить
67)убрала
68)углубить
69)лила
70)лилась
71)наврала
72)загодя
73)отдав
74)подняв
75)кухонный
76)смазлива
77)суетлива
78)болтлива
79)балуясь
80)отключенный
81)исчерпать
82)дозвонятся
83)новости
84)новостей
85)местностей
86)квартал
87)километр
88)сантиметр
89)дециметр
90)миллиметр
91)намерение
92)обнялась
93)оптовый
94)бороду
95)лекторы
96)мозаичный
97)верна
98)воссоздала
99)прибыл
100)портфель
101)поручни
102)приданое
103)призыв
104)нарост
105)недруг
106)недуг
107)каталог
108)ненависть
109)таможня
110)торты
111)тортов
112)цемент
113)сверлит
114)поделенный
115)ободренный
116)донельзя
117)закупорив
118)плодоносить
119)восприняла
120)бралась
121)жилось
122)поняла
123)наделит
124)отозвала
125)отозвалась
126)балованный
127)кровоточащий
128)низведенный
129)шофер
130)киоскер
131)контролер
132)гражданство
133)дефис
134)вероисповедание
135)диспансер
136)договоренность
137)начавшись
138)наверх
139)осведомишься
140)полила
141)лгала
142)дозвонится
143)взялась
144)надолго
145)поняв
146)заперта
147)определен
148)включит
149)включим
150)ноготь
151)ногтя
152)жалюзи
153)значимость
154)иксы
155)челюстей
156)добела
157)свекла
158)отдала
159)прибыло
160)черпать
161)бухгалтеров
162)статуя
163)столяр
164)маляр
165)дояр
166)школяр
167)прозорлива
168)включишь
169)включенный
170)включен
171)прирученный
172)сверлишь
173)озлобить
174)сливовый
175)занял
176)откупорил
177)послала
178)средства
179)созыв
180)лекторов
181)доверху
182)конусы
183)конусов
184)документ
185)досуг
186)лыжня
187)почестей
188)щелкать
189)прибыв
190)ненадолго
191)надорвалась
192)ждала
193)гнала
194)загнутый
195)наживший
196)повторенный
197)согнутый
198)начав
199)создала
200)банты
201)нормировать
202)цепочка
203)шарфы
204)баловень
205)вручит
206)звонит
207)клала
208)кралась
209)одолжит

2021-05-09 15:15:37,098 INFO words loaded, count= 210
2021-05-09 15:15:37,099 DEBUG users:
0) 873809387 Valeriya Bass
1) 497421569 Rustam Fakhretdinov
2) 1698886007 Виктория None
3) 817831255 Саша None
4) 413524472 Wigga None

2021-05-09 15:15:37,100 INFO users loaded, count= 5
2021-05-09 15:15:37,107 DEBUG Starting new HTTPS connection (1): api.telegram.org:443
2021-05-09 15:15:39,676 DEBUG https://api.telegram.org:443 "GET /bot1639467970:AAEXXyaLvwq1LIe9rOMjo0AzyhMlVKl-3Xc/getUpdates?offset=1&timeout=20 HTTP/1.1" 200 375
2021-05-09 15:15:39,676 INFO Rustam Fakhretdinov texted fdsa
2021-05-09 15:15:39,683 DEBUG Starting new HTTPS connection (1): api.telegram.org:443
2021-05-09 15:15:39,883 DEBUG https://api.telegram.org:443 "POST /bot1639467970:AAEXXyaLvwq1LIe9rOMjo0AzyhMlVKl-3Xc/sendMessage?chat_id=497421569&text=%D1%8F%2C+%D1%81%D0%BA%D0%BE%D1%80%D0%B5%D0%B5+%D0%B2%D1%81%D0%B5%D0%B3%D0%BE%2C+%D0%B5%D1%89%D0%B5+%D1%82%D1%83%D0%BF%D0%BE%D0%B2%D0%B0%D1%82%2C+%D1%87%D1%82%D0%BE%D0%B1%D1%8B+%D0%BF%D0%BE%D0%BD%D1%8F%D1%82%D1%8C%2C+%D1%87%D1%82%D0%BE+%D1%82%D1%83%D1%82+%D0%BD%D0%B0%D0%BF%D0%B8%D1%81%D0%B0%D0%BD%D0%BE...&reply_markup=%7B%22keyboard%22%3A+%5B%5B%7B%22text%22%3A+%22%5Cu0441%5Cu043b%5Cu043e%5Cu0432%5Cu043e%21%22%7D%2C+%7B%22text%22%3A+%22%5Cu0441%5Cu0442%5Cu0430%5Cu0442%5Cu044b%22%7D%2C+%7B%22text%22%3A+%22%5Cu0442%5Cu043e%5Cu043f%22%7D%5D%2C+%5B%7B%22text%22%3A+%22%5Cu0434%5Cu043e%5Cu0441%5Cu0442%5Cu0438%5Cu0436%5Cu0435%5Cu043d%5Cu0438%5Cu044f%22%7D%2C+%7B%22text%22%3A+%22%5Cu043f%5Cu043e%5Cu043c%5Cu043e%5Cu0449%5Cu044c%22%7D%2C+%7B%22text%22%3A+%22%5Cu043d%5Cu0430%5Cu0441%5Cu0442%5Cu0440%5Cu043e%5Cu0439%5Cu043a%5Cu0438%22%7D%5D%5D%2C+%22resize_keyboard%22%3A+true%7D HTTP/1.1" 200 695
2021-05-09 15:15:43,632 DEBUG https://api.telegram.org:443 "GET /bot1639467970:AAEXXyaLvwq1LIe9rOMjo0AzyhMlVKl-3Xc/getUpdates?offset=115690939&timeout=20 HTTP/1.1" 200 435
2021-05-09 15:15:43,632 INFO Rustam Fakhretdinov pressed /start
2021-05-09 15:15:43,638 DEBUG Starting new HTTPS connection (1): api.telegram.org:443
2021-05-09 15:15:43,922 DEBUG https://api.telegram.org:443 "POST /bot1639467970:AAEXXyaLvwq1LIe9rOMjo0AzyhMlVKl-3Xc/sendMessage?chat_id=497421569&text=%D0%BC%D1%8B+%D1%83%D0%B6%D0%B5+%D0%B7%D0%B4%D0%BE%D1%80%D0%BE%D0%B2%D0%B0%D0%BB%D0%B8%D1%81%D1%8C%21&reply_to_message_id=10955&reply_markup=%7B%22keyboard%22%3A+%5B%5B%7B%22text%22%3A+%22%5Cu0441%5Cu043b%5Cu043e%5Cu0432%5Cu043e%21%22%7D%2C+%7B%22text%22%3A+%22%5Cu0441%5Cu0442%5Cu0430%5Cu0442%5Cu044b%22%7D%2C+%7B%22text%22%3A+%22%5Cu0442%5Cu043e%5Cu043f%22%7D%5D%2C+%5B%7B%22text%22%3A+%22%5Cu0434%5Cu043e%5Cu0441%5Cu0442%5Cu0438%5Cu0436%5Cu0435%5Cu043d%5Cu0438%5Cu044f%22%7D%2C+%7B%22text%22%3A+%22%5Cu043f%5Cu043e%5Cu043c%5Cu043e%5Cu0449%5Cu044c%22%7D%2C+%7B%22text%22%3A+%22%5Cu043d%5Cu0430%5Cu0441%5Cu0442%5Cu0440%5Cu043e%5Cu0439%5Cu043a%5Cu0438%22%7D%5D%5D%2C+%22resize_keyboard%22%3A+true%7D HTTP/1.1" 200 893
2021-05-09 15:15:52,330 DEBUG https://api.telegram.org:443 "GET /bot1639467970:AAEXXyaLvwq1LIe9rOMjo0AzyhMlVKl-3Xc/getUpdates?offset=115690940&timeout=20 HTTP/1.1" 200 824
2021-05-09 15:15:52,422 DEBUG https://api.telegram.org:443 "GET /bot1639467970:AAEXXyaLvwq1LIe9rOMjo0AzyhMlVKl-3Xc/getUpdates?offset=115690941&timeout=20 HTTP/1.1" 200 409
2021-05-09 15:15:52,424 INFO fsdafsd None pressed /start
2021-05-09 15:15:52,557 DEBUG https://api.telegram.org:443 "POST /bot1639467970:AAEXXyaLvwq1LIe9rOMjo0AzyhMlVKl-3Xc/sendMessage?chat_id=993159473&text=%D0%BF%D1%80%D0%B8%D0%B2%D0%B5%D1%82%21+%D0%B3%D0%BE%D1%82%D0%BE%D0%B2+%D0%B7%D0%B0%D0%BA%D0%B8%D0%B4%D0%B0%D1%82%D1%8C+%D1%82%D0%B5%D0%B1%D1%8F+%D1%81%D0%BB%D0%BE%D0%B2%D0%B0%D0%BC%D0%B8%21+%D1%81%D0%BE%D0%B2%D0%B5%D1%82%D1%83%D1%8E+%D0%B7%D0%B0%D0%B3%D0%BB%D1%8F%D0%BD%D1%83%D1%82%D1%8C+%D0%B2+%D0%BD%D0%B0%D1%81%D1%82%D1%80%D0%BE%D0%B9%D0%BA%D0%B8%2C+%D0%B0+%D1%82%D0%BE+%D0%BC%D0%B0%D0%BB%D0%BE+%D0%BB%D0%B8+%D1%87%D1%82%D0%BE...&reply_to_message_id=10957&reply_markup=%7B%22keyboard%22%3A+%5B%5B%7B%22text%22%3A+%22%5Cu0441%5Cu043b%5Cu043e%5Cu0432%5Cu043e%21%22%7D%2C+%7B%22text%22%3A+%22%5Cu0441%5Cu0442%5Cu0430%5Cu0442%5Cu044b%22%7D%2C+%7B%22text%22%3A+%22%5Cu0442%5Cu043e%5Cu043f%22%7D%5D%2C+%5B%7B%22text%22%3A+%22%5Cu0434%5Cu043e%5Cu0441%5Cu0442%5Cu0438%5Cu0436%5Cu0435%5Cu043d%5Cu0438%5Cu044f%22%7D%2C+%7B%22text%22%3A+%22%5Cu043f%5Cu043e%5Cu043c%5Cu043e%5Cu0449%5Cu044c%22%7D%2C+%7B%22text%22%3A+%22%5Cu043d%5Cu0430%5Cu0441%5Cu0442%5Cu0440%5Cu043e%5Cu0439%5Cu043a%5Cu0438%22%7D%5D%5D%2C+%22resize_keyboard%22%3A+true%7D HTTP/1.1" 200 1182
2021-05-09 15:15:52,557 INFO registered @sssssssssssssssssssssssss5ssssss fsdafsd None with ind 5
2021-05-09 15:15:52,559 DEBUG main info database updated
2021-05-09 15:15:52,563 DEBUG used info database updated
2021-05-09 15:15:52,565 DEBUG achievement info database updated
2021-05-09 15:15:52,566 INFO all databases updated
2021-05-09 15:15:57,066 DEBUG https://api.telegram.org:443 "GET /bot1639467970:AAEXXyaLvwq1LIe9rOMjo0AzyhMlVKl-3Xc/getUpdates?offset=115690942&timeout=20 HTTP/1.1" 200 363
2021-05-09 15:15:57,067 INFO fsdafsd None texted топ
2021-05-09 15:15:57,195 DEBUG https://api.telegram.org:443 "POST /bot1639467970:AAEXXyaLvwq1LIe9rOMjo0AzyhMlVKl-3Xc/sendMessage?chat_id=993159473&text=%D0%B2%D1%8B%D0%B1%D0%B5%D1%80%D0%B8%2C+%D0%BA%D0%B0%D0%BA%D0%BE%D0%B9+%D1%82%D0%BE%D0%BF+%D1%85%D0%BE%D1%87%D0%B5%D1%88%D1%8C+%D0%BF%D0%BE%D1%81%D0%BC%D0%BE%D1%82%D1%80%D0%B5%D1%82%D1%8C&reply_markup=%7B%22keyboard%22%3A+%5B%5B%7B%22text%22%3A+%22%5Cu0442%5Cu043e%5Cu043f+%5Cu043f%5Cu043e+%5Cu0440%5Cu0435%5Cu0439%5Cu0442%5Cu0438%5Cu043d%5Cu0433%5Cu0443%22%7D%2C+%7B%22text%22%3A+%22%5Cu0442%5Cu043e%5Cu043f+%5Cu043f%5Cu043e+%5Cu0441%5Cu0442%5Cu0440%5Cu0438%5Cu043a%5Cu0443%22%7D%5D%2C+%5B%7B%22text%22%3A+%22%5Cu0442%5Cu043e%5Cu043f+%5Cu043f%5Cu043e+%25+%5Cu043f%5Cu0440%5Cu0430%5Cu0432%5Cu0438%5Cu043b%5Cu044c%5Cu043d%5Cu044b%5Cu0445%22%7D%2C+%7B%22text%22%3A+%22%5Cu0433%5Cu043b%5Cu0430%5Cu0432%5Cu043d%5Cu043e%5Cu0435+%5Cu043c%5Cu0435%5Cu043d%5Cu044e%22%7D%5D%5D%2C+%22resize_keyboard%22%3A+true%7D HTTP/1.1" 200 569
2021-05-09 15:15:58,359 DEBUG https://api.telegram.org:443 "GET /bot1639467970:AAEXXyaLvwq1LIe9rOMjo0AzyhMlVKl-3Xc/getUpdates?offset=115690943&timeout=20 HTTP/1.1" 200 412
2021-05-09 15:15:58,359 INFO fsdafsd None texted главное меню
2021-05-09 15:15:58,486 DEBUG https://api.telegram.org:443 "POST /bot1639467970:AAEXXyaLvwq1LIe9rOMjo0AzyhMlVKl-3Xc/sendMessage?chat_id=993159473&text=%D1%81%D0%BA%D0%BE%D1%80%D0%B5%D0%B5+%D0%B2%D1%81%D0%B5%D0%B3%D0%BE%2C+%D0%B2%D1%8B%D0%B9%D1%82%D0%B8+%D0%B2+%D0%B3%D0%BB%D0%B0%D0%B2%D0%BD%D0%BE%D0%B5+%D0%BC%D0%B5%D0%BD%D1%8E+%D0%BC%D0%BE%D0%B6%D0%BD%D0%BE+%D0%B1%D0%B5%D0%B7+%D1%81%D0%BE%D0%BE%D0%B1%D1%89%D0%B5%D0%BD%D0%B8%D1%8F%2C+%D0%BD%D0%BE+%D1%8F+%D0%BD%D0%B5+%D1%81%D0%BC%D0%BE%D0%B3+%D0%BD%D0%B0%D0%B3%D1%83%D0%B3%D0%BB%D0%B8%D1%82%D1%8C+%D1%82%D0%BE%2C+%D0%BA%D0%B0%D0%BA+%D1%8D%D1%82%D0%BE+%D1%81%D0%B4%D0%B5%D0%BB%D0%B0%D1%82%D1%8C%2C+%D0%BF%D0%BE%D1%8D%D1%82%D0%BE%D0%BC%D1%83+%D0%BC%D0%BE%D0%B3%D1%83+%D0%BF%D1%80%D0%BE%D1%81%D1%82%D0%BE+%D1%81%D0%BA%D0%B0%D0%B7%D0%B0%D1%82%D1%8C%2C+%D1%87%D1%82%D0%BE+%D0%B2+%D0%B4%D0%B0%D0%BD%D0%BD%D1%8B%D0%B9+%D0%BC%D0%BE%D0%BC%D0%B5%D0%BD%D1%82+%D0%BD%D0%B0+84%25+%D1%82%D1%8B+%D0%BB%D0%BE%D1%85%29%29%29%29%29%29&reply_markup=%7B%22keyboard%22%3A+%5B%5B%7B%22text%22%3A+%22%5Cu0441%5Cu043b%5Cu043e%5Cu0432%5Cu043e%21%22%7D%2C+%7B%22text%22%3A+%22%5Cu0441%5Cu0442%5Cu0430%5Cu0442%5Cu044b%22%7D%2C+%7B%22text%22%3A+%22%5Cu0442%5Cu043e%5Cu043f%22%7D%5D%2C+%5B%7B%22text%22%3A+%22%5Cu0434%5Cu043e%5Cu0441%5Cu0442%5Cu0438%5Cu0436%5Cu0435%5Cu043d%5Cu0438%5Cu044f%22%7D%2C+%7B%22text%22%3A+%22%5Cu043f%5Cu043e%5Cu043c%5Cu043e%5Cu0449%5Cu044c%22%7D%2C+%7B%22text%22%3A+%22%5Cu043d%5Cu0430%5Cu0441%5Cu0442%5Cu0440%5Cu043e%5Cu0439%5Cu043a%5Cu0438%22%7D%5D%5D%2C+%22resize_keyboard%22%3A+true%7D HTTP/1.1" 200 1177
2021-05-09 15:15:58,487 INFO gave fsdafsd None main_menu
2021-05-09 15:15:58,881 DEBUG https://api.telegram.org:443 "GET /bot1639467970:AAEXXyaLvwq1LIe9rOMjo0AzyhMlVKl-3Xc/getUpdates?offset=115690944&timeout=20 HTTP/1.1" 200 399
2021-05-09 15:15:58,881 INFO fsdafsd None texted настройки
2021-05-09 15:15:58,978 DEBUG https://api.telegram.org:443 "POST /bot1639467970:AAEXXyaLvwq1LIe9rOMjo0AzyhMlVKl-3Xc/sendMessage?chat_id=993159473&text=%D0%B4%D0%B0%2C+%D0%BD%D0%B0%D1%81%D1%82%D1%80%D0%BE%D0%B5%D0%BA+%D0%BF%D0%BE%D0%BA%D0%B0+%D0%BC%D0%B0%D0%BB%D0%BE%D0%B2%D0%B0%D1%82%D0%BE...+%D0%BD%D0%BE+%D1%8D%D1%82%D0%BE+%D0%B6%D0%B5+%D0%BB%D1%83%D1%87%D1%88%D0%B5%2C+%D1%87%D0%B5%D0%BC+%D0%BD%D0%B8%D1%87%D0%B5%D0%B3%D0%BE%3F&reply_markup=%7B%22keyboard%22%3A+%5B%5B%7B%22text%22%3A+%22%5Cu043d%5Cu0430%5Cu0441%5Cu0442%5Cu0440%5Cu043e%5Cu0439%5Cu043a%5Cu0438+%5Cu043e%5Cu0442%5Cu043e%5Cu0431%5Cu0440%5Cu0430%5Cu0436%5Cu0435%5Cu043d%5Cu0438%5Cu044f+%5Cu0432+%5Cu0442%5Cu043e%5Cu043f%5Cu0435%22%7D%2C+%7B%22text%22%3A+%22%5Cu0433%5Cu043b%5Cu0430%5Cu0432%5Cu043d%5Cu043e%5Cu0435+%5Cu043c%5Cu0435%5Cu043d%5Cu044e%22%7D%5D%5D%2C+%22resize_keyboard%22%3A+true%7D HTTP/1.1" 200 657
2021-05-09 15:15:58,979 INFO gave fsdafsd None settings_main
2021-05-09 15:15:59,624 DEBUG https://api.telegram.org:443 "GET /bot1639467970:AAEXXyaLvwq1LIe9rOMjo0AzyhMlVKl-3Xc/getUpdates?offset=115690945&timeout=20 HTTP/1.1" 200 498
2021-05-09 15:15:59,625 INFO fsdafsd None texted настройки отображения в топе
2021-05-09 15:15:59,732 DEBUG https://api.telegram.org:443 "POST /bot1639467970:AAEXXyaLvwq1LIe9rOMjo0AzyhMlVKl-3Xc/sendMessage?chat_id=993159473&text=%D1%82%D0%B5%D0%BB%D0%B5%D0%BF%D0%BE%D1%80%D1%82%D0%B8%D1%80%D1%83%D1%8E+%D0%B2+%D0%BD%D0%B0%D1%81%D1%82%D1%80%D0%BE%D0%B9%D0%BA%D0%B8+%D0%BE%D1%82%D0%BE%D0%B1%D1%80%D0%B0%D0%B6%D0%B5%D0%BD%D0%B8%D1%8F+%D0%B2+%D1%82%D0%BE%D0%BF%D0%B5...&reply_markup=%7B%22keyboard%22%3A+%5B%5B%7B%22text%22%3A+%22%5Cu0432%5Cu043a%5Cu043b%2F%5Cu0432%5Cu044b%5Cu043a%5Cu043b+%5Cu043e%5Cu0442%5Cu043e%5Cu0431%5Cu0440%5Cu0430%5Cu0436%5Cu0435%5Cu043d%5Cu0438%5Cu0435+%5Cu0432+%5Cu0442%5Cu043e%5Cu043f%5Cu0435%22%7D%2C+%7B%22text%22%3A+%22%5Cu043e%5Cu0431%5Cu043d%5Cu043e%5Cu0432%5Cu0438%5Cu0442%5Cu044c+%5Cu043c%5Cu043e%5Cu0435+%5Cu0438%5Cu043c%5Cu044f+%5Cu0432+%5Cu0442%5Cu043e%5Cu043f%5Cu0435%22%7D%2C+%7B%22text%22%3A+%22%5Cu0432%5Cu0435%5Cu0440%5Cu043d%5Cu0443%5Cu0442%5Cu044c%5Cu0441%5Cu044f+%5Cu043a+%5Cu043c%5Cu0435%5Cu043d%5Cu044e+%5Cu043d%5Cu0430%5Cu0441%5Cu0442%5Cu0440%5Cu043e%5Cu0435%5Cu043a%22%7D%5D%5D%2C+%22resize_keyboard%22%3A+true%7D HTTP/1.1" 200 620
2021-05-09 15:15:59,732 INFO gave fsdafsd None settings_top
2021-05-09 15:16:00,852 DEBUG https://api.telegram.org:443 "GET /bot1639467970:AAEXXyaLvwq1LIe9rOMjo0AzyhMlVKl-3Xc/getUpdates?offset=115690946&timeout=20 HTTP/1.1" 200 487
2021-05-09 15:16:00,853 INFO fsdafsd None texted вкл/выкл отображение в топе
2021-05-09 15:16:01,033 DEBUG https://api.telegram.org:443 "POST /bot1639467970:AAEXXyaLvwq1LIe9rOMjo0AzyhMlVKl-3Xc/sendMessage?chat_id=993159473&text=%D0%BE%D1%82%D0%BE%D0%B1%D1%80%D0%B0%D0%B6%D0%B0%D1%82%D1%8C+%D0%BB%D0%B8+%D1%82%D0%B5%D0%B1%D1%8F+%D0%B2+%D1%82%D0%BE%D0%BF%D0%B5%3F&reply_markup=%7B%22inline_keyboard%22%3A+%5B%5B%7B%22text%22%3A+%22%5Cu0434%5Cu0430%22%2C+%22callback_data%22%3A+%22top_yes%22%7D%5D%2C+%5B%7B%22text%22%3A+%22%5Cu043d%5Cu0435%5Cu0442%22%2C+%22callback_data%22%3A+%22top_no%22%7D%5D%5D%7D HTTP/1.1" 200 661
2021-05-09 15:16:01,034 INFO gave fsdafsd None settings_top_visibility
2021-05-09 15:16:01,603 DEBUG https://api.telegram.org:443 "GET /bot1639467970:AAEXXyaLvwq1LIe9rOMjo0AzyhMlVKl-3Xc/getUpdates?offset=115690947&timeout=20 HTTP/1.1" 200 927
2021-05-09 15:16:01,665 DEBUG https://api.telegram.org:443 "POST /bot1639467970:AAEXXyaLvwq1LIe9rOMjo0AzyhMlVKl-3Xc/deleteMessage?chat_id=993159473&message_id=10968 HTTP/1.1" 200 25
2021-05-09 15:16:01,747 DEBUG https://api.telegram.org:443 "POST /bot1639467970:AAEXXyaLvwq1LIe9rOMjo0AzyhMlVKl-3Xc/sendMessage?chat_id=993159473&text=%D1%85%D0%BE%D1%80%D0%BE%D1%88%D0%BE%2C+%D1%81%D0%BA%D1%80%D1%8B%D0%B2%D0%B0%D1%8E+%D1%82%D0%B5%D0%B1%D1%8F HTTP/1.1" 200 489
2021-05-09 15:16:01,748 INFO fsdafsd None now NOT available in top
2021-05-09 15:16:01,755 DEBUG main info database updated
2021-05-09 15:16:01,765 DEBUG used info database updated
2021-05-09 15:16:01,771 DEBUG achievement info database updated
2021-05-09 15:16:01,771 INFO all databases updated
2021-05-09 15:16:03,783 DEBUG https://api.telegram.org:443 "GET /bot1639467970:AAEXXyaLvwq1LIe9rOMjo0AzyhMlVKl-3Xc/getUpdates?offset=115690948&timeout=20 HTTP/1.1" 200 480
2021-05-09 15:16:03,783 INFO fsdafsd None texted вернуться к меню настроек
2021-05-09 15:16:04,017 DEBUG https://api.telegram.org:443 "POST /bot1639467970:AAEXXyaLvwq1LIe9rOMjo0AzyhMlVKl-3Xc/sendMessage?chat_id=993159473&text=%D0%B4%D0%B0%2C+%D0%BD%D0%B0%D1%81%D1%82%D1%80%D0%BE%D0%B5%D0%BA+%D0%BF%D0%BE%D0%BA%D0%B0+%D0%BC%D0%B0%D0%BB%D0%BE%D0%B2%D0%B0%D1%82%D0%BE...+%D0%BD%D0%BE+%D1%8D%D1%82%D0%BE+%D0%B6%D0%B5+%D0%BB%D1%83%D1%87%D1%88%D0%B5%2C+%D1%87%D0%B5%D0%BC+%D0%BD%D0%B8%D1%87%D0%B5%D0%B3%D0%BE%3F&reply_markup=%7B%22keyboard%22%3A+%5B%5B%7B%22text%22%3A+%22%5Cu043d%5Cu0430%5Cu0441%5Cu0442%5Cu0440%5Cu043e%5Cu0439%5Cu043a%5Cu0438+%5Cu043e%5Cu0442%5Cu043e%5Cu0431%5Cu0440%5Cu0430%5Cu0436%5Cu0435%5Cu043d%5Cu0438%5Cu044f+%5Cu0432+%5Cu0442%5Cu043e%5Cu043f%5Cu0435%22%7D%2C+%7B%22text%22%3A+%22%5Cu0433%5Cu043b%5Cu0430%5Cu0432%5Cu043d%5Cu043e%5Cu0435+%5Cu043c%5Cu0435%5Cu043d%5Cu044e%22%7D%5D%5D%2C+%22resize_keyboard%22%3A+true%7D HTTP/1.1" 200 657
2021-05-09 15:16:04,018 INFO gave fsdafsd None settings_main
2021-05-09 15:16:04,874 DEBUG https://api.telegram.org:443 "GET /bot1639467970:AAEXXyaLvwq1LIe9rOMjo0AzyhMlVKl-3Xc/getUpdates?offset=115690949&timeout=20 HTTP/1.1" 200 412
2021-05-09 15:16:04,875 INFO fsdafsd None texted главное меню
2021-05-09 15:16:04,967 DEBUG https://api.telegram.org:443 "POST /bot1639467970:AAEXXyaLvwq1LIe9rOMjo0AzyhMlVKl-3Xc/sendMessage?chat_id=993159473&text=%D1%81%D0%BA%D0%BE%D1%80%D0%B5%D0%B5+%D0%B2%D1%81%D0%B5%D0%B3%D0%BE%2C+%D0%B2%D1%8B%D0%B9%D1%82%D0%B8+%D0%B2+%D0%B3%D0%BB%D0%B0%D0%B2%D0%BD%D0%BE%D0%B5+%D0%BC%D0%B5%D0%BD%D1%8E+%D0%BC%D0%BE%D0%B6%D0%BD%D0%BE+%D0%B1%D0%B5%D0%B7+%D1%81%D0%BE%D0%BE%D0%B1%D1%89%D0%B5%D0%BD%D0%B8%D1%8F%2C+%D0%BD%D0%BE+%D1%8F+%D0%BD%D0%B5+%D1%81%D0%BC%D0%BE%D0%B3+%D0%BD%D0%B0%D0%B3%D1%83%D0%B3%D0%BB%D0%B8%D1%82%D1%8C+%D1%82%D0%BE%2C+%D0%BA%D0%B0%D0%BA+%D1%8D%D1%82%D0%BE+%D1%81%D0%B4%D0%B5%D0%BB%D0%B0%D1%82%D1%8C%2C+%D0%BF%D0%BE%D1%8D%D1%82%D0%BE%D0%BC%D1%83+%D0%BC%D0%BE%D0%B3%D1%83+%D0%BF%D1%80%D0%BE%D1%81%D1%82%D0%BE+%D1%81%D0%BA%D0%B0%D0%B7%D0%B0%D1%82%D1%8C%2C+%D1%87%D1%82%D0%BE+%D0%B2+%D0%B4%D0%B0%D0%BD%D0%BD%D1%8B%D0%B9+%D0%BC%D0%BE%D0%BC%D0%B5%D0%BD%D1%82+%D0%BD%D0%B0+21%25+%D1%82%D1%8B+%D0%BB%D0%BE%D1%85%29%29%29%29%29%29&reply_markup=%7B%22keyboard%22%3A+%5B%5B%7B%22text%22%3A+%22%5Cu0441%5Cu043b%5Cu043e%5Cu0432%5Cu043e%21%22%7D%2C+%7B%22text%22%3A+%22%5Cu0441%5Cu0442%5Cu0430%5Cu0442%5Cu044b%22%7D%2C+%7B%22text%22%3A+%22%5Cu0442%5Cu043e%5Cu043f%22%7D%5D%2C+%5B%7B%22text%22%3A+%22%5Cu0434%5Cu043e%5Cu0441%5Cu0442%5Cu0438%5Cu0436%5Cu0435%5Cu043d%5Cu0438%5Cu044f%22%7D%2C+%7B%22text%22%3A+%22%5Cu043f%5Cu043e%5Cu043c%5Cu043e%5Cu0449%5Cu044c%22%7D%2C+%7B%22text%22%3A+%22%5Cu043d%5Cu0430%5Cu0441%5Cu0442%5Cu0440%5Cu043e%5Cu0439%5Cu043a%5Cu0438%22%7D%5D%5D%2C+%22resize_keyboard%22%3A+true%7D HTTP/1.1" 200 1177
2021-05-09 15:16:04,968 INFO gave fsdafsd None main_menu
2021-05-09 15:16:05,687 DEBUG https://api.telegram.org:443 "GET /bot1639467970:AAEXXyaLvwq1LIe9rOMjo0AzyhMlVKl-3Xc/getUpdates?offset=115690950&timeout=20 HTTP/1.1" 200 375
2021-05-09 15:16:05,687 INFO fsdafsd None texted статы
2021-05-09 15:16:05,742 DEBUG https://api.telegram.org:443 "POST /bot1639467970:AAEXXyaLvwq1LIe9rOMjo0AzyhMlVKl-3Xc/sendMessage?chat_id=993159473&text=%2A%D0%BB%D0%B8%D1%87%D0%BD%D0%B0%D1%8F+%D1%81%D1%82%D0%B0%D1%82%D0%B8%D1%81%D1%82%D0%B8%D0%BA%D0%B0%5C.%2A%0A%D1%80%D0%B5%D0%B9%D1%82%D0%B8%D0%BD%D0%B3%3A+0%0A%D0%BC%D0%B5%D1%81%D1%82%D0%BE+%D0%B2+%D1%82%D0%BE%D0%BF%D0%B5%3A+%D1%82%D1%8B+%D0%BD%D0%B5+%D0%BE%D1%82%D0%BE%D0%B1%D1%80%D0%B0%D0%B6%D0%B0%D0%B5%D1%88%D1%8C%D1%81%D1%8F+%D0%B2+%D1%82%D0%BE%D0%BF%D0%B5+%3D%28%0A%D0%B7%D0%B2%D0%B0%D0%BD%D0%B8%D0%B5%3A+%D0%BD%D0%B5%D1%82+%D0%B2+%D1%82%D0%BE%D0%BF%D0%B5+-+%D0%BD%D0%B5%D1%82+%D0%B7%D0%B2%D0%B0%D0%BD%D0%B8%D1%8F%28%0A%D0%BF%D1%80%D0%B0%D0%B2%D0%B8%D0%BB%D1%8C%D0%BD%D1%8B%D1%85+%D0%BE%D1%82%D0%B2%D0%B5%D1%82%D0%BE%D0%B2%3A+0%0A%D0%BD%D0%B5%D0%BF%D1%80%D0%B0%D0%B2%D0%B8%D0%BB%D1%8C%D0%BD%D1%8B%D1%85+%D0%BE%D1%82%D0%B2%D0%B5%D1%82%D0%BE%D0%B2%3A+0%0A%D1%82%D0%B5%D0%BA%D1%83%D1%89%D0%B8%D0%B9+%D1%81%D1%82%D1%80%D0%B8%D0%BA%3A+0%0A%D0%BC%D0%B0%D0%BA%D1%81%D0%B8%D0%BC%D0%B0%D0%BB%D1%8C%D0%BD%D1%8B%D0%B9+%D1%81%D1%82%D1%80%D0%B8%D0%BA%3A+0%0A%D1%80%D0%B0%D0%B7%D0%B1%D0%BB%D0%BE%D0%BA%D0%B8%D1%80%D0%BE%D0%B2%D0%B0%D0%BD%D0%BE+%D1%81%D0%BB%D0%BE%D0%B2%3A+0+%2F+210&reply_markup=%7B%22keyboard%22%3A+%5B%5B%7B%22text%22%3A+%22%5Cu0441%5Cu043b%5Cu043e%5Cu0432%5Cu043e%21%22%7D%2C+%7B%22text%22%3A+%22%5Cu0441%5Cu0442%5Cu0430%5Cu0442%5Cu044b%22%7D%2C+%7B%22text%22%3A+%22%5Cu0442%5Cu043e%5Cu043f%22%7D%5D%2C+%5B%7B%22text%22%3A+%22%5Cu0434%5Cu043e%5Cu0441%5Cu0442%5Cu0438%5Cu0436%5Cu0435%5Cu043d%5Cu0438%5Cu044f%22%7D%2C+%7B%22text%22%3A+%22%5Cu043f%5Cu043e%5Cu043c%5Cu043e%5Cu0449%5Cu044c%22%7D%2C+%7B%22text%22%3A+%22%5Cu043d%5Cu0430%5Cu0441%5Cu0442%5Cu0440%5Cu043e%5Cu0439%5Cu043a%5Cu0438%22%7D%5D%5D%2C+%22resize_keyboard%22%3A+true%7D&parse_mode=MarkdownV2 HTTP/1.1" 400 150
2021-05-09 15:16:05,755 ERROR A request to the Telegram API was unsuccessful. Error code: 400. Description: Bad Request: can't parse entities: Character '=' is reserved and must be escaped with the preceding '\'
