2021-05-08 17:21:37,241 DEBUG words:
облегч»т
облегч»ть
ободралј
ободр»шьс€
прож»вший
зав»дно
кормящий
молящий
нанявшийс€
корџсть
крјны
крем≈нь
кремня
начјвший
перезвон»ть
перезвон»т
баловјть
баловјтьс€
избаловјть
разбаловјть
доз»ровать
добралјсь
добралј
гналјсь
крас»вее
крас»вейший
облилјсь
эксп≈рт
мусоропровќд
газопровќд
нефтепровќд
водопровќд
парт≈р
отбылј
обогналј
перелилј
позвон»т
сн€лј
сор»т
пр»н€тый
опломбировјть
аэропќрты
ерет»к
ќтрочество
сирќты
ловкј
обостр»ть
ободр»ть
сл»ва
насор»т
убыстр»ть
довез≈нный
зјтемно
диалќг
монолќг
некролќг
опќшлить
сортировјть
премировјть
накрен»тс€
налилј
нарвалј
обзвон»ть
обзвон»т
полож»л
зак”порить
прин”дить
убралј
углуб»ть
лилј
лилјсь
навралј
зјгод€
отдјв
подняв
к”хонный
смазл»ва
суетл»ва
болтл»ва
бал”€сь
отключ≈нный
исч≈рпать
дозвонятс€
нќвости
новост≈й
м≈стностей
квартјл
килом≈тр
сантим≈тр
децим≈тр
миллим≈тр
нам≈рение
обн€лјсь
оптќвый
бќроду
л≈кторы
моза»чный
вернј
воссоздалј
пр»был
портф≈ль
пќручни
придјное
призџв
нарќст
н≈друг
нед”г
каталќг
н≈нависть
тамќжн€
тќрты
тќртов
цем≈нт
сверл»т
подел≈нный
ободр≈нный
дон≈льз€
зак”порив
плодонос»ть
восприн€лј
бралјсь
жилќсь
пон€лј
надел»т
отозвалј
отозвалјсь
балќванный
кровоточјщий
низвед≈нный
шоф≈р
киоск≈р
контрол≈р
граждјнство
деф»с
вероиспов≈дание
диспанс≈р
договор≈нность
начјвшись
нав≈рх
осв≈домишьс€
полилј
лгалј
дозвон»тс€
вз€лјсь
надќлго
поняв
запертј
определ≈н
включ»т
включ»м
нќготь
нќгт€
жалюз»
знјчимость
»ксы
ч≈люстей
добелј
св≈кла
отдалј
пр»было
ч≈рпать
бухгјлтеров
стјту€
столяр
маляр
дояр
школяр
прозорл»ва
включ»шь
включ≈нный
включ≈н
прируч≈нный
сверл»шь
озлќбить
сл»вовый
зјн€л
отк”порил
послјла
ср≈дства
созџв
л≈кторов
дќверху
кќнусы
кќнусов
докум≈нт
дос”г
лыжня
пќчестей
щ≈лкать
прибџв
ненадќлго
надорвалјсь
ждалј
гналј
зјгнутый
наж»вший
повтор≈нный
сќгнутый
начјв
создалј
бјнты
нормировјть
цепќчка
шјрфы
бјловень
вруч»т
звон»т
клјла
крјлась
одолж»т

2021-05-08 17:21:37,241 INFO words loaded, count= 210
2021-05-08 17:21:37,244 DEBUG users:
0) 497421569 Rustam Fakhretdinov
1) 873809387 Valeriya Bass
2) 817831255 —аша None
3) 1698886007 ¬иктори€ None
4) 413524472 Wigga None

2021-05-08 17:21:37,245 INFO users loaded, count= 5
2021-05-08 17:21:37,256 DEBUG Starting new HTTPS connection (1): api.telegram.org:443
2021-05-08 17:21:57,454 DEBUG https://api.telegram.org:443 "GET /bot1639467970:AAEXXyaLvwq1LIe9rOMjo0AzyhMlVKl-3Xc/getUpdates?offset=1&timeout=20 HTTP/1.1" 200 23
