2021-05-08 17:23:29,487 DEBUG words:
облегч»т
облегч»ть
ободралј
ободр»шьс€
прож»вший
зав»дно
кормящий
молящий
нанявшийс€
корџсть
крјны
крем≈нь
кремня
начјвший
перезвон»ть
перезвон»т
баловјть
баловјтьс€
избаловјть
разбаловјть
доз»ровать
добралјсь
добралј
гналјсь
крас»вее
крас»вейший
облилјсь
эксп≈рт
мусоропровќд
газопровќд
нефтепровќд
водопровќд
парт≈р
отбылј
обогналј
перелилј
позвон»т
сн€лј
сор»т
пр»н€тый
опломбировјть
аэропќрты
ерет»к
ќтрочество
сирќты
ловкј
обостр»ть
ободр»ть
сл»ва
насор»т
убыстр»ть
довез≈нный
зјтемно
диалќг
монолќг
некролќг
опќшлить
сортировјть
премировјть
накрен»тс€
налилј
нарвалј
обзвон»ть
обзвон»т
полож»л
зак”порить
прин”дить
убралј
углуб»ть
лилј
лилјсь
навралј
зјгод€
отдјв
подняв
к”хонный
смазл»ва
суетл»ва
болтл»ва
бал”€сь
отключ≈нный
исч≈рпать
дозвонятс€
нќвости
новост≈й
м≈стностей
квартјл
килом≈тр
сантим≈тр
децим≈тр
миллим≈тр
нам≈рение
обн€лјсь
оптќвый
бќроду
л≈кторы
моза»чный
вернј
воссоздалј
пр»был
портф≈ль
пќручни
придјное
призџв
нарќст
н≈друг
нед”г
каталќг
н≈нависть
тамќжн€
тќрты
тќртов
цем≈нт
сверл»т
подел≈нный
ободр≈нный
дон≈льз€
зак”порив
плодонос»ть
восприн€лј
бралјсь
жилќсь
пон€лј
надел»т
отозвалј
отозвалјсь
балќванный
кровоточјщий
низвед≈нный
шоф≈р
киоск≈р
контрол≈р
граждјнство
деф»с
вероиспов≈дание
диспанс≈р
договор≈нность
начјвшись
нав≈рх
осв≈домишьс€
полилј
лгалј
дозвон»тс€
вз€лјсь
надќлго
поняв
запертј
определ≈н
включ»т
включ»м
нќготь
нќгт€
жалюз»
знјчимость
»ксы
ч≈люстей
добелј
св≈кла
отдалј
пр»было
ч≈рпать
бухгјлтеров
стјту€
столяр
маляр
дояр
школяр
прозорл»ва
включ»шь
включ≈нный
включ≈н
прируч≈нный
сверл»шь
озлќбить
сл»вовый
зјн€л
отк”порил
послјла
ср≈дства
созџв
л≈кторов
дќверху
кќнусы
кќнусов
докум≈нт
дос”г
лыжня
пќчестей
щ≈лкать
прибџв
ненадќлго
надорвалјсь
ждалј
гналј
зјгнутый
наж»вший
повтор≈нный
сќгнутый
начјв
создалј
бјнты
нормировјть
цепќчка
шјрфы
бјловень
вруч»т
звон»т
клјла
крјлась
одолж»т

2021-05-08 17:23:29,487 INFO words loaded, count= 210
2021-05-08 17:23:29,488 DEBUG users:
0) 497421569 Rustam Fakhretdinov
1) 873809387 Valeriya Bass
2) 817831255 —аша None
3) 1698886007 ¬иктори€ None
4) 413524472 Wigga None

2021-05-08 17:23:29,489 INFO users loaded, count= 5
2021-05-08 17:23:29,494 DEBUG Starting new HTTPS connection (1): api.telegram.org:443
2021-05-08 17:23:48,062 DEBUG https://api.telegram.org:443 "GET /bot1639467970:AAEXXyaLvwq1LIe9rOMjo0AzyhMlVKl-3Xc/getUpdates?offset=1&timeout=20 HTTP/1.1" 200 438
2021-05-08 17:23:48,064 INFO Rustam Fakhretdinov texted главное меню
2021-05-08 17:23:48,071 DEBUG Starting new HTTPS connection (1): api.telegram.org:443
2021-05-08 17:23:48,270 DEBUG https://api.telegram.org:443 "POST /bot1639467970:AAEXXyaLvwq1LIe9rOMjo0AzyhMlVKl-3Xc/sendMessage?chat_id=497421569&text=%D1%81%D0%BA%D0%BE%D1%80%D0%B5%D0%B5+%D0%B2%D1%81%D0%B5%D0%B3%D0%BE%2C+%D0%B2%D1%8B%D0%B9%D1%82%D0%B8+%D0%B2+%D0%B3%D0%BB%D0%B0%D0%B2%D0%BD%D0%BE%D0%B5+%D0%BC%D0%B5%D0%BD%D1%8E+%D0%BC%D0%BE%D0%B6%D0%BD%D0%BE+%D0%B1%D0%B5%D0%B7+%D1%81%D0%BE%D0%BE%D0%B1%D1%89%D0%B5%D0%BD%D0%B8%D1%8F%2C+%D0%BD%D0%BE+%D1%8F+%D0%BD%D0%B5+%D1%81%D0%BC%D0%BE%D0%B3+%D0%BD%D0%B0%D0%B3%D1%83%D0%B3%D0%BB%D0%B8%D1%82%D1%8C+%D1%82%D0%BE%2C+%D0%BA%D0%B0%D0%BA+%D1%8D%D1%82%D0%BE+%D1%81%D0%B4%D0%B5%D0%BB%D0%B0%D1%82%D1%8C%2C+%D0%BF%D0%BE%D1%8D%D1%82%D0%BE%D0%BC%D1%83+%D0%BC%D0%BE%D0%B3%D1%83+%D0%BF%D1%80%D0%BE%D1%81%D1%82%D0%BE+%D1%81%D0%BA%D0%B0%D0%B7%D0%B0%D1%82%D1%8C%2C+%D1%87%D1%82%D0%BE+%D0%B2+%D0%B4%D0%B0%D0%BD%D0%BD%D1%8B%D0%B9+%D0%BC%D0%BE%D0%BC%D0%B5%D0%BD%D1%82+%D0%BD%D0%B0+56%25+%D1%82%D1%8B+%D0%BB%D0%BE%D1%85%29%29%29%29%29%29&reply_markup=%7B%22keyboard%22%3A+%5B%5B%7B%22text%22%3A+%22%5Cu0441%5Cu043b%5Cu043e%5Cu0432%5Cu043e%21%22%7D%2C+%7B%22text%22%3A+%22%5Cu0441%5Cu0442%5Cu0430%5Cu0442%5Cu044b%22%7D%2C+%7B%22text%22%3A+%22%5Cu0442%5Cu043e%5Cu043f%22%7D%5D%2C+%5B%7B%22text%22%3A+%22%5Cu0434%5Cu043e%5Cu0441%5Cu0442%5Cu0438%5Cu0436%5Cu0435%5Cu043d%5Cu0438%5Cu044f%22%7D%2C+%7B%22text%22%3A+%22%5Cu043f%5Cu043e%5Cu043c%5Cu043e%5Cu0449%5Cu044c%22%7D%2C+%7B%22text%22%3A+%22%5Cu043d%5Cu0430%5Cu0441%5Cu0442%5Cu0440%5Cu043e%5Cu0439%5Cu043a%5Cu0438%22%7D%5D%5D%2C+%22resize_keyboard%22%3A+true%7D HTTP/1.1" 200 1190
2021-05-08 17:23:48,271 INFO gave Rustam Fakhretdinov main_menu
2021-05-08 17:23:49,173 DEBUG https://api.telegram.org:443 "GET /bot1639467970:AAEXXyaLvwq1LIe9rOMjo0AzyhMlVKl-3Xc/getUpdates?offset=115690408&timeout=20 HTTP/1.1" 200 401
2021-05-08 17:23:49,174 INFO Rustam Fakhretdinov texted статы
2021-05-08 17:23:49,294 DEBUG https://api.telegram.org:443 "POST /bot1639467970:AAEXXyaLvwq1LIe9rOMjo0AzyhMlVKl-3Xc/sendMessage?chat_id=497421569&text=%2A%D0%BB%D0%B8%D1%87%D0%BD%D0%B0%D1%8F+%D1%81%D1%82%D0%B0%D1%82%D0%B8%D1%81%D1%82%D0%B8%D0%BA%D0%B0%5C.%2A%0A%D1%80%D0%B5%D0%B9%D1%82%D0%B8%D0%BD%D0%B3%3A+1223%0A%D0%BC%D0%B5%D1%81%D1%82%D0%BE+%D0%B2+%D1%82%D0%BE%D0%BF%D0%B5%3A+1%0A%D0%B7%D0%B2%D0%B0%D0%BD%D0%B8%D0%B5%3A+%D0%BF%D0%BE%D0%B1%D0%B5%D0%B4%D0%B8%D1%82%D0%B5%D0%BB%D1%8C+%22%D0%A0%D1%83%D1%81%D1%81%D0%BA%D0%BE%D0%B3%D0%BE+%D0%BC%D0%B5%D0%B4%D0%B2%D0%B5%D0%B6%D0%BE%D0%BD%D0%BA%D0%B0%22%0A%D0%BF%D1%80%D0%B0%D0%B2%D0%B8%D0%BB%D1%8C%D0%BD%D1%8B%D1%85+%D0%BE%D1%82%D0%B2%D0%B5%D1%82%D0%BE%D0%B2%3A+1271%0A%D0%BD%D0%B5%D0%BF%D1%80%D0%B0%D0%B2%D0%B8%D0%BB%D1%8C%D0%BD%D1%8B%D1%85+%D0%BE%D1%82%D0%B2%D0%B5%D1%82%D0%BE%D0%B2%3A+116%0A%D1%82%D0%B5%D0%BA%D1%83%D1%89%D0%B8%D0%B9+%D1%81%D1%82%D1%80%D0%B8%D0%BA%3A+%5C%2B1%0A%D0%BC%D0%B0%D0%BA%D1%81%D0%B8%D0%BC%D0%B0%D0%BB%D1%8C%D0%BD%D1%8B%D0%B9+%D1%81%D1%82%D1%80%D0%B8%D0%BA%3A+%5C%2B66%0A%D1%80%D0%B0%D0%B7%D0%B1%D0%BB%D0%BE%D0%BA%D0%B8%D1%80%D0%BE%D0%B2%D0%B0%D0%BD%D0%BE+%D1%81%D0%BB%D0%BE%D0%B2%3A+210+%2F+210&reply_markup=%7B%22keyboard%22%3A+%5B%5B%7B%22text%22%3A+%22%5Cu0441%5Cu043b%5Cu043e%5Cu0432%5Cu043e%21%22%7D%2C+%7B%22text%22%3A+%22%5Cu0441%5Cu0442%5Cu0430%5Cu0442%5Cu044b%22%7D%2C+%7B%22text%22%3A+%22%5Cu0442%5Cu043e%5Cu043f%22%7D%5D%2C+%5B%7B%22text%22%3A+%22%5Cu0434%5Cu043e%5Cu0441%5Cu0442%5Cu0438%5Cu0436%5Cu0435%5Cu043d%5Cu0438%5Cu044f%22%7D%2C+%7B%22text%22%3A+%22%5Cu043f%5Cu043e%5Cu043c%5Cu043e%5Cu0449%5Cu044c%22%7D%2C+%7B%22text%22%3A+%22%5Cu043d%5Cu0430%5Cu0441%5Cu0442%5Cu0440%5Cu043e%5Cu0439%5Cu043a%5Cu0438%22%7D%5D%5D%2C+%22resize_keyboard%22%3A+true%7D&parse_mode=MarkdownV2 HTTP/1.1" 200 1422
2021-05-08 17:23:49,294 INFO gave Rustam Fakhretdinov stats
2021-05-08 17:24:09,224 DEBUG https://api.telegram.org:443 "GET /bot1639467970:AAEXXyaLvwq1LIe9rOMjo0AzyhMlVKl-3Xc/getUpdates?offset=115690409&timeout=20 HTTP/1.1" 200 23
